CRITICAL - 2020-03-20 01:12:44 --> syntax error, unexpected 'view' (T_STRING)
#0 C:\laragon\www\edu\vendor\codeigniter4\framework\system\Autoloader\Autoloader.php(296): CodeIgniter\Autoloader\Autoloader->requireFile('C:\\laragon\\www\\...')
#1 C:\laragon\www\edu\vendor\codeigniter4\framework\system\Autoloader\Autoloader.php(258): CodeIgniter\Autoloader\Autoloader->loadInNamespace('App\\Controllers...')
#2 [internal function]: CodeIgniter\Autoloader\Autoloader->loadClass('App\\Controllers...')
#3 [internal function]: spl_autoload_call('App\\Controllers...')
#4 C:\laragon\www\edu\vendor\codeigniter4\framework\system\CodeIgniter.php(861): class_exists('\\App\\Controller...', true)
#5 C:\laragon\www\edu\vendor\codeigniter4\framework\system\CodeIgniter.php(388): CodeIgniter\CodeIgniter->startController()
#6 C:\laragon\www\edu\vendor\codeigniter4\framework\system\CodeIgniter.php(306): CodeIgniter\CodeIgniter->handleRequest(NULL, Object(Config\Cache), false)
#7 C:\laragon\www\edu\public\index.php(45): CodeIgniter\CodeIgniter->run()
#8 {main}
CRITICAL - 2020-03-20 01:12:47 --> syntax error, unexpected 'view' (T_STRING)
#0 C:\laragon\www\edu\vendor\codeigniter4\framework\system\Autoloader\Autoloader.php(296): CodeIgniter\Autoloader\Autoloader->requireFile('C:\\laragon\\www\\...')
#1 C:\laragon\www\edu\vendor\codeigniter4\framework\system\Autoloader\Autoloader.php(258): CodeIgniter\Autoloader\Autoloader->loadInNamespace('App\\Controllers...')
#2 [internal function]: CodeIgniter\Autoloader\Autoloader->loadClass('App\\Controllers...')
#3 [internal function]: spl_autoload_call('App\\Controllers...')
#4 C:\laragon\www\edu\vendor\codeigniter4\framework\system\CodeIgniter.php(861): class_exists('\\App\\Controller...', true)
#5 C:\laragon\www\edu\vendor\codeigniter4\framework\system\CodeIgniter.php(388): CodeIgniter\CodeIgniter->startController()
#6 C:\laragon\www\edu\vendor\codeigniter4\framework\system\CodeIgniter.php(306): CodeIgniter\CodeIgniter->handleRequest(NULL, Object(Config\Cache), false)
#7 C:\laragon\www\edu\public\index.php(45): CodeIgniter\CodeIgniter->run()
#8 {main}
CRITICAL - 2020-03-20 01:12:48 --> syntax error, unexpected 'view' (T_STRING)
#0 C:\laragon\www\edu\vendor\codeigniter4\framework\system\Autoloader\Autoloader.php(296): CodeIgniter\Autoloader\Autoloader->requireFile('C:\\laragon\\www\\...')
#1 C:\laragon\www\edu\vendor\codeigniter4\framework\system\Autoloader\Autoloader.php(258): CodeIgniter\Autoloader\Autoloader->loadInNamespace('App\\Controllers...')
#2 [internal function]: CodeIgniter\Autoloader\Autoloader->loadClass('App\\Controllers...')
#3 [internal function]: spl_autoload_call('App\\Controllers...')
#4 C:\laragon\www\edu\vendor\codeigniter4\framework\system\CodeIgniter.php(861): class_exists('\\App\\Controller...', true)
#5 C:\laragon\www\edu\vendor\codeigniter4\framework\system\CodeIgniter.php(388): CodeIgniter\CodeIgniter->startController()
#6 C:\laragon\www\edu\vendor\codeigniter4\framework\system\CodeIgniter.php(306): CodeIgniter\CodeIgniter->handleRequest(NULL, Object(Config\Cache), false)
#7 C:\laragon\www\edu\public\index.php(45): CodeIgniter\CodeIgniter->run()
#8 {main}
CRITICAL - 2020-03-20 01:12:49 --> syntax error, unexpected 'view' (T_STRING)
#0 C:\laragon\www\edu\vendor\codeigniter4\framework\system\Autoloader\Autoloader.php(296): CodeIgniter\Autoloader\Autoloader->requireFile('C:\\laragon\\www\\...')
#1 C:\laragon\www\edu\vendor\codeigniter4\framework\system\Autoloader\Autoloader.php(258): CodeIgniter\Autoloader\Autoloader->loadInNamespace('App\\Controllers...')
#2 [internal function]: CodeIgniter\Autoloader\Autoloader->loadClass('App\\Controllers...')
#3 [internal function]: spl_autoload_call('App\\Controllers...')
#4 C:\laragon\www\edu\vendor\codeigniter4\framework\system\CodeIgniter.php(861): class_exists('\\App\\Controller...', true)
#5 C:\laragon\www\edu\vendor\codeigniter4\framework\system\CodeIgniter.php(388): CodeIgniter\CodeIgniter->startController()
#6 C:\laragon\www\edu\vendor\codeigniter4\framework\system\CodeIgniter.php(306): CodeIgniter\CodeIgniter->handleRequest(NULL, Object(Config\Cache), false)
#7 C:\laragon\www\edu\public\index.php(45): CodeIgniter\CodeIgniter->run()
#8 {main}
CRITICAL - 2020-03-20 01:12:55 --> syntax error, unexpected 'view' (T_STRING)
#0 C:\laragon\www\edu\vendor\codeigniter4\framework\system\Autoloader\Autoloader.php(296): CodeIgniter\Autoloader\Autoloader->requireFile('C:\\laragon\\www\\...')
#1 C:\laragon\www\edu\vendor\codeigniter4\framework\system\Autoloader\Autoloader.php(258): CodeIgniter\Autoloader\Autoloader->loadInNamespace('App\\Controllers...')
#2 [internal function]: CodeIgniter\Autoloader\Autoloader->loadClass('App\\Controllers...')
#3 [internal function]: spl_autoload_call('App\\Controllers...')
#4 C:\laragon\www\edu\vendor\codeigniter4\framework\system\CodeIgniter.php(861): class_exists('\\App\\Controller...', true)
#5 C:\laragon\www\edu\vendor\codeigniter4\framework\system\CodeIgniter.php(388): CodeIgniter\CodeIgniter->startController()
#6 C:\laragon\www\edu\vendor\codeigniter4\framework\system\CodeIgniter.php(306): CodeIgniter\CodeIgniter->handleRequest(NULL, Object(Config\Cache), false)
#7 C:\laragon\www\edu\public\index.php(45): CodeIgniter\CodeIgniter->run()
#8 {main}
CRITICAL - 2020-03-20 01:13:15 --> Invalid file: HOLA.php
#0 C:\laragon\www\edu\vendor\codeigniter4\framework\system\View\View.php(224): CodeIgniter\Exceptions\FrameworkException::forInvalidFile('HOLA.php')
#1 C:\laragon\www\edu\vendor\codeigniter4\framework\system\Common.php(1071): CodeIgniter\View\View->render('HOLA', Array, true)
#2 C:\laragon\www\edu\app\Controllers\User.php(14): view('HOLA')
#3 C:\laragon\www\edu\vendor\codeigniter4\framework\system\CodeIgniter.php(910): App\Controllers\User->login_post()
#4 C:\laragon\www\edu\vendor\codeigniter4\framework\system\CodeIgniter.php(398): CodeIgniter\CodeIgniter->runController(Object(App\Controllers\User))
#5 C:\laragon\www\edu\vendor\codeigniter4\framework\system\CodeIgniter.php(306): CodeIgniter\CodeIgniter->handleRequest(NULL, Object(Config\Cache), false)
#6 C:\laragon\www\edu\public\index.php(45): CodeIgniter\CodeIgniter->run()
#7 {main}
CRITICAL - 2020-03-20 01:13:19 --> Invalid file: HOLA.php
#0 C:\laragon\www\edu\vendor\codeigniter4\framework\system\View\View.php(224): CodeIgniter\Exceptions\FrameworkException::forInvalidFile('HOLA.php')
#1 C:\laragon\www\edu\vendor\codeigniter4\framework\system\Common.php(1071): CodeIgniter\View\View->render('HOLA', Array, true)
#2 C:\laragon\www\edu\app\Controllers\User.php(14): view('HOLA')
#3 C:\laragon\www\edu\vendor\codeigniter4\framework\system\CodeIgniter.php(910): App\Controllers\User->login_post()
#4 C:\laragon\www\edu\vendor\codeigniter4\framework\system\CodeIgniter.php(398): CodeIgniter\CodeIgniter->runController(Object(App\Controllers\User))
#5 C:\laragon\www\edu\vendor\codeigniter4\framework\system\CodeIgniter.php(306): CodeIgniter\CodeIgniter->handleRequest(NULL, Object(Config\Cache), false)
#6 C:\laragon\www\edu\public\index.php(45): CodeIgniter\CodeIgniter->run()
#7 {main}
CRITICAL - 2020-03-20 01:18:25 --> Invalid file: user/control/login_post.php
#0 C:\laragon\www\edu\vendor\codeigniter4\framework\system\View\View.php(224): CodeIgniter\Exceptions\FrameworkException::forInvalidFile('user/control/lo...')
#1 C:\laragon\www\edu\vendor\codeigniter4\framework\system\Common.php(1071): CodeIgniter\View\View->render('user/control/lo...', Array, true)
#2 C:\laragon\www\edu\app\Controllers\User.php(24): view('user/control/lo...', Array)
#3 C:\laragon\www\edu\app\Controllers\User.php(14): App\Controllers\User->_loadDefaultView(Array, 'login_post')
#4 C:\laragon\www\edu\vendor\codeigniter4\framework\system\CodeIgniter.php(910): App\Controllers\User->login_post()
#5 C:\laragon\www\edu\vendor\codeigniter4\framework\system\CodeIgniter.php(398): CodeIgniter\CodeIgniter->runController(Object(App\Controllers\User))
#6 C:\laragon\www\edu\vendor\codeigniter4\framework\system\CodeIgniter.php(306): CodeIgniter\CodeIgniter->handleRequest(NULL, Object(Config\Cache), false)
#7 C:\laragon\www\edu\public\index.php(45): CodeIgniter\CodeIgniter->run()
#8 {main}
CRITICAL - 2020-03-20 01:18:29 --> Invalid file: user/control/login_post.php
#0 C:\laragon\www\edu\vendor\codeigniter4\framework\system\View\View.php(224): CodeIgniter\Exceptions\FrameworkException::forInvalidFile('user/control/lo...')
#1 C:\laragon\www\edu\vendor\codeigniter4\framework\system\Common.php(1071): CodeIgniter\View\View->render('user/control/lo...', Array, true)
#2 C:\laragon\www\edu\app\Controllers\User.php(24): view('user/control/lo...', Array)
#3 C:\laragon\www\edu\app\Controllers\User.php(14): App\Controllers\User->_loadDefaultView(Array, 'login_post')
#4 C:\laragon\www\edu\vendor\codeigniter4\framework\system\CodeIgniter.php(910): App\Controllers\User->login_post()
#5 C:\laragon\www\edu\vendor\codeigniter4\framework\system\CodeIgniter.php(398): CodeIgniter\CodeIgniter->runController(Object(App\Controllers\User))
#6 C:\laragon\www\edu\vendor\codeigniter4\framework\system\CodeIgniter.php(306): CodeIgniter\CodeIgniter->handleRequest(NULL, Object(Config\Cache), false)
#7 C:\laragon\www\edu\public\index.php(45): CodeIgniter\CodeIgniter->run()
#8 {main}
CRITICAL - 2020-03-20 01:38:57 --> syntax error, unexpected '->' (T_OBJECT_OPERATOR)
#0 C:\laragon\www\edu\vendor\codeigniter4\framework\system\Common.php(1071): CodeIgniter\View\View->render('user/control/lo...', Array, true)
#1 C:\laragon\www\edu\app\Controllers\User.php(24): view('user/control/lo...', Array)
#2 C:\laragon\www\edu\app\Controllers\User.php(14): App\Controllers\User->_loadDefaultView(Array, 'login_post')
#3 C:\laragon\www\edu\vendor\codeigniter4\framework\system\CodeIgniter.php(910): App\Controllers\User->login_post()
#4 C:\laragon\www\edu\vendor\codeigniter4\framework\system\CodeIgniter.php(398): CodeIgniter\CodeIgniter->runController(Object(App\Controllers\User))
#5 C:\laragon\www\edu\vendor\codeigniter4\framework\system\CodeIgniter.php(306): CodeIgniter\CodeIgniter->handleRequest(NULL, Object(Config\Cache), false)
#6 C:\laragon\www\edu\public\index.php(45): CodeIgniter\CodeIgniter->run()
#7 {main}
CRITICAL - 2020-03-20 01:39:11 --> syntax error, unexpected '->' (T_OBJECT_OPERATOR)
#0 C:\laragon\www\edu\vendor\codeigniter4\framework\system\Common.php(1071): CodeIgniter\View\View->render('user/control/lo...', Array, true)
#1 C:\laragon\www\edu\app\Controllers\User.php(24): view('user/control/lo...', Array)
#2 C:\laragon\www\edu\app\Controllers\User.php(14): App\Controllers\User->_loadDefaultView(Array, 'login_post')
#3 C:\laragon\www\edu\vendor\codeigniter4\framework\system\CodeIgniter.php(910): App\Controllers\User->login_post()
#4 C:\laragon\www\edu\vendor\codeigniter4\framework\system\CodeIgniter.php(398): CodeIgniter\CodeIgniter->runController(Object(App\Controllers\User))
#5 C:\laragon\www\edu\vendor\codeigniter4\framework\system\CodeIgniter.php(306): CodeIgniter\CodeIgniter->handleRequest(NULL, Object(Config\Cache), false)
#6 C:\laragon\www\edu\public\index.php(45): CodeIgniter\CodeIgniter->run()
#7 {main}
CRITICAL - 2020-03-20 01:39:37 --> syntax error, unexpected '->' (T_OBJECT_OPERATOR)
#0 C:\laragon\www\edu\vendor\codeigniter4\framework\system\Common.php(1071): CodeIgniter\View\View->render('user/control/lo...', Array, true)
#1 C:\laragon\www\edu\app\Controllers\User.php(24): view('user/control/lo...', Array)
#2 C:\laragon\www\edu\app\Controllers\User.php(14): App\Controllers\User->_loadDefaultView(Array, 'login_post')
#3 C:\laragon\www\edu\vendor\codeigniter4\framework\system\CodeIgniter.php(910): App\Controllers\User->login_post()
#4 C:\laragon\www\edu\vendor\codeigniter4\framework\system\CodeIgniter.php(398): CodeIgniter\CodeIgniter->runController(Object(App\Controllers\User))
#5 C:\laragon\www\edu\vendor\codeigniter4\framework\system\CodeIgniter.php(306): CodeIgniter\CodeIgniter->handleRequest(NULL, Object(Config\Cache), false)
#6 C:\laragon\www\edu\public\index.php(45): CodeIgniter\CodeIgniter->run()
#7 {main}
CRITICAL - 2020-03-20 01:39:43 --> syntax error, unexpected '->' (T_OBJECT_OPERATOR)
#0 C:\laragon\www\edu\vendor\codeigniter4\framework\system\Common.php(1071): CodeIgniter\View\View->render('user/control/lo...', Array, true)
#1 C:\laragon\www\edu\app\Controllers\User.php(24): view('user/control/lo...', Array)
#2 C:\laragon\www\edu\app\Controllers\User.php(14): App\Controllers\User->_loadDefaultView(Array, 'login_post')
#3 C:\laragon\www\edu\vendor\codeigniter4\framework\system\CodeIgniter.php(910): App\Controllers\User->login_post()
#4 C:\laragon\www\edu\vendor\codeigniter4\framework\system\CodeIgniter.php(398): CodeIgniter\CodeIgniter->runController(Object(App\Controllers\User))
#5 C:\laragon\www\edu\vendor\codeigniter4\framework\system\CodeIgniter.php(306): CodeIgniter\CodeIgniter->handleRequest(NULL, Object(Config\Cache), false)
#6 C:\laragon\www\edu\public\index.php(45): CodeIgniter\CodeIgniter->run()
#7 {main}
CRITICAL - 2020-03-20 01:39:53 --> syntax error, unexpected '->' (T_OBJECT_OPERATOR)
#0 C:\laragon\www\edu\vendor\codeigniter4\framework\system\Common.php(1071): CodeIgniter\View\View->render('user/control/lo...', Array, true)
#1 C:\laragon\www\edu\app\Controllers\User.php(24): view('user/control/lo...', Array)
#2 C:\laragon\www\edu\app\Controllers\User.php(14): App\Controllers\User->_loadDefaultView(Array, 'login_post')
#3 C:\laragon\www\edu\vendor\codeigniter4\framework\system\CodeIgniter.php(910): App\Controllers\User->login_post()
#4 C:\laragon\www\edu\vendor\codeigniter4\framework\system\CodeIgniter.php(398): CodeIgniter\CodeIgniter->runController(Object(App\Controllers\User))
#5 C:\laragon\www\edu\vendor\codeigniter4\framework\system\CodeIgniter.php(306): CodeIgniter\CodeIgniter->handleRequest(NULL, Object(Config\Cache), false)
#6 C:\laragon\www\edu\public\index.php(45): CodeIgniter\CodeIgniter->run()
#7 {main}
CRITICAL - 2020-03-20 01:40:49 --> syntax error, unexpected '->' (T_OBJECT_OPERATOR)
#0 C:\laragon\www\edu\vendor\codeigniter4\framework\system\Common.php(1071): CodeIgniter\View\View->render('user/control/lo...', Array, true)
#1 C:\laragon\www\edu\app\Controllers\User.php(24): view('user/control/lo...', Array)
#2 C:\laragon\www\edu\app\Controllers\User.php(14): App\Controllers\User->_loadDefaultView(Array, 'login_post')
#3 C:\laragon\www\edu\vendor\codeigniter4\framework\system\CodeIgniter.php(910): App\Controllers\User->login_post()
#4 C:\laragon\www\edu\vendor\codeigniter4\framework\system\CodeIgniter.php(398): CodeIgniter\CodeIgniter->runController(Object(App\Controllers\User))
#5 C:\laragon\www\edu\vendor\codeigniter4\framework\system\CodeIgniter.php(306): CodeIgniter\CodeIgniter->handleRequest(NULL, Object(Config\Cache), false)
#6 C:\laragon\www\edu\public\index.php(45): CodeIgniter\CodeIgniter->run()
#7 {main}
CRITICAL - 2020-03-20 01:40:54 --> syntax error, unexpected '->' (T_OBJECT_OPERATOR)
#0 C:\laragon\www\edu\vendor\codeigniter4\framework\system\Common.php(1071): CodeIgniter\View\View->render('user/control/lo...', Array, true)
#1 C:\laragon\www\edu\app\Controllers\User.php(24): view('user/control/lo...', Array)
#2 C:\laragon\www\edu\app\Controllers\User.php(14): App\Controllers\User->_loadDefaultView(Array, 'login_post')
#3 C:\laragon\www\edu\vendor\codeigniter4\framework\system\CodeIgniter.php(910): App\Controllers\User->login_post()
#4 C:\laragon\www\edu\vendor\codeigniter4\framework\system\CodeIgniter.php(398): CodeIgniter\CodeIgniter->runController(Object(App\Controllers\User))
#5 C:\laragon\www\edu\vendor\codeigniter4\framework\system\CodeIgniter.php(306): CodeIgniter\CodeIgniter->handleRequest(NULL, Object(Config\Cache), false)
#6 C:\laragon\www\edu\public\index.php(45): CodeIgniter\CodeIgniter->run()
#7 {main}
CRITICAL - 2020-03-20 01:41:15 --> syntax error, unexpected '->' (T_OBJECT_OPERATOR)
#0 C:\laragon\www\edu\vendor\codeigniter4\framework\system\Common.php(1071): CodeIgniter\View\View->render('user/control/lo...', Array, true)
#1 C:\laragon\www\edu\app\Controllers\User.php(24): view('user/control/lo...', Array)
#2 C:\laragon\www\edu\app\Controllers\User.php(14): App\Controllers\User->_loadDefaultView(Array, 'login_post')
#3 C:\laragon\www\edu\vendor\codeigniter4\framework\system\CodeIgniter.php(910): App\Controllers\User->login_post()
#4 C:\laragon\www\edu\vendor\codeigniter4\framework\system\CodeIgniter.php(398): CodeIgniter\CodeIgniter->runController(Object(App\Controllers\User))
#5 C:\laragon\www\edu\vendor\codeigniter4\framework\system\CodeIgniter.php(306): CodeIgniter\CodeIgniter->handleRequest(NULL, Object(Config\Cache), false)
#6 C:\laragon\www\edu\public\index.php(45): CodeIgniter\CodeIgniter->run()
#7 {main}
CRITICAL - 2020-03-20 01:41:24 --> syntax error, unexpected '->' (T_OBJECT_OPERATOR)
#0 C:\laragon\www\edu\vendor\codeigniter4\framework\system\Common.php(1071): CodeIgniter\View\View->render('user/control/lo...', Array, true)
#1 C:\laragon\www\edu\app\Controllers\User.php(24): view('user/control/lo...', Array)
#2 C:\laragon\www\edu\app\Controllers\User.php(14): App\Controllers\User->_loadDefaultView(Array, 'login_post')
#3 C:\laragon\www\edu\vendor\codeigniter4\framework\system\CodeIgniter.php(910): App\Controllers\User->login_post()
#4 C:\laragon\www\edu\vendor\codeigniter4\framework\system\CodeIgniter.php(398): CodeIgniter\CodeIgniter->runController(Object(App\Controllers\User))
#5 C:\laragon\www\edu\vendor\codeigniter4\framework\system\CodeIgniter.php(306): CodeIgniter\CodeIgniter->handleRequest(NULL, Object(Config\Cache), false)
#6 C:\laragon\www\edu\public\index.php(45): CodeIgniter\CodeIgniter->run()
#7 {main}
CRITICAL - 2020-03-20 01:42:59 --> syntax error, unexpected '->' (T_OBJECT_OPERATOR)
#0 C:\laragon\www\edu\vendor\codeigniter4\framework\system\Common.php(1071): CodeIgniter\View\View->render('user/control/lo...', Array, true)
#1 C:\laragon\www\edu\app\Controllers\User.php(24): view('user/control/lo...', Array)
#2 C:\laragon\www\edu\app\Controllers\User.php(14): App\Controllers\User->_loadDefaultView(Array, 'login_post')
#3 C:\laragon\www\edu\vendor\codeigniter4\framework\system\CodeIgniter.php(910): App\Controllers\User->login_post()
#4 C:\laragon\www\edu\vendor\codeigniter4\framework\system\CodeIgniter.php(398): CodeIgniter\CodeIgniter->runController(Object(App\Controllers\User))
#5 C:\laragon\www\edu\vendor\codeigniter4\framework\system\CodeIgniter.php(306): CodeIgniter\CodeIgniter->handleRequest(NULL, Object(Config\Cache), false)
#6 C:\laragon\www\edu\public\index.php(45): CodeIgniter\CodeIgniter->run()
#7 {main}
CRITICAL - 2020-03-20 01:43:04 --> syntax error, unexpected '->' (T_OBJECT_OPERATOR)
#0 C:\laragon\www\edu\vendor\codeigniter4\framework\system\Common.php(1071): CodeIgniter\View\View->render('user/control/lo...', Array, true)
#1 C:\laragon\www\edu\app\Controllers\User.php(24): view('user/control/lo...', Array)
#2 C:\laragon\www\edu\app\Controllers\User.php(14): App\Controllers\User->_loadDefaultView(Array, 'login_post')
#3 C:\laragon\www\edu\vendor\codeigniter4\framework\system\CodeIgniter.php(910): App\Controllers\User->login_post()
#4 C:\laragon\www\edu\vendor\codeigniter4\framework\system\CodeIgniter.php(398): CodeIgniter\CodeIgniter->runController(Object(App\Controllers\User))
#5 C:\laragon\www\edu\vendor\codeigniter4\framework\system\CodeIgniter.php(306): CodeIgniter\CodeIgniter->handleRequest(NULL, Object(Config\Cache), false)
#6 C:\laragon\www\edu\public\index.php(45): CodeIgniter\CodeIgniter->run()
#7 {main}
CRITICAL - 2020-03-20 01:43:14 --> syntax error, unexpected '->' (T_OBJECT_OPERATOR)
#0 C:\laragon\www\edu\vendor\codeigniter4\framework\system\Common.php(1071): CodeIgniter\View\View->render('user/control/lo...', Array, true)
#1 C:\laragon\www\edu\app\Controllers\User.php(24): view('user/control/lo...', Array)
#2 C:\laragon\www\edu\app\Controllers\User.php(14): App\Controllers\User->_loadDefaultView(Array, 'login_post')
#3 C:\laragon\www\edu\vendor\codeigniter4\framework\system\CodeIgniter.php(910): App\Controllers\User->login_post()
#4 C:\laragon\www\edu\vendor\codeigniter4\framework\system\CodeIgniter.php(398): CodeIgniter\CodeIgniter->runController(Object(App\Controllers\User))
#5 C:\laragon\www\edu\vendor\codeigniter4\framework\system\CodeIgniter.php(306): CodeIgniter\CodeIgniter->handleRequest(NULL, Object(Config\Cache), false)
#6 C:\laragon\www\edu\public\index.php(45): CodeIgniter\CodeIgniter->run()
#7 {main}
CRITICAL - 2020-03-20 01:43:42 --> syntax error, unexpected '->' (T_OBJECT_OPERATOR)
#0 C:\laragon\www\edu\vendor\codeigniter4\framework\system\Common.php(1071): CodeIgniter\View\View->render('user/control/lo...', Array, true)
#1 C:\laragon\www\edu\app\Controllers\User.php(24): view('user/control/lo...', Array)
#2 C:\laragon\www\edu\app\Controllers\User.php(14): App\Controllers\User->_loadDefaultView(Array, 'login_post')
#3 C:\laragon\www\edu\vendor\codeigniter4\framework\system\CodeIgniter.php(910): App\Controllers\User->login_post()
#4 C:\laragon\www\edu\vendor\codeigniter4\framework\system\CodeIgniter.php(398): CodeIgniter\CodeIgniter->runController(Object(App\Controllers\User))
#5 C:\laragon\www\edu\vendor\codeigniter4\framework\system\CodeIgniter.php(306): CodeIgniter\CodeIgniter->handleRequest(NULL, Object(Config\Cache), false)
#6 C:\laragon\www\edu\public\index.php(45): CodeIgniter\CodeIgniter->run()
#7 {main}
CRITICAL - 2020-03-20 01:43:47 --> syntax error, unexpected '->' (T_OBJECT_OPERATOR)
#0 C:\laragon\www\edu\vendor\codeigniter4\framework\system\Common.php(1071): CodeIgniter\View\View->render('user/control/lo...', Array, true)
#1 C:\laragon\www\edu\app\Controllers\User.php(24): view('user/control/lo...', Array)
#2 C:\laragon\www\edu\app\Controllers\User.php(14): App\Controllers\User->_loadDefaultView(Array, 'login_post')
#3 C:\laragon\www\edu\vendor\codeigniter4\framework\system\CodeIgniter.php(910): App\Controllers\User->login_post()
#4 C:\laragon\www\edu\vendor\codeigniter4\framework\system\CodeIgniter.php(398): CodeIgniter\CodeIgniter->runController(Object(App\Controllers\User))
#5 C:\laragon\www\edu\vendor\codeigniter4\framework\system\CodeIgniter.php(306): CodeIgniter\CodeIgniter->handleRequest(NULL, Object(Config\Cache), false)
#6 C:\laragon\www\edu\public\index.php(45): CodeIgniter\CodeIgniter->run()
#7 {main}
CRITICAL - 2020-03-20 01:44:08 --> syntax error, unexpected '->' (T_OBJECT_OPERATOR)
#0 C:\laragon\www\edu\vendor\codeigniter4\framework\system\Common.php(1071): CodeIgniter\View\View->render('user/control/lo...', Array, true)
#1 C:\laragon\www\edu\app\Controllers\User.php(24): view('user/control/lo...', Array)
#2 C:\laragon\www\edu\app\Controllers\User.php(14): App\Controllers\User->_loadDefaultView(Array, 'login_post')
#3 C:\laragon\www\edu\vendor\codeigniter4\framework\system\CodeIgniter.php(910): App\Controllers\User->login_post()
#4 C:\laragon\www\edu\vendor\codeigniter4\framework\system\CodeIgniter.php(398): CodeIgniter\CodeIgniter->runController(Object(App\Controllers\User))
#5 C:\laragon\www\edu\vendor\codeigniter4\framework\system\CodeIgniter.php(306): CodeIgniter\CodeIgniter->handleRequest(NULL, Object(Config\Cache), false)
#6 C:\laragon\www\edu\public\index.php(45): CodeIgniter\CodeIgniter->run()
#7 {main}
CRITICAL - 2020-03-20 17:39:46 --> Invalid file: user/control/login_post.php
#0 C:\laragon\www\edu\vendor\codeigniter4\framework\system\View\View.php(224): CodeIgniter\Exceptions\FrameworkException::forInvalidFile('user/control/lo...')
#1 C:\laragon\www\edu\vendor\codeigniter4\framework\system\Common.php(1071): CodeIgniter\View\View->render('user/control/lo...', Array, true)
#2 C:\laragon\www\edu\app\Controllers\User.php(24): view('user/control/lo...', Array)
#3 C:\laragon\www\edu\app\Controllers\User.php(14): App\Controllers\User->_loadDefaultView(Array, 'login_post')
#4 C:\laragon\www\edu\vendor\codeigniter4\framework\system\CodeIgniter.php(910): App\Controllers\User->login_post()
#5 C:\laragon\www\edu\vendor\codeigniter4\framework\system\CodeIgniter.php(398): CodeIgniter\CodeIgniter->runController(Object(App\Controllers\User))
#6 C:\laragon\www\edu\vendor\codeigniter4\framework\system\CodeIgniter.php(306): CodeIgniter\CodeIgniter->handleRequest(NULL, Object(Config\Cache), false)
#7 C:\laragon\www\edu\public\index.php(45): CodeIgniter\CodeIgniter->run()
#8 {main}
