CRITICAL - 2020-04-04 01:00:26 --> Invalid file: dashboard/Pager/dataTable.php
#0 C:\laragon\www\edu\vendor\codeigniter4\framework\system\View\View.php(224): CodeIgniter\Exceptions\FrameworkException::forInvalidFile('dashboard/Pager...')
#1 C:\laragon\www\edu\vendor\codeigniter4\framework\system\Common.php(1071): CodeIgniter\View\View->render('dashboard/Pager...', Array, true)
#2 C:\laragon\www\edu\app\Views\dashboard\user\index.php(121): view('dashboard/Pager...')
#3 C:\laragon\www\edu\vendor\codeigniter4\framework\system\View\View.php(236): include('C:\\laragon\\www\\...')
#4 C:\laragon\www\edu\vendor\codeigniter4\framework\system\Common.php(1071): CodeIgniter\View\View->render('dashboard/user/...', Array, true)
#5 C:\laragon\www\edu\app\Controllers\Usuario.php(120): view('dashboard/user/...', Array)
#6 C:\laragon\www\edu\app\Controllers\Usuario.php(22): App\Controllers\Usuario->_loadDefaultView('Listado de usua...', Array, 'index')
#7 C:\laragon\www\edu\vendor\codeigniter4\framework\system\CodeIgniter.php(910): App\Controllers\Usuario->index()
#8 C:\laragon\www\edu\vendor\codeigniter4\framework\system\CodeIgniter.php(398): CodeIgniter\CodeIgniter->runController(Object(App\Controllers\Usuario))
#9 C:\laragon\www\edu\vendor\codeigniter4\framework\system\CodeIgniter.php(306): CodeIgniter\CodeIgniter->handleRequest(NULL, Object(Config\Cache), false)
#10 C:\laragon\www\edu\public\index.php(45): CodeIgniter\CodeIgniter->run()
#11 {main}
CRITICAL - 2020-04-04 01:00:47 --> Invalid file: Pager/dataTable.php
#0 C:\laragon\www\edu\vendor\codeigniter4\framework\system\View\View.php(224): CodeIgniter\Exceptions\FrameworkException::forInvalidFile('Pager/dataTable...')
#1 C:\laragon\www\edu\vendor\codeigniter4\framework\system\Common.php(1071): CodeIgniter\View\View->render('Pager/dataTable', Array, true)
#2 C:\laragon\www\edu\app\Views\dashboard\user\index.php(121): view('Pager/dataTable')
#3 C:\laragon\www\edu\vendor\codeigniter4\framework\system\View\View.php(236): include('C:\\laragon\\www\\...')
#4 C:\laragon\www\edu\vendor\codeigniter4\framework\system\Common.php(1071): CodeIgniter\View\View->render('dashboard/user/...', Array, true)
#5 C:\laragon\www\edu\app\Controllers\Usuario.php(120): view('dashboard/user/...', Array)
#6 C:\laragon\www\edu\app\Controllers\Usuario.php(22): App\Controllers\Usuario->_loadDefaultView('Listado de usua...', Array, 'index')
#7 C:\laragon\www\edu\vendor\codeigniter4\framework\system\CodeIgniter.php(910): App\Controllers\Usuario->index()
#8 C:\laragon\www\edu\vendor\codeigniter4\framework\system\CodeIgniter.php(398): CodeIgniter\CodeIgniter->runController(Object(App\Controllers\Usuario))
#9 C:\laragon\www\edu\vendor\codeigniter4\framework\system\CodeIgniter.php(306): CodeIgniter\CodeIgniter->handleRequest(NULL, Object(Config\Cache), false)
#10 C:\laragon\www\edu\public\index.php(45): CodeIgniter\CodeIgniter->run()
#11 {main}
CRITICAL - 2020-04-04 01:00:48 --> Invalid file: Pager/dataTable.php
#0 C:\laragon\www\edu\vendor\codeigniter4\framework\system\View\View.php(224): CodeIgniter\Exceptions\FrameworkException::forInvalidFile('Pager/dataTable...')
#1 C:\laragon\www\edu\vendor\codeigniter4\framework\system\Common.php(1071): CodeIgniter\View\View->render('Pager/dataTable', Array, true)
#2 C:\laragon\www\edu\app\Views\dashboard\user\index.php(121): view('Pager/dataTable')
#3 C:\laragon\www\edu\vendor\codeigniter4\framework\system\View\View.php(236): include('C:\\laragon\\www\\...')
#4 C:\laragon\www\edu\vendor\codeigniter4\framework\system\Common.php(1071): CodeIgniter\View\View->render('dashboard/user/...', Array, true)
#5 C:\laragon\www\edu\app\Controllers\Usuario.php(120): view('dashboard/user/...', Array)
#6 C:\laragon\www\edu\app\Controllers\Usuario.php(22): App\Controllers\Usuario->_loadDefaultView('Listado de usua...', Array, 'index')
#7 C:\laragon\www\edu\vendor\codeigniter4\framework\system\CodeIgniter.php(910): App\Controllers\Usuario->index()
#8 C:\laragon\www\edu\vendor\codeigniter4\framework\system\CodeIgniter.php(398): CodeIgniter\CodeIgniter->runController(Object(App\Controllers\Usuario))
#9 C:\laragon\www\edu\vendor\codeigniter4\framework\system\CodeIgniter.php(306): CodeIgniter\CodeIgniter->handleRequest(NULL, Object(Config\Cache), false)
#10 C:\laragon\www\edu\public\index.php(45): CodeIgniter\CodeIgniter->run()
#11 {main}
CRITICAL - 2020-04-04 01:46:43 --> Undefined variable: page
#0 C:\laragon\www\edu\app\Views\dashboard\user\index.php(77): CodeIgniter\Debug\Exceptions->errorHandler(8, 'Undefined varia...', 'C:\\laragon\\www\\...', 77, Array)
#1 C:\laragon\www\edu\vendor\codeigniter4\framework\system\View\View.php(236): include('C:\\laragon\\www\\...')
#2 C:\laragon\www\edu\vendor\codeigniter4\framework\system\Common.php(1071): CodeIgniter\View\View->render('dashboard/user/...', Array, true)
#3 C:\laragon\www\edu\app\Controllers\Usuario.php(120): view('dashboard/user/...', Array)
#4 C:\laragon\www\edu\app\Controllers\Usuario.php(22): App\Controllers\Usuario->_loadDefaultView('Listado de usua...', Array, 'index')
#5 C:\laragon\www\edu\vendor\codeigniter4\framework\system\CodeIgniter.php(910): App\Controllers\Usuario->index()
#6 C:\laragon\www\edu\vendor\codeigniter4\framework\system\CodeIgniter.php(398): CodeIgniter\CodeIgniter->runController(Object(App\Controllers\Usuario))
#7 C:\laragon\www\edu\vendor\codeigniter4\framework\system\CodeIgniter.php(306): CodeIgniter\CodeIgniter->handleRequest(NULL, Object(Config\Cache), false)
#8 C:\laragon\www\edu\public\index.php(45): CodeIgniter\CodeIgniter->run()
#9 {main}
CRITICAL - 2020-04-04 01:49:26 --> Call to undefined method CodeIgniter\Pager\Pager::hasPrevious()
#0 C:\laragon\www\edu\vendor\codeigniter4\framework\system\View\View.php(236): include()
#1 C:\laragon\www\edu\vendor\codeigniter4\framework\system\Common.php(1071): CodeIgniter\View\View->render('dashboard/user/...', Array, true)
#2 C:\laragon\www\edu\app\Controllers\Usuario.php(120): view('dashboard/user/...', Array)
#3 C:\laragon\www\edu\app\Controllers\Usuario.php(22): App\Controllers\Usuario->_loadDefaultView('Listado de usua...', Array, 'index')
#4 C:\laragon\www\edu\vendor\codeigniter4\framework\system\CodeIgniter.php(910): App\Controllers\Usuario->index()
#5 C:\laragon\www\edu\vendor\codeigniter4\framework\system\CodeIgniter.php(398): CodeIgniter\CodeIgniter->runController(Object(App\Controllers\Usuario))
#6 C:\laragon\www\edu\vendor\codeigniter4\framework\system\CodeIgniter.php(306): CodeIgniter\CodeIgniter->handleRequest(NULL, Object(Config\Cache), false)
#7 C:\laragon\www\edu\public\index.php(45): CodeIgniter\CodeIgniter->run()
#8 {main}
CRITICAL - 2020-04-04 01:49:43 --> Undefined property: CodeIgniter\Pager\Pager::$hasPrevious
#0 C:\laragon\www\edu\app\Views\dashboard\user\index.php(77): CodeIgniter\Debug\Exceptions->errorHandler(8, 'Undefined prope...', 'C:\\laragon\\www\\...', 77, Array)
#1 C:\laragon\www\edu\vendor\codeigniter4\framework\system\View\View.php(236): include('C:\\laragon\\www\\...')
#2 C:\laragon\www\edu\vendor\codeigniter4\framework\system\Common.php(1071): CodeIgniter\View\View->render('dashboard/user/...', Array, true)
#3 C:\laragon\www\edu\app\Controllers\Usuario.php(120): view('dashboard/user/...', Array)
#4 C:\laragon\www\edu\app\Controllers\Usuario.php(22): App\Controllers\Usuario->_loadDefaultView('Listado de usua...', Array, 'index')
#5 C:\laragon\www\edu\vendor\codeigniter4\framework\system\CodeIgniter.php(910): App\Controllers\Usuario->index()
#6 C:\laragon\www\edu\vendor\codeigniter4\framework\system\CodeIgniter.php(398): CodeIgniter\CodeIgniter->runController(Object(App\Controllers\Usuario))
#7 C:\laragon\www\edu\vendor\codeigniter4\framework\system\CodeIgniter.php(306): CodeIgniter\CodeIgniter->handleRequest(NULL, Object(Config\Cache), false)
#8 C:\laragon\www\edu\public\index.php(45): CodeIgniter\CodeIgniter->run()
#9 {main}
CRITICAL - 2020-04-04 02:12:11 --> syntax error, unexpected end of file
#0 C:\laragon\www\edu\vendor\codeigniter4\framework\system\Common.php(1071): CodeIgniter\View\View->render('dashboard/user/...', Array, true)
#1 C:\laragon\www\edu\app\Controllers\Usuario.php(120): view('dashboard/user/...', Array)
#2 C:\laragon\www\edu\app\Controllers\Usuario.php(22): App\Controllers\Usuario->_loadDefaultView('Listado de usua...', Array, 'index')
#3 C:\laragon\www\edu\vendor\codeigniter4\framework\system\CodeIgniter.php(910): App\Controllers\Usuario->index()
#4 C:\laragon\www\edu\vendor\codeigniter4\framework\system\CodeIgniter.php(398): CodeIgniter\CodeIgniter->runController(Object(App\Controllers\Usuario))
#5 C:\laragon\www\edu\vendor\codeigniter4\framework\system\CodeIgniter.php(306): CodeIgniter\CodeIgniter->handleRequest(NULL, Object(Config\Cache), false)
#6 C:\laragon\www\edu\public\index.php(45): CodeIgniter\CodeIgniter->run()
#7 {main}
CRITICAL - 2020-04-04 02:12:17 --> syntax error, unexpected '}'
#0 C:\laragon\www\edu\vendor\codeigniter4\framework\system\Common.php(1071): CodeIgniter\View\View->render('dashboard/user/...', Array, true)
#1 C:\laragon\www\edu\app\Controllers\Usuario.php(120): view('dashboard/user/...', Array)
#2 C:\laragon\www\edu\app\Controllers\Usuario.php(22): App\Controllers\Usuario->_loadDefaultView('Listado de usua...', Array, 'index')
#3 C:\laragon\www\edu\vendor\codeigniter4\framework\system\CodeIgniter.php(910): App\Controllers\Usuario->index()
#4 C:\laragon\www\edu\vendor\codeigniter4\framework\system\CodeIgniter.php(398): CodeIgniter\CodeIgniter->runController(Object(App\Controllers\Usuario))
#5 C:\laragon\www\edu\vendor\codeigniter4\framework\system\CodeIgniter.php(306): CodeIgniter\CodeIgniter->handleRequest(NULL, Object(Config\Cache), false)
#6 C:\laragon\www\edu\public\index.php(45): CodeIgniter\CodeIgniter->run()
#7 {main}
CRITICAL - 2020-04-04 02:12:42 --> syntax error, unexpected end of file
#0 C:\laragon\www\edu\vendor\codeigniter4\framework\system\Common.php(1071): CodeIgniter\View\View->render('dashboard/user/...', Array, true)
#1 C:\laragon\www\edu\app\Controllers\Usuario.php(120): view('dashboard/user/...', Array)
#2 C:\laragon\www\edu\app\Controllers\Usuario.php(22): App\Controllers\Usuario->_loadDefaultView('Listado de usua...', Array, 'index')
#3 C:\laragon\www\edu\vendor\codeigniter4\framework\system\CodeIgniter.php(910): App\Controllers\Usuario->index()
#4 C:\laragon\www\edu\vendor\codeigniter4\framework\system\CodeIgniter.php(398): CodeIgniter\CodeIgniter->runController(Object(App\Controllers\Usuario))
#5 C:\laragon\www\edu\vendor\codeigniter4\framework\system\CodeIgniter.php(306): CodeIgniter\CodeIgniter->handleRequest(NULL, Object(Config\Cache), false)
#6 C:\laragon\www\edu\public\index.php(45): CodeIgniter\CodeIgniter->run()
#7 {main}
CRITICAL - 2020-04-04 02:18:03 --> syntax error, unexpected 'endforeach' (T_ENDFOREACH)
#0 C:\laragon\www\edu\vendor\codeigniter4\framework\system\Common.php(1071): CodeIgniter\View\View->render('dashboard/user/...', Array, true)
#1 C:\laragon\www\edu\app\Controllers\Usuario.php(120): view('dashboard/user/...', Array)
#2 C:\laragon\www\edu\app\Controllers\Usuario.php(22): App\Controllers\Usuario->_loadDefaultView('Listado de usua...', Array, 'index')
#3 C:\laragon\www\edu\vendor\codeigniter4\framework\system\CodeIgniter.php(910): App\Controllers\Usuario->index()
#4 C:\laragon\www\edu\vendor\codeigniter4\framework\system\CodeIgniter.php(398): CodeIgniter\CodeIgniter->runController(Object(App\Controllers\Usuario))
#5 C:\laragon\www\edu\vendor\codeigniter4\framework\system\CodeIgniter.php(306): CodeIgniter\CodeIgniter->handleRequest(NULL, Object(Config\Cache), false)
#6 C:\laragon\www\edu\public\index.php(45): CodeIgniter\CodeIgniter->run()
#7 {main}
CRITICAL - 2020-04-04 02:21:13 --> Call to undefined method stdClass::fetch()
#0 C:\laragon\www\edu\vendor\codeigniter4\framework\system\View\View.php(236): include()
#1 C:\laragon\www\edu\vendor\codeigniter4\framework\system\Common.php(1071): CodeIgniter\View\View->render('dashboard/user/...', Array, true)
#2 C:\laragon\www\edu\app\Controllers\Usuario.php(120): view('dashboard/user/...', Array)
#3 C:\laragon\www\edu\app\Controllers\Usuario.php(22): App\Controllers\Usuario->_loadDefaultView('Listado de usua...', Array, 'index')
#4 C:\laragon\www\edu\vendor\codeigniter4\framework\system\CodeIgniter.php(910): App\Controllers\Usuario->index()
#5 C:\laragon\www\edu\vendor\codeigniter4\framework\system\CodeIgniter.php(398): CodeIgniter\CodeIgniter->runController(Object(App\Controllers\Usuario))
#6 C:\laragon\www\edu\vendor\codeigniter4\framework\system\CodeIgniter.php(306): CodeIgniter\CodeIgniter->handleRequest(NULL, Object(Config\Cache), false)
#7 C:\laragon\www\edu\public\index.php(45): CodeIgniter\CodeIgniter->run()
#8 {main}
CRITICAL - 2020-04-04 02:37:03 --> Invalid file: dashboard/templates/alert.php
#0 C:\laragon\www\edu\vendor\codeigniter4\framework\system\View\View.php(224): CodeIgniter\Exceptions\FrameworkException::forInvalidFile('dashboard/templ...')
#1 C:\laragon\www\edu\vendor\codeigniter4\framework\system\Common.php(1071): CodeIgniter\View\View->render('dashboard/templ...', Array, true)
#2 C:\laragon\www\edu\app\Views\dashboard\user\index.php(92): view('dashboard/templ...')
#3 C:\laragon\www\edu\vendor\codeigniter4\framework\system\View\View.php(236): include('C:\\laragon\\www\\...')
#4 C:\laragon\www\edu\vendor\codeigniter4\framework\system\Common.php(1071): CodeIgniter\View\View->render('dashboard/user/...', Array, true)
#5 C:\laragon\www\edu\app\Controllers\Usuario.php(120): view('dashboard/user/...', Array)
#6 C:\laragon\www\edu\app\Controllers\Usuario.php(22): App\Controllers\Usuario->_loadDefaultView('Listado de usua...', Array, 'index')
#7 C:\laragon\www\edu\vendor\codeigniter4\framework\system\CodeIgniter.php(910): App\Controllers\Usuario->index()
#8 C:\laragon\www\edu\vendor\codeigniter4\framework\system\CodeIgniter.php(398): CodeIgniter\CodeIgniter->runController(Object(App\Controllers\Usuario))
#9 C:\laragon\www\edu\vendor\codeigniter4\framework\system\CodeIgniter.php(306): CodeIgniter\CodeIgniter->handleRequest(NULL, Object(Config\Cache), false)
#10 C:\laragon\www\edu\public\index.php(45): CodeIgniter\CodeIgniter->run()
#11 {main}
CRITICAL - 2020-04-04 02:37:23 --> Undefined variable: u
#0 C:\laragon\www\edu\app\Views\dashboard\templates\alert.php(16): CodeIgniter\Debug\Exceptions->errorHandler(8, 'Undefined varia...', 'C:\\laragon\\www\\...', 16, Array)
#1 C:\laragon\www\edu\vendor\codeigniter4\framework\system\View\View.php(236): include('C:\\laragon\\www\\...')
#2 C:\laragon\www\edu\vendor\codeigniter4\framework\system\Common.php(1071): CodeIgniter\View\View->render('dashboard/templ...', Array, true)
#3 C:\laragon\www\edu\app\Views\dashboard\user\index.php(92): view('dashboard/templ...')
#4 C:\laragon\www\edu\vendor\codeigniter4\framework\system\View\View.php(236): include('C:\\laragon\\www\\...')
#5 C:\laragon\www\edu\vendor\codeigniter4\framework\system\Common.php(1071): CodeIgniter\View\View->render('dashboard/user/...', Array, true)
#6 C:\laragon\www\edu\app\Controllers\Usuario.php(120): view('dashboard/user/...', Array)
#7 C:\laragon\www\edu\app\Controllers\Usuario.php(22): App\Controllers\Usuario->_loadDefaultView('Listado de usua...', Array, 'index')
#8 C:\laragon\www\edu\vendor\codeigniter4\framework\system\CodeIgniter.php(910): App\Controllers\Usuario->index()
#9 C:\laragon\www\edu\vendor\codeigniter4\framework\system\CodeIgniter.php(398): CodeIgniter\CodeIgniter->runController(Object(App\Controllers\Usuario))
#10 C:\laragon\www\edu\vendor\codeigniter4\framework\system\CodeIgniter.php(306): CodeIgniter\CodeIgniter->handleRequest(NULL, Object(Config\Cache), false)
#11 C:\laragon\www\edu\public\index.php(45): CodeIgniter\CodeIgniter->run()
#12 {main}
CRITICAL - 2020-04-04 03:01:18 --> date() expects at least 1 parameter, 0 given
#0 [internal function]: CodeIgniter\Debug\Exceptions->errorHandler(2, 'date() expects ...', 'C:\\laragon\\www\\...', 4, Array)
#1 C:\laragon\www\edu\app\Views\dashboard\templates\footer.php(4): date()
#2 C:\laragon\www\edu\vendor\codeigniter4\framework\system\View\View.php(236): include('C:\\laragon\\www\\...')
#3 C:\laragon\www\edu\vendor\codeigniter4\framework\system\Common.php(1071): CodeIgniter\View\View->render('dashboard/templ...', Array, true)
#4 C:\laragon\www\edu\app\Controllers\Principal.php(119): view('dashboard/templ...')
#5 C:\laragon\www\edu\app\Controllers\Principal.php(22): App\Controllers\Principal->_loadDefaultView('', Array, 'index')
#6 C:\laragon\www\edu\vendor\codeigniter4\framework\system\CodeIgniter.php(910): App\Controllers\Principal->index()
#7 C:\laragon\www\edu\vendor\codeigniter4\framework\system\CodeIgniter.php(398): CodeIgniter\CodeIgniter->runController(Object(App\Controllers\Principal))
#8 C:\laragon\www\edu\vendor\codeigniter4\framework\system\CodeIgniter.php(306): CodeIgniter\CodeIgniter->handleRequest(NULL, Object(Config\Cache), false)
#9 C:\laragon\www\edu\public\index.php(45): CodeIgniter\CodeIgniter->run()
#10 {main}
CRITICAL - 2020-04-04 03:01:48 --> syntax error, unexpected '$format' (T_VARIABLE), expecting ',' or ')'
#0 C:\laragon\www\edu\vendor\codeigniter4\framework\system\Common.php(1071): CodeIgniter\View\View->render('dashboard/templ...', Array, true)
#1 C:\laragon\www\edu\app\Controllers\Principal.php(119): view('dashboard/templ...')
#2 C:\laragon\www\edu\app\Controllers\Principal.php(22): App\Controllers\Principal->_loadDefaultView('', Array, 'index')
#3 C:\laragon\www\edu\vendor\codeigniter4\framework\system\CodeIgniter.php(910): App\Controllers\Principal->index()
#4 C:\laragon\www\edu\vendor\codeigniter4\framework\system\CodeIgniter.php(398): CodeIgniter\CodeIgniter->runController(Object(App\Controllers\Principal))
#5 C:\laragon\www\edu\vendor\codeigniter4\framework\system\CodeIgniter.php(306): CodeIgniter\CodeIgniter->handleRequest(NULL, Object(Config\Cache), false)
#6 C:\laragon\www\edu\public\index.php(45): CodeIgniter\CodeIgniter->run()
#7 {main}
CRITICAL - 2020-04-04 03:03:51 --> syntax error, unexpected '&', expecting end of file
#0 C:\laragon\www\edu\vendor\codeigniter4\framework\system\Common.php(1071): CodeIgniter\View\View->render('dashboard/templ...', Array, true)
#1 C:\laragon\www\edu\app\Controllers\Principal.php(119): view('dashboard/templ...')
#2 C:\laragon\www\edu\app\Controllers\Principal.php(22): App\Controllers\Principal->_loadDefaultView('', Array, 'index')
#3 C:\laragon\www\edu\vendor\codeigniter4\framework\system\CodeIgniter.php(910): App\Controllers\Principal->index()
#4 C:\laragon\www\edu\vendor\codeigniter4\framework\system\CodeIgniter.php(398): CodeIgniter\CodeIgniter->runController(Object(App\Controllers\Principal))
#5 C:\laragon\www\edu\vendor\codeigniter4\framework\system\CodeIgniter.php(306): CodeIgniter\CodeIgniter->handleRequest(NULL, Object(Config\Cache), false)
#6 C:\laragon\www\edu\public\index.php(45): CodeIgniter\CodeIgniter->run()
#7 {main}
CRITICAL - 2020-04-04 03:04:06 --> Use of undefined constant copy - assumed 'copy' (this will throw an Error in a future version of PHP)
#0 C:\laragon\www\edu\app\Views\dashboard\templates\footer.php(4): CodeIgniter\Debug\Exceptions->errorHandler(2, 'Use of undefine...', 'C:\\laragon\\www\\...', 4, Array)
#1 C:\laragon\www\edu\vendor\codeigniter4\framework\system\View\View.php(236): include('C:\\laragon\\www\\...')
#2 C:\laragon\www\edu\vendor\codeigniter4\framework\system\Common.php(1071): CodeIgniter\View\View->render('dashboard/templ...', Array, true)
#3 C:\laragon\www\edu\app\Controllers\Principal.php(119): view('dashboard/templ...')
#4 C:\laragon\www\edu\app\Controllers\Principal.php(22): App\Controllers\Principal->_loadDefaultView('', Array, 'index')
#5 C:\laragon\www\edu\vendor\codeigniter4\framework\system\CodeIgniter.php(910): App\Controllers\Principal->index()
#6 C:\laragon\www\edu\vendor\codeigniter4\framework\system\CodeIgniter.php(398): CodeIgniter\CodeIgniter->runController(Object(App\Controllers\Principal))
#7 C:\laragon\www\edu\vendor\codeigniter4\framework\system\CodeIgniter.php(306): CodeIgniter\CodeIgniter->handleRequest(NULL, Object(Config\Cache), false)
#8 C:\laragon\www\edu\public\index.php(45): CodeIgniter\CodeIgniter->run()
#9 {main}
CRITICAL - 2020-04-04 07:19:42 --> Invalid file: index/index.php
#0 C:\laragon\www\edu\vendor\codeigniter4\framework\system\View\View.php(224): CodeIgniter\Exceptions\FrameworkException::forInvalidFile('index/index.php')
#1 C:\laragon\www\edu\vendor\codeigniter4\framework\system\Common.php(1071): CodeIgniter\View\View->render('index/index', Array, true)
#2 C:\laragon\www\edu\app\Controllers\Welcome.php(28): view('index/index', Array)
#3 C:\laragon\www\edu\app\Controllers\Welcome.php(18): App\Controllers\Welcome->_loadDefaultView('Listado de usua...', Array, 'index')
#4 C:\laragon\www\edu\vendor\codeigniter4\framework\system\CodeIgniter.php(910): App\Controllers\Welcome->index()
#5 C:\laragon\www\edu\vendor\codeigniter4\framework\system\CodeIgniter.php(398): CodeIgniter\CodeIgniter->runController(Object(App\Controllers\Welcome))
#6 C:\laragon\www\edu\vendor\codeigniter4\framework\system\CodeIgniter.php(306): CodeIgniter\CodeIgniter->handleRequest(NULL, Object(Config\Cache), false)
#7 C:\laragon\www\edu\public\index.php(45): CodeIgniter\CodeIgniter->run()
#8 {main}
CRITICAL - 2020-04-04 07:20:12 --> Invalid file: dashboard/index/index.php
#0 C:\laragon\www\edu\vendor\codeigniter4\framework\system\View\View.php(224): CodeIgniter\Exceptions\FrameworkException::forInvalidFile('dashboard/index...')
#1 C:\laragon\www\edu\vendor\codeigniter4\framework\system\Common.php(1071): CodeIgniter\View\View->render('dashboard/index...', Array, true)
#2 C:\laragon\www\edu\app\Controllers\Welcome.php(28): view('dashboard/index...', Array)
#3 C:\laragon\www\edu\app\Controllers\Welcome.php(18): App\Controllers\Welcome->_loadDefaultView('Listado de usua...', Array, 'index')
#4 C:\laragon\www\edu\vendor\codeigniter4\framework\system\CodeIgniter.php(910): App\Controllers\Welcome->index()
#5 C:\laragon\www\edu\vendor\codeigniter4\framework\system\CodeIgniter.php(398): CodeIgniter\CodeIgniter->runController(Object(App\Controllers\Welcome))
#6 C:\laragon\www\edu\vendor\codeigniter4\framework\system\CodeIgniter.php(306): CodeIgniter\CodeIgniter->handleRequest(NULL, Object(Config\Cache), false)
#7 C:\laragon\www\edu\public\index.php(45): CodeIgniter\CodeIgniter->run()
#8 {main}
CRITICAL - 2020-04-04 07:20:13 --> Invalid file: dashboard/index/index.php
#0 C:\laragon\www\edu\vendor\codeigniter4\framework\system\View\View.php(224): CodeIgniter\Exceptions\FrameworkException::forInvalidFile('dashboard/index...')
#1 C:\laragon\www\edu\vendor\codeigniter4\framework\system\Common.php(1071): CodeIgniter\View\View->render('dashboard/index...', Array, true)
#2 C:\laragon\www\edu\app\Controllers\Welcome.php(28): view('dashboard/index...', Array)
#3 C:\laragon\www\edu\app\Controllers\Welcome.php(18): App\Controllers\Welcome->_loadDefaultView('Listado de usua...', Array, 'index')
#4 C:\laragon\www\edu\vendor\codeigniter4\framework\system\CodeIgniter.php(910): App\Controllers\Welcome->index()
#5 C:\laragon\www\edu\vendor\codeigniter4\framework\system\CodeIgniter.php(398): CodeIgniter\CodeIgniter->runController(Object(App\Controllers\Welcome))
#6 C:\laragon\www\edu\vendor\codeigniter4\framework\system\CodeIgniter.php(306): CodeIgniter\CodeIgniter->handleRequest(NULL, Object(Config\Cache), false)
#7 C:\laragon\www\edu\public\index.php(45): CodeIgniter\CodeIgniter->run()
#8 {main}
CRITICAL - 2020-04-04 20:22:40 --> 
#0 C:\laragon\www\edu\vendor\codeigniter4\framework\system\HTTP\RedirectResponse.php(92): CodeIgniter\HTTP\Exceptions\HTTPException::forInvalidRedirectRoute('')
#1 C:\laragon\www\edu\vendor\codeigniter4\framework\system\Common.php(798): CodeIgniter\HTTP\RedirectResponse->route(false)
#2 C:\laragon\www\edu\app\Filters\AutenticarRolAdmin.php(13): redirect('/login')
#3 C:\laragon\www\edu\vendor\codeigniter4\framework\system\Filters\Filters.php(162): App\Filters\AutenticarRolAdmin->before(Object(CodeIgniter\HTTP\IncomingRequest), NULL)
#4 C:\laragon\www\edu\vendor\codeigniter4\framework\system\CodeIgniter.php(376): CodeIgniter\Filters\Filters->run('usuario', 'before')
#5 C:\laragon\www\edu\vendor\codeigniter4\framework\system\CodeIgniter.php(306): CodeIgniter\CodeIgniter->handleRequest(NULL, Object(Config\Cache), false)
#6 C:\laragon\www\edu\public\index.php(45): CodeIgniter\CodeIgniter->run()
#7 {main}
