CRITICAL - 2020-04-08 00:53:08 --> Class 'App\Controllers\Catalogos\UsuariosModel' not found
#0 C:\laragon\www\edu\vendor\codeigniter4\framework\system\CodeIgniter.php(910): App\Controllers\Catalogos\Personas->update('1')
#1 C:\laragon\www\edu\vendor\codeigniter4\framework\system\CodeIgniter.php(398): CodeIgniter\CodeIgniter->runController(Object(App\Controllers\Catalogos\Personas))
#2 C:\laragon\www\edu\vendor\codeigniter4\framework\system\CodeIgniter.php(306): CodeIgniter\CodeIgniter->handleRequest(NULL, Object(Config\Cache), false)
#3 C:\laragon\www\edu\public\index.php(45): CodeIgniter\CodeIgniter->run()
#4 {main}
CRITICAL - 2020-04-08 00:55:42 --> Cannot delete or update a parent row: a foreign key constraint fails (`db_edu`.`cof_usuarios`, CONSTRAINT `FK_USUARIO_PERSONA` FOREIGN KEY (`personaId`) REFERENCES `cof_personas` (`personaId`) ON DELETE NO ACTION ON UPDATE NO ACTION)
#0 C:\laragon\www\edu\vendor\codeigniter4\framework\system\Database\MySQLi\Connection.php(330): mysqli->query('UPDATE `cof_per...')
#1 C:\laragon\www\edu\vendor\codeigniter4\framework\system\Database\BaseConnection.php(738): CodeIgniter\Database\MySQLi\Connection->execute('UPDATE `cof_per...')
#2 C:\laragon\www\edu\vendor\codeigniter4\framework\system\Database\BaseConnection.php(666): CodeIgniter\Database\BaseConnection->simpleQuery('UPDATE `cof_per...')
#3 C:\laragon\www\edu\vendor\codeigniter4\framework\system\Database\BaseBuilder.php(2410): CodeIgniter\Database\BaseConnection->query('UPDATE `cof_per...', Array, false)
#4 C:\laragon\www\edu\vendor\codeigniter4\framework\system\Model.php(851): CodeIgniter\Database\BaseBuilder->update()
#5 C:\laragon\www\edu\app\Controllers\Catalogos\Personas.php(73): CodeIgniter\Model->update(Array, Array)
#6 C:\laragon\www\edu\vendor\codeigniter4\framework\system\CodeIgniter.php(910): App\Controllers\Catalogos\Personas->update('1')
#7 C:\laragon\www\edu\vendor\codeigniter4\framework\system\CodeIgniter.php(398): CodeIgniter\CodeIgniter->runController(Object(App\Controllers\Catalogos\Personas))
#8 C:\laragon\www\edu\vendor\codeigniter4\framework\system\CodeIgniter.php(306): CodeIgniter\CodeIgniter->handleRequest(NULL, Object(Config\Cache), false)
#9 C:\laragon\www\edu\public\index.php(45): CodeIgniter\CodeIgniter->run()
#10 {main}
CRITICAL - 2020-04-08 01:11:06 --> Cannot delete or update a parent row: a foreign key constraint fails (`db_edu`.`cof_usuarios`, CONSTRAINT `FK_USUARIO_PERSONA` FOREIGN KEY (`personaId`) REFERENCES `cof_personas` (`personaId`) ON DELETE NO ACTION ON UPDATE NO ACTION)
#0 C:\laragon\www\edu\vendor\codeigniter4\framework\system\Database\MySQLi\Connection.php(330): mysqli->query('UPDATE `cof_per...')
#1 C:\laragon\www\edu\vendor\codeigniter4\framework\system\Database\BaseConnection.php(738): CodeIgniter\Database\MySQLi\Connection->execute('UPDATE `cof_per...')
#2 C:\laragon\www\edu\vendor\codeigniter4\framework\system\Database\BaseConnection.php(666): CodeIgniter\Database\BaseConnection->simpleQuery('UPDATE `cof_per...')
#3 C:\laragon\www\edu\vendor\codeigniter4\framework\system\Database\BaseBuilder.php(2410): CodeIgniter\Database\BaseConnection->query('UPDATE `cof_per...', Array, false)
#4 C:\laragon\www\edu\vendor\codeigniter4\framework\system\Model.php(851): CodeIgniter\Database\BaseBuilder->update()
#5 C:\laragon\www\edu\app\Controllers\Catalogos\Personas.php(72): CodeIgniter\Model->update(Array, Array)
#6 C:\laragon\www\edu\vendor\codeigniter4\framework\system\CodeIgniter.php(910): App\Controllers\Catalogos\Personas->update('1')
#7 C:\laragon\www\edu\vendor\codeigniter4\framework\system\CodeIgniter.php(398): CodeIgniter\CodeIgniter->runController(Object(App\Controllers\Catalogos\Personas))
#8 C:\laragon\www\edu\vendor\codeigniter4\framework\system\CodeIgniter.php(306): CodeIgniter\CodeIgniter->handleRequest(NULL, Object(Config\Cache), false)
#9 C:\laragon\www\edu\public\index.php(45): CodeIgniter\CodeIgniter->run()
#10 {main}
CRITICAL - 2020-04-08 01:19:52 --> Creating default object from empty value
#0 C:\laragon\www\edu\app\Views\Catalogos\personas\index.php(54): CodeIgniter\Debug\Exceptions->errorHandler(2, 'Creating defaul...', 'C:\\laragon\\www\\...', 54, Array)
#1 C:\laragon\www\edu\vendor\codeigniter4\framework\system\View\View.php(236): include('C:\\laragon\\www\\...')
#2 C:\laragon\www\edu\vendor\codeigniter4\framework\system\Common.php(1071): CodeIgniter\View\View->render('catalogos/perso...', Array, true)
#3 C:\laragon\www\edu\app\Controllers\Catalogos\Personas.php(113): view('catalogos/perso...', Array)
#4 C:\laragon\www\edu\app\Controllers\Catalogos\Personas.php(16): App\Controllers\Catalogos\Personas->_loadDefaultView('Listado de usua...', Array, 'index')
#5 C:\laragon\www\edu\vendor\codeigniter4\framework\system\CodeIgniter.php(910): App\Controllers\Catalogos\Personas->index()
#6 C:\laragon\www\edu\vendor\codeigniter4\framework\system\CodeIgniter.php(398): CodeIgniter\CodeIgniter->runController(Object(App\Controllers\Catalogos\Personas))
#7 C:\laragon\www\edu\vendor\codeigniter4\framework\system\CodeIgniter.php(306): CodeIgniter\CodeIgniter->handleRequest(NULL, Object(Config\Cache), false)
#8 C:\laragon\www\edu\public\index.php(45): CodeIgniter\CodeIgniter->run()
#9 {main}
CRITICAL - 2020-04-08 01:23:47 --> Class 'App\Controllers\Catalogos\UsuariosModel' not found
#0 C:\laragon\www\edu\vendor\codeigniter4\framework\system\CodeIgniter.php(910): App\Controllers\Catalogos\Personas->delete('2')
#1 C:\laragon\www\edu\vendor\codeigniter4\framework\system\CodeIgniter.php(398): CodeIgniter\CodeIgniter->runController(Object(App\Controllers\Catalogos\Personas))
#2 C:\laragon\www\edu\vendor\codeigniter4\framework\system\CodeIgniter.php(306): CodeIgniter\CodeIgniter->handleRequest(NULL, Object(Config\Cache), false)
#3 C:\laragon\www\edu\public\index.php(45): CodeIgniter\CodeIgniter->run()
#4 {main}
CRITICAL - 2020-04-08 01:36:24 --> syntax error, unexpected '->' (T_OBJECT_OPERATOR), expecting identifier (T_STRING) or variable (T_VARIABLE) or '{' or '$'
#0 C:\laragon\www\edu\vendor\codeigniter4\framework\system\Router\Router.php(192): CodeIgniter\Router\Router->autoRoute('catalogos/perso...')
#1 C:\laragon\www\edu\vendor\codeigniter4\framework\system\CodeIgniter.php(785): CodeIgniter\Router\Router->handle('catalogos/perso...')
#2 C:\laragon\www\edu\vendor\codeigniter4\framework\system\CodeIgniter.php(358): CodeIgniter\CodeIgniter->tryToRouteIt(Object(CodeIgniter\Router\RouteCollection))
#3 C:\laragon\www\edu\vendor\codeigniter4\framework\system\CodeIgniter.php(306): CodeIgniter\CodeIgniter->handleRequest(NULL, Object(Config\Cache), false)
#4 C:\laragon\www\edu\public\index.php(45): CodeIgniter\CodeIgniter->run()
#5 {main}
CRITICAL - 2020-04-08 01:41:45 --> Undefined variable: errors
#0 C:\laragon\www\edu\app\Controllers\Catalogos\Personas.php(67): CodeIgniter\Debug\Exceptions->errorHandler(8, 'Undefined varia...', 'C:\\laragon\\www\\...', 67, Array)
#1 C:\laragon\www\edu\vendor\codeigniter4\framework\system\CodeIgniter.php(910): App\Controllers\Catalogos\Personas->delete('1')
#2 C:\laragon\www\edu\vendor\codeigniter4\framework\system\CodeIgniter.php(398): CodeIgniter\CodeIgniter->runController(Object(App\Controllers\Catalogos\Personas))
#3 C:\laragon\www\edu\vendor\codeigniter4\framework\system\CodeIgniter.php(306): CodeIgniter\CodeIgniter->handleRequest(NULL, Object(Config\Cache), false)
#4 C:\laragon\www\edu\public\index.php(45): CodeIgniter\CodeIgniter->run()
#5 {main}
CRITICAL - 2020-04-08 01:44:18 --> syntax error, unexpected '<'
#0 C:\laragon\www\edu\vendor\codeigniter4\framework\system\Router\Router.php(192): CodeIgniter\Router\Router->autoRoute('catalogos/perso...')
#1 C:\laragon\www\edu\vendor\codeigniter4\framework\system\CodeIgniter.php(785): CodeIgniter\Router\Router->handle('catalogos/perso...')
#2 C:\laragon\www\edu\vendor\codeigniter4\framework\system\CodeIgniter.php(358): CodeIgniter\CodeIgniter->tryToRouteIt(Object(CodeIgniter\Router\RouteCollection))
#3 C:\laragon\www\edu\vendor\codeigniter4\framework\system\CodeIgniter.php(306): CodeIgniter\CodeIgniter->handleRequest(NULL, Object(Config\Cache), false)
#4 C:\laragon\www\edu\public\index.php(45): CodeIgniter\CodeIgniter->run()
#5 {main}
CRITICAL - 2020-04-08 01:44:24 --> syntax error, unexpected '<'
#0 C:\laragon\www\edu\vendor\codeigniter4\framework\system\Router\Router.php(192): CodeIgniter\Router\Router->autoRoute('catalogos/perso...')
#1 C:\laragon\www\edu\vendor\codeigniter4\framework\system\CodeIgniter.php(785): CodeIgniter\Router\Router->handle('catalogos/perso...')
#2 C:\laragon\www\edu\vendor\codeigniter4\framework\system\CodeIgniter.php(358): CodeIgniter\CodeIgniter->tryToRouteIt(Object(CodeIgniter\Router\RouteCollection))
#3 C:\laragon\www\edu\vendor\codeigniter4\framework\system\CodeIgniter.php(306): CodeIgniter\CodeIgniter->handleRequest(NULL, Object(Config\Cache), false)
#4 C:\laragon\www\edu\public\index.php(45): CodeIgniter\CodeIgniter->run()
#5 {main}
CRITICAL - 2020-04-08 01:46:01 --> syntax error, unexpected 'ALGO' (T_STRING)
#0 C:\laragon\www\edu\vendor\codeigniter4\framework\system\Router\Router.php(192): CodeIgniter\Router\Router->autoRoute('catalogos/perso...')
#1 C:\laragon\www\edu\vendor\codeigniter4\framework\system\CodeIgniter.php(785): CodeIgniter\Router\Router->handle('catalogos/perso...')
#2 C:\laragon\www\edu\vendor\codeigniter4\framework\system\CodeIgniter.php(358): CodeIgniter\CodeIgniter->tryToRouteIt(Object(CodeIgniter\Router\RouteCollection))
#3 C:\laragon\www\edu\vendor\codeigniter4\framework\system\CodeIgniter.php(306): CodeIgniter\CodeIgniter->handleRequest(NULL, Object(Config\Cache), false)
#4 C:\laragon\www\edu\public\index.php(45): CodeIgniter\CodeIgniter->run()
#5 {main}
CRITICAL - 2020-04-08 01:46:33 --> syntax error, unexpected 'return' (T_RETURN), expecting ',' or ';'
#0 C:\laragon\www\edu\vendor\codeigniter4\framework\system\Router\Router.php(192): CodeIgniter\Router\Router->autoRoute('catalogos/perso...')
#1 C:\laragon\www\edu\vendor\codeigniter4\framework\system\CodeIgniter.php(785): CodeIgniter\Router\Router->handle('catalogos/perso...')
#2 C:\laragon\www\edu\vendor\codeigniter4\framework\system\CodeIgniter.php(358): CodeIgniter\CodeIgniter->tryToRouteIt(Object(CodeIgniter\Router\RouteCollection))
#3 C:\laragon\www\edu\vendor\codeigniter4\framework\system\CodeIgniter.php(306): CodeIgniter\CodeIgniter->handleRequest(NULL, Object(Config\Cache), false)
#4 C:\laragon\www\edu\public\index.php(45): CodeIgniter\CodeIgniter->run()
#5 {main}
CRITICAL - 2020-04-08 01:46:35 --> syntax error, unexpected 'return' (T_RETURN), expecting ',' or ';'
#0 C:\laragon\www\edu\vendor\codeigniter4\framework\system\Router\Router.php(192): CodeIgniter\Router\Router->autoRoute('catalogos/perso...')
#1 C:\laragon\www\edu\vendor\codeigniter4\framework\system\CodeIgniter.php(785): CodeIgniter\Router\Router->handle('catalogos/perso...')
#2 C:\laragon\www\edu\vendor\codeigniter4\framework\system\CodeIgniter.php(358): CodeIgniter\CodeIgniter->tryToRouteIt(Object(CodeIgniter\Router\RouteCollection))
#3 C:\laragon\www\edu\vendor\codeigniter4\framework\system\CodeIgniter.php(306): CodeIgniter\CodeIgniter->handleRequest(NULL, Object(Config\Cache), false)
#4 C:\laragon\www\edu\public\index.php(45): CodeIgniter\CodeIgniter->run()
#5 {main}
CRITICAL - 2020-04-08 01:47:34 --> syntax error, unexpected 'return' (T_RETURN), expecting ',' or ';'
#0 C:\laragon\www\edu\vendor\codeigniter4\framework\system\Router\Router.php(192): CodeIgniter\Router\Router->autoRoute('catalogos/perso...')
#1 C:\laragon\www\edu\vendor\codeigniter4\framework\system\CodeIgniter.php(785): CodeIgniter\Router\Router->handle('catalogos/perso...')
#2 C:\laragon\www\edu\vendor\codeigniter4\framework\system\CodeIgniter.php(358): CodeIgniter\CodeIgniter->tryToRouteIt(Object(CodeIgniter\Router\RouteCollection))
#3 C:\laragon\www\edu\vendor\codeigniter4\framework\system\CodeIgniter.php(306): CodeIgniter\CodeIgniter->handleRequest(NULL, Object(Config\Cache), false)
#4 C:\laragon\www\edu\public\index.php(45): CodeIgniter\CodeIgniter->run()
#5 {main}
CRITICAL - 2020-04-08 22:53:11 --> Undefined variable: users
#0 C:\laragon\www\edu\app\Views\Catalogos\facultad\index.php(40): CodeIgniter\Debug\Exceptions->errorHandler(8, 'Undefined varia...', 'C:\\laragon\\www\\...', 40, Array)
#1 C:\laragon\www\edu\vendor\codeigniter4\framework\system\View\View.php(236): include('C:\\laragon\\www\\...')
#2 C:\laragon\www\edu\vendor\codeigniter4\framework\system\Common.php(1071): CodeIgniter\View\View->render('Catalogos/facul...', Array, true)
#3 C:\laragon\www\edu\app\Controllers\Catalogos\Facultad.php(106): view('Catalogos/facul...', Array)
#4 C:\laragon\www\edu\app\Controllers\Catalogos\Facultad.php(17): App\Controllers\Catalogos\Facultad->_loadDefaultView('Listado de facu...', Array, 'index')
#5 C:\laragon\www\edu\vendor\codeigniter4\framework\system\CodeIgniter.php(910): App\Controllers\Catalogos\Facultad->index()
#6 C:\laragon\www\edu\vendor\codeigniter4\framework\system\CodeIgniter.php(398): CodeIgniter\CodeIgniter->runController(Object(App\Controllers\Catalogos\Facultad))
#7 C:\laragon\www\edu\vendor\codeigniter4\framework\system\CodeIgniter.php(306): CodeIgniter\CodeIgniter->handleRequest(NULL, Object(Config\Cache), false)
#8 C:\laragon\www\edu\public\index.php(45): CodeIgniter\CodeIgniter->run()
#9 {main}
CRITICAL - 2020-04-08 23:06:26 --> Class 'App\Controllers\Catalogos\UsuariosModel' not found
#0 C:\laragon\www\edu\vendor\codeigniter4\framework\system\CodeIgniter.php(910): App\Controllers\Catalogos\Facultad->new()
#1 C:\laragon\www\edu\vendor\codeigniter4\framework\system\CodeIgniter.php(398): CodeIgniter\CodeIgniter->runController(Object(App\Controllers\Catalogos\Facultad))
#2 C:\laragon\www\edu\vendor\codeigniter4\framework\system\CodeIgniter.php(306): CodeIgniter\CodeIgniter->handleRequest(NULL, Object(Config\Cache), false)
#3 C:\laragon\www\edu\public\index.php(45): CodeIgniter\CodeIgniter->run()
#4 {main}
CRITICAL - 2020-04-08 23:10:16 --> Invalid file: dashboard/facultad/_form.php
#0 C:\laragon\www\edu\vendor\codeigniter4\framework\system\View\View.php(224): CodeIgniter\Exceptions\FrameworkException::forInvalidFile('dashboard/facul...')
#1 C:\laragon\www\edu\vendor\codeigniter4\framework\system\Common.php(1071): CodeIgniter\View\View->render('dashboard/facul...', Array, true)
#2 C:\laragon\www\edu\app\Views\Catalogos\facultad\new.php(5): view('dashboard/facul...', Array)
#3 C:\laragon\www\edu\vendor\codeigniter4\framework\system\View\View.php(236): include('C:\\laragon\\www\\...')
#4 C:\laragon\www\edu\vendor\codeigniter4\framework\system\Common.php(1071): CodeIgniter\View\View->render('Catalogos/facul...', Array, true)
#5 C:\laragon\www\edu\app\Controllers\Catalogos\Facultad.php(106): view('Catalogos/facul...', Array)
#6 C:\laragon\www\edu\app\Controllers\Catalogos\Facultad.php(26): App\Controllers\Catalogos\Facultad->_loadDefaultView('Crear facultad', Array, 'new')
#7 C:\laragon\www\edu\vendor\codeigniter4\framework\system\CodeIgniter.php(910): App\Controllers\Catalogos\Facultad->new()
#8 C:\laragon\www\edu\vendor\codeigniter4\framework\system\CodeIgniter.php(398): CodeIgniter\CodeIgniter->runController(Object(App\Controllers\Catalogos\Facultad))
#9 C:\laragon\www\edu\vendor\codeigniter4\framework\system\CodeIgniter.php(306): CodeIgniter\CodeIgniter->handleRequest(NULL, Object(Config\Cache), false)
#10 C:\laragon\www\edu\public\index.php(45): CodeIgniter\CodeIgniter->run()
#11 {main}
CRITICAL - 2020-04-08 23:10:53 --> Invalid file: dashboard/facultad/_form.php
#0 C:\laragon\www\edu\vendor\codeigniter4\framework\system\View\View.php(224): CodeIgniter\Exceptions\FrameworkException::forInvalidFile('dashboard/facul...')
#1 C:\laragon\www\edu\vendor\codeigniter4\framework\system\Common.php(1071): CodeIgniter\View\View->render('dashboard/facul...', Array, true)
#2 C:\laragon\www\edu\app\Views\Catalogos\facultad\new.php(5): view('dashboard/facul...', Array)
#3 C:\laragon\www\edu\vendor\codeigniter4\framework\system\View\View.php(236): include('C:\\laragon\\www\\...')
#4 C:\laragon\www\edu\vendor\codeigniter4\framework\system\Common.php(1071): CodeIgniter\View\View->render('Catalogos/facul...', Array, true)
#5 C:\laragon\www\edu\app\Controllers\Catalogos\Facultad.php(106): view('Catalogos/facul...', Array)
#6 C:\laragon\www\edu\app\Controllers\Catalogos\Facultad.php(26): App\Controllers\Catalogos\Facultad->_loadDefaultView('Crear facultad', Array, 'new')
#7 C:\laragon\www\edu\vendor\codeigniter4\framework\system\CodeIgniter.php(910): App\Controllers\Catalogos\Facultad->new()
#8 C:\laragon\www\edu\vendor\codeigniter4\framework\system\CodeIgniter.php(398): CodeIgniter\CodeIgniter->runController(Object(App\Controllers\Catalogos\Facultad))
#9 C:\laragon\www\edu\vendor\codeigniter4\framework\system\CodeIgniter.php(306): CodeIgniter\CodeIgniter->handleRequest(NULL, Object(Config\Cache), false)
#10 C:\laragon\www\edu\public\index.php(45): CodeIgniter\CodeIgniter->run()
#11 {main}
CRITICAL - 2020-04-08 23:10:54 --> Invalid file: dashboard/facultad/_form.php
#0 C:\laragon\www\edu\vendor\codeigniter4\framework\system\View\View.php(224): CodeIgniter\Exceptions\FrameworkException::forInvalidFile('dashboard/facul...')
#1 C:\laragon\www\edu\vendor\codeigniter4\framework\system\Common.php(1071): CodeIgniter\View\View->render('dashboard/facul...', Array, true)
#2 C:\laragon\www\edu\app\Views\Catalogos\facultad\new.php(5): view('dashboard/facul...', Array)
#3 C:\laragon\www\edu\vendor\codeigniter4\framework\system\View\View.php(236): include('C:\\laragon\\www\\...')
#4 C:\laragon\www\edu\vendor\codeigniter4\framework\system\Common.php(1071): CodeIgniter\View\View->render('Catalogos/facul...', Array, true)
#5 C:\laragon\www\edu\app\Controllers\Catalogos\Facultad.php(106): view('Catalogos/facul...', Array)
#6 C:\laragon\www\edu\app\Controllers\Catalogos\Facultad.php(26): App\Controllers\Catalogos\Facultad->_loadDefaultView('Crear facultad', Array, 'new')
#7 C:\laragon\www\edu\vendor\codeigniter4\framework\system\CodeIgniter.php(910): App\Controllers\Catalogos\Facultad->new()
#8 C:\laragon\www\edu\vendor\codeigniter4\framework\system\CodeIgniter.php(398): CodeIgniter\CodeIgniter->runController(Object(App\Controllers\Catalogos\Facultad))
#9 C:\laragon\www\edu\vendor\codeigniter4\framework\system\CodeIgniter.php(306): CodeIgniter\CodeIgniter->handleRequest(NULL, Object(Config\Cache), false)
#10 C:\laragon\www\edu\public\index.php(45): CodeIgniter\CodeIgniter->run()
#11 {main}
CRITICAL - 2020-04-08 23:11:12 --> Invalid file: dashboard/facultad/_form.php
#0 C:\laragon\www\edu\vendor\codeigniter4\framework\system\View\View.php(224): CodeIgniter\Exceptions\FrameworkException::forInvalidFile('dashboard/facul...')
#1 C:\laragon\www\edu\vendor\codeigniter4\framework\system\Common.php(1071): CodeIgniter\View\View->render('dashboard/facul...', Array, true)
#2 C:\laragon\www\edu\app\Views\Catalogos\facultad\new.php(5): view('dashboard/facul...', Array)
#3 C:\laragon\www\edu\vendor\codeigniter4\framework\system\View\View.php(236): include('C:\\laragon\\www\\...')
#4 C:\laragon\www\edu\vendor\codeigniter4\framework\system\Common.php(1071): CodeIgniter\View\View->render('Catalogos/facul...', Array, true)
#5 C:\laragon\www\edu\app\Controllers\Catalogos\Facultad.php(106): view('Catalogos/facul...', Array)
#6 C:\laragon\www\edu\app\Controllers\Catalogos\Facultad.php(26): App\Controllers\Catalogos\Facultad->_loadDefaultView('Crear facultad', Array, 'new')
#7 C:\laragon\www\edu\vendor\codeigniter4\framework\system\CodeIgniter.php(910): App\Controllers\Catalogos\Facultad->new()
#8 C:\laragon\www\edu\vendor\codeigniter4\framework\system\CodeIgniter.php(398): CodeIgniter\CodeIgniter->runController(Object(App\Controllers\Catalogos\Facultad))
#9 C:\laragon\www\edu\vendor\codeigniter4\framework\system\CodeIgniter.php(306): CodeIgniter\CodeIgniter->handleRequest(NULL, Object(Config\Cache), false)
#10 C:\laragon\www\edu\public\index.php(45): CodeIgniter\CodeIgniter->run()
#11 {main}
CRITICAL - 2020-04-08 23:11:56 --> Undefined variable: p
#0 C:\laragon\www\edu\app\Views\Catalogos\facultad\_form.php(45): CodeIgniter\Debug\Exceptions->errorHandler(8, 'Undefined varia...', 'C:\\laragon\\www\\...', 45, Array)
#1 C:\laragon\www\edu\vendor\codeigniter4\framework\system\View\View.php(236): include('C:\\laragon\\www\\...')
#2 C:\laragon\www\edu\vendor\codeigniter4\framework\system\Common.php(1071): CodeIgniter\View\View->render('Catalogos/facul...', Array, true)
#3 C:\laragon\www\edu\app\Views\Catalogos\facultad\new.php(5): view('Catalogos/facul...', Array)
#4 C:\laragon\www\edu\vendor\codeigniter4\framework\system\View\View.php(236): include('C:\\laragon\\www\\...')
#5 C:\laragon\www\edu\vendor\codeigniter4\framework\system\Common.php(1071): CodeIgniter\View\View->render('Catalogos/facul...', Array, true)
#6 C:\laragon\www\edu\app\Controllers\Catalogos\Facultad.php(106): view('Catalogos/facul...', Array)
#7 C:\laragon\www\edu\app\Controllers\Catalogos\Facultad.php(26): App\Controllers\Catalogos\Facultad->_loadDefaultView('Crear facultad', Array, 'new')
#8 C:\laragon\www\edu\vendor\codeigniter4\framework\system\CodeIgniter.php(910): App\Controllers\Catalogos\Facultad->new()
#9 C:\laragon\www\edu\vendor\codeigniter4\framework\system\CodeIgniter.php(398): CodeIgniter\CodeIgniter->runController(Object(App\Controllers\Catalogos\Facultad))
#10 C:\laragon\www\edu\vendor\codeigniter4\framework\system\CodeIgniter.php(306): CodeIgniter\CodeIgniter->handleRequest(NULL, Object(Config\Cache), false)
#11 C:\laragon\www\edu\public\index.php(45): CodeIgniter\CodeIgniter->run()
#12 {main}
CRITICAL - 2020-04-08 23:12:11 --> Trying to get property 'universidadId' of non-object
#0 C:\laragon\www\edu\app\Views\Catalogos\facultad\_form.php(45): CodeIgniter\Debug\Exceptions->errorHandler(8, 'Trying to get p...', 'C:\\laragon\\www\\...', 45, Array)
#1 C:\laragon\www\edu\vendor\codeigniter4\framework\system\View\View.php(236): include('C:\\laragon\\www\\...')
#2 C:\laragon\www\edu\vendor\codeigniter4\framework\system\Common.php(1071): CodeIgniter\View\View->render('Catalogos/facul...', Array, true)
#3 C:\laragon\www\edu\app\Views\Catalogos\facultad\new.php(5): view('Catalogos/facul...', Array)
#4 C:\laragon\www\edu\vendor\codeigniter4\framework\system\View\View.php(236): include('C:\\laragon\\www\\...')
#5 C:\laragon\www\edu\vendor\codeigniter4\framework\system\Common.php(1071): CodeIgniter\View\View->render('Catalogos/facul...', Array, true)
#6 C:\laragon\www\edu\app\Controllers\Catalogos\Facultad.php(106): view('Catalogos/facul...', Array)
#7 C:\laragon\www\edu\app\Controllers\Catalogos\Facultad.php(26): App\Controllers\Catalogos\Facultad->_loadDefaultView('Crear facultad', Array, 'new')
#8 C:\laragon\www\edu\vendor\codeigniter4\framework\system\CodeIgniter.php(910): App\Controllers\Catalogos\Facultad->new()
#9 C:\laragon\www\edu\vendor\codeigniter4\framework\system\CodeIgniter.php(398): CodeIgniter\CodeIgniter->runController(Object(App\Controllers\Catalogos\Facultad))
#10 C:\laragon\www\edu\vendor\codeigniter4\framework\system\CodeIgniter.php(306): CodeIgniter\CodeIgniter->handleRequest(NULL, Object(Config\Cache), false)
#11 C:\laragon\www\edu\public\index.php(45): CodeIgniter\CodeIgniter->run()
#12 {main}
CRITICAL - 2020-04-08 23:14:46 --> Trying to get property 'universidad' of non-object
#0 C:\laragon\www\edu\app\Views\Catalogos\facultad\_form.php(45): CodeIgniter\Debug\Exceptions->errorHandler(8, 'Trying to get p...', 'C:\\laragon\\www\\...', 45, Array)
#1 C:\laragon\www\edu\vendor\codeigniter4\framework\system\View\View.php(236): include('C:\\laragon\\www\\...')
#2 C:\laragon\www\edu\vendor\codeigniter4\framework\system\Common.php(1071): CodeIgniter\View\View->render('Catalogos/facul...', Array, true)
#3 C:\laragon\www\edu\app\Views\Catalogos\facultad\new.php(5): view('Catalogos/facul...', Array)
#4 C:\laragon\www\edu\vendor\codeigniter4\framework\system\View\View.php(236): include('C:\\laragon\\www\\...')
#5 C:\laragon\www\edu\vendor\codeigniter4\framework\system\Common.php(1071): CodeIgniter\View\View->render('Catalogos/facul...', Array, true)
#6 C:\laragon\www\edu\app\Controllers\Catalogos\Facultad.php(106): view('Catalogos/facul...', Array)
#7 C:\laragon\www\edu\app\Controllers\Catalogos\Facultad.php(26): App\Controllers\Catalogos\Facultad->_loadDefaultView('Crear facultad', Array, 'new')
#8 C:\laragon\www\edu\vendor\codeigniter4\framework\system\CodeIgniter.php(910): App\Controllers\Catalogos\Facultad->new()
#9 C:\laragon\www\edu\vendor\codeigniter4\framework\system\CodeIgniter.php(398): CodeIgniter\CodeIgniter->runController(Object(App\Controllers\Catalogos\Facultad))
#10 C:\laragon\www\edu\vendor\codeigniter4\framework\system\CodeIgniter.php(306): CodeIgniter\CodeIgniter->handleRequest(NULL, Object(Config\Cache), false)
#11 C:\laragon\www\edu\public\index.php(45): CodeIgniter\CodeIgniter->run()
#12 {main}
CRITICAL - 2020-04-08 23:14:47 --> Trying to get property 'universidad' of non-object
#0 C:\laragon\www\edu\app\Views\Catalogos\facultad\_form.php(45): CodeIgniter\Debug\Exceptions->errorHandler(8, 'Trying to get p...', 'C:\\laragon\\www\\...', 45, Array)
#1 C:\laragon\www\edu\vendor\codeigniter4\framework\system\View\View.php(236): include('C:\\laragon\\www\\...')
#2 C:\laragon\www\edu\vendor\codeigniter4\framework\system\Common.php(1071): CodeIgniter\View\View->render('Catalogos/facul...', Array, true)
#3 C:\laragon\www\edu\app\Views\Catalogos\facultad\new.php(5): view('Catalogos/facul...', Array)
#4 C:\laragon\www\edu\vendor\codeigniter4\framework\system\View\View.php(236): include('C:\\laragon\\www\\...')
#5 C:\laragon\www\edu\vendor\codeigniter4\framework\system\Common.php(1071): CodeIgniter\View\View->render('Catalogos/facul...', Array, true)
#6 C:\laragon\www\edu\app\Controllers\Catalogos\Facultad.php(106): view('Catalogos/facul...', Array)
#7 C:\laragon\www\edu\app\Controllers\Catalogos\Facultad.php(26): App\Controllers\Catalogos\Facultad->_loadDefaultView('Crear facultad', Array, 'new')
#8 C:\laragon\www\edu\vendor\codeigniter4\framework\system\CodeIgniter.php(910): App\Controllers\Catalogos\Facultad->new()
#9 C:\laragon\www\edu\vendor\codeigniter4\framework\system\CodeIgniter.php(398): CodeIgniter\CodeIgniter->runController(Object(App\Controllers\Catalogos\Facultad))
#10 C:\laragon\www\edu\vendor\codeigniter4\framework\system\CodeIgniter.php(306): CodeIgniter\CodeIgniter->handleRequest(NULL, Object(Config\Cache), false)
#11 C:\laragon\www\edu\public\index.php(45): CodeIgniter\CodeIgniter->run()
#12 {main}
CRITICAL - 2020-04-08 23:15:59 --> Undefined variable: facultades
#0 C:\laragon\www\edu\app\Views\Catalogos\facultad\_form.php(44): CodeIgniter\Debug\Exceptions->errorHandler(8, 'Undefined varia...', 'C:\\laragon\\www\\...', 44, Array)
#1 C:\laragon\www\edu\vendor\codeigniter4\framework\system\View\View.php(236): include('C:\\laragon\\www\\...')
#2 C:\laragon\www\edu\vendor\codeigniter4\framework\system\Common.php(1071): CodeIgniter\View\View->render('Catalogos/facul...', Array, true)
#3 C:\laragon\www\edu\app\Views\Catalogos\facultad\new.php(5): view('Catalogos/facul...', Array)
#4 C:\laragon\www\edu\vendor\codeigniter4\framework\system\View\View.php(236): include('C:\\laragon\\www\\...')
#5 C:\laragon\www\edu\vendor\codeigniter4\framework\system\Common.php(1071): CodeIgniter\View\View->render('Catalogos/facul...', Array, true)
#6 C:\laragon\www\edu\app\Controllers\Catalogos\Facultad.php(106): view('Catalogos/facul...', Array)
#7 C:\laragon\www\edu\app\Controllers\Catalogos\Facultad.php(26): App\Controllers\Catalogos\Facultad->_loadDefaultView('Crear facultad', Array, 'new')
#8 C:\laragon\www\edu\vendor\codeigniter4\framework\system\CodeIgniter.php(910): App\Controllers\Catalogos\Facultad->new()
#9 C:\laragon\www\edu\vendor\codeigniter4\framework\system\CodeIgniter.php(398): CodeIgniter\CodeIgniter->runController(Object(App\Controllers\Catalogos\Facultad))
#10 C:\laragon\www\edu\vendor\codeigniter4\framework\system\CodeIgniter.php(306): CodeIgniter\CodeIgniter->handleRequest(NULL, Object(Config\Cache), false)
#11 C:\laragon\www\edu\public\index.php(45): CodeIgniter\CodeIgniter->run()
#12 {main}
CRITICAL - 2020-04-08 23:31:56 --> Trying to get property 'universidadId' of non-object
#0 C:\laragon\www\edu\app\Views\Catalogos\facultad\_form.php(45): CodeIgniter\Debug\Exceptions->errorHandler(8, 'Trying to get p...', 'C:\\laragon\\www\\...', 45, Array)
#1 C:\laragon\www\edu\vendor\codeigniter4\framework\system\View\View.php(236): include('C:\\laragon\\www\\...')
#2 C:\laragon\www\edu\vendor\codeigniter4\framework\system\Common.php(1071): CodeIgniter\View\View->render('Catalogos/facul...', Array, true)
#3 C:\laragon\www\edu\app\Views\Catalogos\facultad\new.php(5): view('Catalogos/facul...', Array)
#4 C:\laragon\www\edu\vendor\codeigniter4\framework\system\View\View.php(236): include('C:\\laragon\\www\\...')
#5 C:\laragon\www\edu\vendor\codeigniter4\framework\system\Common.php(1071): CodeIgniter\View\View->render('Catalogos/facul...', Array, true)
#6 C:\laragon\www\edu\app\Controllers\Catalogos\Facultad.php(106): view('Catalogos/facul...', Array)
#7 C:\laragon\www\edu\app\Controllers\Catalogos\Facultad.php(26): App\Controllers\Catalogos\Facultad->_loadDefaultView('Crear facultad', Array, 'new')
#8 C:\laragon\www\edu\vendor\codeigniter4\framework\system\CodeIgniter.php(910): App\Controllers\Catalogos\Facultad->new()
#9 C:\laragon\www\edu\vendor\codeigniter4\framework\system\CodeIgniter.php(398): CodeIgniter\CodeIgniter->runController(Object(App\Controllers\Catalogos\Facultad))
#10 C:\laragon\www\edu\vendor\codeigniter4\framework\system\CodeIgniter.php(306): CodeIgniter\CodeIgniter->handleRequest(NULL, Object(Config\Cache), false)
#11 C:\laragon\www\edu\public\index.php(45): CodeIgniter\CodeIgniter->run()
#12 {main}
CRITICAL - 2020-04-08 23:35:45 --> Trying to get property 'universidadId' of non-object
#0 C:\laragon\www\edu\app\Views\Catalogos\facultad\_form.php(45): CodeIgniter\Debug\Exceptions->errorHandler(8, 'Trying to get p...', 'C:\\laragon\\www\\...', 45, Array)
#1 C:\laragon\www\edu\vendor\codeigniter4\framework\system\View\View.php(236): include('C:\\laragon\\www\\...')
#2 C:\laragon\www\edu\vendor\codeigniter4\framework\system\Common.php(1071): CodeIgniter\View\View->render('Catalogos/facul...', Array, true)
#3 C:\laragon\www\edu\app\Views\Catalogos\facultad\new.php(5): view('Catalogos/facul...', Array)
#4 C:\laragon\www\edu\vendor\codeigniter4\framework\system\View\View.php(236): include('C:\\laragon\\www\\...')
#5 C:\laragon\www\edu\vendor\codeigniter4\framework\system\Common.php(1071): CodeIgniter\View\View->render('Catalogos/facul...', Array, true)
#6 C:\laragon\www\edu\app\Controllers\Catalogos\Facultad.php(106): view('Catalogos/facul...', Array)
#7 C:\laragon\www\edu\app\Controllers\Catalogos\Facultad.php(26): App\Controllers\Catalogos\Facultad->_loadDefaultView('Crear facultad', Array, 'new')
#8 C:\laragon\www\edu\vendor\codeigniter4\framework\system\CodeIgniter.php(910): App\Controllers\Catalogos\Facultad->new()
#9 C:\laragon\www\edu\vendor\codeigniter4\framework\system\CodeIgniter.php(398): CodeIgniter\CodeIgniter->runController(Object(App\Controllers\Catalogos\Facultad))
#10 C:\laragon\www\edu\vendor\codeigniter4\framework\system\CodeIgniter.php(306): CodeIgniter\CodeIgniter->handleRequest(NULL, Object(Config\Cache), false)
#11 C:\laragon\www\edu\public\index.php(45): CodeIgniter\CodeIgniter->run()
#12 {main}
CRITICAL - 2020-04-08 23:41:48 --> Trying to get property 'universidadId' of non-object
#0 C:\laragon\www\edu\app\Views\Catalogos\facultad\_form.php(45): CodeIgniter\Debug\Exceptions->errorHandler(8, 'Trying to get p...', 'C:\\laragon\\www\\...', 45, Array)
#1 C:\laragon\www\edu\vendor\codeigniter4\framework\system\View\View.php(236): include('C:\\laragon\\www\\...')
#2 C:\laragon\www\edu\vendor\codeigniter4\framework\system\Common.php(1071): CodeIgniter\View\View->render('Catalogos/facul...', Array, true)
#3 C:\laragon\www\edu\app\Views\Catalogos\facultad\new.php(5): view('Catalogos/facul...', Array)
#4 C:\laragon\www\edu\vendor\codeigniter4\framework\system\View\View.php(236): include('C:\\laragon\\www\\...')
#5 C:\laragon\www\edu\vendor\codeigniter4\framework\system\Common.php(1071): CodeIgniter\View\View->render('Catalogos/facul...', Array, true)
#6 C:\laragon\www\edu\app\Controllers\Catalogos\Facultad.php(106): view('Catalogos/facul...', Array)
#7 C:\laragon\www\edu\app\Controllers\Catalogos\Facultad.php(26): App\Controllers\Catalogos\Facultad->_loadDefaultView('Crear facultad', Array, 'new')
#8 C:\laragon\www\edu\vendor\codeigniter4\framework\system\CodeIgniter.php(910): App\Controllers\Catalogos\Facultad->new()
#9 C:\laragon\www\edu\vendor\codeigniter4\framework\system\CodeIgniter.php(398): CodeIgniter\CodeIgniter->runController(Object(App\Controllers\Catalogos\Facultad))
#10 C:\laragon\www\edu\vendor\codeigniter4\framework\system\CodeIgniter.php(306): CodeIgniter\CodeIgniter->handleRequest(NULL, Object(Config\Cache), false)
#11 C:\laragon\www\edu\public\index.php(45): CodeIgniter\CodeIgniter->run()
#12 {main}
CRITICAL - 2020-04-08 23:55:07 --> Undefined variable: facultad
#0 C:\laragon\www\edu\app\Views\Catalogos\facultad\_form.php(44): CodeIgniter\Debug\Exceptions->errorHandler(8, 'Undefined varia...', 'C:\\laragon\\www\\...', 44, Array)
#1 C:\laragon\www\edu\vendor\codeigniter4\framework\system\View\View.php(236): include('C:\\laragon\\www\\...')
#2 C:\laragon\www\edu\vendor\codeigniter4\framework\system\Common.php(1071): CodeIgniter\View\View->render('Catalogos/facul...', Array, true)
#3 C:\laragon\www\edu\app\Views\Catalogos\facultad\new.php(5): view('Catalogos/facul...', Array)
#4 C:\laragon\www\edu\vendor\codeigniter4\framework\system\View\View.php(236): include('C:\\laragon\\www\\...')
#5 C:\laragon\www\edu\vendor\codeigniter4\framework\system\Common.php(1071): CodeIgniter\View\View->render('Catalogos/facul...', Array, true)
#6 C:\laragon\www\edu\app\Controllers\Catalogos\Facultad.php(106): view('Catalogos/facul...', Array)
#7 C:\laragon\www\edu\app\Controllers\Catalogos\Facultad.php(26): App\Controllers\Catalogos\Facultad->_loadDefaultView('Crear facultad', Array, 'new')
#8 C:\laragon\www\edu\vendor\codeigniter4\framework\system\CodeIgniter.php(910): App\Controllers\Catalogos\Facultad->new()
#9 C:\laragon\www\edu\vendor\codeigniter4\framework\system\CodeIgniter.php(398): CodeIgniter\CodeIgniter->runController(Object(App\Controllers\Catalogos\Facultad))
#10 C:\laragon\www\edu\vendor\codeigniter4\framework\system\CodeIgniter.php(306): CodeIgniter\CodeIgniter->handleRequest(NULL, Object(Config\Cache), false)
#11 C:\laragon\www\edu\public\index.php(45): CodeIgniter\CodeIgniter->run()
#12 {main}
CRITICAL - 2020-04-08 23:55:55 --> Trying to get property 'universidadId' of non-object
#0 C:\laragon\www\edu\app\Views\Catalogos\facultad\_form.php(45): CodeIgniter\Debug\Exceptions->errorHandler(8, 'Trying to get p...', 'C:\\laragon\\www\\...', 45, Array)
#1 C:\laragon\www\edu\vendor\codeigniter4\framework\system\View\View.php(236): include('C:\\laragon\\www\\...')
#2 C:\laragon\www\edu\vendor\codeigniter4\framework\system\Common.php(1071): CodeIgniter\View\View->render('Catalogos/facul...', Array, true)
#3 C:\laragon\www\edu\app\Views\Catalogos\facultad\new.php(5): view('Catalogos/facul...', Array)
#4 C:\laragon\www\edu\vendor\codeigniter4\framework\system\View\View.php(236): include('C:\\laragon\\www\\...')
#5 C:\laragon\www\edu\vendor\codeigniter4\framework\system\Common.php(1071): CodeIgniter\View\View->render('Catalogos/facul...', Array, true)
#6 C:\laragon\www\edu\app\Controllers\Catalogos\Facultad.php(106): view('Catalogos/facul...', Array)
#7 C:\laragon\www\edu\app\Controllers\Catalogos\Facultad.php(26): App\Controllers\Catalogos\Facultad->_loadDefaultView('Crear facultad', Array, 'new')
#8 C:\laragon\www\edu\vendor\codeigniter4\framework\system\CodeIgniter.php(910): App\Controllers\Catalogos\Facultad->new()
#9 C:\laragon\www\edu\vendor\codeigniter4\framework\system\CodeIgniter.php(398): CodeIgniter\CodeIgniter->runController(Object(App\Controllers\Catalogos\Facultad))
#10 C:\laragon\www\edu\vendor\codeigniter4\framework\system\CodeIgniter.php(306): CodeIgniter\CodeIgniter->handleRequest(NULL, Object(Config\Cache), false)
#11 C:\laragon\www\edu\public\index.php(45): CodeIgniter\CodeIgniter->run()
#12 {main}
CRITICAL - 2020-04-08 23:56:32 --> Trying to get property 'facultadId' of non-object
#0 C:\laragon\www\edu\app\Views\Catalogos\facultad\_form.php(45): CodeIgniter\Debug\Exceptions->errorHandler(8, 'Trying to get p...', 'C:\\laragon\\www\\...', 45, Array)
#1 C:\laragon\www\edu\vendor\codeigniter4\framework\system\View\View.php(236): include('C:\\laragon\\www\\...')
#2 C:\laragon\www\edu\vendor\codeigniter4\framework\system\Common.php(1071): CodeIgniter\View\View->render('Catalogos/facul...', Array, true)
#3 C:\laragon\www\edu\app\Views\Catalogos\facultad\new.php(5): view('Catalogos/facul...', Array)
#4 C:\laragon\www\edu\vendor\codeigniter4\framework\system\View\View.php(236): include('C:\\laragon\\www\\...')
#5 C:\laragon\www\edu\vendor\codeigniter4\framework\system\Common.php(1071): CodeIgniter\View\View->render('Catalogos/facul...', Array, true)
#6 C:\laragon\www\edu\app\Controllers\Catalogos\Facultad.php(106): view('Catalogos/facul...', Array)
#7 C:\laragon\www\edu\app\Controllers\Catalogos\Facultad.php(26): App\Controllers\Catalogos\Facultad->_loadDefaultView('Crear facultad', Array, 'new')
#8 C:\laragon\www\edu\vendor\codeigniter4\framework\system\CodeIgniter.php(910): App\Controllers\Catalogos\Facultad->new()
#9 C:\laragon\www\edu\vendor\codeigniter4\framework\system\CodeIgniter.php(398): CodeIgniter\CodeIgniter->runController(Object(App\Controllers\Catalogos\Facultad))
#10 C:\laragon\www\edu\vendor\codeigniter4\framework\system\CodeIgniter.php(306): CodeIgniter\CodeIgniter->handleRequest(NULL, Object(Config\Cache), false)
#11 C:\laragon\www\edu\public\index.php(45): CodeIgniter\CodeIgniter->run()
#12 {main}
CRITICAL - 2020-04-08 23:57:02 --> Undefined variable: facultades
#0 C:\laragon\www\edu\app\Views\Catalogos\facultad\_form.php(60): CodeIgniter\Debug\Exceptions->errorHandler(8, 'Undefined varia...', 'C:\\laragon\\www\\...', 60, Array)
#1 C:\laragon\www\edu\vendor\codeigniter4\framework\system\View\View.php(236): include('C:\\laragon\\www\\...')
#2 C:\laragon\www\edu\vendor\codeigniter4\framework\system\Common.php(1071): CodeIgniter\View\View->render('Catalogos/facul...', Array, true)
#3 C:\laragon\www\edu\app\Views\Catalogos\facultad\new.php(5): view('Catalogos/facul...', Array)
#4 C:\laragon\www\edu\vendor\codeigniter4\framework\system\View\View.php(236): include('C:\\laragon\\www\\...')
#5 C:\laragon\www\edu\vendor\codeigniter4\framework\system\Common.php(1071): CodeIgniter\View\View->render('Catalogos/facul...', Array, true)
#6 C:\laragon\www\edu\app\Controllers\Catalogos\Facultad.php(106): view('Catalogos/facul...', Array)
#7 C:\laragon\www\edu\app\Controllers\Catalogos\Facultad.php(26): App\Controllers\Catalogos\Facultad->_loadDefaultView('Crear facultad', Array, 'new')
#8 C:\laragon\www\edu\vendor\codeigniter4\framework\system\CodeIgniter.php(910): App\Controllers\Catalogos\Facultad->new()
#9 C:\laragon\www\edu\vendor\codeigniter4\framework\system\CodeIgniter.php(398): CodeIgniter\CodeIgniter->runController(Object(App\Controllers\Catalogos\Facultad))
#10 C:\laragon\www\edu\vendor\codeigniter4\framework\system\CodeIgniter.php(306): CodeIgniter\CodeIgniter->handleRequest(NULL, Object(Config\Cache), false)
#11 C:\laragon\www\edu\public\index.php(45): CodeIgniter\CodeIgniter->run()
#12 {main}
CRITICAL - 2020-04-08 23:58:31 --> Undefined variable: facultades
#0 C:\laragon\www\edu\app\Views\Catalogos\facultad\_form.php(60): CodeIgniter\Debug\Exceptions->errorHandler(8, 'Undefined varia...', 'C:\\laragon\\www\\...', 60, Array)
#1 C:\laragon\www\edu\vendor\codeigniter4\framework\system\View\View.php(236): include('C:\\laragon\\www\\...')
#2 C:\laragon\www\edu\vendor\codeigniter4\framework\system\Common.php(1071): CodeIgniter\View\View->render('Catalogos/facul...', Array, true)
#3 C:\laragon\www\edu\app\Views\Catalogos\facultad\new.php(5): view('Catalogos/facul...', Array)
#4 C:\laragon\www\edu\vendor\codeigniter4\framework\system\View\View.php(236): include('C:\\laragon\\www\\...')
#5 C:\laragon\www\edu\vendor\codeigniter4\framework\system\Common.php(1071): CodeIgniter\View\View->render('Catalogos/facul...', Array, true)
#6 C:\laragon\www\edu\app\Controllers\Catalogos\Facultad.php(106): view('Catalogos/facul...', Array)
#7 C:\laragon\www\edu\app\Controllers\Catalogos\Facultad.php(26): App\Controllers\Catalogos\Facultad->_loadDefaultView('Crear facultad', Array, 'new')
#8 C:\laragon\www\edu\vendor\codeigniter4\framework\system\CodeIgniter.php(910): App\Controllers\Catalogos\Facultad->new()
#9 C:\laragon\www\edu\vendor\codeigniter4\framework\system\CodeIgniter.php(398): CodeIgniter\CodeIgniter->runController(Object(App\Controllers\Catalogos\Facultad))
#10 C:\laragon\www\edu\vendor\codeigniter4\framework\system\CodeIgniter.php(306): CodeIgniter\CodeIgniter->handleRequest(NULL, Object(Config\Cache), false)
#11 C:\laragon\www\edu\public\index.php(45): CodeIgniter\CodeIgniter->run()
#12 {main}
