CRITICAL - 2020-03-31 00:26:53 --> Undefined variable: session
#0 C:\laragon\www\edu\app\Views\dashboard\templates\header.php(34): CodeIgniter\Debug\Exceptions->errorHandler(8, 'Undefined varia...', 'C:\\laragon\\www\\...', 34, Array)
#1 C:\laragon\www\edu\vendor\codeigniter4\framework\system\View\View.php(236): include('C:\\laragon\\www\\...')
#2 C:\laragon\www\edu\vendor\codeigniter4\framework\system\Common.php(1071): CodeIgniter\View\View->render('dashboard/templ...', Array, true)
#3 C:\laragon\www\edu\app\Views\dashboard\edu\index.php(14): view('dashboard/templ...')
#4 C:\laragon\www\edu\vendor\codeigniter4\framework\system\View\View.php(236): include('C:\\laragon\\www\\...')
#5 C:\laragon\www\edu\vendor\codeigniter4\framework\system\Common.php(1071): CodeIgniter\View\View->render('dashboard/edu/i...', Array, true)
#6 C:\laragon\www\edu\app\Controllers\Principal.php(118): view('dashboard/edu/i...', Array)
#7 C:\laragon\www\edu\app\Controllers\Principal.php(22): App\Controllers\Principal->_loadDefaultView('', Array, 'index')
#8 C:\laragon\www\edu\vendor\codeigniter4\framework\system\CodeIgniter.php(910): App\Controllers\Principal->index()
#9 C:\laragon\www\edu\vendor\codeigniter4\framework\system\CodeIgniter.php(398): CodeIgniter\CodeIgniter->runController(Object(App\Controllers\Principal))
#10 C:\laragon\www\edu\vendor\codeigniter4\framework\system\CodeIgniter.php(306): CodeIgniter\CodeIgniter->handleRequest(NULL, Object(Config\Cache), false)
#11 C:\laragon\www\edu\public\index.php(45): CodeIgniter\CodeIgniter->run()
#12 {main}
CRITICAL - 2020-03-31 00:27:17 --> Undefined variable: session
#0 C:\laragon\www\edu\app\Views\dashboard\templates\header.php(35): CodeIgniter\Debug\Exceptions->errorHandler(8, 'Undefined varia...', 'C:\\laragon\\www\\...', 35, Array)
#1 C:\laragon\www\edu\vendor\codeigniter4\framework\system\View\View.php(236): include('C:\\laragon\\www\\...')
#2 C:\laragon\www\edu\vendor\codeigniter4\framework\system\Common.php(1071): CodeIgniter\View\View->render('dashboard/templ...', Array, true)
#3 C:\laragon\www\edu\app\Views\dashboard\edu\index.php(14): view('dashboard/templ...')
#4 C:\laragon\www\edu\vendor\codeigniter4\framework\system\View\View.php(236): include('C:\\laragon\\www\\...')
#5 C:\laragon\www\edu\vendor\codeigniter4\framework\system\Common.php(1071): CodeIgniter\View\View->render('dashboard/edu/i...', Array, true)
#6 C:\laragon\www\edu\app\Controllers\Principal.php(118): view('dashboard/edu/i...', Array)
#7 C:\laragon\www\edu\app\Controllers\Principal.php(22): App\Controllers\Principal->_loadDefaultView('', Array, 'index')
#8 C:\laragon\www\edu\vendor\codeigniter4\framework\system\CodeIgniter.php(910): App\Controllers\Principal->index()
#9 C:\laragon\www\edu\vendor\codeigniter4\framework\system\CodeIgniter.php(398): CodeIgniter\CodeIgniter->runController(Object(App\Controllers\Principal))
#10 C:\laragon\www\edu\vendor\codeigniter4\framework\system\CodeIgniter.php(306): CodeIgniter\CodeIgniter->handleRequest(NULL, Object(Config\Cache), false)
#11 C:\laragon\www\edu\public\index.php(45): CodeIgniter\CodeIgniter->run()
#12 {main}
CRITICAL - 2020-03-31 00:27:18 --> Undefined variable: session
#0 C:\laragon\www\edu\app\Views\dashboard\templates\header.php(35): CodeIgniter\Debug\Exceptions->errorHandler(8, 'Undefined varia...', 'C:\\laragon\\www\\...', 35, Array)
#1 C:\laragon\www\edu\vendor\codeigniter4\framework\system\View\View.php(236): include('C:\\laragon\\www\\...')
#2 C:\laragon\www\edu\vendor\codeigniter4\framework\system\Common.php(1071): CodeIgniter\View\View->render('dashboard/templ...', Array, true)
#3 C:\laragon\www\edu\app\Views\dashboard\edu\index.php(14): view('dashboard/templ...')
#4 C:\laragon\www\edu\vendor\codeigniter4\framework\system\View\View.php(236): include('C:\\laragon\\www\\...')
#5 C:\laragon\www\edu\vendor\codeigniter4\framework\system\Common.php(1071): CodeIgniter\View\View->render('dashboard/edu/i...', Array, true)
#6 C:\laragon\www\edu\app\Controllers\Principal.php(118): view('dashboard/edu/i...', Array)
#7 C:\laragon\www\edu\app\Controllers\Principal.php(22): App\Controllers\Principal->_loadDefaultView('', Array, 'index')
#8 C:\laragon\www\edu\vendor\codeigniter4\framework\system\CodeIgniter.php(910): App\Controllers\Principal->index()
#9 C:\laragon\www\edu\vendor\codeigniter4\framework\system\CodeIgniter.php(398): CodeIgniter\CodeIgniter->runController(Object(App\Controllers\Principal))
#10 C:\laragon\www\edu\vendor\codeigniter4\framework\system\CodeIgniter.php(306): CodeIgniter\CodeIgniter->handleRequest(NULL, Object(Config\Cache), false)
#11 C:\laragon\www\edu\public\index.php(45): CodeIgniter\CodeIgniter->run()
#12 {main}
CRITICAL - 2020-03-31 00:27:56 --> Undefined variable: session
#0 C:\laragon\www\edu\app\Views\dashboard\templates\header.php(35): CodeIgniter\Debug\Exceptions->errorHandler(8, 'Undefined varia...', 'C:\\laragon\\www\\...', 35, Array)
#1 C:\laragon\www\edu\vendor\codeigniter4\framework\system\View\View.php(236): include('C:\\laragon\\www\\...')
#2 C:\laragon\www\edu\vendor\codeigniter4\framework\system\Common.php(1071): CodeIgniter\View\View->render('dashboard/templ...', Array, true)
#3 C:\laragon\www\edu\app\Views\dashboard\edu\index.php(14): view('dashboard/templ...')
#4 C:\laragon\www\edu\vendor\codeigniter4\framework\system\View\View.php(236): include('C:\\laragon\\www\\...')
#5 C:\laragon\www\edu\vendor\codeigniter4\framework\system\Common.php(1071): CodeIgniter\View\View->render('dashboard/edu/i...', Array, true)
#6 C:\laragon\www\edu\app\Controllers\Principal.php(118): view('dashboard/edu/i...', Array)
#7 C:\laragon\www\edu\app\Controllers\Principal.php(22): App\Controllers\Principal->_loadDefaultView('', Array, 'index')
#8 C:\laragon\www\edu\vendor\codeigniter4\framework\system\CodeIgniter.php(910): App\Controllers\Principal->index()
#9 C:\laragon\www\edu\vendor\codeigniter4\framework\system\CodeIgniter.php(398): CodeIgniter\CodeIgniter->runController(Object(App\Controllers\Principal))
#10 C:\laragon\www\edu\vendor\codeigniter4\framework\system\CodeIgniter.php(306): CodeIgniter\CodeIgniter->handleRequest(NULL, Object(Config\Cache), false)
#11 C:\laragon\www\edu\public\index.php(45): CodeIgniter\CodeIgniter->run()
#12 {main}
CRITICAL - 2020-03-31 00:27:57 --> Undefined variable: session
#0 C:\laragon\www\edu\app\Views\dashboard\templates\header.php(35): CodeIgniter\Debug\Exceptions->errorHandler(8, 'Undefined varia...', 'C:\\laragon\\www\\...', 35, Array)
#1 C:\laragon\www\edu\vendor\codeigniter4\framework\system\View\View.php(236): include('C:\\laragon\\www\\...')
#2 C:\laragon\www\edu\vendor\codeigniter4\framework\system\Common.php(1071): CodeIgniter\View\View->render('dashboard/templ...', Array, true)
#3 C:\laragon\www\edu\app\Views\dashboard\edu\index.php(14): view('dashboard/templ...')
#4 C:\laragon\www\edu\vendor\codeigniter4\framework\system\View\View.php(236): include('C:\\laragon\\www\\...')
#5 C:\laragon\www\edu\vendor\codeigniter4\framework\system\Common.php(1071): CodeIgniter\View\View->render('dashboard/edu/i...', Array, true)
#6 C:\laragon\www\edu\app\Controllers\Principal.php(118): view('dashboard/edu/i...', Array)
#7 C:\laragon\www\edu\app\Controllers\Principal.php(22): App\Controllers\Principal->_loadDefaultView('', Array, 'index')
#8 C:\laragon\www\edu\vendor\codeigniter4\framework\system\CodeIgniter.php(910): App\Controllers\Principal->index()
#9 C:\laragon\www\edu\vendor\codeigniter4\framework\system\CodeIgniter.php(398): CodeIgniter\CodeIgniter->runController(Object(App\Controllers\Principal))
#10 C:\laragon\www\edu\vendor\codeigniter4\framework\system\CodeIgniter.php(306): CodeIgniter\CodeIgniter->handleRequest(NULL, Object(Config\Cache), false)
#11 C:\laragon\www\edu\public\index.php(45): CodeIgniter\CodeIgniter->run()
#12 {main}
CRITICAL - 2020-03-31 00:27:58 --> Undefined variable: session
#0 C:\laragon\www\edu\app\Views\dashboard\templates\header.php(35): CodeIgniter\Debug\Exceptions->errorHandler(8, 'Undefined varia...', 'C:\\laragon\\www\\...', 35, Array)
#1 C:\laragon\www\edu\vendor\codeigniter4\framework\system\View\View.php(236): include('C:\\laragon\\www\\...')
#2 C:\laragon\www\edu\vendor\codeigniter4\framework\system\Common.php(1071): CodeIgniter\View\View->render('dashboard/templ...', Array, true)
#3 C:\laragon\www\edu\app\Views\dashboard\edu\index.php(14): view('dashboard/templ...')
#4 C:\laragon\www\edu\vendor\codeigniter4\framework\system\View\View.php(236): include('C:\\laragon\\www\\...')
#5 C:\laragon\www\edu\vendor\codeigniter4\framework\system\Common.php(1071): CodeIgniter\View\View->render('dashboard/edu/i...', Array, true)
#6 C:\laragon\www\edu\app\Controllers\Principal.php(118): view('dashboard/edu/i...', Array)
#7 C:\laragon\www\edu\app\Controllers\Principal.php(22): App\Controllers\Principal->_loadDefaultView('', Array, 'index')
#8 C:\laragon\www\edu\vendor\codeigniter4\framework\system\CodeIgniter.php(910): App\Controllers\Principal->index()
#9 C:\laragon\www\edu\vendor\codeigniter4\framework\system\CodeIgniter.php(398): CodeIgniter\CodeIgniter->runController(Object(App\Controllers\Principal))
#10 C:\laragon\www\edu\vendor\codeigniter4\framework\system\CodeIgniter.php(306): CodeIgniter\CodeIgniter->handleRequest(NULL, Object(Config\Cache), false)
#11 C:\laragon\www\edu\public\index.php(45): CodeIgniter\CodeIgniter->run()
#12 {main}
CRITICAL - 2020-03-31 00:28:22 --> Undefined variable: session
#0 C:\laragon\www\edu\app\Views\dashboard\templates\header.php(35): CodeIgniter\Debug\Exceptions->errorHandler(8, 'Undefined varia...', 'C:\\laragon\\www\\...', 35, Array)
#1 C:\laragon\www\edu\vendor\codeigniter4\framework\system\View\View.php(236): include('C:\\laragon\\www\\...')
#2 C:\laragon\www\edu\vendor\codeigniter4\framework\system\Common.php(1071): CodeIgniter\View\View->render('dashboard/templ...', Array, true)
#3 C:\laragon\www\edu\app\Views\dashboard\edu\index.php(14): view('dashboard/templ...')
#4 C:\laragon\www\edu\vendor\codeigniter4\framework\system\View\View.php(236): include('C:\\laragon\\www\\...')
#5 C:\laragon\www\edu\vendor\codeigniter4\framework\system\Common.php(1071): CodeIgniter\View\View->render('dashboard/edu/i...', Array, true)
#6 C:\laragon\www\edu\app\Controllers\Principal.php(118): view('dashboard/edu/i...', Array)
#7 C:\laragon\www\edu\app\Controllers\Principal.php(22): App\Controllers\Principal->_loadDefaultView('', Array, 'index')
#8 C:\laragon\www\edu\vendor\codeigniter4\framework\system\CodeIgniter.php(910): App\Controllers\Principal->index()
#9 C:\laragon\www\edu\vendor\codeigniter4\framework\system\CodeIgniter.php(398): CodeIgniter\CodeIgniter->runController(Object(App\Controllers\Principal))
#10 C:\laragon\www\edu\vendor\codeigniter4\framework\system\CodeIgniter.php(306): CodeIgniter\CodeIgniter->handleRequest(NULL, Object(Config\Cache), false)
#11 C:\laragon\www\edu\public\index.php(45): CodeIgniter\CodeIgniter->run()
#12 {main}
CRITICAL - 2020-03-31 00:30:55 --> syntax error, unexpected '$session' (T_VARIABLE)
#0 C:\laragon\www\edu\vendor\codeigniter4\framework\system\Common.php(1071): CodeIgniter\View\View->render('dashboard/templ...', Array, true)
#1 C:\laragon\www\edu\app\Views\dashboard\edu\index.php(14): view('dashboard/templ...')
#2 C:\laragon\www\edu\vendor\codeigniter4\framework\system\View\View.php(236): include('C:\\laragon\\www\\...')
#3 C:\laragon\www\edu\vendor\codeigniter4\framework\system\Common.php(1071): CodeIgniter\View\View->render('dashboard/edu/i...', Array, true)
#4 C:\laragon\www\edu\app\Controllers\Principal.php(118): view('dashboard/edu/i...', Array)
#5 C:\laragon\www\edu\app\Controllers\Principal.php(22): App\Controllers\Principal->_loadDefaultView('', Array, 'index')
#6 C:\laragon\www\edu\vendor\codeigniter4\framework\system\CodeIgniter.php(910): App\Controllers\Principal->index()
#7 C:\laragon\www\edu\vendor\codeigniter4\framework\system\CodeIgniter.php(398): CodeIgniter\CodeIgniter->runController(Object(App\Controllers\Principal))
#8 C:\laragon\www\edu\vendor\codeigniter4\framework\system\CodeIgniter.php(306): CodeIgniter\CodeIgniter->handleRequest(NULL, Object(Config\Cache), false)
#9 C:\laragon\www\edu\public\index.php(45): CodeIgniter\CodeIgniter->run()
#10 {main}
CRITICAL - 2020-03-31 00:30:56 --> syntax error, unexpected '$session' (T_VARIABLE)
#0 C:\laragon\www\edu\vendor\codeigniter4\framework\system\Common.php(1071): CodeIgniter\View\View->render('dashboard/templ...', Array, true)
#1 C:\laragon\www\edu\app\Views\dashboard\edu\index.php(14): view('dashboard/templ...')
#2 C:\laragon\www\edu\vendor\codeigniter4\framework\system\View\View.php(236): include('C:\\laragon\\www\\...')
#3 C:\laragon\www\edu\vendor\codeigniter4\framework\system\Common.php(1071): CodeIgniter\View\View->render('dashboard/edu/i...', Array, true)
#4 C:\laragon\www\edu\app\Controllers\Principal.php(118): view('dashboard/edu/i...', Array)
#5 C:\laragon\www\edu\app\Controllers\Principal.php(22): App\Controllers\Principal->_loadDefaultView('', Array, 'index')
#6 C:\laragon\www\edu\vendor\codeigniter4\framework\system\CodeIgniter.php(910): App\Controllers\Principal->index()
#7 C:\laragon\www\edu\vendor\codeigniter4\framework\system\CodeIgniter.php(398): CodeIgniter\CodeIgniter->runController(Object(App\Controllers\Principal))
#8 C:\laragon\www\edu\vendor\codeigniter4\framework\system\CodeIgniter.php(306): CodeIgniter\CodeIgniter->handleRequest(NULL, Object(Config\Cache), false)
#9 C:\laragon\www\edu\public\index.php(45): CodeIgniter\CodeIgniter->run()
#10 {main}
CRITICAL - 2020-03-31 00:30:57 --> syntax error, unexpected '$session' (T_VARIABLE)
#0 C:\laragon\www\edu\vendor\codeigniter4\framework\system\Common.php(1071): CodeIgniter\View\View->render('dashboard/templ...', Array, true)
#1 C:\laragon\www\edu\app\Views\dashboard\edu\index.php(14): view('dashboard/templ...')
#2 C:\laragon\www\edu\vendor\codeigniter4\framework\system\View\View.php(236): include('C:\\laragon\\www\\...')
#3 C:\laragon\www\edu\vendor\codeigniter4\framework\system\Common.php(1071): CodeIgniter\View\View->render('dashboard/edu/i...', Array, true)
#4 C:\laragon\www\edu\app\Controllers\Principal.php(118): view('dashboard/edu/i...', Array)
#5 C:\laragon\www\edu\app\Controllers\Principal.php(22): App\Controllers\Principal->_loadDefaultView('', Array, 'index')
#6 C:\laragon\www\edu\vendor\codeigniter4\framework\system\CodeIgniter.php(910): App\Controllers\Principal->index()
#7 C:\laragon\www\edu\vendor\codeigniter4\framework\system\CodeIgniter.php(398): CodeIgniter\CodeIgniter->runController(Object(App\Controllers\Principal))
#8 C:\laragon\www\edu\vendor\codeigniter4\framework\system\CodeIgniter.php(306): CodeIgniter\CodeIgniter->handleRequest(NULL, Object(Config\Cache), false)
#9 C:\laragon\www\edu\public\index.php(45): CodeIgniter\CodeIgniter->run()
#10 {main}
CRITICAL - 2020-03-31 00:31:19 --> ini_set(): A session is active. You cannot change the session module's ini settings at this time
#0 [internal function]: CodeIgniter\Debug\Exceptions->errorHandler(2, 'ini_set(): A se...', 'C:\\laragon\\www\\...', 101, Array)
#1 C:\laragon\www\edu\vendor\codeigniter4\framework\system\Session\Handlers\FileHandler.php(101): ini_set('session.save_pa...', 'C:\\laragon\\www\\...')
#2 C:\laragon\www\edu\vendor\codeigniter4\framework\system\Config\Services.php(765): CodeIgniter\Session\Handlers\FileHandler->__construct(Object(Config\App), '127.0.0.1')
#3 C:\laragon\www\edu\vendor\codeigniter4\framework\system\Config\BaseService.php(123): CodeIgniter\Config\Services::session(Object(Config\App), false)
#4 C:\laragon\www\edu\vendor\codeigniter4\framework\system\Config\Services.php(754): CodeIgniter\Config\BaseService::getSharedInstance('session', NULL)
#5 C:\laragon\www\edu\vendor\codeigniter4\framework\system\Common.php(879): CodeIgniter\Config\Services::session()
#6 C:\laragon\www\edu\app\Views\dashboard\partials\_session.php(4): session('message')
#7 C:\laragon\www\edu\vendor\codeigniter4\framework\system\View\View.php(236): include('C:\\laragon\\www\\...')
#8 C:\laragon\www\edu\vendor\codeigniter4\framework\system\Common.php(1071): CodeIgniter\View\View->render('dashboard/parti...', Array, true)
#9 C:\laragon\www\edu\app\Views\dashboard\templates\header.php(43): view('dashboard/parti...')
#10 C:\laragon\www\edu\vendor\codeigniter4\framework\system\View\View.php(236): include('C:\\laragon\\www\\...')
#11 C:\laragon\www\edu\vendor\codeigniter4\framework\system\Common.php(1071): CodeIgniter\View\View->render('dashboard/templ...', Array, true)
#12 C:\laragon\www\edu\app\Views\dashboard\edu\index.php(14): view('dashboard/templ...')
#13 C:\laragon\www\edu\vendor\codeigniter4\framework\system\View\View.php(236): include('C:\\laragon\\www\\...')
#14 C:\laragon\www\edu\vendor\codeigniter4\framework\system\Common.php(1071): CodeIgniter\View\View->render('dashboard/edu/i...', Array, true)
#15 C:\laragon\www\edu\app\Controllers\Principal.php(118): view('dashboard/edu/i...', Array)
#16 C:\laragon\www\edu\app\Controllers\Principal.php(22): App\Controllers\Principal->_loadDefaultView('', Array, 'index')
#17 C:\laragon\www\edu\vendor\codeigniter4\framework\system\CodeIgniter.php(910): App\Controllers\Principal->index()
#18 C:\laragon\www\edu\vendor\codeigniter4\framework\system\CodeIgniter.php(398): CodeIgniter\CodeIgniter->runController(Object(App\Controllers\Principal))
#19 C:\laragon\www\edu\vendor\codeigniter4\framework\system\CodeIgniter.php(306): CodeIgniter\CodeIgniter->handleRequest(NULL, Object(Config\Cache), false)
#20 C:\laragon\www\edu\public\index.php(45): CodeIgniter\CodeIgniter->run()
#21 {main}
CRITICAL - 2020-03-31 00:31:48 --> ini_set(): A session is active. You cannot change the session module's ini settings at this time
#0 [internal function]: CodeIgniter\Debug\Exceptions->errorHandler(2, 'ini_set(): A se...', 'C:\\laragon\\www\\...', 101, Array)
#1 C:\laragon\www\edu\vendor\codeigniter4\framework\system\Session\Handlers\FileHandler.php(101): ini_set('session.save_pa...', 'C:\\laragon\\www\\...')
#2 C:\laragon\www\edu\vendor\codeigniter4\framework\system\Config\Services.php(765): CodeIgniter\Session\Handlers\FileHandler->__construct(Object(Config\App), '127.0.0.1')
#3 C:\laragon\www\edu\vendor\codeigniter4\framework\system\Config\BaseService.php(123): CodeIgniter\Config\Services::session(Object(Config\App), false)
#4 C:\laragon\www\edu\vendor\codeigniter4\framework\system\Config\Services.php(754): CodeIgniter\Config\BaseService::getSharedInstance('session', NULL)
#5 C:\laragon\www\edu\vendor\codeigniter4\framework\system\Common.php(879): CodeIgniter\Config\Services::session()
#6 C:\laragon\www\edu\app\Views\dashboard\partials\_session.php(4): session('message')
#7 C:\laragon\www\edu\vendor\codeigniter4\framework\system\View\View.php(236): include('C:\\laragon\\www\\...')
#8 C:\laragon\www\edu\vendor\codeigniter4\framework\system\Common.php(1071): CodeIgniter\View\View->render('dashboard/parti...', Array, true)
#9 C:\laragon\www\edu\app\Views\dashboard\templates\header.php(43): view('dashboard/parti...')
#10 C:\laragon\www\edu\vendor\codeigniter4\framework\system\View\View.php(236): include('C:\\laragon\\www\\...')
#11 C:\laragon\www\edu\vendor\codeigniter4\framework\system\Common.php(1071): CodeIgniter\View\View->render('dashboard/templ...', Array, true)
#12 C:\laragon\www\edu\app\Views\dashboard\edu\index.php(14): view('dashboard/templ...')
#13 C:\laragon\www\edu\vendor\codeigniter4\framework\system\View\View.php(236): include('C:\\laragon\\www\\...')
#14 C:\laragon\www\edu\vendor\codeigniter4\framework\system\Common.php(1071): CodeIgniter\View\View->render('dashboard/edu/i...', Array, true)
#15 C:\laragon\www\edu\app\Controllers\Principal.php(118): view('dashboard/edu/i...', Array)
#16 C:\laragon\www\edu\app\Controllers\Principal.php(22): App\Controllers\Principal->_loadDefaultView('', Array, 'index')
#17 C:\laragon\www\edu\vendor\codeigniter4\framework\system\CodeIgniter.php(910): App\Controllers\Principal->index()
#18 C:\laragon\www\edu\vendor\codeigniter4\framework\system\CodeIgniter.php(398): CodeIgniter\CodeIgniter->runController(Object(App\Controllers\Principal))
#19 C:\laragon\www\edu\vendor\codeigniter4\framework\system\CodeIgniter.php(306): CodeIgniter\CodeIgniter->handleRequest(NULL, Object(Config\Cache), false)
#20 C:\laragon\www\edu\public\index.php(45): CodeIgniter\CodeIgniter->run()
#21 {main}
CRITICAL - 2020-03-31 00:32:03 --> ini_set(): A session is active. You cannot change the session module's ini settings at this time
#0 [internal function]: CodeIgniter\Debug\Exceptions->errorHandler(2, 'ini_set(): A se...', 'C:\\laragon\\www\\...', 101, Array)
#1 C:\laragon\www\edu\vendor\codeigniter4\framework\system\Session\Handlers\FileHandler.php(101): ini_set('session.save_pa...', 'C:\\laragon\\www\\...')
#2 C:\laragon\www\edu\vendor\codeigniter4\framework\system\Config\Services.php(765): CodeIgniter\Session\Handlers\FileHandler->__construct(Object(Config\App), '127.0.0.1')
#3 C:\laragon\www\edu\vendor\codeigniter4\framework\system\Config\BaseService.php(123): CodeIgniter\Config\Services::session(Object(Config\App), false)
#4 C:\laragon\www\edu\vendor\codeigniter4\framework\system\Config\Services.php(754): CodeIgniter\Config\BaseService::getSharedInstance('session', NULL)
#5 C:\laragon\www\edu\vendor\codeigniter4\framework\system\Common.php(879): CodeIgniter\Config\Services::session()
#6 C:\laragon\www\edu\app\Views\dashboard\partials\_session.php(4): session('message')
#7 C:\laragon\www\edu\vendor\codeigniter4\framework\system\View\View.php(236): include('C:\\laragon\\www\\...')
#8 C:\laragon\www\edu\vendor\codeigniter4\framework\system\Common.php(1071): CodeIgniter\View\View->render('dashboard/parti...', Array, true)
#9 C:\laragon\www\edu\app\Views\dashboard\templates\header.php(43): view('dashboard/parti...')
#10 C:\laragon\www\edu\vendor\codeigniter4\framework\system\View\View.php(236): include('C:\\laragon\\www\\...')
#11 C:\laragon\www\edu\vendor\codeigniter4\framework\system\Common.php(1071): CodeIgniter\View\View->render('dashboard/templ...', Array, true)
#12 C:\laragon\www\edu\app\Views\dashboard\edu\index.php(14): view('dashboard/templ...')
#13 C:\laragon\www\edu\vendor\codeigniter4\framework\system\View\View.php(236): include('C:\\laragon\\www\\...')
#14 C:\laragon\www\edu\vendor\codeigniter4\framework\system\Common.php(1071): CodeIgniter\View\View->render('dashboard/edu/i...', Array, true)
#15 C:\laragon\www\edu\app\Controllers\Principal.php(118): view('dashboard/edu/i...', Array)
#16 C:\laragon\www\edu\app\Controllers\Principal.php(22): App\Controllers\Principal->_loadDefaultView('', Array, 'index')
#17 C:\laragon\www\edu\vendor\codeigniter4\framework\system\CodeIgniter.php(910): App\Controllers\Principal->index()
#18 C:\laragon\www\edu\vendor\codeigniter4\framework\system\CodeIgniter.php(398): CodeIgniter\CodeIgniter->runController(Object(App\Controllers\Principal))
#19 C:\laragon\www\edu\vendor\codeigniter4\framework\system\CodeIgniter.php(306): CodeIgniter\CodeIgniter->handleRequest(NULL, Object(Config\Cache), false)
#20 C:\laragon\www\edu\public\index.php(45): CodeIgniter\CodeIgniter->run()
#21 {main}
CRITICAL - 2020-03-31 00:32:17 --> ini_set(): A session is active. You cannot change the session module's ini settings at this time
#0 [internal function]: CodeIgniter\Debug\Exceptions->errorHandler(2, 'ini_set(): A se...', 'C:\\laragon\\www\\...', 101, Array)
#1 C:\laragon\www\edu\vendor\codeigniter4\framework\system\Session\Handlers\FileHandler.php(101): ini_set('session.save_pa...', 'C:\\laragon\\www\\...')
#2 C:\laragon\www\edu\vendor\codeigniter4\framework\system\Config\Services.php(765): CodeIgniter\Session\Handlers\FileHandler->__construct(Object(Config\App), '127.0.0.1')
#3 C:\laragon\www\edu\vendor\codeigniter4\framework\system\Config\BaseService.php(123): CodeIgniter\Config\Services::session(Object(Config\App), false)
#4 C:\laragon\www\edu\vendor\codeigniter4\framework\system\Config\Services.php(754): CodeIgniter\Config\BaseService::getSharedInstance('session', NULL)
#5 C:\laragon\www\edu\vendor\codeigniter4\framework\system\Common.php(879): CodeIgniter\Config\Services::session()
#6 C:\laragon\www\edu\app\Views\dashboard\partials\_session.php(4): session('message')
#7 C:\laragon\www\edu\vendor\codeigniter4\framework\system\View\View.php(236): include('C:\\laragon\\www\\...')
#8 C:\laragon\www\edu\vendor\codeigniter4\framework\system\Common.php(1071): CodeIgniter\View\View->render('dashboard/parti...', Array, true)
#9 C:\laragon\www\edu\app\Views\dashboard\templates\header.php(43): view('dashboard/parti...')
#10 C:\laragon\www\edu\vendor\codeigniter4\framework\system\View\View.php(236): include('C:\\laragon\\www\\...')
#11 C:\laragon\www\edu\vendor\codeigniter4\framework\system\Common.php(1071): CodeIgniter\View\View->render('dashboard/templ...', Array, true)
#12 C:\laragon\www\edu\app\Views\dashboard\edu\index.php(14): view('dashboard/templ...')
#13 C:\laragon\www\edu\vendor\codeigniter4\framework\system\View\View.php(236): include('C:\\laragon\\www\\...')
#14 C:\laragon\www\edu\vendor\codeigniter4\framework\system\Common.php(1071): CodeIgniter\View\View->render('dashboard/edu/i...', Array, true)
#15 C:\laragon\www\edu\app\Controllers\Principal.php(118): view('dashboard/edu/i...', Array)
#16 C:\laragon\www\edu\app\Controllers\Principal.php(22): App\Controllers\Principal->_loadDefaultView('', Array, 'index')
#17 C:\laragon\www\edu\vendor\codeigniter4\framework\system\CodeIgniter.php(910): App\Controllers\Principal->index()
#18 C:\laragon\www\edu\vendor\codeigniter4\framework\system\CodeIgniter.php(398): CodeIgniter\CodeIgniter->runController(Object(App\Controllers\Principal))
#19 C:\laragon\www\edu\vendor\codeigniter4\framework\system\CodeIgniter.php(306): CodeIgniter\CodeIgniter->handleRequest(NULL, Object(Config\Cache), false)
#20 C:\laragon\www\edu\public\index.php(45): CodeIgniter\CodeIgniter->run()
#21 {main}
CRITICAL - 2020-03-31 00:32:18 --> ini_set(): A session is active. You cannot change the session module's ini settings at this time
#0 [internal function]: CodeIgniter\Debug\Exceptions->errorHandler(2, 'ini_set(): A se...', 'C:\\laragon\\www\\...', 101, Array)
#1 C:\laragon\www\edu\vendor\codeigniter4\framework\system\Session\Handlers\FileHandler.php(101): ini_set('session.save_pa...', 'C:\\laragon\\www\\...')
#2 C:\laragon\www\edu\vendor\codeigniter4\framework\system\Config\Services.php(765): CodeIgniter\Session\Handlers\FileHandler->__construct(Object(Config\App), '127.0.0.1')
#3 C:\laragon\www\edu\vendor\codeigniter4\framework\system\Config\BaseService.php(123): CodeIgniter\Config\Services::session(Object(Config\App), false)
#4 C:\laragon\www\edu\vendor\codeigniter4\framework\system\Config\Services.php(754): CodeIgniter\Config\BaseService::getSharedInstance('session', NULL)
#5 C:\laragon\www\edu\vendor\codeigniter4\framework\system\Common.php(879): CodeIgniter\Config\Services::session()
#6 C:\laragon\www\edu\app\Views\dashboard\partials\_session.php(4): session('message')
#7 C:\laragon\www\edu\vendor\codeigniter4\framework\system\View\View.php(236): include('C:\\laragon\\www\\...')
#8 C:\laragon\www\edu\vendor\codeigniter4\framework\system\Common.php(1071): CodeIgniter\View\View->render('dashboard/parti...', Array, true)
#9 C:\laragon\www\edu\app\Views\dashboard\templates\header.php(43): view('dashboard/parti...')
#10 C:\laragon\www\edu\vendor\codeigniter4\framework\system\View\View.php(236): include('C:\\laragon\\www\\...')
#11 C:\laragon\www\edu\vendor\codeigniter4\framework\system\Common.php(1071): CodeIgniter\View\View->render('dashboard/templ...', Array, true)
#12 C:\laragon\www\edu\app\Views\dashboard\edu\index.php(14): view('dashboard/templ...')
#13 C:\laragon\www\edu\vendor\codeigniter4\framework\system\View\View.php(236): include('C:\\laragon\\www\\...')
#14 C:\laragon\www\edu\vendor\codeigniter4\framework\system\Common.php(1071): CodeIgniter\View\View->render('dashboard/edu/i...', Array, true)
#15 C:\laragon\www\edu\app\Controllers\Principal.php(118): view('dashboard/edu/i...', Array)
#16 C:\laragon\www\edu\app\Controllers\Principal.php(22): App\Controllers\Principal->_loadDefaultView('', Array, 'index')
#17 C:\laragon\www\edu\vendor\codeigniter4\framework\system\CodeIgniter.php(910): App\Controllers\Principal->index()
#18 C:\laragon\www\edu\vendor\codeigniter4\framework\system\CodeIgniter.php(398): CodeIgniter\CodeIgniter->runController(Object(App\Controllers\Principal))
#19 C:\laragon\www\edu\vendor\codeigniter4\framework\system\CodeIgniter.php(306): CodeIgniter\CodeIgniter->handleRequest(NULL, Object(Config\Cache), false)
#20 C:\laragon\www\edu\public\index.php(45): CodeIgniter\CodeIgniter->run()
#21 {main}
CRITICAL - 2020-03-31 00:33:52 --> ini_set(): A session is active. You cannot change the session module's ini settings at this time
#0 [internal function]: CodeIgniter\Debug\Exceptions->errorHandler(2, 'ini_set(): A se...', 'C:\\laragon\\www\\...', 101, Array)
#1 C:\laragon\www\edu\vendor\codeigniter4\framework\system\Session\Handlers\FileHandler.php(101): ini_set('session.save_pa...', 'C:\\laragon\\www\\...')
#2 C:\laragon\www\edu\vendor\codeigniter4\framework\system\Config\Services.php(765): CodeIgniter\Session\Handlers\FileHandler->__construct(Object(Config\App), '127.0.0.1')
#3 C:\laragon\www\edu\vendor\codeigniter4\framework\system\Config\BaseService.php(123): CodeIgniter\Config\Services::session(Object(Config\App), false)
#4 C:\laragon\www\edu\vendor\codeigniter4\framework\system\Config\Services.php(754): CodeIgniter\Config\BaseService::getSharedInstance('session', NULL)
#5 C:\laragon\www\edu\vendor\codeigniter4\framework\system\Common.php(879): CodeIgniter\Config\Services::session()
#6 C:\laragon\www\edu\app\Views\dashboard\partials\_session.php(4): session('message')
#7 C:\laragon\www\edu\vendor\codeigniter4\framework\system\View\View.php(236): include('C:\\laragon\\www\\...')
#8 C:\laragon\www\edu\vendor\codeigniter4\framework\system\Common.php(1071): CodeIgniter\View\View->render('dashboard/parti...', Array, true)
#9 C:\laragon\www\edu\app\Views\dashboard\templates\header.php(41): view('dashboard/parti...')
#10 C:\laragon\www\edu\vendor\codeigniter4\framework\system\View\View.php(236): include('C:\\laragon\\www\\...')
#11 C:\laragon\www\edu\vendor\codeigniter4\framework\system\Common.php(1071): CodeIgniter\View\View->render('dashboard/templ...', Array, true)
#12 C:\laragon\www\edu\app\Views\dashboard\edu\index.php(14): view('dashboard/templ...')
#13 C:\laragon\www\edu\vendor\codeigniter4\framework\system\View\View.php(236): include('C:\\laragon\\www\\...')
#14 C:\laragon\www\edu\vendor\codeigniter4\framework\system\Common.php(1071): CodeIgniter\View\View->render('dashboard/edu/i...', Array, true)
#15 C:\laragon\www\edu\app\Controllers\Principal.php(118): view('dashboard/edu/i...', Array)
#16 C:\laragon\www\edu\app\Controllers\Principal.php(22): App\Controllers\Principal->_loadDefaultView('', Array, 'index')
#17 C:\laragon\www\edu\vendor\codeigniter4\framework\system\CodeIgniter.php(910): App\Controllers\Principal->index()
#18 C:\laragon\www\edu\vendor\codeigniter4\framework\system\CodeIgniter.php(398): CodeIgniter\CodeIgniter->runController(Object(App\Controllers\Principal))
#19 C:\laragon\www\edu\vendor\codeigniter4\framework\system\CodeIgniter.php(306): CodeIgniter\CodeIgniter->handleRequest(NULL, Object(Config\Cache), false)
#20 C:\laragon\www\edu\public\index.php(45): CodeIgniter\CodeIgniter->run()
#21 {main}
CRITICAL - 2020-03-31 00:34:26 --> Use of undefined constant usuario - assumed 'usuario' (this will throw an Error in a future version of PHP)
#0 C:\laragon\www\edu\app\Views\dashboard\templates\header.php(35): CodeIgniter\Debug\Exceptions->errorHandler(2, 'Use of undefine...', 'C:\\laragon\\www\\...', 35, Array)
#1 C:\laragon\www\edu\vendor\codeigniter4\framework\system\View\View.php(236): include('C:\\laragon\\www\\...')
#2 C:\laragon\www\edu\vendor\codeigniter4\framework\system\Common.php(1071): CodeIgniter\View\View->render('dashboard/templ...', Array, true)
#3 C:\laragon\www\edu\app\Views\dashboard\edu\index.php(14): view('dashboard/templ...')
#4 C:\laragon\www\edu\vendor\codeigniter4\framework\system\View\View.php(236): include('C:\\laragon\\www\\...')
#5 C:\laragon\www\edu\vendor\codeigniter4\framework\system\Common.php(1071): CodeIgniter\View\View->render('dashboard/edu/i...', Array, true)
#6 C:\laragon\www\edu\app\Controllers\Principal.php(118): view('dashboard/edu/i...', Array)
#7 C:\laragon\www\edu\app\Controllers\Principal.php(22): App\Controllers\Principal->_loadDefaultView('', Array, 'index')
#8 C:\laragon\www\edu\vendor\codeigniter4\framework\system\CodeIgniter.php(910): App\Controllers\Principal->index()
#9 C:\laragon\www\edu\vendor\codeigniter4\framework\system\CodeIgniter.php(398): CodeIgniter\CodeIgniter->runController(Object(App\Controllers\Principal))
#10 C:\laragon\www\edu\vendor\codeigniter4\framework\system\CodeIgniter.php(306): CodeIgniter\CodeIgniter->handleRequest(NULL, Object(Config\Cache), false)
#11 C:\laragon\www\edu\public\index.php(45): CodeIgniter\CodeIgniter->run()
#12 {main}
CRITICAL - 2020-03-31 00:34:49 --> Undefined variable: session
#0 C:\laragon\www\edu\app\Views\dashboard\templates\header.php(35): CodeIgniter\Debug\Exceptions->errorHandler(8, 'Undefined varia...', 'C:\\laragon\\www\\...', 35, Array)
#1 C:\laragon\www\edu\vendor\codeigniter4\framework\system\View\View.php(236): include('C:\\laragon\\www\\...')
#2 C:\laragon\www\edu\vendor\codeigniter4\framework\system\Common.php(1071): CodeIgniter\View\View->render('dashboard/templ...', Array, true)
#3 C:\laragon\www\edu\app\Views\dashboard\edu\index.php(14): view('dashboard/templ...')
#4 C:\laragon\www\edu\vendor\codeigniter4\framework\system\View\View.php(236): include('C:\\laragon\\www\\...')
#5 C:\laragon\www\edu\vendor\codeigniter4\framework\system\Common.php(1071): CodeIgniter\View\View->render('dashboard/edu/i...', Array, true)
#6 C:\laragon\www\edu\app\Controllers\Principal.php(118): view('dashboard/edu/i...', Array)
#7 C:\laragon\www\edu\app\Controllers\Principal.php(22): App\Controllers\Principal->_loadDefaultView('', Array, 'index')
#8 C:\laragon\www\edu\vendor\codeigniter4\framework\system\CodeIgniter.php(910): App\Controllers\Principal->index()
#9 C:\laragon\www\edu\vendor\codeigniter4\framework\system\CodeIgniter.php(398): CodeIgniter\CodeIgniter->runController(Object(App\Controllers\Principal))
#10 C:\laragon\www\edu\vendor\codeigniter4\framework\system\CodeIgniter.php(306): CodeIgniter\CodeIgniter->handleRequest(NULL, Object(Config\Cache), false)
#11 C:\laragon\www\edu\public\index.php(45): CodeIgniter\CodeIgniter->run()
#12 {main}
CRITICAL - 2020-03-31 00:36:54 --> Object of class CodeIgniter\Session\Session could not be converted to string
#0 C:\laragon\www\edu\app\Views\dashboard\templates\header.php(35): CodeIgniter\Debug\Exceptions->errorHandler(4096, 'Object of class...', 'C:\\laragon\\www\\...', 35, Array)
#1 C:\laragon\www\edu\vendor\codeigniter4\framework\system\View\View.php(236): include('C:\\laragon\\www\\...')
#2 C:\laragon\www\edu\vendor\codeigniter4\framework\system\Common.php(1071): CodeIgniter\View\View->render('dashboard/templ...', Array, true)
#3 C:\laragon\www\edu\app\Views\dashboard\edu\index.php(14): view('dashboard/templ...')
#4 C:\laragon\www\edu\vendor\codeigniter4\framework\system\View\View.php(236): include('C:\\laragon\\www\\...')
#5 C:\laragon\www\edu\vendor\codeigniter4\framework\system\Common.php(1071): CodeIgniter\View\View->render('dashboard/edu/i...', Array, true)
#6 C:\laragon\www\edu\app\Controllers\Principal.php(118): view('dashboard/edu/i...', Array)
#7 C:\laragon\www\edu\app\Controllers\Principal.php(22): App\Controllers\Principal->_loadDefaultView('', Array, 'index')
#8 C:\laragon\www\edu\vendor\codeigniter4\framework\system\CodeIgniter.php(910): App\Controllers\Principal->index()
#9 C:\laragon\www\edu\vendor\codeigniter4\framework\system\CodeIgniter.php(398): CodeIgniter\CodeIgniter->runController(Object(App\Controllers\Principal))
#10 C:\laragon\www\edu\vendor\codeigniter4\framework\system\CodeIgniter.php(306): CodeIgniter\CodeIgniter->handleRequest(NULL, Object(Config\Cache), false)
#11 C:\laragon\www\edu\public\index.php(45): CodeIgniter\CodeIgniter->run()
#12 {main}
CRITICAL - 2020-03-31 01:20:41 --> Undefined variable: session
#0 C:\laragon\www\edu\app\Views\dashboard\edu\menu.php(29): CodeIgniter\Debug\Exceptions->errorHandler(8, 'Undefined varia...', 'C:\\laragon\\www\\...', 29, Array)
#1 C:\laragon\www\edu\vendor\codeigniter4\framework\system\View\View.php(236): include('C:\\laragon\\www\\...')
#2 C:\laragon\www\edu\vendor\codeigniter4\framework\system\Common.php(1071): CodeIgniter\View\View->render('dashboard/edu/m...', Array, true)
#3 C:\laragon\www\edu\app\Views\dashboard\edu\index.php(15): view('dashboard/edu/m...')
#4 C:\laragon\www\edu\vendor\codeigniter4\framework\system\View\View.php(236): include('C:\\laragon\\www\\...')
#5 C:\laragon\www\edu\vendor\codeigniter4\framework\system\Common.php(1071): CodeIgniter\View\View->render('dashboard/edu/i...', Array, true)
#6 C:\laragon\www\edu\app\Controllers\Principal.php(118): view('dashboard/edu/i...', Array)
#7 C:\laragon\www\edu\app\Controllers\Principal.php(22): App\Controllers\Principal->_loadDefaultView('', Array, 'index')
#8 C:\laragon\www\edu\vendor\codeigniter4\framework\system\CodeIgniter.php(910): App\Controllers\Principal->index()
#9 C:\laragon\www\edu\vendor\codeigniter4\framework\system\CodeIgniter.php(398): CodeIgniter\CodeIgniter->runController(Object(App\Controllers\Principal))
#10 C:\laragon\www\edu\vendor\codeigniter4\framework\system\CodeIgniter.php(306): CodeIgniter\CodeIgniter->handleRequest(NULL, Object(Config\Cache), false)
#11 C:\laragon\www\edu\public\index.php(45): CodeIgniter\CodeIgniter->run()
#12 {main}
CRITICAL - 2020-03-31 03:10:59 --> Undefined variable: created
#0 C:\laragon\www\edu\app\Views\dashboard\user\_form.php(116): CodeIgniter\Debug\Exceptions->errorHandler(8, 'Undefined varia...', 'C:\\laragon\\www\\...', 116, Array)
#1 C:\laragon\www\edu\vendor\codeigniter4\framework\system\View\View.php(236): include('C:\\laragon\\www\\...')
#2 C:\laragon\www\edu\vendor\codeigniter4\framework\system\Common.php(1071): CodeIgniter\View\View->render('dashboard/user/...', Array, true)
#3 C:\laragon\www\edu\app\Views\dashboard\user\index.php(167): view('dashboard/user/...')
#4 C:\laragon\www\edu\vendor\codeigniter4\framework\system\View\View.php(236): include('C:\\laragon\\www\\...')
#5 C:\laragon\www\edu\vendor\codeigniter4\framework\system\Common.php(1071): CodeIgniter\View\View->render('dashboard/user/...', Array, true)
#6 C:\laragon\www\edu\app\Controllers\Usuario.php(118): view('dashboard/user/...', Array)
#7 C:\laragon\www\edu\app\Controllers\Usuario.php(22): App\Controllers\Usuario->_loadDefaultView('Listado de usua...', Array, 'index')
#8 C:\laragon\www\edu\vendor\codeigniter4\framework\system\CodeIgniter.php(910): App\Controllers\Usuario->index()
#9 C:\laragon\www\edu\vendor\codeigniter4\framework\system\CodeIgniter.php(398): CodeIgniter\CodeIgniter->runController(Object(App\Controllers\Usuario))
#10 C:\laragon\www\edu\vendor\codeigniter4\framework\system\CodeIgniter.php(306): CodeIgniter\CodeIgniter->handleRequest(NULL, Object(Config\Cache), false)
#11 C:\laragon\www\edu\public\index.php(45): CodeIgniter\CodeIgniter->run()
#12 {main}
CRITICAL - 2020-03-31 03:11:12 --> Undefined variable: created
#0 C:\laragon\www\edu\app\Views\dashboard\user\_form.php(116): CodeIgniter\Debug\Exceptions->errorHandler(8, 'Undefined varia...', 'C:\\laragon\\www\\...', 116, Array)
#1 C:\laragon\www\edu\vendor\codeigniter4\framework\system\View\View.php(236): include('C:\\laragon\\www\\...')
#2 C:\laragon\www\edu\vendor\codeigniter4\framework\system\Common.php(1071): CodeIgniter\View\View->render('dashboard/user/...', Array, true)
#3 C:\laragon\www\edu\app\Views\dashboard\user\index.php(187): view('dashboard/user/...')
#4 C:\laragon\www\edu\vendor\codeigniter4\framework\system\View\View.php(236): include('C:\\laragon\\www\\...')
#5 C:\laragon\www\edu\vendor\codeigniter4\framework\system\Common.php(1071): CodeIgniter\View\View->render('dashboard/user/...', Array, true)
#6 C:\laragon\www\edu\app\Controllers\Usuario.php(118): view('dashboard/user/...', Array)
#7 C:\laragon\www\edu\app\Controllers\Usuario.php(22): App\Controllers\Usuario->_loadDefaultView('Listado de usua...', Array, 'index')
#8 C:\laragon\www\edu\vendor\codeigniter4\framework\system\CodeIgniter.php(910): App\Controllers\Usuario->index()
#9 C:\laragon\www\edu\vendor\codeigniter4\framework\system\CodeIgniter.php(398): CodeIgniter\CodeIgniter->runController(Object(App\Controllers\Usuario))
#10 C:\laragon\www\edu\vendor\codeigniter4\framework\system\CodeIgniter.php(306): CodeIgniter\CodeIgniter->handleRequest(NULL, Object(Config\Cache), false)
#11 C:\laragon\www\edu\public\index.php(45): CodeIgniter\CodeIgniter->run()
#12 {main}
CRITICAL - 2020-03-31 03:11:13 --> Undefined variable: created
#0 C:\laragon\www\edu\app\Views\dashboard\user\_form.php(116): CodeIgniter\Debug\Exceptions->errorHandler(8, 'Undefined varia...', 'C:\\laragon\\www\\...', 116, Array)
#1 C:\laragon\www\edu\vendor\codeigniter4\framework\system\View\View.php(236): include('C:\\laragon\\www\\...')
#2 C:\laragon\www\edu\vendor\codeigniter4\framework\system\Common.php(1071): CodeIgniter\View\View->render('dashboard/user/...', Array, true)
#3 C:\laragon\www\edu\app\Views\dashboard\user\index.php(187): view('dashboard/user/...')
#4 C:\laragon\www\edu\vendor\codeigniter4\framework\system\View\View.php(236): include('C:\\laragon\\www\\...')
#5 C:\laragon\www\edu\vendor\codeigniter4\framework\system\Common.php(1071): CodeIgniter\View\View->render('dashboard/user/...', Array, true)
#6 C:\laragon\www\edu\app\Controllers\Usuario.php(118): view('dashboard/user/...', Array)
#7 C:\laragon\www\edu\app\Controllers\Usuario.php(22): App\Controllers\Usuario->_loadDefaultView('Listado de usua...', Array, 'index')
#8 C:\laragon\www\edu\vendor\codeigniter4\framework\system\CodeIgniter.php(910): App\Controllers\Usuario->index()
#9 C:\laragon\www\edu\vendor\codeigniter4\framework\system\CodeIgniter.php(398): CodeIgniter\CodeIgniter->runController(Object(App\Controllers\Usuario))
#10 C:\laragon\www\edu\vendor\codeigniter4\framework\system\CodeIgniter.php(306): CodeIgniter\CodeIgniter->handleRequest(NULL, Object(Config\Cache), false)
#11 C:\laragon\www\edu\public\index.php(45): CodeIgniter\CodeIgniter->run()
#12 {main}
CRITICAL - 2020-03-31 03:11:49 --> Undefined variable: created
#0 C:\laragon\www\edu\app\Views\dashboard\user\index.php(189): CodeIgniter\Debug\Exceptions->errorHandler(8, 'Undefined varia...', 'C:\\laragon\\www\\...', 189, Array)
#1 C:\laragon\www\edu\vendor\codeigniter4\framework\system\View\View.php(236): include('C:\\laragon\\www\\...')
#2 C:\laragon\www\edu\vendor\codeigniter4\framework\system\Common.php(1071): CodeIgniter\View\View->render('dashboard/user/...', Array, true)
#3 C:\laragon\www\edu\app\Controllers\Usuario.php(118): view('dashboard/user/...', Array)
#4 C:\laragon\www\edu\app\Controllers\Usuario.php(22): App\Controllers\Usuario->_loadDefaultView('Listado de usua...', Array, 'index')
#5 C:\laragon\www\edu\vendor\codeigniter4\framework\system\CodeIgniter.php(910): App\Controllers\Usuario->index()
#6 C:\laragon\www\edu\vendor\codeigniter4\framework\system\CodeIgniter.php(398): CodeIgniter\CodeIgniter->runController(Object(App\Controllers\Usuario))
#7 C:\laragon\www\edu\vendor\codeigniter4\framework\system\CodeIgniter.php(306): CodeIgniter\CodeIgniter->handleRequest(NULL, Object(Config\Cache), false)
#8 C:\laragon\www\edu\public\index.php(45): CodeIgniter\CodeIgniter->run()
#9 {main}
CRITICAL - 2020-03-31 03:12:24 --> Undefined variable: personas
#0 C:\laragon\www\edu\app\Views\dashboard\user\index.php(193): CodeIgniter\Debug\Exceptions->errorHandler(8, 'Undefined varia...', 'C:\\laragon\\www\\...', 193, Array)
#1 C:\laragon\www\edu\vendor\codeigniter4\framework\system\View\View.php(236): include('C:\\laragon\\www\\...')
#2 C:\laragon\www\edu\vendor\codeigniter4\framework\system\Common.php(1071): CodeIgniter\View\View->render('dashboard/user/...', Array, true)
#3 C:\laragon\www\edu\app\Controllers\Usuario.php(118): view('dashboard/user/...', Array)
#4 C:\laragon\www\edu\app\Controllers\Usuario.php(22): App\Controllers\Usuario->_loadDefaultView('Listado de usua...', Array, 'index')
#5 C:\laragon\www\edu\vendor\codeigniter4\framework\system\CodeIgniter.php(910): App\Controllers\Usuario->index()
#6 C:\laragon\www\edu\vendor\codeigniter4\framework\system\CodeIgniter.php(398): CodeIgniter\CodeIgniter->runController(Object(App\Controllers\Usuario))
#7 C:\laragon\www\edu\vendor\codeigniter4\framework\system\CodeIgniter.php(306): CodeIgniter\CodeIgniter->handleRequest(NULL, Object(Config\Cache), false)
#8 C:\laragon\www\edu\public\index.php(45): CodeIgniter\CodeIgniter->run()
#9 {main}
CRITICAL - 2020-03-31 03:12:56 --> Undefined variable: created
#0 C:\laragon\www\edu\app\Views\dashboard\user\index.php(189): CodeIgniter\Debug\Exceptions->errorHandler(8, 'Undefined varia...', 'C:\\laragon\\www\\...', 189, Array)
#1 C:\laragon\www\edu\vendor\codeigniter4\framework\system\View\View.php(236): include('C:\\laragon\\www\\...')
#2 C:\laragon\www\edu\vendor\codeigniter4\framework\system\Common.php(1071): CodeIgniter\View\View->render('dashboard/user/...', Array, true)
#3 C:\laragon\www\edu\app\Controllers\Usuario.php(118): view('dashboard/user/...', Array)
#4 C:\laragon\www\edu\app\Controllers\Usuario.php(22): App\Controllers\Usuario->_loadDefaultView('Listado de usua...', Array, 'index')
#5 C:\laragon\www\edu\vendor\codeigniter4\framework\system\CodeIgniter.php(910): App\Controllers\Usuario->index()
#6 C:\laragon\www\edu\vendor\codeigniter4\framework\system\CodeIgniter.php(398): CodeIgniter\CodeIgniter->runController(Object(App\Controllers\Usuario))
#7 C:\laragon\www\edu\vendor\codeigniter4\framework\system\CodeIgniter.php(306): CodeIgniter\CodeIgniter->handleRequest(NULL, Object(Config\Cache), false)
#8 C:\laragon\www\edu\public\index.php(45): CodeIgniter\CodeIgniter->run()
#9 {main}
CRITICAL - 2020-03-31 03:12:57 --> Undefined variable: created
#0 C:\laragon\www\edu\app\Views\dashboard\user\index.php(189): CodeIgniter\Debug\Exceptions->errorHandler(8, 'Undefined varia...', 'C:\\laragon\\www\\...', 189, Array)
#1 C:\laragon\www\edu\vendor\codeigniter4\framework\system\View\View.php(236): include('C:\\laragon\\www\\...')
#2 C:\laragon\www\edu\vendor\codeigniter4\framework\system\Common.php(1071): CodeIgniter\View\View->render('dashboard/user/...', Array, true)
#3 C:\laragon\www\edu\app\Controllers\Usuario.php(118): view('dashboard/user/...', Array)
#4 C:\laragon\www\edu\app\Controllers\Usuario.php(22): App\Controllers\Usuario->_loadDefaultView('Listado de usua...', Array, 'index')
#5 C:\laragon\www\edu\vendor\codeigniter4\framework\system\CodeIgniter.php(910): App\Controllers\Usuario->index()
#6 C:\laragon\www\edu\vendor\codeigniter4\framework\system\CodeIgniter.php(398): CodeIgniter\CodeIgniter->runController(Object(App\Controllers\Usuario))
#7 C:\laragon\www\edu\vendor\codeigniter4\framework\system\CodeIgniter.php(306): CodeIgniter\CodeIgniter->handleRequest(NULL, Object(Config\Cache), false)
#8 C:\laragon\www\edu\public\index.php(45): CodeIgniter\CodeIgniter->run()
#9 {main}
CRITICAL - 2020-03-31 03:12:57 --> Undefined variable: created
#0 C:\laragon\www\edu\app\Views\dashboard\user\index.php(189): CodeIgniter\Debug\Exceptions->errorHandler(8, 'Undefined varia...', 'C:\\laragon\\www\\...', 189, Array)
#1 C:\laragon\www\edu\vendor\codeigniter4\framework\system\View\View.php(236): include('C:\\laragon\\www\\...')
#2 C:\laragon\www\edu\vendor\codeigniter4\framework\system\Common.php(1071): CodeIgniter\View\View->render('dashboard/user/...', Array, true)
#3 C:\laragon\www\edu\app\Controllers\Usuario.php(118): view('dashboard/user/...', Array)
#4 C:\laragon\www\edu\app\Controllers\Usuario.php(22): App\Controllers\Usuario->_loadDefaultView('Listado de usua...', Array, 'index')
#5 C:\laragon\www\edu\vendor\codeigniter4\framework\system\CodeIgniter.php(910): App\Controllers\Usuario->index()
#6 C:\laragon\www\edu\vendor\codeigniter4\framework\system\CodeIgniter.php(398): CodeIgniter\CodeIgniter->runController(Object(App\Controllers\Usuario))
#7 C:\laragon\www\edu\vendor\codeigniter4\framework\system\CodeIgniter.php(306): CodeIgniter\CodeIgniter->handleRequest(NULL, Object(Config\Cache), false)
#8 C:\laragon\www\edu\public\index.php(45): CodeIgniter\CodeIgniter->run()
#9 {main}
CRITICAL - 2020-03-31 03:12:59 --> Undefined variable: created
#0 C:\laragon\www\edu\app\Views\dashboard\user\index.php(189): CodeIgniter\Debug\Exceptions->errorHandler(8, 'Undefined varia...', 'C:\\laragon\\www\\...', 189, Array)
#1 C:\laragon\www\edu\vendor\codeigniter4\framework\system\View\View.php(236): include('C:\\laragon\\www\\...')
#2 C:\laragon\www\edu\vendor\codeigniter4\framework\system\Common.php(1071): CodeIgniter\View\View->render('dashboard/user/...', Array, true)
#3 C:\laragon\www\edu\app\Controllers\Usuario.php(118): view('dashboard/user/...', Array)
#4 C:\laragon\www\edu\app\Controllers\Usuario.php(22): App\Controllers\Usuario->_loadDefaultView('Listado de usua...', Array, 'index')
#5 C:\laragon\www\edu\vendor\codeigniter4\framework\system\CodeIgniter.php(910): App\Controllers\Usuario->index()
#6 C:\laragon\www\edu\vendor\codeigniter4\framework\system\CodeIgniter.php(398): CodeIgniter\CodeIgniter->runController(Object(App\Controllers\Usuario))
#7 C:\laragon\www\edu\vendor\codeigniter4\framework\system\CodeIgniter.php(306): CodeIgniter\CodeIgniter->handleRequest(NULL, Object(Config\Cache), false)
#8 C:\laragon\www\edu\public\index.php(45): CodeIgniter\CodeIgniter->run()
#9 {main}
CRITICAL - 2020-03-31 03:13:00 --> Undefined variable: created
#0 C:\laragon\www\edu\app\Views\dashboard\user\index.php(189): CodeIgniter\Debug\Exceptions->errorHandler(8, 'Undefined varia...', 'C:\\laragon\\www\\...', 189, Array)
#1 C:\laragon\www\edu\vendor\codeigniter4\framework\system\View\View.php(236): include('C:\\laragon\\www\\...')
#2 C:\laragon\www\edu\vendor\codeigniter4\framework\system\Common.php(1071): CodeIgniter\View\View->render('dashboard/user/...', Array, true)
#3 C:\laragon\www\edu\app\Controllers\Usuario.php(118): view('dashboard/user/...', Array)
#4 C:\laragon\www\edu\app\Controllers\Usuario.php(22): App\Controllers\Usuario->_loadDefaultView('Listado de usua...', Array, 'index')
#5 C:\laragon\www\edu\vendor\codeigniter4\framework\system\CodeIgniter.php(910): App\Controllers\Usuario->index()
#6 C:\laragon\www\edu\vendor\codeigniter4\framework\system\CodeIgniter.php(398): CodeIgniter\CodeIgniter->runController(Object(App\Controllers\Usuario))
#7 C:\laragon\www\edu\vendor\codeigniter4\framework\system\CodeIgniter.php(306): CodeIgniter\CodeIgniter->handleRequest(NULL, Object(Config\Cache), false)
#8 C:\laragon\www\edu\public\index.php(45): CodeIgniter\CodeIgniter->run()
#9 {main}
CRITICAL - 2020-03-31 03:13:40 --> Undefined variable: validation
#0 C:\laragon\www\edu\app\Views\dashboard\partials\_form-error.php(1): CodeIgniter\Debug\Exceptions->errorHandler(8, 'Undefined varia...', 'C:\\laragon\\www\\...', 1, Array)
#1 C:\laragon\www\edu\vendor\codeigniter4\framework\system\View\View.php(236): include('C:\\laragon\\www\\...')
#2 C:\laragon\www\edu\vendor\codeigniter4\framework\system\Common.php(1071): CodeIgniter\View\View->render('dashboard/parti...', Array, true)
#3 C:\laragon\www\edu\app\Views\dashboard\user\index.php(189): view('dashboard/parti...')
#4 C:\laragon\www\edu\vendor\codeigniter4\framework\system\View\View.php(236): include('C:\\laragon\\www\\...')
#5 C:\laragon\www\edu\vendor\codeigniter4\framework\system\Common.php(1071): CodeIgniter\View\View->render('dashboard/user/...', Array, true)
#6 C:\laragon\www\edu\app\Controllers\Usuario.php(118): view('dashboard/user/...', Array)
#7 C:\laragon\www\edu\app\Controllers\Usuario.php(22): App\Controllers\Usuario->_loadDefaultView('Listado de usua...', Array, 'index')
#8 C:\laragon\www\edu\vendor\codeigniter4\framework\system\CodeIgniter.php(910): App\Controllers\Usuario->index()
#9 C:\laragon\www\edu\vendor\codeigniter4\framework\system\CodeIgniter.php(398): CodeIgniter\CodeIgniter->runController(Object(App\Controllers\Usuario))
#10 C:\laragon\www\edu\vendor\codeigniter4\framework\system\CodeIgniter.php(306): CodeIgniter\CodeIgniter->handleRequest(NULL, Object(Config\Cache), false)
#11 C:\laragon\www\edu\public\index.php(45): CodeIgniter\CodeIgniter->run()
#12 {main}
CRITICAL - 2020-03-31 03:13:57 --> Undefined variable: validation
#0 C:\laragon\www\edu\app\Views\dashboard\partials\_form-error.php(1): CodeIgniter\Debug\Exceptions->errorHandler(8, 'Undefined varia...', 'C:\\laragon\\www\\...', 1, Array)
#1 C:\laragon\www\edu\vendor\codeigniter4\framework\system\View\View.php(236): include('C:\\laragon\\www\\...')
#2 C:\laragon\www\edu\vendor\codeigniter4\framework\system\Common.php(1071): CodeIgniter\View\View->render('dashboard/parti...', Array, true)
#3 C:\laragon\www\edu\app\Views\dashboard\user\index.php(189): view('dashboard/parti...')
#4 C:\laragon\www\edu\vendor\codeigniter4\framework\system\View\View.php(236): include('C:\\laragon\\www\\...')
#5 C:\laragon\www\edu\vendor\codeigniter4\framework\system\Common.php(1071): CodeIgniter\View\View->render('dashboard/user/...', Array, true)
#6 C:\laragon\www\edu\app\Controllers\Usuario.php(118): view('dashboard/user/...', Array)
#7 C:\laragon\www\edu\app\Controllers\Usuario.php(22): App\Controllers\Usuario->_loadDefaultView('Listado de usua...', Array, 'index')
#8 C:\laragon\www\edu\vendor\codeigniter4\framework\system\CodeIgniter.php(910): App\Controllers\Usuario->index()
#9 C:\laragon\www\edu\vendor\codeigniter4\framework\system\CodeIgniter.php(398): CodeIgniter\CodeIgniter->runController(Object(App\Controllers\Usuario))
#10 C:\laragon\www\edu\vendor\codeigniter4\framework\system\CodeIgniter.php(306): CodeIgniter\CodeIgniter->handleRequest(NULL, Object(Config\Cache), false)
#11 C:\laragon\www\edu\public\index.php(45): CodeIgniter\CodeIgniter->run()
#12 {main}
CRITICAL - 2020-03-31 03:13:59 --> Undefined variable: users
#0 C:\laragon\www\edu\app\Views\dashboard\user\index.php(392): CodeIgniter\Debug\Exceptions->errorHandler(8, 'Undefined varia...', 'C:\\laragon\\www\\...', 392, Array)
#1 C:\laragon\www\edu\vendor\codeigniter4\framework\system\View\View.php(236): include('C:\\laragon\\www\\...')
#2 C:\laragon\www\edu\vendor\codeigniter4\framework\system\Common.php(1071): CodeIgniter\View\View->render('dashboard/user/...', Array, true)
#3 C:\laragon\www\edu\app\Views\dashboard\user\new.php(5): view('dashboard/user/...', Array)
#4 C:\laragon\www\edu\vendor\codeigniter4\framework\system\View\View.php(236): include('C:\\laragon\\www\\...')
#5 C:\laragon\www\edu\vendor\codeigniter4\framework\system\Common.php(1071): CodeIgniter\View\View->render('dashboard/user/...', Array, true)
#6 C:\laragon\www\edu\app\Controllers\Usuario.php(118): view('dashboard/user/...', Array)
#7 C:\laragon\www\edu\app\Controllers\Usuario.php(31): App\Controllers\Usuario->_loadDefaultView('Crear usuario', Array, 'new')
#8 C:\laragon\www\edu\vendor\codeigniter4\framework\system\CodeIgniter.php(910): App\Controllers\Usuario->new()
#9 C:\laragon\www\edu\vendor\codeigniter4\framework\system\CodeIgniter.php(398): CodeIgniter\CodeIgniter->runController(Object(App\Controllers\Usuario))
#10 C:\laragon\www\edu\vendor\codeigniter4\framework\system\CodeIgniter.php(306): CodeIgniter\CodeIgniter->handleRequest(NULL, Object(Config\Cache), false)
#11 C:\laragon\www\edu\public\index.php(45): CodeIgniter\CodeIgniter->run()
#12 {main}
CRITICAL - 2020-03-31 03:14:02 --> Undefined variable: validation
#0 C:\laragon\www\edu\app\Views\dashboard\partials\_form-error.php(1): CodeIgniter\Debug\Exceptions->errorHandler(8, 'Undefined varia...', 'C:\\laragon\\www\\...', 1, Array)
#1 C:\laragon\www\edu\vendor\codeigniter4\framework\system\View\View.php(236): include('C:\\laragon\\www\\...')
#2 C:\laragon\www\edu\vendor\codeigniter4\framework\system\Common.php(1071): CodeIgniter\View\View->render('dashboard/parti...', Array, true)
#3 C:\laragon\www\edu\app\Views\dashboard\user\index.php(189): view('dashboard/parti...')
#4 C:\laragon\www\edu\vendor\codeigniter4\framework\system\View\View.php(236): include('C:\\laragon\\www\\...')
#5 C:\laragon\www\edu\vendor\codeigniter4\framework\system\Common.php(1071): CodeIgniter\View\View->render('dashboard/user/...', Array, true)
#6 C:\laragon\www\edu\app\Controllers\Usuario.php(118): view('dashboard/user/...', Array)
#7 C:\laragon\www\edu\app\Controllers\Usuario.php(22): App\Controllers\Usuario->_loadDefaultView('Listado de usua...', Array, 'index')
#8 C:\laragon\www\edu\vendor\codeigniter4\framework\system\CodeIgniter.php(910): App\Controllers\Usuario->index()
#9 C:\laragon\www\edu\vendor\codeigniter4\framework\system\CodeIgniter.php(398): CodeIgniter\CodeIgniter->runController(Object(App\Controllers\Usuario))
#10 C:\laragon\www\edu\vendor\codeigniter4\framework\system\CodeIgniter.php(306): CodeIgniter\CodeIgniter->handleRequest(NULL, Object(Config\Cache), false)
#11 C:\laragon\www\edu\public\index.php(45): CodeIgniter\CodeIgniter->run()
#12 {main}
CRITICAL - 2020-03-31 03:14:32 --> Undefined variable: users
#0 C:\laragon\www\edu\app\Views\dashboard\user\index.php(156): CodeIgniter\Debug\Exceptions->errorHandler(8, 'Undefined varia...', 'C:\\laragon\\www\\...', 156, Array)
#1 C:\laragon\www\edu\vendor\codeigniter4\framework\system\View\View.php(236): include('C:\\laragon\\www\\...')
#2 C:\laragon\www\edu\vendor\codeigniter4\framework\system\Common.php(1071): CodeIgniter\View\View->render('dashboard/user/...', Array, true)
#3 C:\laragon\www\edu\app\Views\dashboard\user\new.php(5): view('dashboard/user/...', Array)
#4 C:\laragon\www\edu\vendor\codeigniter4\framework\system\View\View.php(236): include('C:\\laragon\\www\\...')
#5 C:\laragon\www\edu\vendor\codeigniter4\framework\system\Common.php(1071): CodeIgniter\View\View->render('dashboard/user/...', Array, true)
#6 C:\laragon\www\edu\app\Controllers\Usuario.php(118): view('dashboard/user/...', Array)
#7 C:\laragon\www\edu\app\Controllers\Usuario.php(31): App\Controllers\Usuario->_loadDefaultView('Crear usuario', Array, 'new')
#8 C:\laragon\www\edu\vendor\codeigniter4\framework\system\CodeIgniter.php(910): App\Controllers\Usuario->new()
#9 C:\laragon\www\edu\vendor\codeigniter4\framework\system\CodeIgniter.php(398): CodeIgniter\CodeIgniter->runController(Object(App\Controllers\Usuario))
#10 C:\laragon\www\edu\vendor\codeigniter4\framework\system\CodeIgniter.php(306): CodeIgniter\CodeIgniter->handleRequest(NULL, Object(Config\Cache), false)
#11 C:\laragon\www\edu\public\index.php(45): CodeIgniter\CodeIgniter->run()
#12 {main}
CRITICAL - 2020-03-31 03:14:46 --> Undefined variable: users
#0 C:\laragon\www\edu\app\Views\dashboard\user\index.php(156): CodeIgniter\Debug\Exceptions->errorHandler(8, 'Undefined varia...', 'C:\\laragon\\www\\...', 156, Array)
#1 C:\laragon\www\edu\vendor\codeigniter4\framework\system\View\View.php(236): include('C:\\laragon\\www\\...')
#2 C:\laragon\www\edu\vendor\codeigniter4\framework\system\Common.php(1071): CodeIgniter\View\View->render('dashboard/user/...', Array, true)
#3 C:\laragon\www\edu\app\Views\dashboard\user\new.php(5): view('dashboard/user/...', Array)
#4 C:\laragon\www\edu\vendor\codeigniter4\framework\system\View\View.php(236): include('C:\\laragon\\www\\...')
#5 C:\laragon\www\edu\vendor\codeigniter4\framework\system\Common.php(1071): CodeIgniter\View\View->render('dashboard/user/...', Array, true)
#6 C:\laragon\www\edu\app\Controllers\Usuario.php(118): view('dashboard/user/...', Array)
#7 C:\laragon\www\edu\app\Controllers\Usuario.php(31): App\Controllers\Usuario->_loadDefaultView('Crear usuario', Array, 'new')
#8 C:\laragon\www\edu\vendor\codeigniter4\framework\system\CodeIgniter.php(910): App\Controllers\Usuario->new()
#9 C:\laragon\www\edu\vendor\codeigniter4\framework\system\CodeIgniter.php(398): CodeIgniter\CodeIgniter->runController(Object(App\Controllers\Usuario))
#10 C:\laragon\www\edu\vendor\codeigniter4\framework\system\CodeIgniter.php(306): CodeIgniter\CodeIgniter->handleRequest(NULL, Object(Config\Cache), false)
#11 C:\laragon\www\edu\public\index.php(45): CodeIgniter\CodeIgniter->run()
#12 {main}
CRITICAL - 2020-03-31 03:16:21 --> Undefined variable: created
#0 C:\laragon\www\edu\app\Views\dashboard\user\index.php(202): CodeIgniter\Debug\Exceptions->errorHandler(8, 'Undefined varia...', 'C:\\laragon\\www\\...', 202, Array)
#1 C:\laragon\www\edu\vendor\codeigniter4\framework\system\View\View.php(236): include('C:\\laragon\\www\\...')
#2 C:\laragon\www\edu\vendor\codeigniter4\framework\system\Common.php(1071): CodeIgniter\View\View->render('dashboard/user/...', Array, true)
#3 C:\laragon\www\edu\app\Controllers\Usuario.php(118): view('dashboard/user/...', Array)
#4 C:\laragon\www\edu\app\Controllers\Usuario.php(22): App\Controllers\Usuario->_loadDefaultView('Listado de usua...', Array, 'index')
#5 C:\laragon\www\edu\vendor\codeigniter4\framework\system\CodeIgniter.php(910): App\Controllers\Usuario->index()
#6 C:\laragon\www\edu\vendor\codeigniter4\framework\system\CodeIgniter.php(398): CodeIgniter\CodeIgniter->runController(Object(App\Controllers\Usuario))
#7 C:\laragon\www\edu\vendor\codeigniter4\framework\system\CodeIgniter.php(306): CodeIgniter\CodeIgniter->handleRequest(NULL, Object(Config\Cache), false)
#8 C:\laragon\www\edu\public\index.php(45): CodeIgniter\CodeIgniter->run()
#9 {main}
CRITICAL - 2020-03-31 03:16:34 --> Undefined variable: created
#0 C:\laragon\www\edu\app\Views\dashboard\user\index.php(202): CodeIgniter\Debug\Exceptions->errorHandler(8, 'Undefined varia...', 'C:\\laragon\\www\\...', 202, Array)
#1 C:\laragon\www\edu\vendor\codeigniter4\framework\system\View\View.php(236): include('C:\\laragon\\www\\...')
#2 C:\laragon\www\edu\vendor\codeigniter4\framework\system\Common.php(1071): CodeIgniter\View\View->render('dashboard/user/...', Array, true)
#3 C:\laragon\www\edu\app\Controllers\Usuario.php(118): view('dashboard/user/...', Array)
#4 C:\laragon\www\edu\app\Controllers\Usuario.php(22): App\Controllers\Usuario->_loadDefaultView('Listado de usua...', Array, 'index')
#5 C:\laragon\www\edu\vendor\codeigniter4\framework\system\CodeIgniter.php(910): App\Controllers\Usuario->index()
#6 C:\laragon\www\edu\vendor\codeigniter4\framework\system\CodeIgniter.php(398): CodeIgniter\CodeIgniter->runController(Object(App\Controllers\Usuario))
#7 C:\laragon\www\edu\vendor\codeigniter4\framework\system\CodeIgniter.php(306): CodeIgniter\CodeIgniter->handleRequest(NULL, Object(Config\Cache), false)
#8 C:\laragon\www\edu\public\index.php(45): CodeIgniter\CodeIgniter->run()
#9 {main}
CRITICAL - 2020-03-31 03:16:35 --> Undefined variable: created
#0 C:\laragon\www\edu\app\Views\dashboard\user\index.php(202): CodeIgniter\Debug\Exceptions->errorHandler(8, 'Undefined varia...', 'C:\\laragon\\www\\...', 202, Array)
#1 C:\laragon\www\edu\vendor\codeigniter4\framework\system\View\View.php(236): include('C:\\laragon\\www\\...')
#2 C:\laragon\www\edu\vendor\codeigniter4\framework\system\Common.php(1071): CodeIgniter\View\View->render('dashboard/user/...', Array, true)
#3 C:\laragon\www\edu\app\Controllers\Usuario.php(118): view('dashboard/user/...', Array)
#4 C:\laragon\www\edu\app\Controllers\Usuario.php(22): App\Controllers\Usuario->_loadDefaultView('Listado de usua...', Array, 'index')
#5 C:\laragon\www\edu\vendor\codeigniter4\framework\system\CodeIgniter.php(910): App\Controllers\Usuario->index()
#6 C:\laragon\www\edu\vendor\codeigniter4\framework\system\CodeIgniter.php(398): CodeIgniter\CodeIgniter->runController(Object(App\Controllers\Usuario))
#7 C:\laragon\www\edu\vendor\codeigniter4\framework\system\CodeIgniter.php(306): CodeIgniter\CodeIgniter->handleRequest(NULL, Object(Config\Cache), false)
#8 C:\laragon\www\edu\public\index.php(45): CodeIgniter\CodeIgniter->run()
#9 {main}
CRITICAL - 2020-03-31 03:16:37 --> Undefined variable: created
#0 C:\laragon\www\edu\app\Views\dashboard\user\index.php(202): CodeIgniter\Debug\Exceptions->errorHandler(8, 'Undefined varia...', 'C:\\laragon\\www\\...', 202, Array)
#1 C:\laragon\www\edu\vendor\codeigniter4\framework\system\View\View.php(236): include('C:\\laragon\\www\\...')
#2 C:\laragon\www\edu\vendor\codeigniter4\framework\system\Common.php(1071): CodeIgniter\View\View->render('dashboard/user/...', Array, true)
#3 C:\laragon\www\edu\app\Controllers\Usuario.php(118): view('dashboard/user/...', Array)
#4 C:\laragon\www\edu\app\Controllers\Usuario.php(22): App\Controllers\Usuario->_loadDefaultView('Listado de usua...', Array, 'index')
#5 C:\laragon\www\edu\vendor\codeigniter4\framework\system\CodeIgniter.php(910): App\Controllers\Usuario->index()
#6 C:\laragon\www\edu\vendor\codeigniter4\framework\system\CodeIgniter.php(398): CodeIgniter\CodeIgniter->runController(Object(App\Controllers\Usuario))
#7 C:\laragon\www\edu\vendor\codeigniter4\framework\system\CodeIgniter.php(306): CodeIgniter\CodeIgniter->handleRequest(NULL, Object(Config\Cache), false)
#8 C:\laragon\www\edu\public\index.php(45): CodeIgniter\CodeIgniter->run()
#9 {main}
CRITICAL - 2020-03-31 03:16:37 --> Undefined variable: created
#0 C:\laragon\www\edu\app\Views\dashboard\user\index.php(202): CodeIgniter\Debug\Exceptions->errorHandler(8, 'Undefined varia...', 'C:\\laragon\\www\\...', 202, Array)
#1 C:\laragon\www\edu\vendor\codeigniter4\framework\system\View\View.php(236): include('C:\\laragon\\www\\...')
#2 C:\laragon\www\edu\vendor\codeigniter4\framework\system\Common.php(1071): CodeIgniter\View\View->render('dashboard/user/...', Array, true)
#3 C:\laragon\www\edu\app\Controllers\Usuario.php(118): view('dashboard/user/...', Array)
#4 C:\laragon\www\edu\app\Controllers\Usuario.php(22): App\Controllers\Usuario->_loadDefaultView('Listado de usua...', Array, 'index')
#5 C:\laragon\www\edu\vendor\codeigniter4\framework\system\CodeIgniter.php(910): App\Controllers\Usuario->index()
#6 C:\laragon\www\edu\vendor\codeigniter4\framework\system\CodeIgniter.php(398): CodeIgniter\CodeIgniter->runController(Object(App\Controllers\Usuario))
#7 C:\laragon\www\edu\vendor\codeigniter4\framework\system\CodeIgniter.php(306): CodeIgniter\CodeIgniter->handleRequest(NULL, Object(Config\Cache), false)
#8 C:\laragon\www\edu\public\index.php(45): CodeIgniter\CodeIgniter->run()
#9 {main}
