CRITICAL - 2020-04-03 01:05:45 --> Undefined variable: title
#0 C:\laragon\www\edu\app\Controllers\pageErrorController.php(16): CodeIgniter\Debug\Exceptions->errorHandler(8, 'Undefined varia...', 'C:\\laragon\\www\\...', 16, Array)
#1 C:\laragon\www\edu\app\Controllers\pageErrorController.php(10): App\Controllers\pageErrorController->_loadDefaultView('Listado de usua...', 'pageError')
#2 C:\laragon\www\edu\vendor\codeigniter4\framework\system\CodeIgniter.php(910): App\Controllers\pageErrorController->index()
#3 C:\laragon\www\edu\vendor\codeigniter4\framework\system\CodeIgniter.php(398): CodeIgniter\CodeIgniter->runController(Object(App\Controllers\pageErrorController))
#4 C:\laragon\www\edu\vendor\codeigniter4\framework\system\CodeIgniter.php(306): CodeIgniter\CodeIgniter->handleRequest(NULL, Object(Config\Cache), false)
#5 C:\laragon\www\edu\public\index.php(45): CodeIgniter\CodeIgniter->run()
#6 {main}
CRITICAL - 2020-04-03 01:05:47 --> Undefined variable: title
#0 C:\laragon\www\edu\app\Controllers\pageErrorController.php(16): CodeIgniter\Debug\Exceptions->errorHandler(8, 'Undefined varia...', 'C:\\laragon\\www\\...', 16, Array)
#1 C:\laragon\www\edu\app\Controllers\pageErrorController.php(10): App\Controllers\pageErrorController->_loadDefaultView('Listado de usua...', 'pageError')
#2 C:\laragon\www\edu\vendor\codeigniter4\framework\system\CodeIgniter.php(910): App\Controllers\pageErrorController->index()
#3 C:\laragon\www\edu\vendor\codeigniter4\framework\system\CodeIgniter.php(398): CodeIgniter\CodeIgniter->runController(Object(App\Controllers\pageErrorController))
#4 C:\laragon\www\edu\vendor\codeigniter4\framework\system\CodeIgniter.php(306): CodeIgniter\CodeIgniter->handleRequest(NULL, Object(Config\Cache), false)
#5 C:\laragon\www\edu\public\index.php(45): CodeIgniter\CodeIgniter->run()
#6 {main}
CRITICAL - 2020-04-03 01:06:00 --> Undefined variable: dataHeader
#0 C:\laragon\www\edu\app\Controllers\pageErrorController.php(17): CodeIgniter\Debug\Exceptions->errorHandler(8, 'Undefined varia...', 'C:\\laragon\\www\\...', 17, Array)
#1 C:\laragon\www\edu\app\Controllers\pageErrorController.php(10): App\Controllers\pageErrorController->_loadDefaultView('Listado de usua...', 'pageError')
#2 C:\laragon\www\edu\vendor\codeigniter4\framework\system\CodeIgniter.php(910): App\Controllers\pageErrorController->index()
#3 C:\laragon\www\edu\vendor\codeigniter4\framework\system\CodeIgniter.php(398): CodeIgniter\CodeIgniter->runController(Object(App\Controllers\pageErrorController))
#4 C:\laragon\www\edu\vendor\codeigniter4\framework\system\CodeIgniter.php(306): CodeIgniter\CodeIgniter->handleRequest(NULL, Object(Config\Cache), false)
#5 C:\laragon\www\edu\public\index.php(45): CodeIgniter\CodeIgniter->run()
#6 {main}
CRITICAL - 2020-04-03 01:06:01 --> Undefined variable: dataHeader
#0 C:\laragon\www\edu\app\Controllers\pageErrorController.php(17): CodeIgniter\Debug\Exceptions->errorHandler(8, 'Undefined varia...', 'C:\\laragon\\www\\...', 17, Array)
#1 C:\laragon\www\edu\app\Controllers\pageErrorController.php(10): App\Controllers\pageErrorController->_loadDefaultView('Listado de usua...', 'pageError')
#2 C:\laragon\www\edu\vendor\codeigniter4\framework\system\CodeIgniter.php(910): App\Controllers\pageErrorController->index()
#3 C:\laragon\www\edu\vendor\codeigniter4\framework\system\CodeIgniter.php(398): CodeIgniter\CodeIgniter->runController(Object(App\Controllers\pageErrorController))
#4 C:\laragon\www\edu\vendor\codeigniter4\framework\system\CodeIgniter.php(306): CodeIgniter\CodeIgniter->handleRequest(NULL, Object(Config\Cache), false)
#5 C:\laragon\www\edu\public\index.php(45): CodeIgniter\CodeIgniter->run()
#6 {main}
CRITICAL - 2020-04-03 01:06:02 --> Undefined variable: dataHeader
#0 C:\laragon\www\edu\app\Controllers\pageErrorController.php(17): CodeIgniter\Debug\Exceptions->errorHandler(8, 'Undefined varia...', 'C:\\laragon\\www\\...', 17, Array)
#1 C:\laragon\www\edu\app\Controllers\pageErrorController.php(10): App\Controllers\pageErrorController->_loadDefaultView('Listado de usua...', 'pageError')
#2 C:\laragon\www\edu\vendor\codeigniter4\framework\system\CodeIgniter.php(910): App\Controllers\pageErrorController->index()
#3 C:\laragon\www\edu\vendor\codeigniter4\framework\system\CodeIgniter.php(398): CodeIgniter\CodeIgniter->runController(Object(App\Controllers\pageErrorController))
#4 C:\laragon\www\edu\vendor\codeigniter4\framework\system\CodeIgniter.php(306): CodeIgniter\CodeIgniter->handleRequest(NULL, Object(Config\Cache), false)
#5 C:\laragon\www\edu\public\index.php(45): CodeIgniter\CodeIgniter->run()
#6 {main}
CRITICAL - 2020-04-03 01:06:30 --> Undefined variable: dataHeader
#0 C:\laragon\www\edu\app\Controllers\pageErrorController.php(17): CodeIgniter\Debug\Exceptions->errorHandler(8, 'Undefined varia...', 'C:\\laragon\\www\\...', 17, Array)
#1 C:\laragon\www\edu\app\Controllers\pageErrorController.php(10): App\Controllers\pageErrorController->_loadDefaultView('pageError')
#2 C:\laragon\www\edu\vendor\codeigniter4\framework\system\CodeIgniter.php(910): App\Controllers\pageErrorController->index()
#3 C:\laragon\www\edu\vendor\codeigniter4\framework\system\CodeIgniter.php(398): CodeIgniter\CodeIgniter->runController(Object(App\Controllers\pageErrorController))
#4 C:\laragon\www\edu\vendor\codeigniter4\framework\system\CodeIgniter.php(306): CodeIgniter\CodeIgniter->handleRequest(NULL, Object(Config\Cache), false)
#5 C:\laragon\www\edu\public\index.php(45): CodeIgniter\CodeIgniter->run()
#6 {main}
CRITICAL - 2020-04-03 01:06:31 --> Undefined variable: dataHeader
#0 C:\laragon\www\edu\app\Controllers\pageErrorController.php(17): CodeIgniter\Debug\Exceptions->errorHandler(8, 'Undefined varia...', 'C:\\laragon\\www\\...', 17, Array)
#1 C:\laragon\www\edu\app\Controllers\pageErrorController.php(10): App\Controllers\pageErrorController->_loadDefaultView('pageError')
#2 C:\laragon\www\edu\vendor\codeigniter4\framework\system\CodeIgniter.php(910): App\Controllers\pageErrorController->index()
#3 C:\laragon\www\edu\vendor\codeigniter4\framework\system\CodeIgniter.php(398): CodeIgniter\CodeIgniter->runController(Object(App\Controllers\pageErrorController))
#4 C:\laragon\www\edu\vendor\codeigniter4\framework\system\CodeIgniter.php(306): CodeIgniter\CodeIgniter->handleRequest(NULL, Object(Config\Cache), false)
#5 C:\laragon\www\edu\public\index.php(45): CodeIgniter\CodeIgniter->run()
#6 {main}
CRITICAL - 2020-04-03 01:35:21 --> syntax error, unexpected ','
#0 C:\laragon\www\edu\vendor\codeigniter4\framework\system\Autoloader\Autoloader.php(296): CodeIgniter\Autoloader\Autoloader->requireFile('C:\\laragon\\www\\...')
#1 C:\laragon\www\edu\vendor\codeigniter4\framework\system\Autoloader\Autoloader.php(258): CodeIgniter\Autoloader\Autoloader->loadInNamespace('App\\Controllers...')
#2 [internal function]: CodeIgniter\Autoloader\Autoloader->loadClass('App\\Controllers...')
#3 [internal function]: spl_autoload_call('App\\Controllers...')
#4 C:\laragon\www\edu\vendor\codeigniter4\framework\system\CodeIgniter.php(861): class_exists('\\App\\Controller...', true)
#5 C:\laragon\www\edu\vendor\codeigniter4\framework\system\CodeIgniter.php(388): CodeIgniter\CodeIgniter->startController()
#6 C:\laragon\www\edu\vendor\codeigniter4\framework\system\CodeIgniter.php(306): CodeIgniter\CodeIgniter->handleRequest(NULL, Object(Config\Cache), false)
#7 C:\laragon\www\edu\public\index.php(45): CodeIgniter\CodeIgniter->run()
#8 {main}
CRITICAL - 2020-04-03 01:35:37 --> syntax error, unexpected ','
#0 C:\laragon\www\edu\vendor\codeigniter4\framework\system\Autoloader\Autoloader.php(296): CodeIgniter\Autoloader\Autoloader->requireFile('C:\\laragon\\www\\...')
#1 C:\laragon\www\edu\vendor\codeigniter4\framework\system\Autoloader\Autoloader.php(258): CodeIgniter\Autoloader\Autoloader->loadInNamespace('App\\Controllers...')
#2 [internal function]: CodeIgniter\Autoloader\Autoloader->loadClass('App\\Controllers...')
#3 [internal function]: spl_autoload_call('App\\Controllers...')
#4 C:\laragon\www\edu\vendor\codeigniter4\framework\system\CodeIgniter.php(861): class_exists('\\App\\Controller...', true)
#5 C:\laragon\www\edu\vendor\codeigniter4\framework\system\CodeIgniter.php(388): CodeIgniter\CodeIgniter->startController()
#6 C:\laragon\www\edu\vendor\codeigniter4\framework\system\CodeIgniter.php(306): CodeIgniter\CodeIgniter->handleRequest(NULL, Object(Config\Cache), false)
#7 C:\laragon\www\edu\public\index.php(45): CodeIgniter\CodeIgniter->run()
#8 {main}
CRITICAL - 2020-04-03 01:35:49 --> Call to undefined function App\Controllers\web\with()
#0 C:\laragon\www\edu\app\Controllers\web\User.php(11): App\Controllers\web\User->_redirectAuth()
#1 C:\laragon\www\edu\vendor\codeigniter4\framework\system\CodeIgniter.php(910): App\Controllers\web\User->login()
#2 C:\laragon\www\edu\vendor\codeigniter4\framework\system\CodeIgniter.php(398): CodeIgniter\CodeIgniter->runController(Object(App\Controllers\web\User))
#3 C:\laragon\www\edu\vendor\codeigniter4\framework\system\CodeIgniter.php(306): CodeIgniter\CodeIgniter->handleRequest(NULL, Object(Config\Cache), false)
#4 C:\laragon\www\edu\public\index.php(45): CodeIgniter\CodeIgniter->run()
#5 {main}
CRITICAL - 2020-04-03 01:35:53 --> Call to undefined function App\Controllers\web\with()
#0 C:\laragon\www\edu\app\Controllers\web\User.php(11): App\Controllers\web\User->_redirectAuth()
#1 C:\laragon\www\edu\vendor\codeigniter4\framework\system\CodeIgniter.php(910): App\Controllers\web\User->login()
#2 C:\laragon\www\edu\vendor\codeigniter4\framework\system\CodeIgniter.php(398): CodeIgniter\CodeIgniter->runController(Object(App\Controllers\web\User))
#3 C:\laragon\www\edu\vendor\codeigniter4\framework\system\CodeIgniter.php(306): CodeIgniter\CodeIgniter->handleRequest(NULL, Object(Config\Cache), false)
#4 C:\laragon\www\edu\public\index.php(45): CodeIgniter\CodeIgniter->run()
#5 {main}
CRITICAL - 2020-04-03 01:36:05 --> syntax error, unexpected '->' (T_OBJECT_OPERATOR), expecting ';'
#0 C:\laragon\www\edu\vendor\codeigniter4\framework\system\Autoloader\Autoloader.php(296): CodeIgniter\Autoloader\Autoloader->requireFile('C:\\laragon\\www\\...')
#1 C:\laragon\www\edu\vendor\codeigniter4\framework\system\Autoloader\Autoloader.php(258): CodeIgniter\Autoloader\Autoloader->loadInNamespace('App\\Controllers...')
#2 [internal function]: CodeIgniter\Autoloader\Autoloader->loadClass('App\\Controllers...')
#3 [internal function]: spl_autoload_call('App\\Controllers...')
#4 C:\laragon\www\edu\vendor\codeigniter4\framework\system\CodeIgniter.php(861): class_exists('\\App\\Controller...', true)
#5 C:\laragon\www\edu\vendor\codeigniter4\framework\system\CodeIgniter.php(388): CodeIgniter\CodeIgniter->startController()
#6 C:\laragon\www\edu\vendor\codeigniter4\framework\system\CodeIgniter.php(306): CodeIgniter\CodeIgniter->handleRequest(NULL, Object(Config\Cache), false)
#7 C:\laragon\www\edu\public\index.php(45): CodeIgniter\CodeIgniter->run()
#8 {main}
CRITICAL - 2020-04-03 01:36:06 --> syntax error, unexpected '->' (T_OBJECT_OPERATOR), expecting ';'
#0 C:\laragon\www\edu\vendor\codeigniter4\framework\system\Autoloader\Autoloader.php(296): CodeIgniter\Autoloader\Autoloader->requireFile('C:\\laragon\\www\\...')
#1 C:\laragon\www\edu\vendor\codeigniter4\framework\system\Autoloader\Autoloader.php(258): CodeIgniter\Autoloader\Autoloader->loadInNamespace('App\\Controllers...')
#2 [internal function]: CodeIgniter\Autoloader\Autoloader->loadClass('App\\Controllers...')
#3 [internal function]: spl_autoload_call('App\\Controllers...')
#4 C:\laragon\www\edu\vendor\codeigniter4\framework\system\CodeIgniter.php(861): class_exists('\\App\\Controller...', true)
#5 C:\laragon\www\edu\vendor\codeigniter4\framework\system\CodeIgniter.php(388): CodeIgniter\CodeIgniter->startController()
#6 C:\laragon\www\edu\vendor\codeigniter4\framework\system\CodeIgniter.php(306): CodeIgniter\CodeIgniter->handleRequest(NULL, Object(Config\Cache), false)
#7 C:\laragon\www\edu\public\index.php(45): CodeIgniter\CodeIgniter->run()
#8 {main}
CRITICAL - 2020-04-03 01:36:15 --> Call to undefined function App\Controllers\web\with()
#0 C:\laragon\www\edu\app\Controllers\web\User.php(11): App\Controllers\web\User->_redirectAuth()
#1 C:\laragon\www\edu\vendor\codeigniter4\framework\system\CodeIgniter.php(910): App\Controllers\web\User->login()
#2 C:\laragon\www\edu\vendor\codeigniter4\framework\system\CodeIgniter.php(398): CodeIgniter\CodeIgniter->runController(Object(App\Controllers\web\User))
#3 C:\laragon\www\edu\vendor\codeigniter4\framework\system\CodeIgniter.php(306): CodeIgniter\CodeIgniter->handleRequest(NULL, Object(Config\Cache), false)
#4 C:\laragon\www\edu\public\index.php(45): CodeIgniter\CodeIgniter->run()
#5 {main}
CRITICAL - 2020-04-03 01:47:58 --> syntax error, unexpected 'else' (T_ELSE)
#0 C:\laragon\www\edu\vendor\codeigniter4\framework\system\Autoloader\Autoloader.php(296): CodeIgniter\Autoloader\Autoloader->requireFile('C:\\laragon\\www\\...')
#1 C:\laragon\www\edu\vendor\codeigniter4\framework\system\Autoloader\Autoloader.php(258): CodeIgniter\Autoloader\Autoloader->loadInNamespace('App\\Controllers...')
#2 [internal function]: CodeIgniter\Autoloader\Autoloader->loadClass('App\\Controllers...')
#3 [internal function]: spl_autoload_call('App\\Controllers...')
#4 C:\laragon\www\edu\vendor\codeigniter4\framework\system\CodeIgniter.php(861): class_exists('\\App\\Controller...', true)
#5 C:\laragon\www\edu\vendor\codeigniter4\framework\system\CodeIgniter.php(388): CodeIgniter\CodeIgniter->startController()
#6 C:\laragon\www\edu\vendor\codeigniter4\framework\system\CodeIgniter.php(306): CodeIgniter\CodeIgniter->handleRequest(NULL, Object(Config\Cache), false)
#7 C:\laragon\www\edu\public\index.php(45): CodeIgniter\CodeIgniter->run()
#8 {main}
CRITICAL - 2020-04-03 02:14:48 --> Unknown column 'nasty' in 'where clause'
#0 C:\laragon\www\edu\vendor\codeigniter4\framework\system\Database\MySQLi\Connection.php(330): mysqli->query('SELECT `usuario...')
#1 C:\laragon\www\edu\vendor\codeigniter4\framework\system\Database\BaseConnection.php(738): CodeIgniter\Database\MySQLi\Connection->execute('SELECT `usuario...')
#2 C:\laragon\www\edu\vendor\codeigniter4\framework\system\Database\BaseConnection.php(666): CodeIgniter\Database\BaseConnection->simpleQuery('SELECT `usuario...')
#3 C:\laragon\www\edu\vendor\codeigniter4\framework\system\Database\BaseBuilder.php(1819): CodeIgniter\Database\BaseConnection->query('SELECT `usuario...', Array, false)
#4 C:\laragon\www\edu\vendor\codeigniter4\framework\system\Model.php(482): CodeIgniter\Database\BaseBuilder->get()
#5 C:\laragon\www\edu\app\Controllers\web\User.php(22): CodeIgniter\Model->first()
#6 C:\laragon\www\edu\vendor\codeigniter4\framework\system\CodeIgniter.php(910): App\Controllers\web\User->login_post()
#7 C:\laragon\www\edu\vendor\codeigniter4\framework\system\CodeIgniter.php(398): CodeIgniter\CodeIgniter->runController(Object(App\Controllers\web\User))
#8 C:\laragon\www\edu\vendor\codeigniter4\framework\system\CodeIgniter.php(306): CodeIgniter\CodeIgniter->handleRequest(NULL, Object(Config\Cache), false)
#9 C:\laragon\www\edu\public\index.php(45): CodeIgniter\CodeIgniter->run()
#10 {main}
CRITICAL - 2020-04-03 02:20:31 --> syntax error, unexpected '=', expecting ',' or ')'
#0 C:\laragon\www\edu\vendor\codeigniter4\framework\system\Autoloader\Autoloader.php(296): CodeIgniter\Autoloader\Autoloader->requireFile('C:\\laragon\\www\\...')
#1 C:\laragon\www\edu\vendor\codeigniter4\framework\system\Autoloader\Autoloader.php(258): CodeIgniter\Autoloader\Autoloader->loadInNamespace('App\\Controllers...')
#2 [internal function]: CodeIgniter\Autoloader\Autoloader->loadClass('App\\Controllers...')
#3 [internal function]: spl_autoload_call('App\\Controllers...')
#4 C:\laragon\www\edu\vendor\codeigniter4\framework\system\CodeIgniter.php(861): class_exists('\\App\\Controller...', true)
#5 C:\laragon\www\edu\vendor\codeigniter4\framework\system\CodeIgniter.php(388): CodeIgniter\CodeIgniter->startController()
#6 C:\laragon\www\edu\vendor\codeigniter4\framework\system\CodeIgniter.php(306): CodeIgniter\CodeIgniter->handleRequest(NULL, Object(Config\Cache), false)
#7 C:\laragon\www\edu\public\index.php(45): CodeIgniter\CodeIgniter->run()
#8 {main}
CRITICAL - 2020-04-03 02:25:23 --> syntax error, unexpected '=', expecting ',' or ')'
#0 C:\laragon\www\edu\vendor\codeigniter4\framework\system\Autoloader\Autoloader.php(296): CodeIgniter\Autoloader\Autoloader->requireFile('C:\\laragon\\www\\...')
#1 C:\laragon\www\edu\vendor\codeigniter4\framework\system\Autoloader\Autoloader.php(258): CodeIgniter\Autoloader\Autoloader->loadInNamespace('App\\Controllers...')
#2 [internal function]: CodeIgniter\Autoloader\Autoloader->loadClass('App\\Controllers...')
#3 [internal function]: spl_autoload_call('App\\Controllers...')
#4 C:\laragon\www\edu\vendor\codeigniter4\framework\system\CodeIgniter.php(861): class_exists('\\App\\Controller...', true)
#5 C:\laragon\www\edu\vendor\codeigniter4\framework\system\CodeIgniter.php(388): CodeIgniter\CodeIgniter->startController()
#6 C:\laragon\www\edu\vendor\codeigniter4\framework\system\CodeIgniter.php(306): CodeIgniter\CodeIgniter->handleRequest(NULL, Object(Config\Cache), false)
#7 C:\laragon\www\edu\public\index.php(45): CodeIgniter\CodeIgniter->run()
#8 {main}
CRITICAL - 2020-04-03 02:25:45 --> Call to a member function andWhere() on null
#0 C:\laragon\www\edu\vendor\codeigniter4\framework\system\CodeIgniter.php(910): App\Controllers\web\User->login_post()
#1 C:\laragon\www\edu\vendor\codeigniter4\framework\system\CodeIgniter.php(398): CodeIgniter\CodeIgniter->runController(Object(App\Controllers\web\User))
#2 C:\laragon\www\edu\vendor\codeigniter4\framework\system\CodeIgniter.php(306): CodeIgniter\CodeIgniter->handleRequest(NULL, Object(Config\Cache), false)
#3 C:\laragon\www\edu\public\index.php(45): CodeIgniter\CodeIgniter->run()
#4 {main}
