CRITICAL - 2020-04-07 00:03:16 --> Class 'App\Controllers\Catalogos\UsuariosModel' not found
#0 C:\laragon\www\edu\vendor\codeigniter4\framework\system\CodeIgniter.php(910): App\Controllers\Catalogos\Personas->new()
#1 C:\laragon\www\edu\vendor\codeigniter4\framework\system\CodeIgniter.php(398): CodeIgniter\CodeIgniter->runController(Object(App\Controllers\Catalogos\Personas))
#2 C:\laragon\www\edu\vendor\codeigniter4\framework\system\CodeIgniter.php(306): CodeIgniter\CodeIgniter->handleRequest(NULL, Object(Config\Cache), false)
#3 C:\laragon\www\edu\public\index.php(45): CodeIgniter\CodeIgniter->run()
#4 {main}
CRITICAL - 2020-04-07 00:04:33 --> Creating default object from empty value
#0 C:\laragon\www\edu\app\Views\Catalogos\personas\index.php(47): CodeIgniter\Debug\Exceptions->errorHandler(2, 'Creating defaul...', 'C:\\laragon\\www\\...', 47, Array)
#1 C:\laragon\www\edu\vendor\codeigniter4\framework\system\View\View.php(236): include('C:\\laragon\\www\\...')
#2 C:\laragon\www\edu\vendor\codeigniter4\framework\system\Common.php(1071): CodeIgniter\View\View->render('catalogos/perso...', Array, true)
#3 C:\laragon\www\edu\app\Controllers\Catalogos\Personas.php(105): view('catalogos/perso...', Array)
#4 C:\laragon\www\edu\app\Controllers\Catalogos\Personas.php(16): App\Controllers\Catalogos\Personas->_loadDefaultView('Listado de usua...', Array, 'index')
#5 C:\laragon\www\edu\vendor\codeigniter4\framework\system\CodeIgniter.php(910): App\Controllers\Catalogos\Personas->index()
#6 C:\laragon\www\edu\vendor\codeigniter4\framework\system\CodeIgniter.php(398): CodeIgniter\CodeIgniter->runController(Object(App\Controllers\Catalogos\Personas))
#7 C:\laragon\www\edu\vendor\codeigniter4\framework\system\CodeIgniter.php(306): CodeIgniter\CodeIgniter->handleRequest(NULL, Object(Config\Cache), false)
#8 C:\laragon\www\edu\public\index.php(45): CodeIgniter\CodeIgniter->run()
#9 {main}
CRITICAL - 2020-04-07 00:05:24 --> Creating default object from empty value
#0 C:\laragon\www\edu\app\Views\Catalogos\personas\index.php(47): CodeIgniter\Debug\Exceptions->errorHandler(2, 'Creating defaul...', 'C:\\laragon\\www\\...', 47, Array)
#1 C:\laragon\www\edu\vendor\codeigniter4\framework\system\View\View.php(236): include('C:\\laragon\\www\\...')
#2 C:\laragon\www\edu\vendor\codeigniter4\framework\system\Common.php(1071): CodeIgniter\View\View->render('catalogos/perso...', Array, true)
#3 C:\laragon\www\edu\app\Controllers\Catalogos\Personas.php(105): view('catalogos/perso...', Array)
#4 C:\laragon\www\edu\app\Controllers\Catalogos\Personas.php(16): App\Controllers\Catalogos\Personas->_loadDefaultView('Listado de usua...', Array, 'index')
#5 C:\laragon\www\edu\vendor\codeigniter4\framework\system\CodeIgniter.php(910): App\Controllers\Catalogos\Personas->index()
#6 C:\laragon\www\edu\vendor\codeigniter4\framework\system\CodeIgniter.php(398): CodeIgniter\CodeIgniter->runController(Object(App\Controllers\Catalogos\Personas))
#7 C:\laragon\www\edu\vendor\codeigniter4\framework\system\CodeIgniter.php(306): CodeIgniter\CodeIgniter->handleRequest(NULL, Object(Config\Cache), false)
#8 C:\laragon\www\edu\public\index.php(45): CodeIgniter\CodeIgniter->run()
#9 {main}
CRITICAL - 2020-04-07 00:05:25 --> Creating default object from empty value
#0 C:\laragon\www\edu\app\Views\Catalogos\personas\index.php(47): CodeIgniter\Debug\Exceptions->errorHandler(2, 'Creating defaul...', 'C:\\laragon\\www\\...', 47, Array)
#1 C:\laragon\www\edu\vendor\codeigniter4\framework\system\View\View.php(236): include('C:\\laragon\\www\\...')
#2 C:\laragon\www\edu\vendor\codeigniter4\framework\system\Common.php(1071): CodeIgniter\View\View->render('catalogos/perso...', Array, true)
#3 C:\laragon\www\edu\app\Controllers\Catalogos\Personas.php(105): view('catalogos/perso...', Array)
#4 C:\laragon\www\edu\app\Controllers\Catalogos\Personas.php(16): App\Controllers\Catalogos\Personas->_loadDefaultView('Listado de usua...', Array, 'index')
#5 C:\laragon\www\edu\vendor\codeigniter4\framework\system\CodeIgniter.php(910): App\Controllers\Catalogos\Personas->index()
#6 C:\laragon\www\edu\vendor\codeigniter4\framework\system\CodeIgniter.php(398): CodeIgniter\CodeIgniter->runController(Object(App\Controllers\Catalogos\Personas))
#7 C:\laragon\www\edu\vendor\codeigniter4\framework\system\CodeIgniter.php(306): CodeIgniter\CodeIgniter->handleRequest(NULL, Object(Config\Cache), false)
#8 C:\laragon\www\edu\public\index.php(45): CodeIgniter\CodeIgniter->run()
#9 {main}
CRITICAL - 2020-04-07 00:07:01 --> Creating default object from empty value
#0 C:\laragon\www\edu\app\Views\Catalogos\personas\index.php(47): CodeIgniter\Debug\Exceptions->errorHandler(2, 'Creating defaul...', 'C:\\laragon\\www\\...', 47, Array)
#1 C:\laragon\www\edu\vendor\codeigniter4\framework\system\View\View.php(236): include('C:\\laragon\\www\\...')
#2 C:\laragon\www\edu\vendor\codeigniter4\framework\system\Common.php(1071): CodeIgniter\View\View->render('catalogos/perso...', Array, true)
#3 C:\laragon\www\edu\app\Controllers\Catalogos\Personas.php(105): view('catalogos/perso...', Array)
#4 C:\laragon\www\edu\app\Controllers\Catalogos\Personas.php(16): App\Controllers\Catalogos\Personas->_loadDefaultView('Listado de usua...', Array, 'index')
#5 C:\laragon\www\edu\vendor\codeigniter4\framework\system\CodeIgniter.php(910): App\Controllers\Catalogos\Personas->index()
#6 C:\laragon\www\edu\vendor\codeigniter4\framework\system\CodeIgniter.php(398): CodeIgniter\CodeIgniter->runController(Object(App\Controllers\Catalogos\Personas))
#7 C:\laragon\www\edu\vendor\codeigniter4\framework\system\CodeIgniter.php(306): CodeIgniter\CodeIgniter->handleRequest(NULL, Object(Config\Cache), false)
#8 C:\laragon\www\edu\public\index.php(45): CodeIgniter\CodeIgniter->run()
#9 {main}
CRITICAL - 2020-04-07 00:07:02 --> Creating default object from empty value
#0 C:\laragon\www\edu\app\Views\Catalogos\personas\index.php(47): CodeIgniter\Debug\Exceptions->errorHandler(2, 'Creating defaul...', 'C:\\laragon\\www\\...', 47, Array)
#1 C:\laragon\www\edu\vendor\codeigniter4\framework\system\View\View.php(236): include('C:\\laragon\\www\\...')
#2 C:\laragon\www\edu\vendor\codeigniter4\framework\system\Common.php(1071): CodeIgniter\View\View->render('catalogos/perso...', Array, true)
#3 C:\laragon\www\edu\app\Controllers\Catalogos\Personas.php(105): view('catalogos/perso...', Array)
#4 C:\laragon\www\edu\app\Controllers\Catalogos\Personas.php(16): App\Controllers\Catalogos\Personas->_loadDefaultView('Listado de usua...', Array, 'index')
#5 C:\laragon\www\edu\vendor\codeigniter4\framework\system\CodeIgniter.php(910): App\Controllers\Catalogos\Personas->index()
#6 C:\laragon\www\edu\vendor\codeigniter4\framework\system\CodeIgniter.php(398): CodeIgniter\CodeIgniter->runController(Object(App\Controllers\Catalogos\Personas))
#7 C:\laragon\www\edu\vendor\codeigniter4\framework\system\CodeIgniter.php(306): CodeIgniter\CodeIgniter->handleRequest(NULL, Object(Config\Cache), false)
#8 C:\laragon\www\edu\public\index.php(45): CodeIgniter\CodeIgniter->run()
#9 {main}
CRITICAL - 2020-04-07 00:08:50 --> Class 'App\Controllers\Catalogos\UsuariosModel' not found
#0 C:\laragon\www\edu\vendor\codeigniter4\framework\system\CodeIgniter.php(910): App\Controllers\Catalogos\Personas->edit('2')
#1 C:\laragon\www\edu\vendor\codeigniter4\framework\system\CodeIgniter.php(398): CodeIgniter\CodeIgniter->runController(Object(App\Controllers\Catalogos\Personas))
#2 C:\laragon\www\edu\vendor\codeigniter4\framework\system\CodeIgniter.php(306): CodeIgniter\CodeIgniter->handleRequest(NULL, Object(Config\Cache), false)
#3 C:\laragon\www\edu\public\index.php(45): CodeIgniter\CodeIgniter->run()
#4 {main}
CRITICAL - 2020-04-07 00:15:46 --> Class 'App\Controllers\Catalogos\UsuariosModel' not found
#0 C:\laragon\www\edu\vendor\codeigniter4\framework\system\CodeIgniter.php(910): App\Controllers\Catalogos\Personas->edit('1')
#1 C:\laragon\www\edu\vendor\codeigniter4\framework\system\CodeIgniter.php(398): CodeIgniter\CodeIgniter->runController(Object(App\Controllers\Catalogos\Personas))
#2 C:\laragon\www\edu\vendor\codeigniter4\framework\system\CodeIgniter.php(306): CodeIgniter\CodeIgniter->handleRequest(NULL, Object(Config\Cache), false)
#3 C:\laragon\www\edu\public\index.php(45): CodeIgniter\CodeIgniter->run()
#4 {main}
CRITICAL - 2020-04-07 00:17:22 --> Undefined variable: user
#0 C:\laragon\www\edu\app\Views\Catalogos\personas\edit.php(2): CodeIgniter\Debug\Exceptions->errorHandler(8, 'Undefined varia...', 'C:\\laragon\\www\\...', 2, Array)
#1 C:\laragon\www\edu\vendor\codeigniter4\framework\system\View\View.php(236): include('C:\\laragon\\www\\...')
#2 C:\laragon\www\edu\vendor\codeigniter4\framework\system\Common.php(1071): CodeIgniter\View\View->render('catalogos/perso...', Array, true)
#3 C:\laragon\www\edu\app\Controllers\Catalogos\Personas.php(103): view('catalogos/perso...', Array)
#4 C:\laragon\www\edu\app\Controllers\Catalogos\Personas.php(57): App\Controllers\Catalogos\Personas->_loadDefaultView('Actualizar pers...', Array, 'edit')
#5 C:\laragon\www\edu\vendor\codeigniter4\framework\system\CodeIgniter.php(910): App\Controllers\Catalogos\Personas->edit('1')
#6 C:\laragon\www\edu\vendor\codeigniter4\framework\system\CodeIgniter.php(398): CodeIgniter\CodeIgniter->runController(Object(App\Controllers\Catalogos\Personas))
#7 C:\laragon\www\edu\vendor\codeigniter4\framework\system\CodeIgniter.php(306): CodeIgniter\CodeIgniter->handleRequest(NULL, Object(Config\Cache), false)
#8 C:\laragon\www\edu\public\index.php(45): CodeIgniter\CodeIgniter->run()
#9 {main}
CRITICAL - 2020-04-07 00:17:38 --> Undefined variable: user
#0 C:\laragon\www\edu\app\Views\Catalogos\personas\edit.php(2): CodeIgniter\Debug\Exceptions->errorHandler(8, 'Undefined varia...', 'C:\\laragon\\www\\...', 2, Array)
#1 C:\laragon\www\edu\vendor\codeigniter4\framework\system\View\View.php(236): include('C:\\laragon\\www\\...')
#2 C:\laragon\www\edu\vendor\codeigniter4\framework\system\Common.php(1071): CodeIgniter\View\View->render('catalogos/perso...', Array, true)
#3 C:\laragon\www\edu\app\Controllers\Catalogos\Personas.php(103): view('catalogos/perso...', Array)
#4 C:\laragon\www\edu\app\Controllers\Catalogos\Personas.php(57): App\Controllers\Catalogos\Personas->_loadDefaultView('Actualizar pers...', Array, 'edit')
#5 C:\laragon\www\edu\vendor\codeigniter4\framework\system\CodeIgniter.php(910): App\Controllers\Catalogos\Personas->edit('1')
#6 C:\laragon\www\edu\vendor\codeigniter4\framework\system\CodeIgniter.php(398): CodeIgniter\CodeIgniter->runController(Object(App\Controllers\Catalogos\Personas))
#7 C:\laragon\www\edu\vendor\codeigniter4\framework\system\CodeIgniter.php(306): CodeIgniter\CodeIgniter->handleRequest(NULL, Object(Config\Cache), false)
#8 C:\laragon\www\edu\public\index.php(45): CodeIgniter\CodeIgniter->run()
#9 {main}
CRITICAL - 2020-04-07 00:17:56 --> Undefined variable: personas
#0 C:\laragon\www\edu\app\Views\dashboard\user\_form.php(44): CodeIgniter\Debug\Exceptions->errorHandler(8, 'Undefined varia...', 'C:\\laragon\\www\\...', 44, Array)
#1 C:\laragon\www\edu\vendor\codeigniter4\framework\system\View\View.php(236): include('C:\\laragon\\www\\...')
#2 C:\laragon\www\edu\vendor\codeigniter4\framework\system\Common.php(1071): CodeIgniter\View\View->render('dashboard/user/...', Array, true)
#3 C:\laragon\www\edu\app\Views\Catalogos\personas\edit.php(3): view('dashboard/user/...', Array)
#4 C:\laragon\www\edu\vendor\codeigniter4\framework\system\View\View.php(236): include('C:\\laragon\\www\\...')
#5 C:\laragon\www\edu\vendor\codeigniter4\framework\system\Common.php(1071): CodeIgniter\View\View->render('catalogos/perso...', Array, true)
#6 C:\laragon\www\edu\app\Controllers\Catalogos\Personas.php(103): view('catalogos/perso...', Array)
#7 C:\laragon\www\edu\app\Controllers\Catalogos\Personas.php(57): App\Controllers\Catalogos\Personas->_loadDefaultView('Actualizar pers...', Array, 'edit')
#8 C:\laragon\www\edu\vendor\codeigniter4\framework\system\CodeIgniter.php(910): App\Controllers\Catalogos\Personas->edit('1')
#9 C:\laragon\www\edu\vendor\codeigniter4\framework\system\CodeIgniter.php(398): CodeIgniter\CodeIgniter->runController(Object(App\Controllers\Catalogos\Personas))
#10 C:\laragon\www\edu\vendor\codeigniter4\framework\system\CodeIgniter.php(306): CodeIgniter\CodeIgniter->handleRequest(NULL, Object(Config\Cache), false)
#11 C:\laragon\www\edu\public\index.php(45): CodeIgniter\CodeIgniter->run()
#12 {main}
CRITICAL - 2020-04-07 00:18:47 --> Undefined variable: persona
#0 C:\laragon\www\edu\app\Views\Catalogos\personas\edit.php(2): CodeIgniter\Debug\Exceptions->errorHandler(8, 'Undefined varia...', 'C:\\laragon\\www\\...', 2, Array)
#1 C:\laragon\www\edu\vendor\codeigniter4\framework\system\View\View.php(236): include('C:\\laragon\\www\\...')
#2 C:\laragon\www\edu\vendor\codeigniter4\framework\system\Common.php(1071): CodeIgniter\View\View->render('catalogos/perso...', Array, true)
#3 C:\laragon\www\edu\app\Controllers\Catalogos\Personas.php(103): view('catalogos/perso...', Array)
#4 C:\laragon\www\edu\app\Controllers\Catalogos\Personas.php(57): App\Controllers\Catalogos\Personas->_loadDefaultView('Actualizar pers...', Array, 'edit')
#5 C:\laragon\www\edu\vendor\codeigniter4\framework\system\CodeIgniter.php(910): App\Controllers\Catalogos\Personas->edit('1')
#6 C:\laragon\www\edu\vendor\codeigniter4\framework\system\CodeIgniter.php(398): CodeIgniter\CodeIgniter->runController(Object(App\Controllers\Catalogos\Personas))
#7 C:\laragon\www\edu\vendor\codeigniter4\framework\system\CodeIgniter.php(306): CodeIgniter\CodeIgniter->handleRequest(NULL, Object(Config\Cache), false)
#8 C:\laragon\www\edu\public\index.php(45): CodeIgniter\CodeIgniter->run()
#9 {main}
CRITICAL - 2020-04-07 00:18:58 --> Trying to get property 'personaId' of non-object
#0 C:\laragon\www\edu\app\Views\dashboard\user\_form.php(45): CodeIgniter\Debug\Exceptions->errorHandler(8, 'Trying to get p...', 'C:\\laragon\\www\\...', 45, Array)
#1 C:\laragon\www\edu\vendor\codeigniter4\framework\system\View\View.php(236): include('C:\\laragon\\www\\...')
#2 C:\laragon\www\edu\vendor\codeigniter4\framework\system\Common.php(1071): CodeIgniter\View\View->render('dashboard/user/...', Array, true)
#3 C:\laragon\www\edu\app\Views\Catalogos\personas\edit.php(3): view('dashboard/user/...', Array)
#4 C:\laragon\www\edu\vendor\codeigniter4\framework\system\View\View.php(236): include('C:\\laragon\\www\\...')
#5 C:\laragon\www\edu\vendor\codeigniter4\framework\system\Common.php(1071): CodeIgniter\View\View->render('catalogos/perso...', Array, true)
#6 C:\laragon\www\edu\app\Controllers\Catalogos\Personas.php(103): view('catalogos/perso...', Array)
#7 C:\laragon\www\edu\app\Controllers\Catalogos\Personas.php(57): App\Controllers\Catalogos\Personas->_loadDefaultView('Actualizar pers...', Array, 'edit')
#8 C:\laragon\www\edu\vendor\codeigniter4\framework\system\CodeIgniter.php(910): App\Controllers\Catalogos\Personas->edit('1')
#9 C:\laragon\www\edu\vendor\codeigniter4\framework\system\CodeIgniter.php(398): CodeIgniter\CodeIgniter->runController(Object(App\Controllers\Catalogos\Personas))
#10 C:\laragon\www\edu\vendor\codeigniter4\framework\system\CodeIgniter.php(306): CodeIgniter\CodeIgniter->handleRequest(NULL, Object(Config\Cache), false)
#11 C:\laragon\www\edu\public\index.php(45): CodeIgniter\CodeIgniter->run()
#12 {main}
CRITICAL - 2020-04-07 00:21:43 --> Trying to get property 'personaId' of non-object
#0 C:\laragon\www\edu\app\Views\dashboard\user\_form.php(45): CodeIgniter\Debug\Exceptions->errorHandler(8, 'Trying to get p...', 'C:\\laragon\\www\\...', 45, Array)
#1 C:\laragon\www\edu\vendor\codeigniter4\framework\system\View\View.php(236): include('C:\\laragon\\www\\...')
#2 C:\laragon\www\edu\vendor\codeigniter4\framework\system\Common.php(1071): CodeIgniter\View\View->render('dashboard/user/...', Array, true)
#3 C:\laragon\www\edu\app\Views\Catalogos\personas\edit.php(3): view('dashboard/user/...', Array)
#4 C:\laragon\www\edu\vendor\codeigniter4\framework\system\View\View.php(236): include('C:\\laragon\\www\\...')
#5 C:\laragon\www\edu\vendor\codeigniter4\framework\system\Common.php(1071): CodeIgniter\View\View->render('catalogos/perso...', Array, true)
#6 C:\laragon\www\edu\app\Controllers\Catalogos\Personas.php(103): view('catalogos/perso...', Array)
#7 C:\laragon\www\edu\app\Controllers\Catalogos\Personas.php(57): App\Controllers\Catalogos\Personas->_loadDefaultView('Actualizar pers...', Array, 'edit')
#8 C:\laragon\www\edu\vendor\codeigniter4\framework\system\CodeIgniter.php(910): App\Controllers\Catalogos\Personas->edit('1')
#9 C:\laragon\www\edu\vendor\codeigniter4\framework\system\CodeIgniter.php(398): CodeIgniter\CodeIgniter->runController(Object(App\Controllers\Catalogos\Personas))
#10 C:\laragon\www\edu\vendor\codeigniter4\framework\system\CodeIgniter.php(306): CodeIgniter\CodeIgniter->handleRequest(NULL, Object(Config\Cache), false)
#11 C:\laragon\www\edu\public\index.php(45): CodeIgniter\CodeIgniter->run()
#12 {main}
CRITICAL - 2020-04-07 00:22:15 --> Trying to get property 'personaId' of non-object
#0 C:\laragon\www\edu\app\Views\dashboard\user\_form.php(45): CodeIgniter\Debug\Exceptions->errorHandler(8, 'Trying to get p...', 'C:\\laragon\\www\\...', 45, Array)
#1 C:\laragon\www\edu\vendor\codeigniter4\framework\system\View\View.php(236): include('C:\\laragon\\www\\...')
#2 C:\laragon\www\edu\vendor\codeigniter4\framework\system\Common.php(1071): CodeIgniter\View\View->render('dashboard/user/...', Array, true)
#3 C:\laragon\www\edu\app\Views\Catalogos\personas\edit.php(3): view('dashboard/user/...', Array)
#4 C:\laragon\www\edu\vendor\codeigniter4\framework\system\View\View.php(236): include('C:\\laragon\\www\\...')
#5 C:\laragon\www\edu\vendor\codeigniter4\framework\system\Common.php(1071): CodeIgniter\View\View->render('catalogos/perso...', Array, true)
#6 C:\laragon\www\edu\app\Controllers\Catalogos\Personas.php(103): view('catalogos/perso...', Array)
#7 C:\laragon\www\edu\app\Controllers\Catalogos\Personas.php(57): App\Controllers\Catalogos\Personas->_loadDefaultView('Actualizar pers...', Array, 'edit')
#8 C:\laragon\www\edu\vendor\codeigniter4\framework\system\CodeIgniter.php(910): App\Controllers\Catalogos\Personas->edit('1')
#9 C:\laragon\www\edu\vendor\codeigniter4\framework\system\CodeIgniter.php(398): CodeIgniter\CodeIgniter->runController(Object(App\Controllers\Catalogos\Personas))
#10 C:\laragon\www\edu\vendor\codeigniter4\framework\system\CodeIgniter.php(306): CodeIgniter\CodeIgniter->handleRequest(NULL, Object(Config\Cache), false)
#11 C:\laragon\www\edu\public\index.php(45): CodeIgniter\CodeIgniter->run()
#12 {main}
CRITICAL - 2020-04-07 00:22:16 --> Trying to get property 'personaId' of non-object
#0 C:\laragon\www\edu\app\Views\dashboard\user\_form.php(45): CodeIgniter\Debug\Exceptions->errorHandler(8, 'Trying to get p...', 'C:\\laragon\\www\\...', 45, Array)
#1 C:\laragon\www\edu\vendor\codeigniter4\framework\system\View\View.php(236): include('C:\\laragon\\www\\...')
#2 C:\laragon\www\edu\vendor\codeigniter4\framework\system\Common.php(1071): CodeIgniter\View\View->render('dashboard/user/...', Array, true)
#3 C:\laragon\www\edu\app\Views\Catalogos\personas\edit.php(3): view('dashboard/user/...', Array)
#4 C:\laragon\www\edu\vendor\codeigniter4\framework\system\View\View.php(236): include('C:\\laragon\\www\\...')
#5 C:\laragon\www\edu\vendor\codeigniter4\framework\system\Common.php(1071): CodeIgniter\View\View->render('catalogos/perso...', Array, true)
#6 C:\laragon\www\edu\app\Controllers\Catalogos\Personas.php(103): view('catalogos/perso...', Array)
#7 C:\laragon\www\edu\app\Controllers\Catalogos\Personas.php(57): App\Controllers\Catalogos\Personas->_loadDefaultView('Actualizar pers...', Array, 'edit')
#8 C:\laragon\www\edu\vendor\codeigniter4\framework\system\CodeIgniter.php(910): App\Controllers\Catalogos\Personas->edit('1')
#9 C:\laragon\www\edu\vendor\codeigniter4\framework\system\CodeIgniter.php(398): CodeIgniter\CodeIgniter->runController(Object(App\Controllers\Catalogos\Personas))
#10 C:\laragon\www\edu\vendor\codeigniter4\framework\system\CodeIgniter.php(306): CodeIgniter\CodeIgniter->handleRequest(NULL, Object(Config\Cache), false)
#11 C:\laragon\www\edu\public\index.php(45): CodeIgniter\CodeIgniter->run()
#12 {main}
CRITICAL - 2020-04-07 00:23:06 --> Trying to get property 'personaId' of non-object
#0 C:\laragon\www\edu\app\Views\dashboard\user\_form.php(45): CodeIgniter\Debug\Exceptions->errorHandler(8, 'Trying to get p...', 'C:\\laragon\\www\\...', 45, Array)
#1 C:\laragon\www\edu\vendor\codeigniter4\framework\system\View\View.php(236): include('C:\\laragon\\www\\...')
#2 C:\laragon\www\edu\vendor\codeigniter4\framework\system\Common.php(1071): CodeIgniter\View\View->render('dashboard/user/...', Array, true)
#3 C:\laragon\www\edu\app\Views\Catalogos\personas\edit.php(3): view('dashboard/user/...', Array)
#4 C:\laragon\www\edu\vendor\codeigniter4\framework\system\View\View.php(236): include('C:\\laragon\\www\\...')
#5 C:\laragon\www\edu\vendor\codeigniter4\framework\system\Common.php(1071): CodeIgniter\View\View->render('catalogos/perso...', Array, true)
#6 C:\laragon\www\edu\app\Controllers\Catalogos\Personas.php(103): view('catalogos/perso...', Array)
#7 C:\laragon\www\edu\app\Controllers\Catalogos\Personas.php(57): App\Controllers\Catalogos\Personas->_loadDefaultView('Actualizar pers...', Array, 'edit')
#8 C:\laragon\www\edu\vendor\codeigniter4\framework\system\CodeIgniter.php(910): App\Controllers\Catalogos\Personas->edit('1')
#9 C:\laragon\www\edu\vendor\codeigniter4\framework\system\CodeIgniter.php(398): CodeIgniter\CodeIgniter->runController(Object(App\Controllers\Catalogos\Personas))
#10 C:\laragon\www\edu\vendor\codeigniter4\framework\system\CodeIgniter.php(306): CodeIgniter\CodeIgniter->handleRequest(NULL, Object(Config\Cache), false)
#11 C:\laragon\www\edu\public\index.php(45): CodeIgniter\CodeIgniter->run()
#12 {main}
CRITICAL - 2020-04-07 00:23:07 --> Trying to get property 'personaId' of non-object
#0 C:\laragon\www\edu\app\Views\dashboard\user\_form.php(45): CodeIgniter\Debug\Exceptions->errorHandler(8, 'Trying to get p...', 'C:\\laragon\\www\\...', 45, Array)
#1 C:\laragon\www\edu\vendor\codeigniter4\framework\system\View\View.php(236): include('C:\\laragon\\www\\...')
#2 C:\laragon\www\edu\vendor\codeigniter4\framework\system\Common.php(1071): CodeIgniter\View\View->render('dashboard/user/...', Array, true)
#3 C:\laragon\www\edu\app\Views\Catalogos\personas\edit.php(3): view('dashboard/user/...', Array)
#4 C:\laragon\www\edu\vendor\codeigniter4\framework\system\View\View.php(236): include('C:\\laragon\\www\\...')
#5 C:\laragon\www\edu\vendor\codeigniter4\framework\system\Common.php(1071): CodeIgniter\View\View->render('catalogos/perso...', Array, true)
#6 C:\laragon\www\edu\app\Controllers\Catalogos\Personas.php(103): view('catalogos/perso...', Array)
#7 C:\laragon\www\edu\app\Controllers\Catalogos\Personas.php(57): App\Controllers\Catalogos\Personas->_loadDefaultView('Actualizar pers...', Array, 'edit')
#8 C:\laragon\www\edu\vendor\codeigniter4\framework\system\CodeIgniter.php(910): App\Controllers\Catalogos\Personas->edit('1')
#9 C:\laragon\www\edu\vendor\codeigniter4\framework\system\CodeIgniter.php(398): CodeIgniter\CodeIgniter->runController(Object(App\Controllers\Catalogos\Personas))
#10 C:\laragon\www\edu\vendor\codeigniter4\framework\system\CodeIgniter.php(306): CodeIgniter\CodeIgniter->handleRequest(NULL, Object(Config\Cache), false)
#11 C:\laragon\www\edu\public\index.php(45): CodeIgniter\CodeIgniter->run()
#12 {main}
CRITICAL - 2020-04-07 00:23:07 --> Trying to get property 'personaId' of non-object
#0 C:\laragon\www\edu\app\Views\dashboard\user\_form.php(45): CodeIgniter\Debug\Exceptions->errorHandler(8, 'Trying to get p...', 'C:\\laragon\\www\\...', 45, Array)
#1 C:\laragon\www\edu\vendor\codeigniter4\framework\system\View\View.php(236): include('C:\\laragon\\www\\...')
#2 C:\laragon\www\edu\vendor\codeigniter4\framework\system\Common.php(1071): CodeIgniter\View\View->render('dashboard/user/...', Array, true)
#3 C:\laragon\www\edu\app\Views\Catalogos\personas\edit.php(3): view('dashboard/user/...', Array)
#4 C:\laragon\www\edu\vendor\codeigniter4\framework\system\View\View.php(236): include('C:\\laragon\\www\\...')
#5 C:\laragon\www\edu\vendor\codeigniter4\framework\system\Common.php(1071): CodeIgniter\View\View->render('catalogos/perso...', Array, true)
#6 C:\laragon\www\edu\app\Controllers\Catalogos\Personas.php(103): view('catalogos/perso...', Array)
#7 C:\laragon\www\edu\app\Controllers\Catalogos\Personas.php(57): App\Controllers\Catalogos\Personas->_loadDefaultView('Actualizar pers...', Array, 'edit')
#8 C:\laragon\www\edu\vendor\codeigniter4\framework\system\CodeIgniter.php(910): App\Controllers\Catalogos\Personas->edit('1')
#9 C:\laragon\www\edu\vendor\codeigniter4\framework\system\CodeIgniter.php(398): CodeIgniter\CodeIgniter->runController(Object(App\Controllers\Catalogos\Personas))
#10 C:\laragon\www\edu\vendor\codeigniter4\framework\system\CodeIgniter.php(306): CodeIgniter\CodeIgniter->handleRequest(NULL, Object(Config\Cache), false)
#11 C:\laragon\www\edu\public\index.php(45): CodeIgniter\CodeIgniter->run()
#12 {main}
CRITICAL - 2020-04-07 00:23:08 --> Trying to get property 'personaId' of non-object
#0 C:\laragon\www\edu\app\Views\dashboard\user\_form.php(45): CodeIgniter\Debug\Exceptions->errorHandler(8, 'Trying to get p...', 'C:\\laragon\\www\\...', 45, Array)
#1 C:\laragon\www\edu\vendor\codeigniter4\framework\system\View\View.php(236): include('C:\\laragon\\www\\...')
#2 C:\laragon\www\edu\vendor\codeigniter4\framework\system\Common.php(1071): CodeIgniter\View\View->render('dashboard/user/...', Array, true)
#3 C:\laragon\www\edu\app\Views\Catalogos\personas\edit.php(3): view('dashboard/user/...', Array)
#4 C:\laragon\www\edu\vendor\codeigniter4\framework\system\View\View.php(236): include('C:\\laragon\\www\\...')
#5 C:\laragon\www\edu\vendor\codeigniter4\framework\system\Common.php(1071): CodeIgniter\View\View->render('catalogos/perso...', Array, true)
#6 C:\laragon\www\edu\app\Controllers\Catalogos\Personas.php(103): view('catalogos/perso...', Array)
#7 C:\laragon\www\edu\app\Controllers\Catalogos\Personas.php(57): App\Controllers\Catalogos\Personas->_loadDefaultView('Actualizar pers...', Array, 'edit')
#8 C:\laragon\www\edu\vendor\codeigniter4\framework\system\CodeIgniter.php(910): App\Controllers\Catalogos\Personas->edit('1')
#9 C:\laragon\www\edu\vendor\codeigniter4\framework\system\CodeIgniter.php(398): CodeIgniter\CodeIgniter->runController(Object(App\Controllers\Catalogos\Personas))
#10 C:\laragon\www\edu\vendor\codeigniter4\framework\system\CodeIgniter.php(306): CodeIgniter\CodeIgniter->handleRequest(NULL, Object(Config\Cache), false)
#11 C:\laragon\www\edu\public\index.php(45): CodeIgniter\CodeIgniter->run()
#12 {main}
CRITICAL - 2020-04-07 00:23:15 --> Trying to get property 'personaId' of non-object
#0 C:\laragon\www\edu\app\Views\dashboard\user\_form.php(45): CodeIgniter\Debug\Exceptions->errorHandler(8, 'Trying to get p...', 'C:\\laragon\\www\\...', 45, Array)
#1 C:\laragon\www\edu\vendor\codeigniter4\framework\system\View\View.php(236): include('C:\\laragon\\www\\...')
#2 C:\laragon\www\edu\vendor\codeigniter4\framework\system\Common.php(1071): CodeIgniter\View\View->render('dashboard/user/...', Array, true)
#3 C:\laragon\www\edu\app\Views\Catalogos\personas\edit.php(3): view('dashboard/user/...', Array)
#4 C:\laragon\www\edu\vendor\codeigniter4\framework\system\View\View.php(236): include('C:\\laragon\\www\\...')
#5 C:\laragon\www\edu\vendor\codeigniter4\framework\system\Common.php(1071): CodeIgniter\View\View->render('catalogos/perso...', Array, true)
#6 C:\laragon\www\edu\app\Controllers\Catalogos\Personas.php(103): view('catalogos/perso...', Array)
#7 C:\laragon\www\edu\app\Controllers\Catalogos\Personas.php(57): App\Controllers\Catalogos\Personas->_loadDefaultView('Actualizar pers...', Array, 'edit')
#8 C:\laragon\www\edu\vendor\codeigniter4\framework\system\CodeIgniter.php(910): App\Controllers\Catalogos\Personas->edit('1')
#9 C:\laragon\www\edu\vendor\codeigniter4\framework\system\CodeIgniter.php(398): CodeIgniter\CodeIgniter->runController(Object(App\Controllers\Catalogos\Personas))
#10 C:\laragon\www\edu\vendor\codeigniter4\framework\system\CodeIgniter.php(306): CodeIgniter\CodeIgniter->handleRequest(NULL, Object(Config\Cache), false)
#11 C:\laragon\www\edu\public\index.php(45): CodeIgniter\CodeIgniter->run()
#12 {main}
CRITICAL - 2020-04-07 00:23:38 --> Trying to get property 'personaId' of non-object
#0 C:\laragon\www\edu\app\Views\dashboard\user\_form.php(45): CodeIgniter\Debug\Exceptions->errorHandler(8, 'Trying to get p...', 'C:\\laragon\\www\\...', 45, Array)
#1 C:\laragon\www\edu\vendor\codeigniter4\framework\system\View\View.php(236): include('C:\\laragon\\www\\...')
#2 C:\laragon\www\edu\vendor\codeigniter4\framework\system\Common.php(1071): CodeIgniter\View\View->render('dashboard/user/...', Array, true)
#3 C:\laragon\www\edu\app\Views\Catalogos\personas\edit.php(3): view('dashboard/user/...', Array)
#4 C:\laragon\www\edu\vendor\codeigniter4\framework\system\View\View.php(236): include('C:\\laragon\\www\\...')
#5 C:\laragon\www\edu\vendor\codeigniter4\framework\system\Common.php(1071): CodeIgniter\View\View->render('catalogos/perso...', Array, true)
#6 C:\laragon\www\edu\app\Controllers\Catalogos\Personas.php(103): view('catalogos/perso...', Array)
#7 C:\laragon\www\edu\app\Controllers\Catalogos\Personas.php(57): App\Controllers\Catalogos\Personas->_loadDefaultView('Actualizar pers...', Array, 'edit')
#8 C:\laragon\www\edu\vendor\codeigniter4\framework\system\CodeIgniter.php(910): App\Controllers\Catalogos\Personas->edit('1')
#9 C:\laragon\www\edu\vendor\codeigniter4\framework\system\CodeIgniter.php(398): CodeIgniter\CodeIgniter->runController(Object(App\Controllers\Catalogos\Personas))
#10 C:\laragon\www\edu\vendor\codeigniter4\framework\system\CodeIgniter.php(306): CodeIgniter\CodeIgniter->handleRequest(NULL, Object(Config\Cache), false)
#11 C:\laragon\www\edu\public\index.php(45): CodeIgniter\CodeIgniter->run()
#12 {main}
CRITICAL - 2020-04-07 00:24:26 --> Trying to get property 'personaId' of non-object
#0 C:\laragon\www\edu\app\Views\dashboard\user\_form.php(45): CodeIgniter\Debug\Exceptions->errorHandler(8, 'Trying to get p...', 'C:\\laragon\\www\\...', 45, Array)
#1 C:\laragon\www\edu\vendor\codeigniter4\framework\system\View\View.php(236): include('C:\\laragon\\www\\...')
#2 C:\laragon\www\edu\vendor\codeigniter4\framework\system\Common.php(1071): CodeIgniter\View\View->render('dashboard/user/...', Array, true)
#3 C:\laragon\www\edu\app\Views\Catalogos\personas\edit.php(3): view('dashboard/user/...', Array)
#4 C:\laragon\www\edu\vendor\codeigniter4\framework\system\View\View.php(236): include('C:\\laragon\\www\\...')
#5 C:\laragon\www\edu\vendor\codeigniter4\framework\system\Common.php(1071): CodeIgniter\View\View->render('catalogos/perso...', Array, true)
#6 C:\laragon\www\edu\app\Controllers\Catalogos\Personas.php(103): view('catalogos/perso...', Array)
#7 C:\laragon\www\edu\app\Controllers\Catalogos\Personas.php(57): App\Controllers\Catalogos\Personas->_loadDefaultView('Actualizar pers...', Array, 'edit')
#8 C:\laragon\www\edu\vendor\codeigniter4\framework\system\CodeIgniter.php(910): App\Controllers\Catalogos\Personas->edit('1')
#9 C:\laragon\www\edu\vendor\codeigniter4\framework\system\CodeIgniter.php(398): CodeIgniter\CodeIgniter->runController(Object(App\Controllers\Catalogos\Personas))
#10 C:\laragon\www\edu\vendor\codeigniter4\framework\system\CodeIgniter.php(306): CodeIgniter\CodeIgniter->handleRequest(NULL, Object(Config\Cache), false)
#11 C:\laragon\www\edu\public\index.php(45): CodeIgniter\CodeIgniter->run()
#12 {main}
CRITICAL - 2020-04-07 00:24:26 --> Trying to get property 'personaId' of non-object
#0 C:\laragon\www\edu\app\Views\dashboard\user\_form.php(45): CodeIgniter\Debug\Exceptions->errorHandler(8, 'Trying to get p...', 'C:\\laragon\\www\\...', 45, Array)
#1 C:\laragon\www\edu\vendor\codeigniter4\framework\system\View\View.php(236): include('C:\\laragon\\www\\...')
#2 C:\laragon\www\edu\vendor\codeigniter4\framework\system\Common.php(1071): CodeIgniter\View\View->render('dashboard/user/...', Array, true)
#3 C:\laragon\www\edu\app\Views\Catalogos\personas\edit.php(3): view('dashboard/user/...', Array)
#4 C:\laragon\www\edu\vendor\codeigniter4\framework\system\View\View.php(236): include('C:\\laragon\\www\\...')
#5 C:\laragon\www\edu\vendor\codeigniter4\framework\system\Common.php(1071): CodeIgniter\View\View->render('catalogos/perso...', Array, true)
#6 C:\laragon\www\edu\app\Controllers\Catalogos\Personas.php(103): view('catalogos/perso...', Array)
#7 C:\laragon\www\edu\app\Controllers\Catalogos\Personas.php(57): App\Controllers\Catalogos\Personas->_loadDefaultView('Actualizar pers...', Array, 'edit')
#8 C:\laragon\www\edu\vendor\codeigniter4\framework\system\CodeIgniter.php(910): App\Controllers\Catalogos\Personas->edit('1')
#9 C:\laragon\www\edu\vendor\codeigniter4\framework\system\CodeIgniter.php(398): CodeIgniter\CodeIgniter->runController(Object(App\Controllers\Catalogos\Personas))
#10 C:\laragon\www\edu\vendor\codeigniter4\framework\system\CodeIgniter.php(306): CodeIgniter\CodeIgniter->handleRequest(NULL, Object(Config\Cache), false)
#11 C:\laragon\www\edu\public\index.php(45): CodeIgniter\CodeIgniter->run()
#12 {main}
CRITICAL - 2020-04-07 00:24:27 --> Trying to get property 'personaId' of non-object
#0 C:\laragon\www\edu\app\Views\dashboard\user\_form.php(45): CodeIgniter\Debug\Exceptions->errorHandler(8, 'Trying to get p...', 'C:\\laragon\\www\\...', 45, Array)
#1 C:\laragon\www\edu\vendor\codeigniter4\framework\system\View\View.php(236): include('C:\\laragon\\www\\...')
#2 C:\laragon\www\edu\vendor\codeigniter4\framework\system\Common.php(1071): CodeIgniter\View\View->render('dashboard/user/...', Array, true)
#3 C:\laragon\www\edu\app\Views\Catalogos\personas\edit.php(3): view('dashboard/user/...', Array)
#4 C:\laragon\www\edu\vendor\codeigniter4\framework\system\View\View.php(236): include('C:\\laragon\\www\\...')
#5 C:\laragon\www\edu\vendor\codeigniter4\framework\system\Common.php(1071): CodeIgniter\View\View->render('catalogos/perso...', Array, true)
#6 C:\laragon\www\edu\app\Controllers\Catalogos\Personas.php(103): view('catalogos/perso...', Array)
#7 C:\laragon\www\edu\app\Controllers\Catalogos\Personas.php(57): App\Controllers\Catalogos\Personas->_loadDefaultView('Actualizar pers...', Array, 'edit')
#8 C:\laragon\www\edu\vendor\codeigniter4\framework\system\CodeIgniter.php(910): App\Controllers\Catalogos\Personas->edit('1')
#9 C:\laragon\www\edu\vendor\codeigniter4\framework\system\CodeIgniter.php(398): CodeIgniter\CodeIgniter->runController(Object(App\Controllers\Catalogos\Personas))
#10 C:\laragon\www\edu\vendor\codeigniter4\framework\system\CodeIgniter.php(306): CodeIgniter\CodeIgniter->handleRequest(NULL, Object(Config\Cache), false)
#11 C:\laragon\www\edu\public\index.php(45): CodeIgniter\CodeIgniter->run()
#12 {main}
CRITICAL - 2020-04-07 00:25:02 --> Invalid file: dashboard/personas/_form.php
#0 C:\laragon\www\edu\vendor\codeigniter4\framework\system\View\View.php(224): CodeIgniter\Exceptions\FrameworkException::forInvalidFile('dashboard/perso...')
#1 C:\laragon\www\edu\vendor\codeigniter4\framework\system\Common.php(1071): CodeIgniter\View\View->render('dashboard/perso...', Array, true)
#2 C:\laragon\www\edu\app\Views\Catalogos\personas\edit.php(3): view('dashboard/perso...', Array)
#3 C:\laragon\www\edu\vendor\codeigniter4\framework\system\View\View.php(236): include('C:\\laragon\\www\\...')
#4 C:\laragon\www\edu\vendor\codeigniter4\framework\system\Common.php(1071): CodeIgniter\View\View->render('catalogos/perso...', Array, true)
#5 C:\laragon\www\edu\app\Controllers\Catalogos\Personas.php(103): view('catalogos/perso...', Array)
#6 C:\laragon\www\edu\app\Controllers\Catalogos\Personas.php(57): App\Controllers\Catalogos\Personas->_loadDefaultView('Actualizar pers...', Array, 'edit')
#7 C:\laragon\www\edu\vendor\codeigniter4\framework\system\CodeIgniter.php(910): App\Controllers\Catalogos\Personas->edit('1')
#8 C:\laragon\www\edu\vendor\codeigniter4\framework\system\CodeIgniter.php(398): CodeIgniter\CodeIgniter->runController(Object(App\Controllers\Catalogos\Personas))
#9 C:\laragon\www\edu\vendor\codeigniter4\framework\system\CodeIgniter.php(306): CodeIgniter\CodeIgniter->handleRequest(NULL, Object(Config\Cache), false)
#10 C:\laragon\www\edu\public\index.php(45): CodeIgniter\CodeIgniter->run()
#11 {main}
CRITICAL - 2020-04-07 00:25:42 --> Trying to get property 'personaId' of non-object
#0 C:\laragon\www\edu\app\Views\Catalogos\personas\_form.php(45): CodeIgniter\Debug\Exceptions->errorHandler(8, 'Trying to get p...', 'C:\\laragon\\www\\...', 45, Array)
#1 C:\laragon\www\edu\vendor\codeigniter4\framework\system\View\View.php(236): include('C:\\laragon\\www\\...')
#2 C:\laragon\www\edu\vendor\codeigniter4\framework\system\Common.php(1071): CodeIgniter\View\View->render('Catalogos/perso...', Array, true)
#3 C:\laragon\www\edu\app\Views\Catalogos\personas\edit.php(3): view('Catalogos/perso...', Array)
#4 C:\laragon\www\edu\vendor\codeigniter4\framework\system\View\View.php(236): include('C:\\laragon\\www\\...')
#5 C:\laragon\www\edu\vendor\codeigniter4\framework\system\Common.php(1071): CodeIgniter\View\View->render('catalogos/perso...', Array, true)
#6 C:\laragon\www\edu\app\Controllers\Catalogos\Personas.php(103): view('catalogos/perso...', Array)
#7 C:\laragon\www\edu\app\Controllers\Catalogos\Personas.php(57): App\Controllers\Catalogos\Personas->_loadDefaultView('Actualizar pers...', Array, 'edit')
#8 C:\laragon\www\edu\vendor\codeigniter4\framework\system\CodeIgniter.php(910): App\Controllers\Catalogos\Personas->edit('1')
#9 C:\laragon\www\edu\vendor\codeigniter4\framework\system\CodeIgniter.php(398): CodeIgniter\CodeIgniter->runController(Object(App\Controllers\Catalogos\Personas))
#10 C:\laragon\www\edu\vendor\codeigniter4\framework\system\CodeIgniter.php(306): CodeIgniter\CodeIgniter->handleRequest(NULL, Object(Config\Cache), false)
#11 C:\laragon\www\edu\public\index.php(45): CodeIgniter\CodeIgniter->run()
#12 {main}
CRITICAL - 2020-04-07 00:25:44 --> Trying to get property 'personaId' of non-object
#0 C:\laragon\www\edu\app\Views\Catalogos\personas\_form.php(45): CodeIgniter\Debug\Exceptions->errorHandler(8, 'Trying to get p...', 'C:\\laragon\\www\\...', 45, Array)
#1 C:\laragon\www\edu\vendor\codeigniter4\framework\system\View\View.php(236): include('C:\\laragon\\www\\...')
#2 C:\laragon\www\edu\vendor\codeigniter4\framework\system\Common.php(1071): CodeIgniter\View\View->render('Catalogos/perso...', Array, true)
#3 C:\laragon\www\edu\app\Views\Catalogos\personas\edit.php(3): view('Catalogos/perso...', Array)
#4 C:\laragon\www\edu\vendor\codeigniter4\framework\system\View\View.php(236): include('C:\\laragon\\www\\...')
#5 C:\laragon\www\edu\vendor\codeigniter4\framework\system\Common.php(1071): CodeIgniter\View\View->render('catalogos/perso...', Array, true)
#6 C:\laragon\www\edu\app\Controllers\Catalogos\Personas.php(103): view('catalogos/perso...', Array)
#7 C:\laragon\www\edu\app\Controllers\Catalogos\Personas.php(57): App\Controllers\Catalogos\Personas->_loadDefaultView('Actualizar pers...', Array, 'edit')
#8 C:\laragon\www\edu\vendor\codeigniter4\framework\system\CodeIgniter.php(910): App\Controllers\Catalogos\Personas->edit('1')
#9 C:\laragon\www\edu\vendor\codeigniter4\framework\system\CodeIgniter.php(398): CodeIgniter\CodeIgniter->runController(Object(App\Controllers\Catalogos\Personas))
#10 C:\laragon\www\edu\vendor\codeigniter4\framework\system\CodeIgniter.php(306): CodeIgniter\CodeIgniter->handleRequest(NULL, Object(Config\Cache), false)
#11 C:\laragon\www\edu\public\index.php(45): CodeIgniter\CodeIgniter->run()
#12 {main}
CRITICAL - 2020-04-07 00:26:15 --> Trying to get property 'personaId' of non-object
#0 C:\laragon\www\edu\app\Views\Catalogos\personas\_form.php(45): CodeIgniter\Debug\Exceptions->errorHandler(8, 'Trying to get p...', 'C:\\laragon\\www\\...', 45, Array)
#1 C:\laragon\www\edu\vendor\codeigniter4\framework\system\View\View.php(236): include('C:\\laragon\\www\\...')
#2 C:\laragon\www\edu\vendor\codeigniter4\framework\system\Common.php(1071): CodeIgniter\View\View->render('Catalogos/perso...', Array, true)
#3 C:\laragon\www\edu\app\Views\Catalogos\personas\edit.php(3): view('Catalogos/perso...', Array)
#4 C:\laragon\www\edu\vendor\codeigniter4\framework\system\View\View.php(236): include('C:\\laragon\\www\\...')
#5 C:\laragon\www\edu\vendor\codeigniter4\framework\system\Common.php(1071): CodeIgniter\View\View->render('catalogos/perso...', Array, true)
#6 C:\laragon\www\edu\app\Controllers\Catalogos\Personas.php(103): view('catalogos/perso...', Array)
#7 C:\laragon\www\edu\app\Controllers\Catalogos\Personas.php(57): App\Controllers\Catalogos\Personas->_loadDefaultView('Actualizar pers...', Array, 'edit')
#8 C:\laragon\www\edu\vendor\codeigniter4\framework\system\CodeIgniter.php(910): App\Controllers\Catalogos\Personas->edit('1')
#9 C:\laragon\www\edu\vendor\codeigniter4\framework\system\CodeIgniter.php(398): CodeIgniter\CodeIgniter->runController(Object(App\Controllers\Catalogos\Personas))
#10 C:\laragon\www\edu\vendor\codeigniter4\framework\system\CodeIgniter.php(306): CodeIgniter\CodeIgniter->handleRequest(NULL, Object(Config\Cache), false)
#11 C:\laragon\www\edu\public\index.php(45): CodeIgniter\CodeIgniter->run()
#12 {main}
CRITICAL - 2020-04-07 00:26:31 --> Trying to get property 'nombres' of non-object
#0 C:\laragon\www\edu\app\Views\Catalogos\personas\_form.php(45): CodeIgniter\Debug\Exceptions->errorHandler(8, 'Trying to get p...', 'C:\\laragon\\www\\...', 45, Array)
#1 C:\laragon\www\edu\vendor\codeigniter4\framework\system\View\View.php(236): include('C:\\laragon\\www\\...')
#2 C:\laragon\www\edu\vendor\codeigniter4\framework\system\Common.php(1071): CodeIgniter\View\View->render('Catalogos/perso...', Array, true)
#3 C:\laragon\www\edu\app\Views\Catalogos\personas\edit.php(3): view('Catalogos/perso...', Array)
#4 C:\laragon\www\edu\vendor\codeigniter4\framework\system\View\View.php(236): include('C:\\laragon\\www\\...')
#5 C:\laragon\www\edu\vendor\codeigniter4\framework\system\Common.php(1071): CodeIgniter\View\View->render('catalogos/perso...', Array, true)
#6 C:\laragon\www\edu\app\Controllers\Catalogos\Personas.php(103): view('catalogos/perso...', Array)
#7 C:\laragon\www\edu\app\Controllers\Catalogos\Personas.php(57): App\Controllers\Catalogos\Personas->_loadDefaultView('Actualizar pers...', Array, 'edit')
#8 C:\laragon\www\edu\vendor\codeigniter4\framework\system\CodeIgniter.php(910): App\Controllers\Catalogos\Personas->edit('1')
#9 C:\laragon\www\edu\vendor\codeigniter4\framework\system\CodeIgniter.php(398): CodeIgniter\CodeIgniter->runController(Object(App\Controllers\Catalogos\Personas))
#10 C:\laragon\www\edu\vendor\codeigniter4\framework\system\CodeIgniter.php(306): CodeIgniter\CodeIgniter->handleRequest(NULL, Object(Config\Cache), false)
#11 C:\laragon\www\edu\public\index.php(45): CodeIgniter\CodeIgniter->run()
#12 {main}
CRITICAL - 2020-04-07 00:27:33 --> Trying to get property 'personaId' of non-object
#0 C:\laragon\www\edu\app\Views\Catalogos\personas\_form.php(45): CodeIgniter\Debug\Exceptions->errorHandler(8, 'Trying to get p...', 'C:\\laragon\\www\\...', 45, Array)
#1 C:\laragon\www\edu\vendor\codeigniter4\framework\system\View\View.php(236): include('C:\\laragon\\www\\...')
#2 C:\laragon\www\edu\vendor\codeigniter4\framework\system\Common.php(1071): CodeIgniter\View\View->render('Catalogos/perso...', Array, true)
#3 C:\laragon\www\edu\app\Views\Catalogos\personas\edit.php(3): view('Catalogos/perso...', Array)
#4 C:\laragon\www\edu\vendor\codeigniter4\framework\system\View\View.php(236): include('C:\\laragon\\www\\...')
#5 C:\laragon\www\edu\vendor\codeigniter4\framework\system\Common.php(1071): CodeIgniter\View\View->render('catalogos/perso...', Array, true)
#6 C:\laragon\www\edu\app\Controllers\Catalogos\Personas.php(103): view('catalogos/perso...', Array)
#7 C:\laragon\www\edu\app\Controllers\Catalogos\Personas.php(57): App\Controllers\Catalogos\Personas->_loadDefaultView('Actualizar pers...', Array, 'edit')
#8 C:\laragon\www\edu\vendor\codeigniter4\framework\system\CodeIgniter.php(910): App\Controllers\Catalogos\Personas->edit('1')
#9 C:\laragon\www\edu\vendor\codeigniter4\framework\system\CodeIgniter.php(398): CodeIgniter\CodeIgniter->runController(Object(App\Controllers\Catalogos\Personas))
#10 C:\laragon\www\edu\vendor\codeigniter4\framework\system\CodeIgniter.php(306): CodeIgniter\CodeIgniter->handleRequest(NULL, Object(Config\Cache), false)
#11 C:\laragon\www\edu\public\index.php(45): CodeIgniter\CodeIgniter->run()
#12 {main}
CRITICAL - 2020-04-07 00:28:31 --> Trying to get property 'personaId' of non-object
#0 C:\laragon\www\edu\app\Views\Catalogos\personas\_form.php(45): CodeIgniter\Debug\Exceptions->errorHandler(8, 'Trying to get p...', 'C:\\laragon\\www\\...', 45, Array)
#1 C:\laragon\www\edu\vendor\codeigniter4\framework\system\View\View.php(236): include('C:\\laragon\\www\\...')
#2 C:\laragon\www\edu\vendor\codeigniter4\framework\system\Common.php(1071): CodeIgniter\View\View->render('Catalogos/perso...', Array, true)
#3 C:\laragon\www\edu\app\Views\Catalogos\personas\edit.php(3): view('Catalogos/perso...', Array)
#4 C:\laragon\www\edu\vendor\codeigniter4\framework\system\View\View.php(236): include('C:\\laragon\\www\\...')
#5 C:\laragon\www\edu\vendor\codeigniter4\framework\system\Common.php(1071): CodeIgniter\View\View->render('catalogos/perso...', Array, true)
#6 C:\laragon\www\edu\app\Controllers\Catalogos\Personas.php(103): view('catalogos/perso...', Array)
#7 C:\laragon\www\edu\app\Controllers\Catalogos\Personas.php(57): App\Controllers\Catalogos\Personas->_loadDefaultView('Actualizar pers...', Array, 'edit')
#8 C:\laragon\www\edu\vendor\codeigniter4\framework\system\CodeIgniter.php(910): App\Controllers\Catalogos\Personas->edit('1')
#9 C:\laragon\www\edu\vendor\codeigniter4\framework\system\CodeIgniter.php(398): CodeIgniter\CodeIgniter->runController(Object(App\Controllers\Catalogos\Personas))
#10 C:\laragon\www\edu\vendor\codeigniter4\framework\system\CodeIgniter.php(306): CodeIgniter\CodeIgniter->handleRequest(NULL, Object(Config\Cache), false)
#11 C:\laragon\www\edu\public\index.php(45): CodeIgniter\CodeIgniter->run()
#12 {main}
CRITICAL - 2020-04-07 00:28:31 --> Trying to get property 'personaId' of non-object
#0 C:\laragon\www\edu\app\Views\Catalogos\personas\_form.php(45): CodeIgniter\Debug\Exceptions->errorHandler(8, 'Trying to get p...', 'C:\\laragon\\www\\...', 45, Array)
#1 C:\laragon\www\edu\vendor\codeigniter4\framework\system\View\View.php(236): include('C:\\laragon\\www\\...')
#2 C:\laragon\www\edu\vendor\codeigniter4\framework\system\Common.php(1071): CodeIgniter\View\View->render('Catalogos/perso...', Array, true)
#3 C:\laragon\www\edu\app\Views\Catalogos\personas\edit.php(3): view('Catalogos/perso...', Array)
#4 C:\laragon\www\edu\vendor\codeigniter4\framework\system\View\View.php(236): include('C:\\laragon\\www\\...')
#5 C:\laragon\www\edu\vendor\codeigniter4\framework\system\Common.php(1071): CodeIgniter\View\View->render('catalogos/perso...', Array, true)
#6 C:\laragon\www\edu\app\Controllers\Catalogos\Personas.php(103): view('catalogos/perso...', Array)
#7 C:\laragon\www\edu\app\Controllers\Catalogos\Personas.php(57): App\Controllers\Catalogos\Personas->_loadDefaultView('Actualizar pers...', Array, 'edit')
#8 C:\laragon\www\edu\vendor\codeigniter4\framework\system\CodeIgniter.php(910): App\Controllers\Catalogos\Personas->edit('1')
#9 C:\laragon\www\edu\vendor\codeigniter4\framework\system\CodeIgniter.php(398): CodeIgniter\CodeIgniter->runController(Object(App\Controllers\Catalogos\Personas))
#10 C:\laragon\www\edu\vendor\codeigniter4\framework\system\CodeIgniter.php(306): CodeIgniter\CodeIgniter->handleRequest(NULL, Object(Config\Cache), false)
#11 C:\laragon\www\edu\public\index.php(45): CodeIgniter\CodeIgniter->run()
#12 {main}
CRITICAL - 2020-04-07 00:29:16 --> Trying to get property 'personaId' of non-object
#0 C:\laragon\www\edu\app\Views\Catalogos\personas\_form.php(45): CodeIgniter\Debug\Exceptions->errorHandler(8, 'Trying to get p...', 'C:\\laragon\\www\\...', 45, Array)
#1 C:\laragon\www\edu\vendor\codeigniter4\framework\system\View\View.php(236): include('C:\\laragon\\www\\...')
#2 C:\laragon\www\edu\vendor\codeigniter4\framework\system\Common.php(1071): CodeIgniter\View\View->render('Catalogos/perso...', Array, true)
#3 C:\laragon\www\edu\app\Views\Catalogos\personas\edit.php(3): view('Catalogos/perso...', Array)
#4 C:\laragon\www\edu\vendor\codeigniter4\framework\system\View\View.php(236): include('C:\\laragon\\www\\...')
#5 C:\laragon\www\edu\vendor\codeigniter4\framework\system\Common.php(1071): CodeIgniter\View\View->render('catalogos/perso...', Array, true)
#6 C:\laragon\www\edu\app\Controllers\Catalogos\Personas.php(103): view('catalogos/perso...', Array)
#7 C:\laragon\www\edu\app\Controllers\Catalogos\Personas.php(57): App\Controllers\Catalogos\Personas->_loadDefaultView('Actualizar pers...', Array, 'edit')
#8 C:\laragon\www\edu\vendor\codeigniter4\framework\system\CodeIgniter.php(910): App\Controllers\Catalogos\Personas->edit('1')
#9 C:\laragon\www\edu\vendor\codeigniter4\framework\system\CodeIgniter.php(398): CodeIgniter\CodeIgniter->runController(Object(App\Controllers\Catalogos\Personas))
#10 C:\laragon\www\edu\vendor\codeigniter4\framework\system\CodeIgniter.php(306): CodeIgniter\CodeIgniter->handleRequest(NULL, Object(Config\Cache), false)
#11 C:\laragon\www\edu\public\index.php(45): CodeIgniter\CodeIgniter->run()
#12 {main}
CRITICAL - 2020-04-07 00:29:29 --> Trying to get property 'personaId' of non-object
#0 C:\laragon\www\edu\app\Views\Catalogos\personas\edit.php(2): CodeIgniter\Debug\Exceptions->errorHandler(8, 'Trying to get p...', 'C:\\laragon\\www\\...', 2, Array)
#1 C:\laragon\www\edu\vendor\codeigniter4\framework\system\View\View.php(236): include('C:\\laragon\\www\\...')
#2 C:\laragon\www\edu\vendor\codeigniter4\framework\system\Common.php(1071): CodeIgniter\View\View->render('catalogos/perso...', Array, true)
#3 C:\laragon\www\edu\app\Controllers\Catalogos\Personas.php(103): view('catalogos/perso...', Array)
#4 C:\laragon\www\edu\app\Controllers\Catalogos\Personas.php(57): App\Controllers\Catalogos\Personas->_loadDefaultView('Actualizar pers...', Array, 'edit')
#5 C:\laragon\www\edu\vendor\codeigniter4\framework\system\CodeIgniter.php(910): App\Controllers\Catalogos\Personas->edit('1')
#6 C:\laragon\www\edu\vendor\codeigniter4\framework\system\CodeIgniter.php(398): CodeIgniter\CodeIgniter->runController(Object(App\Controllers\Catalogos\Personas))
#7 C:\laragon\www\edu\vendor\codeigniter4\framework\system\CodeIgniter.php(306): CodeIgniter\CodeIgniter->handleRequest(NULL, Object(Config\Cache), false)
#8 C:\laragon\www\edu\public\index.php(45): CodeIgniter\CodeIgniter->run()
#9 {main}
CRITICAL - 2020-04-07 00:29:31 --> Trying to get property 'personaId' of non-object
#0 C:\laragon\www\edu\app\Views\Catalogos\personas\edit.php(2): CodeIgniter\Debug\Exceptions->errorHandler(8, 'Trying to get p...', 'C:\\laragon\\www\\...', 2, Array)
#1 C:\laragon\www\edu\vendor\codeigniter4\framework\system\View\View.php(236): include('C:\\laragon\\www\\...')
#2 C:\laragon\www\edu\vendor\codeigniter4\framework\system\Common.php(1071): CodeIgniter\View\View->render('catalogos/perso...', Array, true)
#3 C:\laragon\www\edu\app\Controllers\Catalogos\Personas.php(103): view('catalogos/perso...', Array)
#4 C:\laragon\www\edu\app\Controllers\Catalogos\Personas.php(57): App\Controllers\Catalogos\Personas->_loadDefaultView('Actualizar pers...', Array, 'edit')
#5 C:\laragon\www\edu\vendor\codeigniter4\framework\system\CodeIgniter.php(910): App\Controllers\Catalogos\Personas->edit('1')
#6 C:\laragon\www\edu\vendor\codeigniter4\framework\system\CodeIgniter.php(398): CodeIgniter\CodeIgniter->runController(Object(App\Controllers\Catalogos\Personas))
#7 C:\laragon\www\edu\vendor\codeigniter4\framework\system\CodeIgniter.php(306): CodeIgniter\CodeIgniter->handleRequest(NULL, Object(Config\Cache), false)
#8 C:\laragon\www\edu\public\index.php(45): CodeIgniter\CodeIgniter->run()
#9 {main}
CRITICAL - 2020-04-07 00:29:45 --> Trying to get property 'personaId' of non-object
#0 C:\laragon\www\edu\app\Views\Catalogos\personas\edit.php(2): CodeIgniter\Debug\Exceptions->errorHandler(8, 'Trying to get p...', 'C:\\laragon\\www\\...', 2, Array)
#1 C:\laragon\www\edu\vendor\codeigniter4\framework\system\View\View.php(236): include('C:\\laragon\\www\\...')
#2 C:\laragon\www\edu\vendor\codeigniter4\framework\system\Common.php(1071): CodeIgniter\View\View->render('catalogos/perso...', Array, true)
#3 C:\laragon\www\edu\app\Controllers\Catalogos\Personas.php(103): view('catalogos/perso...', Array)
#4 C:\laragon\www\edu\app\Controllers\Catalogos\Personas.php(57): App\Controllers\Catalogos\Personas->_loadDefaultView('Actualizar pers...', Array, 'edit')
#5 C:\laragon\www\edu\vendor\codeigniter4\framework\system\CodeIgniter.php(910): App\Controllers\Catalogos\Personas->edit('1')
#6 C:\laragon\www\edu\vendor\codeigniter4\framework\system\CodeIgniter.php(398): CodeIgniter\CodeIgniter->runController(Object(App\Controllers\Catalogos\Personas))
#7 C:\laragon\www\edu\vendor\codeigniter4\framework\system\CodeIgniter.php(306): CodeIgniter\CodeIgniter->handleRequest(NULL, Object(Config\Cache), false)
#8 C:\laragon\www\edu\public\index.php(45): CodeIgniter\CodeIgniter->run()
#9 {main}
CRITICAL - 2020-04-07 00:29:45 --> Trying to get property 'personaId' of non-object
#0 C:\laragon\www\edu\app\Views\Catalogos\personas\edit.php(2): CodeIgniter\Debug\Exceptions->errorHandler(8, 'Trying to get p...', 'C:\\laragon\\www\\...', 2, Array)
#1 C:\laragon\www\edu\vendor\codeigniter4\framework\system\View\View.php(236): include('C:\\laragon\\www\\...')
#2 C:\laragon\www\edu\vendor\codeigniter4\framework\system\Common.php(1071): CodeIgniter\View\View->render('catalogos/perso...', Array, true)
#3 C:\laragon\www\edu\app\Controllers\Catalogos\Personas.php(103): view('catalogos/perso...', Array)
#4 C:\laragon\www\edu\app\Controllers\Catalogos\Personas.php(57): App\Controllers\Catalogos\Personas->_loadDefaultView('Actualizar pers...', Array, 'edit')
#5 C:\laragon\www\edu\vendor\codeigniter4\framework\system\CodeIgniter.php(910): App\Controllers\Catalogos\Personas->edit('1')
#6 C:\laragon\www\edu\vendor\codeigniter4\framework\system\CodeIgniter.php(398): CodeIgniter\CodeIgniter->runController(Object(App\Controllers\Catalogos\Personas))
#7 C:\laragon\www\edu\vendor\codeigniter4\framework\system\CodeIgniter.php(306): CodeIgniter\CodeIgniter->handleRequest(NULL, Object(Config\Cache), false)
#8 C:\laragon\www\edu\public\index.php(45): CodeIgniter\CodeIgniter->run()
#9 {main}
CRITICAL - 2020-04-07 00:29:46 --> Trying to get property 'personaId' of non-object
#0 C:\laragon\www\edu\app\Views\Catalogos\personas\edit.php(2): CodeIgniter\Debug\Exceptions->errorHandler(8, 'Trying to get p...', 'C:\\laragon\\www\\...', 2, Array)
#1 C:\laragon\www\edu\vendor\codeigniter4\framework\system\View\View.php(236): include('C:\\laragon\\www\\...')
#2 C:\laragon\www\edu\vendor\codeigniter4\framework\system\Common.php(1071): CodeIgniter\View\View->render('catalogos/perso...', Array, true)
#3 C:\laragon\www\edu\app\Controllers\Catalogos\Personas.php(103): view('catalogos/perso...', Array)
#4 C:\laragon\www\edu\app\Controllers\Catalogos\Personas.php(57): App\Controllers\Catalogos\Personas->_loadDefaultView('Actualizar pers...', Array, 'edit')
#5 C:\laragon\www\edu\vendor\codeigniter4\framework\system\CodeIgniter.php(910): App\Controllers\Catalogos\Personas->edit('1')
#6 C:\laragon\www\edu\vendor\codeigniter4\framework\system\CodeIgniter.php(398): CodeIgniter\CodeIgniter->runController(Object(App\Controllers\Catalogos\Personas))
#7 C:\laragon\www\edu\vendor\codeigniter4\framework\system\CodeIgniter.php(306): CodeIgniter\CodeIgniter->handleRequest(NULL, Object(Config\Cache), false)
#8 C:\laragon\www\edu\public\index.php(45): CodeIgniter\CodeIgniter->run()
#9 {main}
CRITICAL - 2020-04-07 00:30:36 --> Trying to get property 'personaId' of non-object
#0 C:\laragon\www\edu\app\Views\Catalogos\personas\_form.php(45): CodeIgniter\Debug\Exceptions->errorHandler(8, 'Trying to get p...', 'C:\\laragon\\www\\...', 45, Array)
#1 C:\laragon\www\edu\vendor\codeigniter4\framework\system\View\View.php(236): include('C:\\laragon\\www\\...')
#2 C:\laragon\www\edu\vendor\codeigniter4\framework\system\Common.php(1071): CodeIgniter\View\View->render('Catalogos/perso...', Array, true)
#3 C:\laragon\www\edu\app\Views\Catalogos\personas\edit.php(3): view('Catalogos/perso...', Array)
#4 C:\laragon\www\edu\vendor\codeigniter4\framework\system\View\View.php(236): include('C:\\laragon\\www\\...')
#5 C:\laragon\www\edu\vendor\codeigniter4\framework\system\Common.php(1071): CodeIgniter\View\View->render('catalogos/perso...', Array, true)
#6 C:\laragon\www\edu\app\Controllers\Catalogos\Personas.php(103): view('catalogos/perso...', Array)
#7 C:\laragon\www\edu\app\Controllers\Catalogos\Personas.php(57): App\Controllers\Catalogos\Personas->_loadDefaultView('Actualizar pers...', Array, 'edit')
#8 C:\laragon\www\edu\vendor\codeigniter4\framework\system\CodeIgniter.php(910): App\Controllers\Catalogos\Personas->edit('1')
#9 C:\laragon\www\edu\vendor\codeigniter4\framework\system\CodeIgniter.php(398): CodeIgniter\CodeIgniter->runController(Object(App\Controllers\Catalogos\Personas))
#10 C:\laragon\www\edu\vendor\codeigniter4\framework\system\CodeIgniter.php(306): CodeIgniter\CodeIgniter->handleRequest(NULL, Object(Config\Cache), false)
#11 C:\laragon\www\edu\public\index.php(45): CodeIgniter\CodeIgniter->run()
#12 {main}
CRITICAL - 2020-04-07 00:31:03 --> Trying to get property 'personaId' of non-object
#0 C:\laragon\www\edu\app\Views\Catalogos\personas\_form.php(45): CodeIgniter\Debug\Exceptions->errorHandler(8, 'Trying to get p...', 'C:\\laragon\\www\\...', 45, Array)
#1 C:\laragon\www\edu\vendor\codeigniter4\framework\system\View\View.php(236): include('C:\\laragon\\www\\...')
#2 C:\laragon\www\edu\vendor\codeigniter4\framework\system\Common.php(1071): CodeIgniter\View\View->render('Catalogos/perso...', Array, true)
#3 C:\laragon\www\edu\app\Views\Catalogos\personas\edit.php(3): view('Catalogos/perso...', Array)
#4 C:\laragon\www\edu\vendor\codeigniter4\framework\system\View\View.php(236): include('C:\\laragon\\www\\...')
#5 C:\laragon\www\edu\vendor\codeigniter4\framework\system\Common.php(1071): CodeIgniter\View\View->render('catalogos/perso...', Array, true)
#6 C:\laragon\www\edu\app\Controllers\Catalogos\Personas.php(103): view('catalogos/perso...', Array)
#7 C:\laragon\www\edu\app\Controllers\Catalogos\Personas.php(57): App\Controllers\Catalogos\Personas->_loadDefaultView('Actualizar pers...', Array, 'edit')
#8 C:\laragon\www\edu\vendor\codeigniter4\framework\system\CodeIgniter.php(910): App\Controllers\Catalogos\Personas->edit('1')
#9 C:\laragon\www\edu\vendor\codeigniter4\framework\system\CodeIgniter.php(398): CodeIgniter\CodeIgniter->runController(Object(App\Controllers\Catalogos\Personas))
#10 C:\laragon\www\edu\vendor\codeigniter4\framework\system\CodeIgniter.php(306): CodeIgniter\CodeIgniter->handleRequest(NULL, Object(Config\Cache), false)
#11 C:\laragon\www\edu\public\index.php(45): CodeIgniter\CodeIgniter->run()
#12 {main}
CRITICAL - 2020-04-07 00:33:34 --> Undefined variable: user
#0 C:\laragon\www\edu\app\Views\Catalogos\personas\_form.php(59): CodeIgniter\Debug\Exceptions->errorHandler(8, 'Undefined varia...', 'C:\\laragon\\www\\...', 59, Array)
#1 C:\laragon\www\edu\vendor\codeigniter4\framework\system\View\View.php(236): include('C:\\laragon\\www\\...')
#2 C:\laragon\www\edu\vendor\codeigniter4\framework\system\Common.php(1071): CodeIgniter\View\View->render('Catalogos/perso...', Array, true)
#3 C:\laragon\www\edu\app\Views\Catalogos\personas\edit.php(3): view('Catalogos/perso...', Array)
#4 C:\laragon\www\edu\vendor\codeigniter4\framework\system\View\View.php(236): include('C:\\laragon\\www\\...')
#5 C:\laragon\www\edu\vendor\codeigniter4\framework\system\Common.php(1071): CodeIgniter\View\View->render('catalogos/perso...', Array, true)
#6 C:\laragon\www\edu\app\Controllers\Catalogos\Personas.php(103): view('catalogos/perso...', Array)
#7 C:\laragon\www\edu\app\Controllers\Catalogos\Personas.php(57): App\Controllers\Catalogos\Personas->_loadDefaultView('Actualizar pers...', Array, 'edit')
#8 C:\laragon\www\edu\vendor\codeigniter4\framework\system\CodeIgniter.php(910): App\Controllers\Catalogos\Personas->edit('1')
#9 C:\laragon\www\edu\vendor\codeigniter4\framework\system\CodeIgniter.php(398): CodeIgniter\CodeIgniter->runController(Object(App\Controllers\Catalogos\Personas))
#10 C:\laragon\www\edu\vendor\codeigniter4\framework\system\CodeIgniter.php(306): CodeIgniter\CodeIgniter->handleRequest(NULL, Object(Config\Cache), false)
#11 C:\laragon\www\edu\public\index.php(45): CodeIgniter\CodeIgniter->run()
#12 {main}
CRITICAL - 2020-04-07 00:34:34 --> Undefined property: stdClass::$nombre
#0 C:\laragon\www\edu\app\Views\Catalogos\personas\_form.php(45): CodeIgniter\Debug\Exceptions->errorHandler(8, 'Undefined prope...', 'C:\\laragon\\www\\...', 45, Array)
#1 C:\laragon\www\edu\vendor\codeigniter4\framework\system\View\View.php(236): include('C:\\laragon\\www\\...')
#2 C:\laragon\www\edu\vendor\codeigniter4\framework\system\Common.php(1071): CodeIgniter\View\View->render('Catalogos/perso...', Array, true)
#3 C:\laragon\www\edu\app\Views\Catalogos\personas\edit.php(3): view('Catalogos/perso...', Array)
#4 C:\laragon\www\edu\vendor\codeigniter4\framework\system\View\View.php(236): include('C:\\laragon\\www\\...')
#5 C:\laragon\www\edu\vendor\codeigniter4\framework\system\Common.php(1071): CodeIgniter\View\View->render('catalogos/perso...', Array, true)
#6 C:\laragon\www\edu\app\Controllers\Catalogos\Personas.php(103): view('catalogos/perso...', Array)
#7 C:\laragon\www\edu\app\Controllers\Catalogos\Personas.php(57): App\Controllers\Catalogos\Personas->_loadDefaultView('Actualizar pers...', Array, 'edit')
#8 C:\laragon\www\edu\vendor\codeigniter4\framework\system\CodeIgniter.php(910): App\Controllers\Catalogos\Personas->edit('1')
#9 C:\laragon\www\edu\vendor\codeigniter4\framework\system\CodeIgniter.php(398): CodeIgniter\CodeIgniter->runController(Object(App\Controllers\Catalogos\Personas))
#10 C:\laragon\www\edu\vendor\codeigniter4\framework\system\CodeIgniter.php(306): CodeIgniter\CodeIgniter->handleRequest(NULL, Object(Config\Cache), false)
#11 C:\laragon\www\edu\public\index.php(45): CodeIgniter\CodeIgniter->run()
#12 {main}
CRITICAL - 2020-04-07 00:34:57 --> Undefined property: stdClass::$nombre
#0 C:\laragon\www\edu\app\Views\Catalogos\personas\_form.php(47): CodeIgniter\Debug\Exceptions->errorHandler(8, 'Undefined prope...', 'C:\\laragon\\www\\...', 47, Array)
#1 C:\laragon\www\edu\vendor\codeigniter4\framework\system\View\View.php(236): include('C:\\laragon\\www\\...')
#2 C:\laragon\www\edu\vendor\codeigniter4\framework\system\Common.php(1071): CodeIgniter\View\View->render('Catalogos/perso...', Array, true)
#3 C:\laragon\www\edu\app\Views\Catalogos\personas\edit.php(3): view('Catalogos/perso...', Array)
#4 C:\laragon\www\edu\vendor\codeigniter4\framework\system\View\View.php(236): include('C:\\laragon\\www\\...')
#5 C:\laragon\www\edu\vendor\codeigniter4\framework\system\Common.php(1071): CodeIgniter\View\View->render('catalogos/perso...', Array, true)
#6 C:\laragon\www\edu\app\Controllers\Catalogos\Personas.php(103): view('catalogos/perso...', Array)
#7 C:\laragon\www\edu\app\Controllers\Catalogos\Personas.php(57): App\Controllers\Catalogos\Personas->_loadDefaultView('Actualizar pers...', Array, 'edit')
#8 C:\laragon\www\edu\vendor\codeigniter4\framework\system\CodeIgniter.php(910): App\Controllers\Catalogos\Personas->edit('1')
#9 C:\laragon\www\edu\vendor\codeigniter4\framework\system\CodeIgniter.php(398): CodeIgniter\CodeIgniter->runController(Object(App\Controllers\Catalogos\Personas))
#10 C:\laragon\www\edu\vendor\codeigniter4\framework\system\CodeIgniter.php(306): CodeIgniter\CodeIgniter->handleRequest(NULL, Object(Config\Cache), false)
#11 C:\laragon\www\edu\public\index.php(45): CodeIgniter\CodeIgniter->run()
#12 {main}
CRITICAL - 2020-04-07 00:35:05 --> Undefined variable: user
#0 C:\laragon\www\edu\app\Views\Catalogos\personas\_form.php(61): CodeIgniter\Debug\Exceptions->errorHandler(8, 'Undefined varia...', 'C:\\laragon\\www\\...', 61, Array)
#1 C:\laragon\www\edu\vendor\codeigniter4\framework\system\View\View.php(236): include('C:\\laragon\\www\\...')
#2 C:\laragon\www\edu\vendor\codeigniter4\framework\system\Common.php(1071): CodeIgniter\View\View->render('Catalogos/perso...', Array, true)
#3 C:\laragon\www\edu\app\Views\Catalogos\personas\edit.php(3): view('Catalogos/perso...', Array)
#4 C:\laragon\www\edu\vendor\codeigniter4\framework\system\View\View.php(236): include('C:\\laragon\\www\\...')
#5 C:\laragon\www\edu\vendor\codeigniter4\framework\system\Common.php(1071): CodeIgniter\View\View->render('catalogos/perso...', Array, true)
#6 C:\laragon\www\edu\app\Controllers\Catalogos\Personas.php(103): view('catalogos/perso...', Array)
#7 C:\laragon\www\edu\app\Controllers\Catalogos\Personas.php(57): App\Controllers\Catalogos\Personas->_loadDefaultView('Actualizar pers...', Array, 'edit')
#8 C:\laragon\www\edu\vendor\codeigniter4\framework\system\CodeIgniter.php(910): App\Controllers\Catalogos\Personas->edit('1')
#9 C:\laragon\www\edu\vendor\codeigniter4\framework\system\CodeIgniter.php(398): CodeIgniter\CodeIgniter->runController(Object(App\Controllers\Catalogos\Personas))
#10 C:\laragon\www\edu\vendor\codeigniter4\framework\system\CodeIgniter.php(306): CodeIgniter\CodeIgniter->handleRequest(NULL, Object(Config\Cache), false)
#11 C:\laragon\www\edu\public\index.php(45): CodeIgniter\CodeIgniter->run()
#12 {main}
CRITICAL - 2020-04-07 00:35:15 --> Undefined variable: user
#0 C:\laragon\www\edu\app\Views\Catalogos\personas\_form.php(59): CodeIgniter\Debug\Exceptions->errorHandler(8, 'Undefined varia...', 'C:\\laragon\\www\\...', 59, Array)
#1 C:\laragon\www\edu\vendor\codeigniter4\framework\system\View\View.php(236): include('C:\\laragon\\www\\...')
#2 C:\laragon\www\edu\vendor\codeigniter4\framework\system\Common.php(1071): CodeIgniter\View\View->render('Catalogos/perso...', Array, true)
#3 C:\laragon\www\edu\app\Views\Catalogos\personas\edit.php(3): view('Catalogos/perso...', Array)
#4 C:\laragon\www\edu\vendor\codeigniter4\framework\system\View\View.php(236): include('C:\\laragon\\www\\...')
#5 C:\laragon\www\edu\vendor\codeigniter4\framework\system\Common.php(1071): CodeIgniter\View\View->render('catalogos/perso...', Array, true)
#6 C:\laragon\www\edu\app\Controllers\Catalogos\Personas.php(103): view('catalogos/perso...', Array)
#7 C:\laragon\www\edu\app\Controllers\Catalogos\Personas.php(57): App\Controllers\Catalogos\Personas->_loadDefaultView('Actualizar pers...', Array, 'edit')
#8 C:\laragon\www\edu\vendor\codeigniter4\framework\system\CodeIgniter.php(910): App\Controllers\Catalogos\Personas->edit('1')
#9 C:\laragon\www\edu\vendor\codeigniter4\framework\system\CodeIgniter.php(398): CodeIgniter\CodeIgniter->runController(Object(App\Controllers\Catalogos\Personas))
#10 C:\laragon\www\edu\vendor\codeigniter4\framework\system\CodeIgniter.php(306): CodeIgniter\CodeIgniter->handleRequest(NULL, Object(Config\Cache), false)
#11 C:\laragon\www\edu\public\index.php(45): CodeIgniter\CodeIgniter->run()
#12 {main}
CRITICAL - 2020-04-07 01:45:38 --> Class 'App\Controllers\Catalogos\UsuariosModel' not found
#0 C:\laragon\www\edu\vendor\codeigniter4\framework\system\CodeIgniter.php(910): App\Controllers\Catalogos\Personas->update('2')
#1 C:\laragon\www\edu\vendor\codeigniter4\framework\system\CodeIgniter.php(398): CodeIgniter\CodeIgniter->runController(Object(App\Controllers\Catalogos\Personas))
#2 C:\laragon\www\edu\vendor\codeigniter4\framework\system\CodeIgniter.php(306): CodeIgniter\CodeIgniter->handleRequest(NULL, Object(Config\Cache), false)
#3 C:\laragon\www\edu\public\index.php(45): CodeIgniter\CodeIgniter->run()
#4 {main}
CRITICAL - 2020-04-07 08:51:56 --> Invalid file: user/templates/header.php
#0 C:\laragon\www\edu\vendor\codeigniter4\framework\system\View\View.php(224): CodeIgniter\Exceptions\FrameworkException::forInvalidFile('user/templates/...')
#1 C:\laragon\www\edu\vendor\codeigniter4\framework\system\Common.php(1071): CodeIgniter\View\View->render('user/templates/...', Array, true)
#2 C:\laragon\www\edu\app\Controllers\web\User.php(59): view('user/templates/...')
#3 C:\laragon\www\edu\app\Controllers\web\User.php(13): App\Controllers\web\User->_loadDefaultView(Array, 'login')
#4 C:\laragon\www\edu\vendor\codeigniter4\framework\system\CodeIgniter.php(910): App\Controllers\web\User->login()
#5 C:\laragon\www\edu\vendor\codeigniter4\framework\system\CodeIgniter.php(398): CodeIgniter\CodeIgniter->runController(Object(App\Controllers\web\User))
#6 C:\laragon\www\edu\vendor\codeigniter4\framework\system\CodeIgniter.php(306): CodeIgniter\CodeIgniter->handleRequest(NULL, Object(Config\Cache), false)
#7 C:\laragon\www\edu\public\index.php(45): CodeIgniter\CodeIgniter->run()
#8 {main}
CRITICAL - 2020-04-07 09:06:04 --> Call to undefined method CodeIgniter\View\View::_loadDefaultView()
#0 C:\laragon\www\edu\vendor\codeigniter4\framework\system\View\View.php(236): include()
#1 C:\laragon\www\edu\vendor\codeigniter4\framework\system\Common.php(1071): CodeIgniter\View\View->render('welcome_message', Array, true)
#2 C:\laragon\www\edu\app\Controllers\Home.php(8): view('welcome_message')
#3 C:\laragon\www\edu\vendor\codeigniter4\framework\system\CodeIgniter.php(910): App\Controllers\Home->index()
#4 C:\laragon\www\edu\vendor\codeigniter4\framework\system\CodeIgniter.php(398): CodeIgniter\CodeIgniter->runController(Object(App\Controllers\Home))
#5 C:\laragon\www\edu\vendor\codeigniter4\framework\system\CodeIgniter.php(306): CodeIgniter\CodeIgniter->handleRequest(NULL, Object(Config\Cache), false)
#6 C:\laragon\www\edu\public\index.php(45): CodeIgniter\CodeIgniter->run()
#7 {main}
CRITICAL - 2020-04-07 09:06:05 --> Call to undefined method CodeIgniter\View\View::_loadDefaultView()
#0 C:\laragon\www\edu\vendor\codeigniter4\framework\system\View\View.php(236): include()
#1 C:\laragon\www\edu\vendor\codeigniter4\framework\system\Common.php(1071): CodeIgniter\View\View->render('welcome_message', Array, true)
#2 C:\laragon\www\edu\app\Controllers\Home.php(8): view('welcome_message')
#3 C:\laragon\www\edu\vendor\codeigniter4\framework\system\CodeIgniter.php(910): App\Controllers\Home->index()
#4 C:\laragon\www\edu\vendor\codeigniter4\framework\system\CodeIgniter.php(398): CodeIgniter\CodeIgniter->runController(Object(App\Controllers\Home))
#5 C:\laragon\www\edu\vendor\codeigniter4\framework\system\CodeIgniter.php(306): CodeIgniter\CodeIgniter->handleRequest(NULL, Object(Config\Cache), false)
#6 C:\laragon\www\edu\public\index.php(45): CodeIgniter\CodeIgniter->run()
#7 {main}
CRITICAL - 2020-04-07 09:07:28 --> syntax error, unexpected 'public' (T_PUBLIC), expecting '('
#0 C:\laragon\www\edu\vendor\codeigniter4\framework\system\Common.php(1071): CodeIgniter\View\View->render('welcome_message', Array, true)
#1 C:\laragon\www\edu\app\Controllers\Home.php(8): view('welcome_message')
#2 C:\laragon\www\edu\vendor\codeigniter4\framework\system\CodeIgniter.php(910): App\Controllers\Home->index()
#3 C:\laragon\www\edu\vendor\codeigniter4\framework\system\CodeIgniter.php(398): CodeIgniter\CodeIgniter->runController(Object(App\Controllers\Home))
#4 C:\laragon\www\edu\vendor\codeigniter4\framework\system\CodeIgniter.php(306): CodeIgniter\CodeIgniter->handleRequest(NULL, Object(Config\Cache), false)
#5 C:\laragon\www\edu\public\index.php(45): CodeIgniter\CodeIgniter->run()
#6 {main}
CRITICAL - 2020-04-07 09:07:28 --> syntax error, unexpected 'public' (T_PUBLIC), expecting '('
#0 C:\laragon\www\edu\vendor\codeigniter4\framework\system\Common.php(1071): CodeIgniter\View\View->render('welcome_message', Array, true)
#1 C:\laragon\www\edu\app\Controllers\Home.php(8): view('welcome_message')
#2 C:\laragon\www\edu\vendor\codeigniter4\framework\system\CodeIgniter.php(910): App\Controllers\Home->index()
#3 C:\laragon\www\edu\vendor\codeigniter4\framework\system\CodeIgniter.php(398): CodeIgniter\CodeIgniter->runController(Object(App\Controllers\Home))
#4 C:\laragon\www\edu\vendor\codeigniter4\framework\system\CodeIgniter.php(306): CodeIgniter\CodeIgniter->handleRequest(NULL, Object(Config\Cache), false)
#5 C:\laragon\www\edu\public\index.php(45): CodeIgniter\CodeIgniter->run()
#6 {main}
CRITICAL - 2020-04-07 09:07:50 --> syntax error, unexpected 'public' (T_PUBLIC), expecting end of file
#0 C:\laragon\www\edu\vendor\codeigniter4\framework\system\Common.php(1071): CodeIgniter\View\View->render('welcome_message', Array, true)
#1 C:\laragon\www\edu\app\Controllers\Home.php(8): view('welcome_message')
#2 C:\laragon\www\edu\vendor\codeigniter4\framework\system\CodeIgniter.php(910): App\Controllers\Home->index()
#3 C:\laragon\www\edu\vendor\codeigniter4\framework\system\CodeIgniter.php(398): CodeIgniter\CodeIgniter->runController(Object(App\Controllers\Home))
#4 C:\laragon\www\edu\vendor\codeigniter4\framework\system\CodeIgniter.php(306): CodeIgniter\CodeIgniter->handleRequest(NULL, Object(Config\Cache), false)
#5 C:\laragon\www\edu\public\index.php(45): CodeIgniter\CodeIgniter->run()
#6 {main}
CRITICAL - 2020-04-07 09:07:50 --> syntax error, unexpected 'public' (T_PUBLIC), expecting end of file
#0 C:\laragon\www\edu\vendor\codeigniter4\framework\system\Common.php(1071): CodeIgniter\View\View->render('welcome_message', Array, true)
#1 C:\laragon\www\edu\app\Controllers\Home.php(8): view('welcome_message')
#2 C:\laragon\www\edu\vendor\codeigniter4\framework\system\CodeIgniter.php(910): App\Controllers\Home->index()
#3 C:\laragon\www\edu\vendor\codeigniter4\framework\system\CodeIgniter.php(398): CodeIgniter\CodeIgniter->runController(Object(App\Controllers\Home))
#4 C:\laragon\www\edu\vendor\codeigniter4\framework\system\CodeIgniter.php(306): CodeIgniter\CodeIgniter->handleRequest(NULL, Object(Config\Cache), false)
#5 C:\laragon\www\edu\public\index.php(45): CodeIgniter\CodeIgniter->run()
#6 {main}
CRITICAL - 2020-04-07 09:07:51 --> syntax error, unexpected 'public' (T_PUBLIC), expecting end of file
#0 C:\laragon\www\edu\vendor\codeigniter4\framework\system\Common.php(1071): CodeIgniter\View\View->render('welcome_message', Array, true)
#1 C:\laragon\www\edu\app\Controllers\Home.php(8): view('welcome_message')
#2 C:\laragon\www\edu\vendor\codeigniter4\framework\system\CodeIgniter.php(910): App\Controllers\Home->index()
#3 C:\laragon\www\edu\vendor\codeigniter4\framework\system\CodeIgniter.php(398): CodeIgniter\CodeIgniter->runController(Object(App\Controllers\Home))
#4 C:\laragon\www\edu\vendor\codeigniter4\framework\system\CodeIgniter.php(306): CodeIgniter\CodeIgniter->handleRequest(NULL, Object(Config\Cache), false)
#5 C:\laragon\www\edu\public\index.php(45): CodeIgniter\CodeIgniter->run()
#6 {main}
CRITICAL - 2020-04-07 09:09:17 --> syntax error, unexpected 'public' (T_PUBLIC), expecting end of file
#0 C:\laragon\www\edu\vendor\codeigniter4\framework\system\Common.php(1071): CodeIgniter\View\View->render('welcome_message', Array, true)
#1 C:\laragon\www\edu\app\Controllers\Home.php(8): view('welcome_message')
#2 C:\laragon\www\edu\vendor\codeigniter4\framework\system\CodeIgniter.php(910): App\Controllers\Home->index()
#3 C:\laragon\www\edu\vendor\codeigniter4\framework\system\CodeIgniter.php(398): CodeIgniter\CodeIgniter->runController(Object(App\Controllers\Home))
#4 C:\laragon\www\edu\vendor\codeigniter4\framework\system\CodeIgniter.php(306): CodeIgniter\CodeIgniter->handleRequest(NULL, Object(Config\Cache), false)
#5 C:\laragon\www\edu\public\index.php(45): CodeIgniter\CodeIgniter->run()
#6 {main}
CRITICAL - 2020-04-07 09:09:55 --> syntax error, unexpected 'public' (T_PUBLIC), expecting end of file
#0 C:\laragon\www\edu\vendor\codeigniter4\framework\system\Common.php(1071): CodeIgniter\View\View->render('welcome_message', Array, true)
#1 C:\laragon\www\edu\app\Controllers\Home.php(8): view('welcome_message')
#2 C:\laragon\www\edu\vendor\codeigniter4\framework\system\CodeIgniter.php(910): App\Controllers\Home->index()
#3 C:\laragon\www\edu\vendor\codeigniter4\framework\system\CodeIgniter.php(398): CodeIgniter\CodeIgniter->runController(Object(App\Controllers\Home))
#4 C:\laragon\www\edu\vendor\codeigniter4\framework\system\CodeIgniter.php(306): CodeIgniter\CodeIgniter->handleRequest(NULL, Object(Config\Cache), false)
#5 C:\laragon\www\edu\public\index.php(45): CodeIgniter\CodeIgniter->run()
#6 {main}
CRITICAL - 2020-04-07 09:09:56 --> syntax error, unexpected 'public' (T_PUBLIC), expecting end of file
#0 C:\laragon\www\edu\vendor\codeigniter4\framework\system\Common.php(1071): CodeIgniter\View\View->render('welcome_message', Array, true)
#1 C:\laragon\www\edu\app\Controllers\Home.php(8): view('welcome_message')
#2 C:\laragon\www\edu\vendor\codeigniter4\framework\system\CodeIgniter.php(910): App\Controllers\Home->index()
#3 C:\laragon\www\edu\vendor\codeigniter4\framework\system\CodeIgniter.php(398): CodeIgniter\CodeIgniter->runController(Object(App\Controllers\Home))
#4 C:\laragon\www\edu\vendor\codeigniter4\framework\system\CodeIgniter.php(306): CodeIgniter\CodeIgniter->handleRequest(NULL, Object(Config\Cache), false)
#5 C:\laragon\www\edu\public\index.php(45): CodeIgniter\CodeIgniter->run()
#6 {main}
CRITICAL - 2020-04-07 09:09:56 --> syntax error, unexpected 'public' (T_PUBLIC), expecting end of file
#0 C:\laragon\www\edu\vendor\codeigniter4\framework\system\Common.php(1071): CodeIgniter\View\View->render('welcome_message', Array, true)
#1 C:\laragon\www\edu\app\Controllers\Home.php(8): view('welcome_message')
#2 C:\laragon\www\edu\vendor\codeigniter4\framework\system\CodeIgniter.php(910): App\Controllers\Home->index()
#3 C:\laragon\www\edu\vendor\codeigniter4\framework\system\CodeIgniter.php(398): CodeIgniter\CodeIgniter->runController(Object(App\Controllers\Home))
#4 C:\laragon\www\edu\vendor\codeigniter4\framework\system\CodeIgniter.php(306): CodeIgniter\CodeIgniter->handleRequest(NULL, Object(Config\Cache), false)
#5 C:\laragon\www\edu\public\index.php(45): CodeIgniter\CodeIgniter->run()
#6 {main}
CRITICAL - 2020-04-07 09:10:14 --> Call to undefined method CodeIgniter\View\View::_loadDefaultView()
#0 C:\laragon\www\edu\vendor\codeigniter4\framework\system\View\View.php(236): include()
#1 C:\laragon\www\edu\vendor\codeigniter4\framework\system\Common.php(1071): CodeIgniter\View\View->render('welcome_message', Array, true)
#2 C:\laragon\www\edu\app\Controllers\Home.php(8): view('welcome_message')
#3 C:\laragon\www\edu\vendor\codeigniter4\framework\system\CodeIgniter.php(910): App\Controllers\Home->index()
#4 C:\laragon\www\edu\vendor\codeigniter4\framework\system\CodeIgniter.php(398): CodeIgniter\CodeIgniter->runController(Object(App\Controllers\Home))
#5 C:\laragon\www\edu\vendor\codeigniter4\framework\system\CodeIgniter.php(306): CodeIgniter\CodeIgniter->handleRequest(NULL, Object(Config\Cache), false)
#6 C:\laragon\www\edu\public\index.php(45): CodeIgniter\CodeIgniter->run()
#7 {main}
CRITICAL - 2020-04-07 09:10:14 --> Call to undefined method CodeIgniter\View\View::_loadDefaultView()
#0 C:\laragon\www\edu\vendor\codeigniter4\framework\system\View\View.php(236): include()
#1 C:\laragon\www\edu\vendor\codeigniter4\framework\system\Common.php(1071): CodeIgniter\View\View->render('welcome_message', Array, true)
#2 C:\laragon\www\edu\app\Controllers\Home.php(8): view('welcome_message')
#3 C:\laragon\www\edu\vendor\codeigniter4\framework\system\CodeIgniter.php(910): App\Controllers\Home->index()
#4 C:\laragon\www\edu\vendor\codeigniter4\framework\system\CodeIgniter.php(398): CodeIgniter\CodeIgniter->runController(Object(App\Controllers\Home))
#5 C:\laragon\www\edu\vendor\codeigniter4\framework\system\CodeIgniter.php(306): CodeIgniter\CodeIgniter->handleRequest(NULL, Object(Config\Cache), false)
#6 C:\laragon\www\edu\public\index.php(45): CodeIgniter\CodeIgniter->run()
#7 {main}
CRITICAL - 2020-04-07 09:10:14 --> Call to undefined method CodeIgniter\View\View::_loadDefaultView()
#0 C:\laragon\www\edu\vendor\codeigniter4\framework\system\View\View.php(236): include()
#1 C:\laragon\www\edu\vendor\codeigniter4\framework\system\Common.php(1071): CodeIgniter\View\View->render('welcome_message', Array, true)
#2 C:\laragon\www\edu\app\Controllers\Home.php(8): view('welcome_message')
#3 C:\laragon\www\edu\vendor\codeigniter4\framework\system\CodeIgniter.php(910): App\Controllers\Home->index()
#4 C:\laragon\www\edu\vendor\codeigniter4\framework\system\CodeIgniter.php(398): CodeIgniter\CodeIgniter->runController(Object(App\Controllers\Home))
#5 C:\laragon\www\edu\vendor\codeigniter4\framework\system\CodeIgniter.php(306): CodeIgniter\CodeIgniter->handleRequest(NULL, Object(Config\Cache), false)
#6 C:\laragon\www\edu\public\index.php(45): CodeIgniter\CodeIgniter->run()
#7 {main}
CRITICAL - 2020-04-07 09:10:15 --> Call to undefined method CodeIgniter\View\View::_loadDefaultView()
#0 C:\laragon\www\edu\vendor\codeigniter4\framework\system\View\View.php(236): include()
#1 C:\laragon\www\edu\vendor\codeigniter4\framework\system\Common.php(1071): CodeIgniter\View\View->render('welcome_message', Array, true)
#2 C:\laragon\www\edu\app\Controllers\Home.php(8): view('welcome_message')
#3 C:\laragon\www\edu\vendor\codeigniter4\framework\system\CodeIgniter.php(910): App\Controllers\Home->index()
#4 C:\laragon\www\edu\vendor\codeigniter4\framework\system\CodeIgniter.php(398): CodeIgniter\CodeIgniter->runController(Object(App\Controllers\Home))
#5 C:\laragon\www\edu\vendor\codeigniter4\framework\system\CodeIgniter.php(306): CodeIgniter\CodeIgniter->handleRequest(NULL, Object(Config\Cache), false)
#6 C:\laragon\www\edu\public\index.php(45): CodeIgniter\CodeIgniter->run()
#7 {main}
CRITICAL - 2020-04-07 09:10:50 --> Invalid file: welcome_message.php
#0 C:\laragon\www\edu\vendor\codeigniter4\framework\system\View\View.php(224): CodeIgniter\Exceptions\FrameworkException::forInvalidFile('welcome_message...')
#1 C:\laragon\www\edu\vendor\codeigniter4\framework\system\Common.php(1071): CodeIgniter\View\View->render('welcome_message', Array, true)
#2 C:\laragon\www\edu\app\Controllers\Home.php(8): view('welcome_message')
#3 C:\laragon\www\edu\vendor\codeigniter4\framework\system\CodeIgniter.php(910): App\Controllers\Home->index()
#4 C:\laragon\www\edu\vendor\codeigniter4\framework\system\CodeIgniter.php(398): CodeIgniter\CodeIgniter->runController(Object(App\Controllers\Home))
#5 C:\laragon\www\edu\vendor\codeigniter4\framework\system\CodeIgniter.php(306): CodeIgniter\CodeIgniter->handleRequest(NULL, Object(Config\Cache), false)
#6 C:\laragon\www\edu\public\index.php(45): CodeIgniter\CodeIgniter->run()
#7 {main}
CRITICAL - 2020-04-07 09:10:51 --> Invalid file: welcome_message.php
#0 C:\laragon\www\edu\vendor\codeigniter4\framework\system\View\View.php(224): CodeIgniter\Exceptions\FrameworkException::forInvalidFile('welcome_message...')
#1 C:\laragon\www\edu\vendor\codeigniter4\framework\system\Common.php(1071): CodeIgniter\View\View->render('welcome_message', Array, true)
#2 C:\laragon\www\edu\app\Controllers\Home.php(8): view('welcome_message')
#3 C:\laragon\www\edu\vendor\codeigniter4\framework\system\CodeIgniter.php(910): App\Controllers\Home->index()
#4 C:\laragon\www\edu\vendor\codeigniter4\framework\system\CodeIgniter.php(398): CodeIgniter\CodeIgniter->runController(Object(App\Controllers\Home))
#5 C:\laragon\www\edu\vendor\codeigniter4\framework\system\CodeIgniter.php(306): CodeIgniter\CodeIgniter->handleRequest(NULL, Object(Config\Cache), false)
#6 C:\laragon\www\edu\public\index.php(45): CodeIgniter\CodeIgniter->run()
#7 {main}
CRITICAL - 2020-04-07 09:11:29 --> Call to undefined method CodeIgniter\View\View::_loadDefaultView()
#0 C:\laragon\www\edu\vendor\codeigniter4\framework\system\View\View.php(236): include()
#1 C:\laragon\www\edu\vendor\codeigniter4\framework\system\Common.php(1071): CodeIgniter\View\View->render('welcome_message', Array, true)
#2 C:\laragon\www\edu\app\Controllers\Home.php(8): view('welcome_message')
#3 C:\laragon\www\edu\vendor\codeigniter4\framework\system\CodeIgniter.php(910): App\Controllers\Home->index()
#4 C:\laragon\www\edu\vendor\codeigniter4\framework\system\CodeIgniter.php(398): CodeIgniter\CodeIgniter->runController(Object(App\Controllers\Home))
#5 C:\laragon\www\edu\vendor\codeigniter4\framework\system\CodeIgniter.php(306): CodeIgniter\CodeIgniter->handleRequest(NULL, Object(Config\Cache), false)
#6 C:\laragon\www\edu\public\index.php(45): CodeIgniter\CodeIgniter->run()
#7 {main}
CRITICAL - 2020-04-07 09:15:01 --> Class 'App\Models\UsuariosModel' not found
#0 C:\laragon\www\edu\vendor\codeigniter4\framework\system\CodeIgniter.php(910): App\Controllers\web\User->login_post()
#1 C:\laragon\www\edu\vendor\codeigniter4\framework\system\CodeIgniter.php(398): CodeIgniter\CodeIgniter->runController(Object(App\Controllers\web\User))
#2 C:\laragon\www\edu\vendor\codeigniter4\framework\system\CodeIgniter.php(306): CodeIgniter\CodeIgniter->handleRequest(NULL, Object(Config\Cache), false)
#3 C:\laragon\www\edu\public\index.php(45): CodeIgniter\CodeIgniter->run()
#4 {main}
CRITICAL - 2020-04-07 09:15:27 --> Class 'App\Models\UsuariosModel' not found
#0 C:\laragon\www\edu\vendor\codeigniter4\framework\system\CodeIgniter.php(910): App\Controllers\web\User->login_post()
#1 C:\laragon\www\edu\vendor\codeigniter4\framework\system\CodeIgniter.php(398): CodeIgniter\CodeIgniter->runController(Object(App\Controllers\web\User))
#2 C:\laragon\www\edu\vendor\codeigniter4\framework\system\CodeIgniter.php(306): CodeIgniter\CodeIgniter->handleRequest(NULL, Object(Config\Cache), false)
#3 C:\laragon\www\edu\public\index.php(45): CodeIgniter\CodeIgniter->run()
#4 {main}
CRITICAL - 2020-04-07 22:40:20 --> Class 'App\Controllers\Catalogos\UsuariosModel' not found
#0 C:\laragon\www\edu\vendor\codeigniter4\framework\system\CodeIgniter.php(910): App\Controllers\Catalogos\Personas->update('1')
#1 C:\laragon\www\edu\vendor\codeigniter4\framework\system\CodeIgniter.php(398): CodeIgniter\CodeIgniter->runController(Object(App\Controllers\Catalogos\Personas))
#2 C:\laragon\www\edu\vendor\codeigniter4\framework\system\CodeIgniter.php(306): CodeIgniter\CodeIgniter->handleRequest(NULL, Object(Config\Cache), false)
#3 C:\laragon\www\edu\public\index.php(45): CodeIgniter\CodeIgniter->run()
#4 {main}
CRITICAL - 2020-04-07 22:40:45 --> Class 'App\Controllers\Catalogos\UsuariosModel' not found
#0 C:\laragon\www\edu\vendor\codeigniter4\framework\system\CodeIgniter.php(910): App\Controllers\Catalogos\Personas->update('1')
#1 C:\laragon\www\edu\vendor\codeigniter4\framework\system\CodeIgniter.php(398): CodeIgniter\CodeIgniter->runController(Object(App\Controllers\Catalogos\Personas))
#2 C:\laragon\www\edu\vendor\codeigniter4\framework\system\CodeIgniter.php(306): CodeIgniter\CodeIgniter->handleRequest(NULL, Object(Config\Cache), false)
#3 C:\laragon\www\edu\public\index.php(45): CodeIgniter\CodeIgniter->run()
#4 {main}
