CRITICAL - 2020-03-28 00:09:02 --> Trying to get property 'estado' of non-object
#0 C:\laragon\www\edu\app\Views\dashboard\user\_form.php(56): CodeIgniter\Debug\Exceptions->errorHandler(8, 'Trying to get p...', 'C:\\laragon\\www\\...', 56, Array)
#1 C:\laragon\www\edu\vendor\codeigniter4\framework\system\View\View.php(236): include('C:\\laragon\\www\\...')
#2 C:\laragon\www\edu\vendor\codeigniter4\framework\system\Common.php(1071): CodeIgniter\View\View->render('dashboard/user/...', Array, true)
#3 C:\laragon\www\edu\app\Views\dashboard\user\edit.php(3): view('dashboard/user/...', Array)
#4 C:\laragon\www\edu\vendor\codeigniter4\framework\system\View\View.php(236): include('C:\\laragon\\www\\...')
#5 C:\laragon\www\edu\vendor\codeigniter4\framework\system\Common.php(1071): CodeIgniter\View\View->render('dashboard/user/...', Array, true)
#6 C:\laragon\www\edu\app\Controllers\Usuario.php(114): view('dashboard/user/...', Array)
#7 C:\laragon\www\edu\app\Controllers\Usuario.php(65): App\Controllers\Usuario->_loadDefaultView('Actualizar usua...', Array, 'edit')
#8 C:\laragon\www\edu\vendor\codeigniter4\framework\system\CodeIgniter.php(910): App\Controllers\Usuario->edit('11')
#9 C:\laragon\www\edu\vendor\codeigniter4\framework\system\CodeIgniter.php(398): CodeIgniter\CodeIgniter->runController(Object(App\Controllers\Usuario))
#10 C:\laragon\www\edu\vendor\codeigniter4\framework\system\CodeIgniter.php(306): CodeIgniter\CodeIgniter->handleRequest(NULL, Object(Config\Cache), false)
#11 C:\laragon\www\edu\public\index.php(45): CodeIgniter\CodeIgniter->run()
#12 {main}
CRITICAL - 2020-03-28 00:09:51 --> Trying to get property 'estado' of non-object
#0 C:\laragon\www\edu\app\Views\dashboard\user\_form.php(56): CodeIgniter\Debug\Exceptions->errorHandler(8, 'Trying to get p...', 'C:\\laragon\\www\\...', 56, Array)
#1 C:\laragon\www\edu\vendor\codeigniter4\framework\system\View\View.php(236): include('C:\\laragon\\www\\...')
#2 C:\laragon\www\edu\vendor\codeigniter4\framework\system\Common.php(1071): CodeIgniter\View\View->render('dashboard/user/...', Array, true)
#3 C:\laragon\www\edu\app\Views\dashboard\user\edit.php(3): view('dashboard/user/...', Array)
#4 C:\laragon\www\edu\vendor\codeigniter4\framework\system\View\View.php(236): include('C:\\laragon\\www\\...')
#5 C:\laragon\www\edu\vendor\codeigniter4\framework\system\Common.php(1071): CodeIgniter\View\View->render('dashboard/user/...', Array, true)
#6 C:\laragon\www\edu\app\Controllers\Usuario.php(114): view('dashboard/user/...', Array)
#7 C:\laragon\www\edu\app\Controllers\Usuario.php(65): App\Controllers\Usuario->_loadDefaultView('Actualizar usua...', Array, 'edit')
#8 C:\laragon\www\edu\vendor\codeigniter4\framework\system\CodeIgniter.php(910): App\Controllers\Usuario->edit('11')
#9 C:\laragon\www\edu\vendor\codeigniter4\framework\system\CodeIgniter.php(398): CodeIgniter\CodeIgniter->runController(Object(App\Controllers\Usuario))
#10 C:\laragon\www\edu\vendor\codeigniter4\framework\system\CodeIgniter.php(306): CodeIgniter\CodeIgniter->handleRequest(NULL, Object(Config\Cache), false)
#11 C:\laragon\www\edu\public\index.php(45): CodeIgniter\CodeIgniter->run()
#12 {main}
CRITICAL - 2020-03-28 00:10:01 --> Trying to get property 'estado' of non-object
#0 C:\laragon\www\edu\app\Views\dashboard\user\_form.php(57): CodeIgniter\Debug\Exceptions->errorHandler(8, 'Trying to get p...', 'C:\\laragon\\www\\...', 57, Array)
#1 C:\laragon\www\edu\vendor\codeigniter4\framework\system\View\View.php(236): include('C:\\laragon\\www\\...')
#2 C:\laragon\www\edu\vendor\codeigniter4\framework\system\Common.php(1071): CodeIgniter\View\View->render('dashboard/user/...', Array, true)
#3 C:\laragon\www\edu\app\Views\dashboard\user\edit.php(3): view('dashboard/user/...', Array)
#4 C:\laragon\www\edu\vendor\codeigniter4\framework\system\View\View.php(236): include('C:\\laragon\\www\\...')
#5 C:\laragon\www\edu\vendor\codeigniter4\framework\system\Common.php(1071): CodeIgniter\View\View->render('dashboard/user/...', Array, true)
#6 C:\laragon\www\edu\app\Controllers\Usuario.php(114): view('dashboard/user/...', Array)
#7 C:\laragon\www\edu\app\Controllers\Usuario.php(65): App\Controllers\Usuario->_loadDefaultView('Actualizar usua...', Array, 'edit')
#8 C:\laragon\www\edu\vendor\codeigniter4\framework\system\CodeIgniter.php(910): App\Controllers\Usuario->edit('11')
#9 C:\laragon\www\edu\vendor\codeigniter4\framework\system\CodeIgniter.php(398): CodeIgniter\CodeIgniter->runController(Object(App\Controllers\Usuario))
#10 C:\laragon\www\edu\vendor\codeigniter4\framework\system\CodeIgniter.php(306): CodeIgniter\CodeIgniter->handleRequest(NULL, Object(Config\Cache), false)
#11 C:\laragon\www\edu\public\index.php(45): CodeIgniter\CodeIgniter->run()
#12 {main}
CRITICAL - 2020-03-28 00:10:40 --> syntax error, unexpected ':', expecting ',' or ';'
#0 C:\laragon\www\edu\vendor\codeigniter4\framework\system\Common.php(1071): CodeIgniter\View\View->render('dashboard/user/...', Array, true)
#1 C:\laragon\www\edu\app\Views\dashboard\user\edit.php(3): view('dashboard/user/...', Array)
#2 C:\laragon\www\edu\vendor\codeigniter4\framework\system\View\View.php(236): include('C:\\laragon\\www\\...')
#3 C:\laragon\www\edu\vendor\codeigniter4\framework\system\Common.php(1071): CodeIgniter\View\View->render('dashboard/user/...', Array, true)
#4 C:\laragon\www\edu\app\Controllers\Usuario.php(114): view('dashboard/user/...', Array)
#5 C:\laragon\www\edu\app\Controllers\Usuario.php(65): App\Controllers\Usuario->_loadDefaultView('Actualizar usua...', Array, 'edit')
#6 C:\laragon\www\edu\vendor\codeigniter4\framework\system\CodeIgniter.php(910): App\Controllers\Usuario->edit('11')
#7 C:\laragon\www\edu\vendor\codeigniter4\framework\system\CodeIgniter.php(398): CodeIgniter\CodeIgniter->runController(Object(App\Controllers\Usuario))
#8 C:\laragon\www\edu\vendor\codeigniter4\framework\system\CodeIgniter.php(306): CodeIgniter\CodeIgniter->handleRequest(NULL, Object(Config\Cache), false)
#9 C:\laragon\www\edu\public\index.php(45): CodeIgniter\CodeIgniter->run()
#10 {main}
CRITICAL - 2020-03-28 00:10:40 --> syntax error, unexpected ':', expecting ',' or ';'
#0 C:\laragon\www\edu\vendor\codeigniter4\framework\system\Common.php(1071): CodeIgniter\View\View->render('dashboard/user/...', Array, true)
#1 C:\laragon\www\edu\app\Views\dashboard\user\edit.php(3): view('dashboard/user/...', Array)
#2 C:\laragon\www\edu\vendor\codeigniter4\framework\system\View\View.php(236): include('C:\\laragon\\www\\...')
#3 C:\laragon\www\edu\vendor\codeigniter4\framework\system\Common.php(1071): CodeIgniter\View\View->render('dashboard/user/...', Array, true)
#4 C:\laragon\www\edu\app\Controllers\Usuario.php(114): view('dashboard/user/...', Array)
#5 C:\laragon\www\edu\app\Controllers\Usuario.php(65): App\Controllers\Usuario->_loadDefaultView('Actualizar usua...', Array, 'edit')
#6 C:\laragon\www\edu\vendor\codeigniter4\framework\system\CodeIgniter.php(910): App\Controllers\Usuario->edit('11')
#7 C:\laragon\www\edu\vendor\codeigniter4\framework\system\CodeIgniter.php(398): CodeIgniter\CodeIgniter->runController(Object(App\Controllers\Usuario))
#8 C:\laragon\www\edu\vendor\codeigniter4\framework\system\CodeIgniter.php(306): CodeIgniter\CodeIgniter->handleRequest(NULL, Object(Config\Cache), false)
#9 C:\laragon\www\edu\public\index.php(45): CodeIgniter\CodeIgniter->run()
#10 {main}
CRITICAL - 2020-03-28 00:10:56 --> syntax error, unexpected '$u' (T_VARIABLE), expecting ',' or ';'
#0 C:\laragon\www\edu\vendor\codeigniter4\framework\system\Common.php(1071): CodeIgniter\View\View->render('dashboard/user/...', Array, true)
#1 C:\laragon\www\edu\app\Views\dashboard\user\edit.php(3): view('dashboard/user/...', Array)
#2 C:\laragon\www\edu\vendor\codeigniter4\framework\system\View\View.php(236): include('C:\\laragon\\www\\...')
#3 C:\laragon\www\edu\vendor\codeigniter4\framework\system\Common.php(1071): CodeIgniter\View\View->render('dashboard/user/...', Array, true)
#4 C:\laragon\www\edu\app\Controllers\Usuario.php(114): view('dashboard/user/...', Array)
#5 C:\laragon\www\edu\app\Controllers\Usuario.php(65): App\Controllers\Usuario->_loadDefaultView('Actualizar usua...', Array, 'edit')
#6 C:\laragon\www\edu\vendor\codeigniter4\framework\system\CodeIgniter.php(910): App\Controllers\Usuario->edit('11')
#7 C:\laragon\www\edu\vendor\codeigniter4\framework\system\CodeIgniter.php(398): CodeIgniter\CodeIgniter->runController(Object(App\Controllers\Usuario))
#8 C:\laragon\www\edu\vendor\codeigniter4\framework\system\CodeIgniter.php(306): CodeIgniter\CodeIgniter->handleRequest(NULL, Object(Config\Cache), false)
#9 C:\laragon\www\edu\public\index.php(45): CodeIgniter\CodeIgniter->run()
#10 {main}
CRITICAL - 2020-03-28 00:11:03 --> Trying to get property 'estado' of non-object
#0 C:\laragon\www\edu\app\Views\dashboard\user\_form.php(57): CodeIgniter\Debug\Exceptions->errorHandler(8, 'Trying to get p...', 'C:\\laragon\\www\\...', 57, Array)
#1 C:\laragon\www\edu\vendor\codeigniter4\framework\system\View\View.php(236): include('C:\\laragon\\www\\...')
#2 C:\laragon\www\edu\vendor\codeigniter4\framework\system\Common.php(1071): CodeIgniter\View\View->render('dashboard/user/...', Array, true)
#3 C:\laragon\www\edu\app\Views\dashboard\user\edit.php(3): view('dashboard/user/...', Array)
#4 C:\laragon\www\edu\vendor\codeigniter4\framework\system\View\View.php(236): include('C:\\laragon\\www\\...')
#5 C:\laragon\www\edu\vendor\codeigniter4\framework\system\Common.php(1071): CodeIgniter\View\View->render('dashboard/user/...', Array, true)
#6 C:\laragon\www\edu\app\Controllers\Usuario.php(114): view('dashboard/user/...', Array)
#7 C:\laragon\www\edu\app\Controllers\Usuario.php(65): App\Controllers\Usuario->_loadDefaultView('Actualizar usua...', Array, 'edit')
#8 C:\laragon\www\edu\vendor\codeigniter4\framework\system\CodeIgniter.php(910): App\Controllers\Usuario->edit('11')
#9 C:\laragon\www\edu\vendor\codeigniter4\framework\system\CodeIgniter.php(398): CodeIgniter\CodeIgniter->runController(Object(App\Controllers\Usuario))
#10 C:\laragon\www\edu\vendor\codeigniter4\framework\system\CodeIgniter.php(306): CodeIgniter\CodeIgniter->handleRequest(NULL, Object(Config\Cache), false)
#11 C:\laragon\www\edu\public\index.php(45): CodeIgniter\CodeIgniter->run()
#12 {main}
CRITICAL - 2020-03-28 00:12:19 --> Trying to get property 'estado' of non-object
#0 C:\laragon\www\edu\app\Views\dashboard\user\_form.php(58): CodeIgniter\Debug\Exceptions->errorHandler(8, 'Trying to get p...', 'C:\\laragon\\www\\...', 58, Array)
#1 C:\laragon\www\edu\vendor\codeigniter4\framework\system\View\View.php(236): include('C:\\laragon\\www\\...')
#2 C:\laragon\www\edu\vendor\codeigniter4\framework\system\Common.php(1071): CodeIgniter\View\View->render('dashboard/user/...', Array, true)
#3 C:\laragon\www\edu\app\Views\dashboard\user\edit.php(3): view('dashboard/user/...', Array)
#4 C:\laragon\www\edu\vendor\codeigniter4\framework\system\View\View.php(236): include('C:\\laragon\\www\\...')
#5 C:\laragon\www\edu\vendor\codeigniter4\framework\system\Common.php(1071): CodeIgniter\View\View->render('dashboard/user/...', Array, true)
#6 C:\laragon\www\edu\app\Controllers\Usuario.php(114): view('dashboard/user/...', Array)
#7 C:\laragon\www\edu\app\Controllers\Usuario.php(65): App\Controllers\Usuario->_loadDefaultView('Actualizar usua...', Array, 'edit')
#8 C:\laragon\www\edu\vendor\codeigniter4\framework\system\CodeIgniter.php(910): App\Controllers\Usuario->edit('11')
#9 C:\laragon\www\edu\vendor\codeigniter4\framework\system\CodeIgniter.php(398): CodeIgniter\CodeIgniter->runController(Object(App\Controllers\Usuario))
#10 C:\laragon\www\edu\vendor\codeigniter4\framework\system\CodeIgniter.php(306): CodeIgniter\CodeIgniter->handleRequest(NULL, Object(Config\Cache), false)
#11 C:\laragon\www\edu\public\index.php(45): CodeIgniter\CodeIgniter->run()
#12 {main}
CRITICAL - 2020-03-28 00:12:20 --> Trying to get property 'estado' of non-object
#0 C:\laragon\www\edu\app\Views\dashboard\user\_form.php(58): CodeIgniter\Debug\Exceptions->errorHandler(8, 'Trying to get p...', 'C:\\laragon\\www\\...', 58, Array)
#1 C:\laragon\www\edu\vendor\codeigniter4\framework\system\View\View.php(236): include('C:\\laragon\\www\\...')
#2 C:\laragon\www\edu\vendor\codeigniter4\framework\system\Common.php(1071): CodeIgniter\View\View->render('dashboard/user/...', Array, true)
#3 C:\laragon\www\edu\app\Views\dashboard\user\edit.php(3): view('dashboard/user/...', Array)
#4 C:\laragon\www\edu\vendor\codeigniter4\framework\system\View\View.php(236): include('C:\\laragon\\www\\...')
#5 C:\laragon\www\edu\vendor\codeigniter4\framework\system\Common.php(1071): CodeIgniter\View\View->render('dashboard/user/...', Array, true)
#6 C:\laragon\www\edu\app\Controllers\Usuario.php(114): view('dashboard/user/...', Array)
#7 C:\laragon\www\edu\app\Controllers\Usuario.php(65): App\Controllers\Usuario->_loadDefaultView('Actualizar usua...', Array, 'edit')
#8 C:\laragon\www\edu\vendor\codeigniter4\framework\system\CodeIgniter.php(910): App\Controllers\Usuario->edit('11')
#9 C:\laragon\www\edu\vendor\codeigniter4\framework\system\CodeIgniter.php(398): CodeIgniter\CodeIgniter->runController(Object(App\Controllers\Usuario))
#10 C:\laragon\www\edu\vendor\codeigniter4\framework\system\CodeIgniter.php(306): CodeIgniter\CodeIgniter->handleRequest(NULL, Object(Config\Cache), false)
#11 C:\laragon\www\edu\public\index.php(45): CodeIgniter\CodeIgniter->run()
#12 {main}
CRITICAL - 2020-03-28 00:14:34 --> Trying to get property 'estado' of non-object
#0 C:\laragon\www\edu\app\Views\dashboard\user\_form.php(58): CodeIgniter\Debug\Exceptions->errorHandler(8, 'Trying to get p...', 'C:\\laragon\\www\\...', 58, Array)
#1 C:\laragon\www\edu\vendor\codeigniter4\framework\system\View\View.php(236): include('C:\\laragon\\www\\...')
#2 C:\laragon\www\edu\vendor\codeigniter4\framework\system\Common.php(1071): CodeIgniter\View\View->render('dashboard/user/...', Array, true)
#3 C:\laragon\www\edu\app\Views\dashboard\user\edit.php(3): view('dashboard/user/...', Array)
#4 C:\laragon\www\edu\vendor\codeigniter4\framework\system\View\View.php(236): include('C:\\laragon\\www\\...')
#5 C:\laragon\www\edu\vendor\codeigniter4\framework\system\Common.php(1071): CodeIgniter\View\View->render('dashboard/user/...', Array, true)
#6 C:\laragon\www\edu\app\Controllers\Usuario.php(114): view('dashboard/user/...', Array)
#7 C:\laragon\www\edu\app\Controllers\Usuario.php(65): App\Controllers\Usuario->_loadDefaultView('Actualizar usua...', Array, 'edit')
#8 C:\laragon\www\edu\vendor\codeigniter4\framework\system\CodeIgniter.php(910): App\Controllers\Usuario->edit('11')
#9 C:\laragon\www\edu\vendor\codeigniter4\framework\system\CodeIgniter.php(398): CodeIgniter\CodeIgniter->runController(Object(App\Controllers\Usuario))
#10 C:\laragon\www\edu\vendor\codeigniter4\framework\system\CodeIgniter.php(306): CodeIgniter\CodeIgniter->handleRequest(NULL, Object(Config\Cache), false)
#11 C:\laragon\www\edu\public\index.php(45): CodeIgniter\CodeIgniter->run()
#12 {main}
CRITICAL - 2020-03-28 00:15:46 --> Trying to get property 'estado' of non-object
#0 C:\laragon\www\edu\app\Views\dashboard\user\_form.php(58): CodeIgniter\Debug\Exceptions->errorHandler(8, 'Trying to get p...', 'C:\\laragon\\www\\...', 58, Array)
#1 C:\laragon\www\edu\vendor\codeigniter4\framework\system\View\View.php(236): include('C:\\laragon\\www\\...')
#2 C:\laragon\www\edu\vendor\codeigniter4\framework\system\Common.php(1071): CodeIgniter\View\View->render('dashboard/user/...', Array, true)
#3 C:\laragon\www\edu\app\Views\dashboard\user\edit.php(3): view('dashboard/user/...', Array)
#4 C:\laragon\www\edu\vendor\codeigniter4\framework\system\View\View.php(236): include('C:\\laragon\\www\\...')
#5 C:\laragon\www\edu\vendor\codeigniter4\framework\system\Common.php(1071): CodeIgniter\View\View->render('dashboard/user/...', Array, true)
#6 C:\laragon\www\edu\app\Controllers\Usuario.php(114): view('dashboard/user/...', Array)
#7 C:\laragon\www\edu\app\Controllers\Usuario.php(65): App\Controllers\Usuario->_loadDefaultView('Actualizar usua...', Array, 'edit')
#8 C:\laragon\www\edu\vendor\codeigniter4\framework\system\CodeIgniter.php(910): App\Controllers\Usuario->edit('11')
#9 C:\laragon\www\edu\vendor\codeigniter4\framework\system\CodeIgniter.php(398): CodeIgniter\CodeIgniter->runController(Object(App\Controllers\Usuario))
#10 C:\laragon\www\edu\vendor\codeigniter4\framework\system\CodeIgniter.php(306): CodeIgniter\CodeIgniter->handleRequest(NULL, Object(Config\Cache), false)
#11 C:\laragon\www\edu\public\index.php(45): CodeIgniter\CodeIgniter->run()
#12 {main}
CRITICAL - 2020-03-28 00:15:47 --> Trying to get property 'estado' of non-object
#0 C:\laragon\www\edu\app\Views\dashboard\user\_form.php(58): CodeIgniter\Debug\Exceptions->errorHandler(8, 'Trying to get p...', 'C:\\laragon\\www\\...', 58, Array)
#1 C:\laragon\www\edu\vendor\codeigniter4\framework\system\View\View.php(236): include('C:\\laragon\\www\\...')
#2 C:\laragon\www\edu\vendor\codeigniter4\framework\system\Common.php(1071): CodeIgniter\View\View->render('dashboard/user/...', Array, true)
#3 C:\laragon\www\edu\app\Views\dashboard\user\edit.php(3): view('dashboard/user/...', Array)
#4 C:\laragon\www\edu\vendor\codeigniter4\framework\system\View\View.php(236): include('C:\\laragon\\www\\...')
#5 C:\laragon\www\edu\vendor\codeigniter4\framework\system\Common.php(1071): CodeIgniter\View\View->render('dashboard/user/...', Array, true)
#6 C:\laragon\www\edu\app\Controllers\Usuario.php(114): view('dashboard/user/...', Array)
#7 C:\laragon\www\edu\app\Controllers\Usuario.php(65): App\Controllers\Usuario->_loadDefaultView('Actualizar usua...', Array, 'edit')
#8 C:\laragon\www\edu\vendor\codeigniter4\framework\system\CodeIgniter.php(910): App\Controllers\Usuario->edit('11')
#9 C:\laragon\www\edu\vendor\codeigniter4\framework\system\CodeIgniter.php(398): CodeIgniter\CodeIgniter->runController(Object(App\Controllers\Usuario))
#10 C:\laragon\www\edu\vendor\codeigniter4\framework\system\CodeIgniter.php(306): CodeIgniter\CodeIgniter->handleRequest(NULL, Object(Config\Cache), false)
#11 C:\laragon\www\edu\public\index.php(45): CodeIgniter\CodeIgniter->run()
#12 {main}
CRITICAL - 2020-03-28 00:16:34 --> Trying to get property 'usuario' of non-object
#0 C:\laragon\www\edu\app\Views\dashboard\user\_form.php(56): CodeIgniter\Debug\Exceptions->errorHandler(8, 'Trying to get p...', 'C:\\laragon\\www\\...', 56, Array)
#1 C:\laragon\www\edu\vendor\codeigniter4\framework\system\View\View.php(236): include('C:\\laragon\\www\\...')
#2 C:\laragon\www\edu\vendor\codeigniter4\framework\system\Common.php(1071): CodeIgniter\View\View->render('dashboard/user/...', Array, true)
#3 C:\laragon\www\edu\app\Views\dashboard\user\edit.php(3): view('dashboard/user/...', Array)
#4 C:\laragon\www\edu\vendor\codeigniter4\framework\system\View\View.php(236): include('C:\\laragon\\www\\...')
#5 C:\laragon\www\edu\vendor\codeigniter4\framework\system\Common.php(1071): CodeIgniter\View\View->render('dashboard/user/...', Array, true)
#6 C:\laragon\www\edu\app\Controllers\Usuario.php(114): view('dashboard/user/...', Array)
#7 C:\laragon\www\edu\app\Controllers\Usuario.php(65): App\Controllers\Usuario->_loadDefaultView('Actualizar usua...', Array, 'edit')
#8 C:\laragon\www\edu\vendor\codeigniter4\framework\system\CodeIgniter.php(910): App\Controllers\Usuario->edit('11')
#9 C:\laragon\www\edu\vendor\codeigniter4\framework\system\CodeIgniter.php(398): CodeIgniter\CodeIgniter->runController(Object(App\Controllers\Usuario))
#10 C:\laragon\www\edu\vendor\codeigniter4\framework\system\CodeIgniter.php(306): CodeIgniter\CodeIgniter->handleRequest(NULL, Object(Config\Cache), false)
#11 C:\laragon\www\edu\public\index.php(45): CodeIgniter\CodeIgniter->run()
#12 {main}
CRITICAL - 2020-03-28 00:16:35 --> Trying to get property 'usuario' of non-object
#0 C:\laragon\www\edu\app\Views\dashboard\user\_form.php(56): CodeIgniter\Debug\Exceptions->errorHandler(8, 'Trying to get p...', 'C:\\laragon\\www\\...', 56, Array)
#1 C:\laragon\www\edu\vendor\codeigniter4\framework\system\View\View.php(236): include('C:\\laragon\\www\\...')
#2 C:\laragon\www\edu\vendor\codeigniter4\framework\system\Common.php(1071): CodeIgniter\View\View->render('dashboard/user/...', Array, true)
#3 C:\laragon\www\edu\app\Views\dashboard\user\edit.php(3): view('dashboard/user/...', Array)
#4 C:\laragon\www\edu\vendor\codeigniter4\framework\system\View\View.php(236): include('C:\\laragon\\www\\...')
#5 C:\laragon\www\edu\vendor\codeigniter4\framework\system\Common.php(1071): CodeIgniter\View\View->render('dashboard/user/...', Array, true)
#6 C:\laragon\www\edu\app\Controllers\Usuario.php(114): view('dashboard/user/...', Array)
#7 C:\laragon\www\edu\app\Controllers\Usuario.php(65): App\Controllers\Usuario->_loadDefaultView('Actualizar usua...', Array, 'edit')
#8 C:\laragon\www\edu\vendor\codeigniter4\framework\system\CodeIgniter.php(910): App\Controllers\Usuario->edit('11')
#9 C:\laragon\www\edu\vendor\codeigniter4\framework\system\CodeIgniter.php(398): CodeIgniter\CodeIgniter->runController(Object(App\Controllers\Usuario))
#10 C:\laragon\www\edu\vendor\codeigniter4\framework\system\CodeIgniter.php(306): CodeIgniter\CodeIgniter->handleRequest(NULL, Object(Config\Cache), false)
#11 C:\laragon\www\edu\public\index.php(45): CodeIgniter\CodeIgniter->run()
#12 {main}
CRITICAL - 2020-03-28 00:16:35 --> Trying to get property 'usuario' of non-object
#0 C:\laragon\www\edu\app\Views\dashboard\user\_form.php(56): CodeIgniter\Debug\Exceptions->errorHandler(8, 'Trying to get p...', 'C:\\laragon\\www\\...', 56, Array)
#1 C:\laragon\www\edu\vendor\codeigniter4\framework\system\View\View.php(236): include('C:\\laragon\\www\\...')
#2 C:\laragon\www\edu\vendor\codeigniter4\framework\system\Common.php(1071): CodeIgniter\View\View->render('dashboard/user/...', Array, true)
#3 C:\laragon\www\edu\app\Views\dashboard\user\edit.php(3): view('dashboard/user/...', Array)
#4 C:\laragon\www\edu\vendor\codeigniter4\framework\system\View\View.php(236): include('C:\\laragon\\www\\...')
#5 C:\laragon\www\edu\vendor\codeigniter4\framework\system\Common.php(1071): CodeIgniter\View\View->render('dashboard/user/...', Array, true)
#6 C:\laragon\www\edu\app\Controllers\Usuario.php(114): view('dashboard/user/...', Array)
#7 C:\laragon\www\edu\app\Controllers\Usuario.php(65): App\Controllers\Usuario->_loadDefaultView('Actualizar usua...', Array, 'edit')
#8 C:\laragon\www\edu\vendor\codeigniter4\framework\system\CodeIgniter.php(910): App\Controllers\Usuario->edit('11')
#9 C:\laragon\www\edu\vendor\codeigniter4\framework\system\CodeIgniter.php(398): CodeIgniter\CodeIgniter->runController(Object(App\Controllers\Usuario))
#10 C:\laragon\www\edu\vendor\codeigniter4\framework\system\CodeIgniter.php(306): CodeIgniter\CodeIgniter->handleRequest(NULL, Object(Config\Cache), false)
#11 C:\laragon\www\edu\public\index.php(45): CodeIgniter\CodeIgniter->run()
#12 {main}
CRITICAL - 2020-03-28 00:17:15 --> Trying to get property 'usuarioId' of non-object
#0 C:\laragon\www\edu\app\Views\dashboard\user\edit.php(2): CodeIgniter\Debug\Exceptions->errorHandler(8, 'Trying to get p...', 'C:\\laragon\\www\\...', 2, Array)
#1 C:\laragon\www\edu\vendor\codeigniter4\framework\system\View\View.php(236): include('C:\\laragon\\www\\...')
#2 C:\laragon\www\edu\vendor\codeigniter4\framework\system\Common.php(1071): CodeIgniter\View\View->render('dashboard/user/...', Array, true)
#3 C:\laragon\www\edu\app\Controllers\Usuario.php(114): view('dashboard/user/...', Array)
#4 C:\laragon\www\edu\app\Controllers\Usuario.php(65): App\Controllers\Usuario->_loadDefaultView('Actualizar usua...', Array, 'edit')
#5 C:\laragon\www\edu\vendor\codeigniter4\framework\system\CodeIgniter.php(910): App\Controllers\Usuario->edit('11')
#6 C:\laragon\www\edu\vendor\codeigniter4\framework\system\CodeIgniter.php(398): CodeIgniter\CodeIgniter->runController(Object(App\Controllers\Usuario))
#7 C:\laragon\www\edu\vendor\codeigniter4\framework\system\CodeIgniter.php(306): CodeIgniter\CodeIgniter->handleRequest(NULL, Object(Config\Cache), false)
#8 C:\laragon\www\edu\public\index.php(45): CodeIgniter\CodeIgniter->run()
#9 {main}
CRITICAL - 2020-03-28 00:17:16 --> Trying to get property 'usuarioId' of non-object
#0 C:\laragon\www\edu\app\Views\dashboard\user\edit.php(2): CodeIgniter\Debug\Exceptions->errorHandler(8, 'Trying to get p...', 'C:\\laragon\\www\\...', 2, Array)
#1 C:\laragon\www\edu\vendor\codeigniter4\framework\system\View\View.php(236): include('C:\\laragon\\www\\...')
#2 C:\laragon\www\edu\vendor\codeigniter4\framework\system\Common.php(1071): CodeIgniter\View\View->render('dashboard/user/...', Array, true)
#3 C:\laragon\www\edu\app\Controllers\Usuario.php(114): view('dashboard/user/...', Array)
#4 C:\laragon\www\edu\app\Controllers\Usuario.php(65): App\Controllers\Usuario->_loadDefaultView('Actualizar usua...', Array, 'edit')
#5 C:\laragon\www\edu\vendor\codeigniter4\framework\system\CodeIgniter.php(910): App\Controllers\Usuario->edit('11')
#6 C:\laragon\www\edu\vendor\codeigniter4\framework\system\CodeIgniter.php(398): CodeIgniter\CodeIgniter->runController(Object(App\Controllers\Usuario))
#7 C:\laragon\www\edu\vendor\codeigniter4\framework\system\CodeIgniter.php(306): CodeIgniter\CodeIgniter->handleRequest(NULL, Object(Config\Cache), false)
#8 C:\laragon\www\edu\public\index.php(45): CodeIgniter\CodeIgniter->run()
#9 {main}
CRITICAL - 2020-03-28 00:17:28 --> Trying to get property 'usuario' of non-object
#0 C:\laragon\www\edu\app\Views\dashboard\user\_form.php(56): CodeIgniter\Debug\Exceptions->errorHandler(8, 'Trying to get p...', 'C:\\laragon\\www\\...', 56, Array)
#1 C:\laragon\www\edu\vendor\codeigniter4\framework\system\View\View.php(236): include('C:\\laragon\\www\\...')
#2 C:\laragon\www\edu\vendor\codeigniter4\framework\system\Common.php(1071): CodeIgniter\View\View->render('dashboard/user/...', Array, true)
#3 C:\laragon\www\edu\app\Views\dashboard\user\edit.php(3): view('dashboard/user/...', Array)
#4 C:\laragon\www\edu\vendor\codeigniter4\framework\system\View\View.php(236): include('C:\\laragon\\www\\...')
#5 C:\laragon\www\edu\vendor\codeigniter4\framework\system\Common.php(1071): CodeIgniter\View\View->render('dashboard/user/...', Array, true)
#6 C:\laragon\www\edu\app\Controllers\Usuario.php(114): view('dashboard/user/...', Array)
#7 C:\laragon\www\edu\app\Controllers\Usuario.php(65): App\Controllers\Usuario->_loadDefaultView('Actualizar usua...', Array, 'edit')
#8 C:\laragon\www\edu\vendor\codeigniter4\framework\system\CodeIgniter.php(910): App\Controllers\Usuario->edit('11')
#9 C:\laragon\www\edu\vendor\codeigniter4\framework\system\CodeIgniter.php(398): CodeIgniter\CodeIgniter->runController(Object(App\Controllers\Usuario))
#10 C:\laragon\www\edu\vendor\codeigniter4\framework\system\CodeIgniter.php(306): CodeIgniter\CodeIgniter->handleRequest(NULL, Object(Config\Cache), false)
#11 C:\laragon\www\edu\public\index.php(45): CodeIgniter\CodeIgniter->run()
#12 {main}
CRITICAL - 2020-03-28 00:19:21 --> Undefined variable: usuarios
#0 C:\laragon\www\edu\app\Views\dashboard\user\_form.php(55): CodeIgniter\Debug\Exceptions->errorHandler(8, 'Undefined varia...', 'C:\\laragon\\www\\...', 55, Array)
#1 C:\laragon\www\edu\vendor\codeigniter4\framework\system\View\View.php(236): include('C:\\laragon\\www\\...')
#2 C:\laragon\www\edu\vendor\codeigniter4\framework\system\Common.php(1071): CodeIgniter\View\View->render('dashboard/user/...', Array, true)
#3 C:\laragon\www\edu\app\Views\dashboard\user\new.php(5): view('dashboard/user/...', Array)
#4 C:\laragon\www\edu\vendor\codeigniter4\framework\system\View\View.php(236): include('C:\\laragon\\www\\...')
#5 C:\laragon\www\edu\vendor\codeigniter4\framework\system\Common.php(1071): CodeIgniter\View\View->render('dashboard/user/...', Array, true)
#6 C:\laragon\www\edu\app\Controllers\Usuario.php(114): view('dashboard/user/...', Array)
#7 C:\laragon\www\edu\app\Controllers\Usuario.php(29): App\Controllers\Usuario->_loadDefaultView('Crear usuario', Array, 'new')
#8 C:\laragon\www\edu\vendor\codeigniter4\framework\system\CodeIgniter.php(910): App\Controllers\Usuario->new()
#9 C:\laragon\www\edu\vendor\codeigniter4\framework\system\CodeIgniter.php(398): CodeIgniter\CodeIgniter->runController(Object(App\Controllers\Usuario))
#10 C:\laragon\www\edu\vendor\codeigniter4\framework\system\CodeIgniter.php(306): CodeIgniter\CodeIgniter->handleRequest(NULL, Object(Config\Cache), false)
#11 C:\laragon\www\edu\public\index.php(45): CodeIgniter\CodeIgniter->run()
#12 {main}
CRITICAL - 2020-03-28 00:21:12 --> Undefined variable: usuario
#0 C:\laragon\www\edu\app\Views\dashboard\user\_form.php(56): CodeIgniter\Debug\Exceptions->errorHandler(8, 'Undefined varia...', 'C:\\laragon\\www\\...', 56, Array)
#1 C:\laragon\www\edu\vendor\codeigniter4\framework\system\View\View.php(236): include('C:\\laragon\\www\\...')
#2 C:\laragon\www\edu\vendor\codeigniter4\framework\system\Common.php(1071): CodeIgniter\View\View->render('dashboard/user/...', Array, true)
#3 C:\laragon\www\edu\app\Views\dashboard\user\edit.php(3): view('dashboard/user/...', Array)
#4 C:\laragon\www\edu\vendor\codeigniter4\framework\system\View\View.php(236): include('C:\\laragon\\www\\...')
#5 C:\laragon\www\edu\vendor\codeigniter4\framework\system\Common.php(1071): CodeIgniter\View\View->render('dashboard/user/...', Array, true)
#6 C:\laragon\www\edu\app\Controllers\Usuario.php(114): view('dashboard/user/...', Array)
#7 C:\laragon\www\edu\app\Controllers\Usuario.php(65): App\Controllers\Usuario->_loadDefaultView('Actualizar usua...', Array, 'edit')
#8 C:\laragon\www\edu\vendor\codeigniter4\framework\system\CodeIgniter.php(910): App\Controllers\Usuario->edit('12')
#9 C:\laragon\www\edu\vendor\codeigniter4\framework\system\CodeIgniter.php(398): CodeIgniter\CodeIgniter->runController(Object(App\Controllers\Usuario))
#10 C:\laragon\www\edu\vendor\codeigniter4\framework\system\CodeIgniter.php(306): CodeIgniter\CodeIgniter->handleRequest(NULL, Object(Config\Cache), false)
#11 C:\laragon\www\edu\public\index.php(45): CodeIgniter\CodeIgniter->run()
#12 {main}
CRITICAL - 2020-03-28 00:21:28 --> Trying to get property 'estado' of non-object
#0 C:\laragon\www\edu\app\Views\dashboard\user\_form.php(56): CodeIgniter\Debug\Exceptions->errorHandler(8, 'Trying to get p...', 'C:\\laragon\\www\\...', 56, Array)
#1 C:\laragon\www\edu\vendor\codeigniter4\framework\system\View\View.php(236): include('C:\\laragon\\www\\...')
#2 C:\laragon\www\edu\vendor\codeigniter4\framework\system\Common.php(1071): CodeIgniter\View\View->render('dashboard/user/...', Array, true)
#3 C:\laragon\www\edu\app\Views\dashboard\user\edit.php(3): view('dashboard/user/...', Array)
#4 C:\laragon\www\edu\vendor\codeigniter4\framework\system\View\View.php(236): include('C:\\laragon\\www\\...')
#5 C:\laragon\www\edu\vendor\codeigniter4\framework\system\Common.php(1071): CodeIgniter\View\View->render('dashboard/user/...', Array, true)
#6 C:\laragon\www\edu\app\Controllers\Usuario.php(114): view('dashboard/user/...', Array)
#7 C:\laragon\www\edu\app\Controllers\Usuario.php(65): App\Controllers\Usuario->_loadDefaultView('Actualizar usua...', Array, 'edit')
#8 C:\laragon\www\edu\vendor\codeigniter4\framework\system\CodeIgniter.php(910): App\Controllers\Usuario->edit('12')
#9 C:\laragon\www\edu\vendor\codeigniter4\framework\system\CodeIgniter.php(398): CodeIgniter\CodeIgniter->runController(Object(App\Controllers\Usuario))
#10 C:\laragon\www\edu\vendor\codeigniter4\framework\system\CodeIgniter.php(306): CodeIgniter\CodeIgniter->handleRequest(NULL, Object(Config\Cache), false)
#11 C:\laragon\www\edu\public\index.php(45): CodeIgniter\CodeIgniter->run()
#12 {main}
CRITICAL - 2020-03-28 00:21:57 --> Trying to get property 'estado' of non-object
#0 C:\laragon\www\edu\app\Views\dashboard\user\_form.php(56): CodeIgniter\Debug\Exceptions->errorHandler(8, 'Trying to get p...', 'C:\\laragon\\www\\...', 56, Array)
#1 C:\laragon\www\edu\vendor\codeigniter4\framework\system\View\View.php(236): include('C:\\laragon\\www\\...')
#2 C:\laragon\www\edu\vendor\codeigniter4\framework\system\Common.php(1071): CodeIgniter\View\View->render('dashboard/user/...', Array, true)
#3 C:\laragon\www\edu\app\Views\dashboard\user\edit.php(3): view('dashboard/user/...', Array)
#4 C:\laragon\www\edu\vendor\codeigniter4\framework\system\View\View.php(236): include('C:\\laragon\\www\\...')
#5 C:\laragon\www\edu\vendor\codeigniter4\framework\system\Common.php(1071): CodeIgniter\View\View->render('dashboard/user/...', Array, true)
#6 C:\laragon\www\edu\app\Controllers\Usuario.php(114): view('dashboard/user/...', Array)
#7 C:\laragon\www\edu\app\Controllers\Usuario.php(65): App\Controllers\Usuario->_loadDefaultView('Actualizar usua...', Array, 'edit')
#8 C:\laragon\www\edu\vendor\codeigniter4\framework\system\CodeIgniter.php(910): App\Controllers\Usuario->edit('12')
#9 C:\laragon\www\edu\vendor\codeigniter4\framework\system\CodeIgniter.php(398): CodeIgniter\CodeIgniter->runController(Object(App\Controllers\Usuario))
#10 C:\laragon\www\edu\vendor\codeigniter4\framework\system\CodeIgniter.php(306): CodeIgniter\CodeIgniter->handleRequest(NULL, Object(Config\Cache), false)
#11 C:\laragon\www\edu\public\index.php(45): CodeIgniter\CodeIgniter->run()
#12 {main}
CRITICAL - 2020-03-28 00:22:18 --> Trying to get property 'estado' of non-object
#0 C:\laragon\www\edu\app\Views\dashboard\user\_form.php(56): CodeIgniter\Debug\Exceptions->errorHandler(8, 'Trying to get p...', 'C:\\laragon\\www\\...', 56, Array)
#1 C:\laragon\www\edu\vendor\codeigniter4\framework\system\View\View.php(236): include('C:\\laragon\\www\\...')
#2 C:\laragon\www\edu\vendor\codeigniter4\framework\system\Common.php(1071): CodeIgniter\View\View->render('dashboard/user/...', Array, true)
#3 C:\laragon\www\edu\app\Views\dashboard\user\edit.php(3): view('dashboard/user/...', Array)
#4 C:\laragon\www\edu\vendor\codeigniter4\framework\system\View\View.php(236): include('C:\\laragon\\www\\...')
#5 C:\laragon\www\edu\vendor\codeigniter4\framework\system\Common.php(1071): CodeIgniter\View\View->render('dashboard/user/...', Array, true)
#6 C:\laragon\www\edu\app\Controllers\Usuario.php(114): view('dashboard/user/...', Array)
#7 C:\laragon\www\edu\app\Controllers\Usuario.php(65): App\Controllers\Usuario->_loadDefaultView('Actualizar usua...', Array, 'edit')
#8 C:\laragon\www\edu\vendor\codeigniter4\framework\system\CodeIgniter.php(910): App\Controllers\Usuario->edit('12')
#9 C:\laragon\www\edu\vendor\codeigniter4\framework\system\CodeIgniter.php(398): CodeIgniter\CodeIgniter->runController(Object(App\Controllers\Usuario))
#10 C:\laragon\www\edu\vendor\codeigniter4\framework\system\CodeIgniter.php(306): CodeIgniter\CodeIgniter->handleRequest(NULL, Object(Config\Cache), false)
#11 C:\laragon\www\edu\public\index.php(45): CodeIgniter\CodeIgniter->run()
#12 {main}
CRITICAL - 2020-03-28 00:22:32 --> Trying to get property 'usuarioId' of non-object
#0 C:\laragon\www\edu\app\Views\dashboard\user\_form.php(56): CodeIgniter\Debug\Exceptions->errorHandler(8, 'Trying to get p...', 'C:\\laragon\\www\\...', 56, Array)
#1 C:\laragon\www\edu\vendor\codeigniter4\framework\system\View\View.php(236): include('C:\\laragon\\www\\...')
#2 C:\laragon\www\edu\vendor\codeigniter4\framework\system\Common.php(1071): CodeIgniter\View\View->render('dashboard/user/...', Array, true)
#3 C:\laragon\www\edu\app\Views\dashboard\user\edit.php(3): view('dashboard/user/...', Array)
#4 C:\laragon\www\edu\vendor\codeigniter4\framework\system\View\View.php(236): include('C:\\laragon\\www\\...')
#5 C:\laragon\www\edu\vendor\codeigniter4\framework\system\Common.php(1071): CodeIgniter\View\View->render('dashboard/user/...', Array, true)
#6 C:\laragon\www\edu\app\Controllers\Usuario.php(114): view('dashboard/user/...', Array)
#7 C:\laragon\www\edu\app\Controllers\Usuario.php(65): App\Controllers\Usuario->_loadDefaultView('Actualizar usua...', Array, 'edit')
#8 C:\laragon\www\edu\vendor\codeigniter4\framework\system\CodeIgniter.php(910): App\Controllers\Usuario->edit('12')
#9 C:\laragon\www\edu\vendor\codeigniter4\framework\system\CodeIgniter.php(398): CodeIgniter\CodeIgniter->runController(Object(App\Controllers\Usuario))
#10 C:\laragon\www\edu\vendor\codeigniter4\framework\system\CodeIgniter.php(306): CodeIgniter\CodeIgniter->handleRequest(NULL, Object(Config\Cache), false)
#11 C:\laragon\www\edu\public\index.php(45): CodeIgniter\CodeIgniter->run()
#12 {main}
CRITICAL - 2020-03-28 00:59:18 --> Undefined property: stdClass::$nombres
#0 C:\laragon\www\edu\app\Views\dashboard\user\index.php(20): CodeIgniter\Debug\Exceptions->errorHandler(8, 'Undefined prope...', 'C:\\laragon\\www\\...', 20, Array)
#1 C:\laragon\www\edu\vendor\codeigniter4\framework\system\View\View.php(236): include('C:\\laragon\\www\\...')
#2 C:\laragon\www\edu\vendor\codeigniter4\framework\system\Common.php(1071): CodeIgniter\View\View->render('dashboard/user/...', Array, true)
#3 C:\laragon\www\edu\app\Controllers\Usuario.php(118): view('dashboard/user/...', Array)
#4 C:\laragon\www\edu\app\Controllers\Usuario.php(24): App\Controllers\Usuario->_loadDefaultView('Listado de usua...', Array, 'index')
#5 C:\laragon\www\edu\vendor\codeigniter4\framework\system\CodeIgniter.php(910): App\Controllers\Usuario->index()
#6 C:\laragon\www\edu\vendor\codeigniter4\framework\system\CodeIgniter.php(398): CodeIgniter\CodeIgniter->runController(Object(App\Controllers\Usuario))
#7 C:\laragon\www\edu\vendor\codeigniter4\framework\system\CodeIgniter.php(306): CodeIgniter\CodeIgniter->handleRequest(NULL, Object(Config\Cache), false)
#8 C:\laragon\www\edu\public\index.php(45): CodeIgniter\CodeIgniter->run()
#9 {main}
CRITICAL - 2020-03-28 01:01:10 --> Undefined property: stdClass::$nombres
#0 C:\laragon\www\edu\app\Views\dashboard\user\index.php(20): CodeIgniter\Debug\Exceptions->errorHandler(8, 'Undefined prope...', 'C:\\laragon\\www\\...', 20, Array)
#1 C:\laragon\www\edu\vendor\codeigniter4\framework\system\View\View.php(236): include('C:\\laragon\\www\\...')
#2 C:\laragon\www\edu\vendor\codeigniter4\framework\system\Common.php(1071): CodeIgniter\View\View->render('dashboard/user/...', Array, true)
#3 C:\laragon\www\edu\app\Controllers\Usuario.php(118): view('dashboard/user/...', Array)
#4 C:\laragon\www\edu\app\Controllers\Usuario.php(24): App\Controllers\Usuario->_loadDefaultView('Listado de usua...', Array, 'index')
#5 C:\laragon\www\edu\vendor\codeigniter4\framework\system\CodeIgniter.php(910): App\Controllers\Usuario->index()
#6 C:\laragon\www\edu\vendor\codeigniter4\framework\system\CodeIgniter.php(398): CodeIgniter\CodeIgniter->runController(Object(App\Controllers\Usuario))
#7 C:\laragon\www\edu\vendor\codeigniter4\framework\system\CodeIgniter.php(306): CodeIgniter\CodeIgniter->handleRequest(NULL, Object(Config\Cache), false)
#8 C:\laragon\www\edu\public\index.php(45): CodeIgniter\CodeIgniter->run()
#9 {main}
CRITICAL - 2020-03-28 01:01:11 --> Undefined property: stdClass::$nombres
#0 C:\laragon\www\edu\app\Views\dashboard\user\index.php(20): CodeIgniter\Debug\Exceptions->errorHandler(8, 'Undefined prope...', 'C:\\laragon\\www\\...', 20, Array)
#1 C:\laragon\www\edu\vendor\codeigniter4\framework\system\View\View.php(236): include('C:\\laragon\\www\\...')
#2 C:\laragon\www\edu\vendor\codeigniter4\framework\system\Common.php(1071): CodeIgniter\View\View->render('dashboard/user/...', Array, true)
#3 C:\laragon\www\edu\app\Controllers\Usuario.php(118): view('dashboard/user/...', Array)
#4 C:\laragon\www\edu\app\Controllers\Usuario.php(24): App\Controllers\Usuario->_loadDefaultView('Listado de usua...', Array, 'index')
#5 C:\laragon\www\edu\vendor\codeigniter4\framework\system\CodeIgniter.php(910): App\Controllers\Usuario->index()
#6 C:\laragon\www\edu\vendor\codeigniter4\framework\system\CodeIgniter.php(398): CodeIgniter\CodeIgniter->runController(Object(App\Controllers\Usuario))
#7 C:\laragon\www\edu\vendor\codeigniter4\framework\system\CodeIgniter.php(306): CodeIgniter\CodeIgniter->handleRequest(NULL, Object(Config\Cache), false)
#8 C:\laragon\www\edu\public\index.php(45): CodeIgniter\CodeIgniter->run()
#9 {main}
CRITICAL - 2020-03-28 01:01:11 --> Undefined property: stdClass::$nombres
#0 C:\laragon\www\edu\app\Views\dashboard\user\index.php(20): CodeIgniter\Debug\Exceptions->errorHandler(8, 'Undefined prope...', 'C:\\laragon\\www\\...', 20, Array)
#1 C:\laragon\www\edu\vendor\codeigniter4\framework\system\View\View.php(236): include('C:\\laragon\\www\\...')
#2 C:\laragon\www\edu\vendor\codeigniter4\framework\system\Common.php(1071): CodeIgniter\View\View->render('dashboard/user/...', Array, true)
#3 C:\laragon\www\edu\app\Controllers\Usuario.php(118): view('dashboard/user/...', Array)
#4 C:\laragon\www\edu\app\Controllers\Usuario.php(24): App\Controllers\Usuario->_loadDefaultView('Listado de usua...', Array, 'index')
#5 C:\laragon\www\edu\vendor\codeigniter4\framework\system\CodeIgniter.php(910): App\Controllers\Usuario->index()
#6 C:\laragon\www\edu\vendor\codeigniter4\framework\system\CodeIgniter.php(398): CodeIgniter\CodeIgniter->runController(Object(App\Controllers\Usuario))
#7 C:\laragon\www\edu\vendor\codeigniter4\framework\system\CodeIgniter.php(306): CodeIgniter\CodeIgniter->handleRequest(NULL, Object(Config\Cache), false)
#8 C:\laragon\www\edu\public\index.php(45): CodeIgniter\CodeIgniter->run()
#9 {main}
CRITICAL - 2020-03-28 01:01:11 --> Undefined property: stdClass::$nombres
#0 C:\laragon\www\edu\app\Views\dashboard\user\index.php(20): CodeIgniter\Debug\Exceptions->errorHandler(8, 'Undefined prope...', 'C:\\laragon\\www\\...', 20, Array)
#1 C:\laragon\www\edu\vendor\codeigniter4\framework\system\View\View.php(236): include('C:\\laragon\\www\\...')
#2 C:\laragon\www\edu\vendor\codeigniter4\framework\system\Common.php(1071): CodeIgniter\View\View->render('dashboard/user/...', Array, true)
#3 C:\laragon\www\edu\app\Controllers\Usuario.php(118): view('dashboard/user/...', Array)
#4 C:\laragon\www\edu\app\Controllers\Usuario.php(24): App\Controllers\Usuario->_loadDefaultView('Listado de usua...', Array, 'index')
#5 C:\laragon\www\edu\vendor\codeigniter4\framework\system\CodeIgniter.php(910): App\Controllers\Usuario->index()
#6 C:\laragon\www\edu\vendor\codeigniter4\framework\system\CodeIgniter.php(398): CodeIgniter\CodeIgniter->runController(Object(App\Controllers\Usuario))
#7 C:\laragon\www\edu\vendor\codeigniter4\framework\system\CodeIgniter.php(306): CodeIgniter\CodeIgniter->handleRequest(NULL, Object(Config\Cache), false)
#8 C:\laragon\www\edu\public\index.php(45): CodeIgniter\CodeIgniter->run()
#9 {main}
CRITICAL - 2020-03-28 01:01:12 --> Undefined property: stdClass::$nombres
#0 C:\laragon\www\edu\app\Views\dashboard\user\index.php(20): CodeIgniter\Debug\Exceptions->errorHandler(8, 'Undefined prope...', 'C:\\laragon\\www\\...', 20, Array)
#1 C:\laragon\www\edu\vendor\codeigniter4\framework\system\View\View.php(236): include('C:\\laragon\\www\\...')
#2 C:\laragon\www\edu\vendor\codeigniter4\framework\system\Common.php(1071): CodeIgniter\View\View->render('dashboard/user/...', Array, true)
#3 C:\laragon\www\edu\app\Controllers\Usuario.php(118): view('dashboard/user/...', Array)
#4 C:\laragon\www\edu\app\Controllers\Usuario.php(24): App\Controllers\Usuario->_loadDefaultView('Listado de usua...', Array, 'index')
#5 C:\laragon\www\edu\vendor\codeigniter4\framework\system\CodeIgniter.php(910): App\Controllers\Usuario->index()
#6 C:\laragon\www\edu\vendor\codeigniter4\framework\system\CodeIgniter.php(398): CodeIgniter\CodeIgniter->runController(Object(App\Controllers\Usuario))
#7 C:\laragon\www\edu\vendor\codeigniter4\framework\system\CodeIgniter.php(306): CodeIgniter\CodeIgniter->handleRequest(NULL, Object(Config\Cache), false)
#8 C:\laragon\www\edu\public\index.php(45): CodeIgniter\CodeIgniter->run()
#9 {main}
CRITICAL - 2020-03-28 01:01:12 --> Undefined property: stdClass::$nombres
#0 C:\laragon\www\edu\app\Views\dashboard\user\index.php(20): CodeIgniter\Debug\Exceptions->errorHandler(8, 'Undefined prope...', 'C:\\laragon\\www\\...', 20, Array)
#1 C:\laragon\www\edu\vendor\codeigniter4\framework\system\View\View.php(236): include('C:\\laragon\\www\\...')
#2 C:\laragon\www\edu\vendor\codeigniter4\framework\system\Common.php(1071): CodeIgniter\View\View->render('dashboard/user/...', Array, true)
#3 C:\laragon\www\edu\app\Controllers\Usuario.php(118): view('dashboard/user/...', Array)
#4 C:\laragon\www\edu\app\Controllers\Usuario.php(24): App\Controllers\Usuario->_loadDefaultView('Listado de usua...', Array, 'index')
#5 C:\laragon\www\edu\vendor\codeigniter4\framework\system\CodeIgniter.php(910): App\Controllers\Usuario->index()
#6 C:\laragon\www\edu\vendor\codeigniter4\framework\system\CodeIgniter.php(398): CodeIgniter\CodeIgniter->runController(Object(App\Controllers\Usuario))
#7 C:\laragon\www\edu\vendor\codeigniter4\framework\system\CodeIgniter.php(306): CodeIgniter\CodeIgniter->handleRequest(NULL, Object(Config\Cache), false)
#8 C:\laragon\www\edu\public\index.php(45): CodeIgniter\CodeIgniter->run()
#9 {main}
CRITICAL - 2020-03-28 01:05:19 --> Undefined property: stdClass::$apellidos
#0 C:\laragon\www\edu\app\Views\dashboard\user\index.php(20): CodeIgniter\Debug\Exceptions->errorHandler(8, 'Undefined prope...', 'C:\\laragon\\www\\...', 20, Array)
#1 C:\laragon\www\edu\vendor\codeigniter4\framework\system\View\View.php(236): include('C:\\laragon\\www\\...')
#2 C:\laragon\www\edu\vendor\codeigniter4\framework\system\Common.php(1071): CodeIgniter\View\View->render('dashboard/user/...', Array, true)
#3 C:\laragon\www\edu\app\Controllers\Usuario.php(119): view('dashboard/user/...', Array)
#4 C:\laragon\www\edu\app\Controllers\Usuario.php(25): App\Controllers\Usuario->_loadDefaultView('Listado de usua...', Array, 'index')
#5 C:\laragon\www\edu\vendor\codeigniter4\framework\system\CodeIgniter.php(910): App\Controllers\Usuario->index()
#6 C:\laragon\www\edu\vendor\codeigniter4\framework\system\CodeIgniter.php(398): CodeIgniter\CodeIgniter->runController(Object(App\Controllers\Usuario))
#7 C:\laragon\www\edu\vendor\codeigniter4\framework\system\CodeIgniter.php(306): CodeIgniter\CodeIgniter->handleRequest(NULL, Object(Config\Cache), false)
#8 C:\laragon\www\edu\public\index.php(45): CodeIgniter\CodeIgniter->run()
#9 {main}
CRITICAL - 2020-03-28 01:09:54 --> Unknown column 'cof_roles.nombreRol' in 'field list'
#0 C:\laragon\www\edu\vendor\codeigniter4\framework\system\Database\MySQLi\Connection.php(330): mysqli->query('SELECT `cof_usu...')
#1 C:\laragon\www\edu\vendor\codeigniter4\framework\system\Database\BaseConnection.php(738): CodeIgniter\Database\MySQLi\Connection->execute('SELECT `cof_usu...')
#2 C:\laragon\www\edu\vendor\codeigniter4\framework\system\Database\BaseConnection.php(666): CodeIgniter\Database\BaseConnection->simpleQuery('SELECT `cof_usu...')
#3 C:\laragon\www\edu\vendor\codeigniter4\framework\system\Database\BaseBuilder.php(1819): CodeIgniter\Database\BaseConnection->query('SELECT `cof_usu...', Array, false)
#4 C:\laragon\www\edu\vendor\codeigniter4\framework\system\Model.php(445): CodeIgniter\Database\BaseBuilder->get()
#5 C:\laragon\www\edu\vendor\codeigniter4\framework\system\Model.php(1137): CodeIgniter\Model->findAll(10, 0)
#6 C:\laragon\www\edu\app\Controllers\Usuario.php(19): CodeIgniter\Model->paginate(10)
#7 C:\laragon\www\edu\vendor\codeigniter4\framework\system\CodeIgniter.php(910): App\Controllers\Usuario->index()
#8 C:\laragon\www\edu\vendor\codeigniter4\framework\system\CodeIgniter.php(398): CodeIgniter\CodeIgniter->runController(Object(App\Controllers\Usuario))
#9 C:\laragon\www\edu\vendor\codeigniter4\framework\system\CodeIgniter.php(306): CodeIgniter\CodeIgniter->handleRequest(NULL, Object(Config\Cache), false)
#10 C:\laragon\www\edu\public\index.php(45): CodeIgniter\CodeIgniter->run()
#11 {main}
CRITICAL - 2020-03-28 01:10:38 --> Unknown column 'cof_roles.nombreRol' in 'field list'
#0 C:\laragon\www\edu\vendor\codeigniter4\framework\system\Database\MySQLi\Connection.php(330): mysqli->query('SELECT `cof_usu...')
#1 C:\laragon\www\edu\vendor\codeigniter4\framework\system\Database\BaseConnection.php(738): CodeIgniter\Database\MySQLi\Connection->execute('SELECT `cof_usu...')
#2 C:\laragon\www\edu\vendor\codeigniter4\framework\system\Database\BaseConnection.php(666): CodeIgniter\Database\BaseConnection->simpleQuery('SELECT `cof_usu...')
#3 C:\laragon\www\edu\vendor\codeigniter4\framework\system\Database\BaseBuilder.php(1819): CodeIgniter\Database\BaseConnection->query('SELECT `cof_usu...', Array, false)
#4 C:\laragon\www\edu\vendor\codeigniter4\framework\system\Model.php(445): CodeIgniter\Database\BaseBuilder->get()
#5 C:\laragon\www\edu\vendor\codeigniter4\framework\system\Model.php(1137): CodeIgniter\Model->findAll(10, 0)
#6 C:\laragon\www\edu\app\Controllers\Usuario.php(19): CodeIgniter\Model->paginate(10)
#7 C:\laragon\www\edu\vendor\codeigniter4\framework\system\CodeIgniter.php(910): App\Controllers\Usuario->index()
#8 C:\laragon\www\edu\vendor\codeigniter4\framework\system\CodeIgniter.php(398): CodeIgniter\CodeIgniter->runController(Object(App\Controllers\Usuario))
#9 C:\laragon\www\edu\vendor\codeigniter4\framework\system\CodeIgniter.php(306): CodeIgniter\CodeIgniter->handleRequest(NULL, Object(Config\Cache), false)
#10 C:\laragon\www\edu\public\index.php(45): CodeIgniter\CodeIgniter->run()
#11 {main}
CRITICAL - 2020-03-28 01:13:36 --> Use of undefined constant Activo - assumed 'Activo' (this will throw an Error in a future version of PHP)
#0 C:\laragon\www\edu\app\Views\dashboard\user\index.php(25): CodeIgniter\Debug\Exceptions->errorHandler(2, 'Use of undefine...', 'C:\\laragon\\www\\...', 25, Array)
#1 C:\laragon\www\edu\vendor\codeigniter4\framework\system\View\View.php(236): include('C:\\laragon\\www\\...')
#2 C:\laragon\www\edu\vendor\codeigniter4\framework\system\Common.php(1071): CodeIgniter\View\View->render('dashboard/user/...', Array, true)
#3 C:\laragon\www\edu\app\Controllers\Usuario.php(120): view('dashboard/user/...', Array)
#4 C:\laragon\www\edu\app\Controllers\Usuario.php(26): App\Controllers\Usuario->_loadDefaultView('Listado de usua...', Array, 'index')
#5 C:\laragon\www\edu\vendor\codeigniter4\framework\system\CodeIgniter.php(910): App\Controllers\Usuario->index()
#6 C:\laragon\www\edu\vendor\codeigniter4\framework\system\CodeIgniter.php(398): CodeIgniter\CodeIgniter->runController(Object(App\Controllers\Usuario))
#7 C:\laragon\www\edu\vendor\codeigniter4\framework\system\CodeIgniter.php(306): CodeIgniter\CodeIgniter->handleRequest(NULL, Object(Config\Cache), false)
#8 C:\laragon\www\edu\public\index.php(45): CodeIgniter\CodeIgniter->run()
#9 {main}
CRITICAL - 2020-03-28 01:14:31 --> syntax error, unexpected '?>'
#0 C:\laragon\www\edu\vendor\codeigniter4\framework\system\Common.php(1071): CodeIgniter\View\View->render('dashboard/user/...', Array, true)
#1 C:\laragon\www\edu\app\Controllers\Usuario.php(120): view('dashboard/user/...', Array)
#2 C:\laragon\www\edu\app\Controllers\Usuario.php(26): App\Controllers\Usuario->_loadDefaultView('Listado de usua...', Array, 'index')
#3 C:\laragon\www\edu\vendor\codeigniter4\framework\system\CodeIgniter.php(910): App\Controllers\Usuario->index()
#4 C:\laragon\www\edu\vendor\codeigniter4\framework\system\CodeIgniter.php(398): CodeIgniter\CodeIgniter->runController(Object(App\Controllers\Usuario))
#5 C:\laragon\www\edu\vendor\codeigniter4\framework\system\CodeIgniter.php(306): CodeIgniter\CodeIgniter->handleRequest(NULL, Object(Config\Cache), false)
#6 C:\laragon\www\edu\public\index.php(45): CodeIgniter\CodeIgniter->run()
#7 {main}
CRITICAL - 2020-03-28 01:26:34 --> Use of undefined constant users - assumed 'users' (this will throw an Error in a future version of PHP)
#0 C:\laragon\www\edu\app\Views\dashboard\user\index.php(20): CodeIgniter\Debug\Exceptions->errorHandler(2, 'Use of undefine...', 'C:\\laragon\\www\\...', 20, Array)
#1 C:\laragon\www\edu\vendor\codeigniter4\framework\system\View\View.php(236): include('C:\\laragon\\www\\...')
#2 C:\laragon\www\edu\vendor\codeigniter4\framework\system\Common.php(1071): CodeIgniter\View\View->render('dashboard/user/...', Array, true)
#3 C:\laragon\www\edu\app\Controllers\Usuario.php(120): view('dashboard/user/...', Array)
#4 C:\laragon\www\edu\app\Controllers\Usuario.php(26): App\Controllers\Usuario->_loadDefaultView('Listado de usua...', Array, 'index')
#5 C:\laragon\www\edu\vendor\codeigniter4\framework\system\CodeIgniter.php(910): App\Controllers\Usuario->index()
#6 C:\laragon\www\edu\vendor\codeigniter4\framework\system\CodeIgniter.php(398): CodeIgniter\CodeIgniter->runController(Object(App\Controllers\Usuario))
#7 C:\laragon\www\edu\vendor\codeigniter4\framework\system\CodeIgniter.php(306): CodeIgniter\CodeIgniter->handleRequest(NULL, Object(Config\Cache), false)
#8 C:\laragon\www\edu\public\index.php(45): CodeIgniter\CodeIgniter->run()
#9 {main}
CRITICAL - 2020-03-28 01:27:00 --> Undefined index: estado
#0 C:\laragon\www\edu\app\Views\dashboard\user\index.php(20): CodeIgniter\Debug\Exceptions->errorHandler(8, 'Undefined index...', 'C:\\laragon\\www\\...', 20, Array)
#1 C:\laragon\www\edu\vendor\codeigniter4\framework\system\View\View.php(236): include('C:\\laragon\\www\\...')
#2 C:\laragon\www\edu\vendor\codeigniter4\framework\system\Common.php(1071): CodeIgniter\View\View->render('dashboard/user/...', Array, true)
#3 C:\laragon\www\edu\app\Controllers\Usuario.php(120): view('dashboard/user/...', Array)
#4 C:\laragon\www\edu\app\Controllers\Usuario.php(26): App\Controllers\Usuario->_loadDefaultView('Listado de usua...', Array, 'index')
#5 C:\laragon\www\edu\vendor\codeigniter4\framework\system\CodeIgniter.php(910): App\Controllers\Usuario->index()
#6 C:\laragon\www\edu\vendor\codeigniter4\framework\system\CodeIgniter.php(398): CodeIgniter\CodeIgniter->runController(Object(App\Controllers\Usuario))
#7 C:\laragon\www\edu\vendor\codeigniter4\framework\system\CodeIgniter.php(306): CodeIgniter\CodeIgniter->handleRequest(NULL, Object(Config\Cache), false)
#8 C:\laragon\www\edu\public\index.php(45): CodeIgniter\CodeIgniter->run()
#9 {main}
CRITICAL - 2020-03-28 01:27:01 --> Undefined index: estado
#0 C:\laragon\www\edu\app\Views\dashboard\user\index.php(20): CodeIgniter\Debug\Exceptions->errorHandler(8, 'Undefined index...', 'C:\\laragon\\www\\...', 20, Array)
#1 C:\laragon\www\edu\vendor\codeigniter4\framework\system\View\View.php(236): include('C:\\laragon\\www\\...')
#2 C:\laragon\www\edu\vendor\codeigniter4\framework\system\Common.php(1071): CodeIgniter\View\View->render('dashboard/user/...', Array, true)
#3 C:\laragon\www\edu\app\Controllers\Usuario.php(120): view('dashboard/user/...', Array)
#4 C:\laragon\www\edu\app\Controllers\Usuario.php(26): App\Controllers\Usuario->_loadDefaultView('Listado de usua...', Array, 'index')
#5 C:\laragon\www\edu\vendor\codeigniter4\framework\system\CodeIgniter.php(910): App\Controllers\Usuario->index()
#6 C:\laragon\www\edu\vendor\codeigniter4\framework\system\CodeIgniter.php(398): CodeIgniter\CodeIgniter->runController(Object(App\Controllers\Usuario))
#7 C:\laragon\www\edu\vendor\codeigniter4\framework\system\CodeIgniter.php(306): CodeIgniter\CodeIgniter->handleRequest(NULL, Object(Config\Cache), false)
#8 C:\laragon\www\edu\public\index.php(45): CodeIgniter\CodeIgniter->run()
#9 {main}
CRITICAL - 2020-03-28 01:27:18 --> Undefined index: estado
#0 C:\laragon\www\edu\app\Views\dashboard\user\index.php(20): CodeIgniter\Debug\Exceptions->errorHandler(8, 'Undefined index...', 'C:\\laragon\\www\\...', 20, Array)
#1 C:\laragon\www\edu\vendor\codeigniter4\framework\system\View\View.php(236): include('C:\\laragon\\www\\...')
#2 C:\laragon\www\edu\vendor\codeigniter4\framework\system\Common.php(1071): CodeIgniter\View\View->render('dashboard/user/...', Array, true)
#3 C:\laragon\www\edu\app\Controllers\Usuario.php(120): view('dashboard/user/...', Array)
#4 C:\laragon\www\edu\app\Controllers\Usuario.php(26): App\Controllers\Usuario->_loadDefaultView('Listado de usua...', Array, 'index')
#5 C:\laragon\www\edu\vendor\codeigniter4\framework\system\CodeIgniter.php(910): App\Controllers\Usuario->index()
#6 C:\laragon\www\edu\vendor\codeigniter4\framework\system\CodeIgniter.php(398): CodeIgniter\CodeIgniter->runController(Object(App\Controllers\Usuario))
#7 C:\laragon\www\edu\vendor\codeigniter4\framework\system\CodeIgniter.php(306): CodeIgniter\CodeIgniter->handleRequest(NULL, Object(Config\Cache), false)
#8 C:\laragon\www\edu\public\index.php(45): CodeIgniter\CodeIgniter->run()
#9 {main}
CRITICAL - 2020-03-28 01:27:19 --> Undefined index: estado
#0 C:\laragon\www\edu\app\Views\dashboard\user\index.php(20): CodeIgniter\Debug\Exceptions->errorHandler(8, 'Undefined index...', 'C:\\laragon\\www\\...', 20, Array)
#1 C:\laragon\www\edu\vendor\codeigniter4\framework\system\View\View.php(236): include('C:\\laragon\\www\\...')
#2 C:\laragon\www\edu\vendor\codeigniter4\framework\system\Common.php(1071): CodeIgniter\View\View->render('dashboard/user/...', Array, true)
#3 C:\laragon\www\edu\app\Controllers\Usuario.php(120): view('dashboard/user/...', Array)
#4 C:\laragon\www\edu\app\Controllers\Usuario.php(26): App\Controllers\Usuario->_loadDefaultView('Listado de usua...', Array, 'index')
#5 C:\laragon\www\edu\vendor\codeigniter4\framework\system\CodeIgniter.php(910): App\Controllers\Usuario->index()
#6 C:\laragon\www\edu\vendor\codeigniter4\framework\system\CodeIgniter.php(398): CodeIgniter\CodeIgniter->runController(Object(App\Controllers\Usuario))
#7 C:\laragon\www\edu\vendor\codeigniter4\framework\system\CodeIgniter.php(306): CodeIgniter\CodeIgniter->handleRequest(NULL, Object(Config\Cache), false)
#8 C:\laragon\www\edu\public\index.php(45): CodeIgniter\CodeIgniter->run()
#9 {main}
CRITICAL - 2020-03-28 01:27:39 --> Trying to get property 'estado' of non-object
#0 C:\laragon\www\edu\app\Views\dashboard\user\index.php(20): CodeIgniter\Debug\Exceptions->errorHandler(8, 'Trying to get p...', 'C:\\laragon\\www\\...', 20, Array)
#1 C:\laragon\www\edu\vendor\codeigniter4\framework\system\View\View.php(236): include('C:\\laragon\\www\\...')
#2 C:\laragon\www\edu\vendor\codeigniter4\framework\system\Common.php(1071): CodeIgniter\View\View->render('dashboard/user/...', Array, true)
#3 C:\laragon\www\edu\app\Controllers\Usuario.php(120): view('dashboard/user/...', Array)
#4 C:\laragon\www\edu\app\Controllers\Usuario.php(26): App\Controllers\Usuario->_loadDefaultView('Listado de usua...', Array, 'index')
#5 C:\laragon\www\edu\vendor\codeigniter4\framework\system\CodeIgniter.php(910): App\Controllers\Usuario->index()
#6 C:\laragon\www\edu\vendor\codeigniter4\framework\system\CodeIgniter.php(398): CodeIgniter\CodeIgniter->runController(Object(App\Controllers\Usuario))
#7 C:\laragon\www\edu\vendor\codeigniter4\framework\system\CodeIgniter.php(306): CodeIgniter\CodeIgniter->handleRequest(NULL, Object(Config\Cache), false)
#8 C:\laragon\www\edu\public\index.php(45): CodeIgniter\CodeIgniter->run()
#9 {main}
CRITICAL - 2020-03-28 01:27:40 --> Trying to get property 'estado' of non-object
#0 C:\laragon\www\edu\app\Views\dashboard\user\index.php(20): CodeIgniter\Debug\Exceptions->errorHandler(8, 'Trying to get p...', 'C:\\laragon\\www\\...', 20, Array)
#1 C:\laragon\www\edu\vendor\codeigniter4\framework\system\View\View.php(236): include('C:\\laragon\\www\\...')
#2 C:\laragon\www\edu\vendor\codeigniter4\framework\system\Common.php(1071): CodeIgniter\View\View->render('dashboard/user/...', Array, true)
#3 C:\laragon\www\edu\app\Controllers\Usuario.php(120): view('dashboard/user/...', Array)
#4 C:\laragon\www\edu\app\Controllers\Usuario.php(26): App\Controllers\Usuario->_loadDefaultView('Listado de usua...', Array, 'index')
#5 C:\laragon\www\edu\vendor\codeigniter4\framework\system\CodeIgniter.php(910): App\Controllers\Usuario->index()
#6 C:\laragon\www\edu\vendor\codeigniter4\framework\system\CodeIgniter.php(398): CodeIgniter\CodeIgniter->runController(Object(App\Controllers\Usuario))
#7 C:\laragon\www\edu\vendor\codeigniter4\framework\system\CodeIgniter.php(306): CodeIgniter\CodeIgniter->handleRequest(NULL, Object(Config\Cache), false)
#8 C:\laragon\www\edu\public\index.php(45): CodeIgniter\CodeIgniter->run()
#9 {main}
CRITICAL - 2020-03-28 01:28:18 --> Undefined variable: estado
#0 C:\laragon\www\edu\app\Views\dashboard\user\index.php(27): CodeIgniter\Debug\Exceptions->errorHandler(8, 'Undefined varia...', 'C:\\laragon\\www\\...', 27, Array)
#1 C:\laragon\www\edu\vendor\codeigniter4\framework\system\View\View.php(236): include('C:\\laragon\\www\\...')
#2 C:\laragon\www\edu\vendor\codeigniter4\framework\system\Common.php(1071): CodeIgniter\View\View->render('dashboard/user/...', Array, true)
#3 C:\laragon\www\edu\app\Controllers\Usuario.php(120): view('dashboard/user/...', Array)
#4 C:\laragon\www\edu\app\Controllers\Usuario.php(26): App\Controllers\Usuario->_loadDefaultView('Listado de usua...', Array, 'index')
#5 C:\laragon\www\edu\vendor\codeigniter4\framework\system\CodeIgniter.php(910): App\Controllers\Usuario->index()
#6 C:\laragon\www\edu\vendor\codeigniter4\framework\system\CodeIgniter.php(398): CodeIgniter\CodeIgniter->runController(Object(App\Controllers\Usuario))
#7 C:\laragon\www\edu\vendor\codeigniter4\framework\system\CodeIgniter.php(306): CodeIgniter\CodeIgniter->handleRequest(NULL, Object(Config\Cache), false)
#8 C:\laragon\www\edu\public\index.php(45): CodeIgniter\CodeIgniter->run()
#9 {main}
CRITICAL - 2020-03-28 01:28:52 --> Undefined variable: estado
#0 C:\laragon\www\edu\app\Views\dashboard\user\index.php(28): CodeIgniter\Debug\Exceptions->errorHandler(8, 'Undefined varia...', 'C:\\laragon\\www\\...', 28, Array)
#1 C:\laragon\www\edu\vendor\codeigniter4\framework\system\View\View.php(236): include('C:\\laragon\\www\\...')
#2 C:\laragon\www\edu\vendor\codeigniter4\framework\system\Common.php(1071): CodeIgniter\View\View->render('dashboard/user/...', Array, true)
#3 C:\laragon\www\edu\app\Controllers\Usuario.php(120): view('dashboard/user/...', Array)
#4 C:\laragon\www\edu\app\Controllers\Usuario.php(26): App\Controllers\Usuario->_loadDefaultView('Listado de usua...', Array, 'index')
#5 C:\laragon\www\edu\vendor\codeigniter4\framework\system\CodeIgniter.php(910): App\Controllers\Usuario->index()
#6 C:\laragon\www\edu\vendor\codeigniter4\framework\system\CodeIgniter.php(398): CodeIgniter\CodeIgniter->runController(Object(App\Controllers\Usuario))
#7 C:\laragon\www\edu\vendor\codeigniter4\framework\system\CodeIgniter.php(306): CodeIgniter\CodeIgniter->handleRequest(NULL, Object(Config\Cache), false)
#8 C:\laragon\www\edu\public\index.php(45): CodeIgniter\CodeIgniter->run()
#9 {main}
CRITICAL - 2020-03-28 01:28:53 --> Undefined variable: estado
#0 C:\laragon\www\edu\app\Views\dashboard\user\index.php(28): CodeIgniter\Debug\Exceptions->errorHandler(8, 'Undefined varia...', 'C:\\laragon\\www\\...', 28, Array)
#1 C:\laragon\www\edu\vendor\codeigniter4\framework\system\View\View.php(236): include('C:\\laragon\\www\\...')
#2 C:\laragon\www\edu\vendor\codeigniter4\framework\system\Common.php(1071): CodeIgniter\View\View->render('dashboard/user/...', Array, true)
#3 C:\laragon\www\edu\app\Controllers\Usuario.php(120): view('dashboard/user/...', Array)
#4 C:\laragon\www\edu\app\Controllers\Usuario.php(26): App\Controllers\Usuario->_loadDefaultView('Listado de usua...', Array, 'index')
#5 C:\laragon\www\edu\vendor\codeigniter4\framework\system\CodeIgniter.php(910): App\Controllers\Usuario->index()
#6 C:\laragon\www\edu\vendor\codeigniter4\framework\system\CodeIgniter.php(398): CodeIgniter\CodeIgniter->runController(Object(App\Controllers\Usuario))
#7 C:\laragon\www\edu\vendor\codeigniter4\framework\system\CodeIgniter.php(306): CodeIgniter\CodeIgniter->handleRequest(NULL, Object(Config\Cache), false)
#8 C:\laragon\www\edu\public\index.php(45): CodeIgniter\CodeIgniter->run()
#9 {main}
CRITICAL - 2020-03-28 01:29:18 --> syntax error, unexpected '<'
#0 C:\laragon\www\edu\vendor\codeigniter4\framework\system\Common.php(1071): CodeIgniter\View\View->render('dashboard/user/...', Array, true)
#1 C:\laragon\www\edu\app\Controllers\Usuario.php(120): view('dashboard/user/...', Array)
#2 C:\laragon\www\edu\app\Controllers\Usuario.php(26): App\Controllers\Usuario->_loadDefaultView('Listado de usua...', Array, 'index')
#3 C:\laragon\www\edu\vendor\codeigniter4\framework\system\CodeIgniter.php(910): App\Controllers\Usuario->index()
#4 C:\laragon\www\edu\vendor\codeigniter4\framework\system\CodeIgniter.php(398): CodeIgniter\CodeIgniter->runController(Object(App\Controllers\Usuario))
#5 C:\laragon\www\edu\vendor\codeigniter4\framework\system\CodeIgniter.php(306): CodeIgniter\CodeIgniter->handleRequest(NULL, Object(Config\Cache), false)
#6 C:\laragon\www\edu\public\index.php(45): CodeIgniter\CodeIgniter->run()
#7 {main}
CRITICAL - 2020-03-28 01:29:57 --> Undefined variable: estado
#0 C:\laragon\www\edu\app\Views\dashboard\user\index.php(28): CodeIgniter\Debug\Exceptions->errorHandler(8, 'Undefined varia...', 'C:\\laragon\\www\\...', 28, Array)
#1 C:\laragon\www\edu\vendor\codeigniter4\framework\system\View\View.php(236): include('C:\\laragon\\www\\...')
#2 C:\laragon\www\edu\vendor\codeigniter4\framework\system\Common.php(1071): CodeIgniter\View\View->render('dashboard/user/...', Array, true)
#3 C:\laragon\www\edu\app\Controllers\Usuario.php(120): view('dashboard/user/...', Array)
#4 C:\laragon\www\edu\app\Controllers\Usuario.php(26): App\Controllers\Usuario->_loadDefaultView('Listado de usua...', Array, 'index')
#5 C:\laragon\www\edu\vendor\codeigniter4\framework\system\CodeIgniter.php(910): App\Controllers\Usuario->index()
#6 C:\laragon\www\edu\vendor\codeigniter4\framework\system\CodeIgniter.php(398): CodeIgniter\CodeIgniter->runController(Object(App\Controllers\Usuario))
#7 C:\laragon\www\edu\vendor\codeigniter4\framework\system\CodeIgniter.php(306): CodeIgniter\CodeIgniter->handleRequest(NULL, Object(Config\Cache), false)
#8 C:\laragon\www\edu\public\index.php(45): CodeIgniter\CodeIgniter->run()
#9 {main}
CRITICAL - 2020-03-28 01:30:48 --> syntax error, unexpected 'if' (T_IF)
#0 C:\laragon\www\edu\vendor\codeigniter4\framework\system\Common.php(1071): CodeIgniter\View\View->render('dashboard/user/...', Array, true)
#1 C:\laragon\www\edu\app\Controllers\Usuario.php(120): view('dashboard/user/...', Array)
#2 C:\laragon\www\edu\app\Controllers\Usuario.php(26): App\Controllers\Usuario->_loadDefaultView('Listado de usua...', Array, 'index')
#3 C:\laragon\www\edu\vendor\codeigniter4\framework\system\CodeIgniter.php(910): App\Controllers\Usuario->index()
#4 C:\laragon\www\edu\vendor\codeigniter4\framework\system\CodeIgniter.php(398): CodeIgniter\CodeIgniter->runController(Object(App\Controllers\Usuario))
#5 C:\laragon\www\edu\vendor\codeigniter4\framework\system\CodeIgniter.php(306): CodeIgniter\CodeIgniter->handleRequest(NULL, Object(Config\Cache), false)
#6 C:\laragon\www\edu\public\index.php(45): CodeIgniter\CodeIgniter->run()
#7 {main}
CRITICAL - 2020-03-28 01:31:38 --> syntax error, unexpected 'if' (T_IF)
#0 C:\laragon\www\edu\vendor\codeigniter4\framework\system\Common.php(1071): CodeIgniter\View\View->render('dashboard/user/...', Array, true)
#1 C:\laragon\www\edu\app\Controllers\Usuario.php(120): view('dashboard/user/...', Array)
#2 C:\laragon\www\edu\app\Controllers\Usuario.php(26): App\Controllers\Usuario->_loadDefaultView('Listado de usua...', Array, 'index')
#3 C:\laragon\www\edu\vendor\codeigniter4\framework\system\CodeIgniter.php(910): App\Controllers\Usuario->index()
#4 C:\laragon\www\edu\vendor\codeigniter4\framework\system\CodeIgniter.php(398): CodeIgniter\CodeIgniter->runController(Object(App\Controllers\Usuario))
#5 C:\laragon\www\edu\vendor\codeigniter4\framework\system\CodeIgniter.php(306): CodeIgniter\CodeIgniter->handleRequest(NULL, Object(Config\Cache), false)
#6 C:\laragon\www\edu\public\index.php(45): CodeIgniter\CodeIgniter->run()
#7 {main}
CRITICAL - 2020-03-28 01:31:55 --> syntax error, unexpected 'if' (T_IF)
#0 C:\laragon\www\edu\vendor\codeigniter4\framework\system\Common.php(1071): CodeIgniter\View\View->render('dashboard/user/...', Array, true)
#1 C:\laragon\www\edu\app\Controllers\Usuario.php(120): view('dashboard/user/...', Array)
#2 C:\laragon\www\edu\app\Controllers\Usuario.php(26): App\Controllers\Usuario->_loadDefaultView('Listado de usua...', Array, 'index')
#3 C:\laragon\www\edu\vendor\codeigniter4\framework\system\CodeIgniter.php(910): App\Controllers\Usuario->index()
#4 C:\laragon\www\edu\vendor\codeigniter4\framework\system\CodeIgniter.php(398): CodeIgniter\CodeIgniter->runController(Object(App\Controllers\Usuario))
#5 C:\laragon\www\edu\vendor\codeigniter4\framework\system\CodeIgniter.php(306): CodeIgniter\CodeIgniter->handleRequest(NULL, Object(Config\Cache), false)
#6 C:\laragon\www\edu\public\index.php(45): CodeIgniter\CodeIgniter->run()
#7 {main}
CRITICAL - 2020-03-28 01:31:56 --> syntax error, unexpected 'if' (T_IF)
#0 C:\laragon\www\edu\vendor\codeigniter4\framework\system\Common.php(1071): CodeIgniter\View\View->render('dashboard/user/...', Array, true)
#1 C:\laragon\www\edu\app\Controllers\Usuario.php(120): view('dashboard/user/...', Array)
#2 C:\laragon\www\edu\app\Controllers\Usuario.php(26): App\Controllers\Usuario->_loadDefaultView('Listado de usua...', Array, 'index')
#3 C:\laragon\www\edu\vendor\codeigniter4\framework\system\CodeIgniter.php(910): App\Controllers\Usuario->index()
#4 C:\laragon\www\edu\vendor\codeigniter4\framework\system\CodeIgniter.php(398): CodeIgniter\CodeIgniter->runController(Object(App\Controllers\Usuario))
#5 C:\laragon\www\edu\vendor\codeigniter4\framework\system\CodeIgniter.php(306): CodeIgniter\CodeIgniter->handleRequest(NULL, Object(Config\Cache), false)
#6 C:\laragon\www\edu\public\index.php(45): CodeIgniter\CodeIgniter->run()
#7 {main}
CRITICAL - 2020-03-28 01:32:13 --> syntax error, unexpected '<'
#0 C:\laragon\www\edu\vendor\codeigniter4\framework\system\Common.php(1071): CodeIgniter\View\View->render('dashboard/user/...', Array, true)
#1 C:\laragon\www\edu\app\Controllers\Usuario.php(120): view('dashboard/user/...', Array)
#2 C:\laragon\www\edu\app\Controllers\Usuario.php(26): App\Controllers\Usuario->_loadDefaultView('Listado de usua...', Array, 'index')
#3 C:\laragon\www\edu\vendor\codeigniter4\framework\system\CodeIgniter.php(910): App\Controllers\Usuario->index()
#4 C:\laragon\www\edu\vendor\codeigniter4\framework\system\CodeIgniter.php(398): CodeIgniter\CodeIgniter->runController(Object(App\Controllers\Usuario))
#5 C:\laragon\www\edu\vendor\codeigniter4\framework\system\CodeIgniter.php(306): CodeIgniter\CodeIgniter->handleRequest(NULL, Object(Config\Cache), false)
#6 C:\laragon\www\edu\public\index.php(45): CodeIgniter\CodeIgniter->run()
#7 {main}
CRITICAL - 2020-03-28 01:32:22 --> Undefined variable: estado
#0 C:\laragon\www\edu\app\Views\dashboard\user\index.php(30): CodeIgniter\Debug\Exceptions->errorHandler(8, 'Undefined varia...', 'C:\\laragon\\www\\...', 30, Array)
#1 C:\laragon\www\edu\vendor\codeigniter4\framework\system\View\View.php(236): include('C:\\laragon\\www\\...')
#2 C:\laragon\www\edu\vendor\codeigniter4\framework\system\Common.php(1071): CodeIgniter\View\View->render('dashboard/user/...', Array, true)
#3 C:\laragon\www\edu\app\Controllers\Usuario.php(120): view('dashboard/user/...', Array)
#4 C:\laragon\www\edu\app\Controllers\Usuario.php(26): App\Controllers\Usuario->_loadDefaultView('Listado de usua...', Array, 'index')
#5 C:\laragon\www\edu\vendor\codeigniter4\framework\system\CodeIgniter.php(910): App\Controllers\Usuario->index()
#6 C:\laragon\www\edu\vendor\codeigniter4\framework\system\CodeIgniter.php(398): CodeIgniter\CodeIgniter->runController(Object(App\Controllers\Usuario))
#7 C:\laragon\www\edu\vendor\codeigniter4\framework\system\CodeIgniter.php(306): CodeIgniter\CodeIgniter->handleRequest(NULL, Object(Config\Cache), false)
#8 C:\laragon\www\edu\public\index.php(45): CodeIgniter\CodeIgniter->run()
#9 {main}
CRITICAL - 2020-03-28 01:34:16 --> syntax error, unexpected '<'
#0 C:\laragon\www\edu\vendor\codeigniter4\framework\system\Common.php(1071): CodeIgniter\View\View->render('dashboard/user/...', Array, true)
#1 C:\laragon\www\edu\app\Controllers\Usuario.php(120): view('dashboard/user/...', Array)
#2 C:\laragon\www\edu\app\Controllers\Usuario.php(26): App\Controllers\Usuario->_loadDefaultView('Listado de usua...', Array, 'index')
#3 C:\laragon\www\edu\vendor\codeigniter4\framework\system\CodeIgniter.php(910): App\Controllers\Usuario->index()
#4 C:\laragon\www\edu\vendor\codeigniter4\framework\system\CodeIgniter.php(398): CodeIgniter\CodeIgniter->runController(Object(App\Controllers\Usuario))
#5 C:\laragon\www\edu\vendor\codeigniter4\framework\system\CodeIgniter.php(306): CodeIgniter\CodeIgniter->handleRequest(NULL, Object(Config\Cache), false)
#6 C:\laragon\www\edu\public\index.php(45): CodeIgniter\CodeIgniter->run()
#7 {main}
CRITICAL - 2020-03-28 01:34:16 --> syntax error, unexpected '<'
#0 C:\laragon\www\edu\vendor\codeigniter4\framework\system\Common.php(1071): CodeIgniter\View\View->render('dashboard/user/...', Array, true)
#1 C:\laragon\www\edu\app\Controllers\Usuario.php(120): view('dashboard/user/...', Array)
#2 C:\laragon\www\edu\app\Controllers\Usuario.php(26): App\Controllers\Usuario->_loadDefaultView('Listado de usua...', Array, 'index')
#3 C:\laragon\www\edu\vendor\codeigniter4\framework\system\CodeIgniter.php(910): App\Controllers\Usuario->index()
#4 C:\laragon\www\edu\vendor\codeigniter4\framework\system\CodeIgniter.php(398): CodeIgniter\CodeIgniter->runController(Object(App\Controllers\Usuario))
#5 C:\laragon\www\edu\vendor\codeigniter4\framework\system\CodeIgniter.php(306): CodeIgniter\CodeIgniter->handleRequest(NULL, Object(Config\Cache), false)
#6 C:\laragon\www\edu\public\index.php(45): CodeIgniter\CodeIgniter->run()
#7 {main}
CRITICAL - 2020-03-28 01:34:17 --> syntax error, unexpected '<'
#0 C:\laragon\www\edu\vendor\codeigniter4\framework\system\Common.php(1071): CodeIgniter\View\View->render('dashboard/user/...', Array, true)
#1 C:\laragon\www\edu\app\Controllers\Usuario.php(120): view('dashboard/user/...', Array)
#2 C:\laragon\www\edu\app\Controllers\Usuario.php(26): App\Controllers\Usuario->_loadDefaultView('Listado de usua...', Array, 'index')
#3 C:\laragon\www\edu\vendor\codeigniter4\framework\system\CodeIgniter.php(910): App\Controllers\Usuario->index()
#4 C:\laragon\www\edu\vendor\codeigniter4\framework\system\CodeIgniter.php(398): CodeIgniter\CodeIgniter->runController(Object(App\Controllers\Usuario))
#5 C:\laragon\www\edu\vendor\codeigniter4\framework\system\CodeIgniter.php(306): CodeIgniter\CodeIgniter->handleRequest(NULL, Object(Config\Cache), false)
#6 C:\laragon\www\edu\public\index.php(45): CodeIgniter\CodeIgniter->run()
#7 {main}
CRITICAL - 2020-03-28 01:37:38 --> Undefined variable: estado
#0 C:\laragon\www\edu\app\Views\dashboard\user\index.php(30): CodeIgniter\Debug\Exceptions->errorHandler(8, 'Undefined varia...', 'C:\\laragon\\www\\...', 30, Array)
#1 C:\laragon\www\edu\vendor\codeigniter4\framework\system\View\View.php(236): include('C:\\laragon\\www\\...')
#2 C:\laragon\www\edu\vendor\codeigniter4\framework\system\Common.php(1071): CodeIgniter\View\View->render('dashboard/user/...', Array, true)
#3 C:\laragon\www\edu\app\Controllers\Usuario.php(120): view('dashboard/user/...', Array)
#4 C:\laragon\www\edu\app\Controllers\Usuario.php(26): App\Controllers\Usuario->_loadDefaultView('Listado de usua...', Array, 'index')
#5 C:\laragon\www\edu\vendor\codeigniter4\framework\system\CodeIgniter.php(910): App\Controllers\Usuario->index()
#6 C:\laragon\www\edu\vendor\codeigniter4\framework\system\CodeIgniter.php(398): CodeIgniter\CodeIgniter->runController(Object(App\Controllers\Usuario))
#7 C:\laragon\www\edu\vendor\codeigniter4\framework\system\CodeIgniter.php(306): CodeIgniter\CodeIgniter->handleRequest(NULL, Object(Config\Cache), false)
#8 C:\laragon\www\edu\public\index.php(45): CodeIgniter\CodeIgniter->run()
#9 {main}
CRITICAL - 2020-03-28 01:38:27 --> Undefined variable: estado
#0 C:\laragon\www\edu\app\Views\dashboard\user\index.php(27): CodeIgniter\Debug\Exceptions->errorHandler(8, 'Undefined varia...', 'C:\\laragon\\www\\...', 27, Array)
#1 C:\laragon\www\edu\vendor\codeigniter4\framework\system\View\View.php(236): include('C:\\laragon\\www\\...')
#2 C:\laragon\www\edu\vendor\codeigniter4\framework\system\Common.php(1071): CodeIgniter\View\View->render('dashboard/user/...', Array, true)
#3 C:\laragon\www\edu\app\Controllers\Usuario.php(120): view('dashboard/user/...', Array)
#4 C:\laragon\www\edu\app\Controllers\Usuario.php(26): App\Controllers\Usuario->_loadDefaultView('Listado de usua...', Array, 'index')
#5 C:\laragon\www\edu\vendor\codeigniter4\framework\system\CodeIgniter.php(910): App\Controllers\Usuario->index()
#6 C:\laragon\www\edu\vendor\codeigniter4\framework\system\CodeIgniter.php(398): CodeIgniter\CodeIgniter->runController(Object(App\Controllers\Usuario))
#7 C:\laragon\www\edu\vendor\codeigniter4\framework\system\CodeIgniter.php(306): CodeIgniter\CodeIgniter->handleRequest(NULL, Object(Config\Cache), false)
#8 C:\laragon\www\edu\public\index.php(45): CodeIgniter\CodeIgniter->run()
#9 {main}
CRITICAL - 2020-03-28 01:49:09 --> Undefined variable: estado
#0 C:\laragon\www\edu\app\Views\dashboard\user\index.php(27): CodeIgniter\Debug\Exceptions->errorHandler(8, 'Undefined varia...', 'C:\\laragon\\www\\...', 27, Array)
#1 C:\laragon\www\edu\vendor\codeigniter4\framework\system\View\View.php(236): include('C:\\laragon\\www\\...')
#2 C:\laragon\www\edu\vendor\codeigniter4\framework\system\Common.php(1071): CodeIgniter\View\View->render('dashboard/user/...', Array, true)
#3 C:\laragon\www\edu\app\Controllers\Usuario.php(120): view('dashboard/user/...', Array)
#4 C:\laragon\www\edu\app\Controllers\Usuario.php(26): App\Controllers\Usuario->_loadDefaultView('Listado de usua...', Array, 'index')
#5 C:\laragon\www\edu\vendor\codeigniter4\framework\system\CodeIgniter.php(910): App\Controllers\Usuario->index()
#6 C:\laragon\www\edu\vendor\codeigniter4\framework\system\CodeIgniter.php(398): CodeIgniter\CodeIgniter->runController(Object(App\Controllers\Usuario))
#7 C:\laragon\www\edu\vendor\codeigniter4\framework\system\CodeIgniter.php(306): CodeIgniter\CodeIgniter->handleRequest(NULL, Object(Config\Cache), false)
#8 C:\laragon\www\edu\public\index.php(45): CodeIgniter\CodeIgniter->run()
#9 {main}
CRITICAL - 2020-03-28 01:49:14 --> syntax error, unexpected '<'
#0 C:\laragon\www\edu\vendor\codeigniter4\framework\system\Common.php(1071): CodeIgniter\View\View->render('dashboard/user/...', Array, true)
#1 C:\laragon\www\edu\app\Controllers\Usuario.php(120): view('dashboard/user/...', Array)
#2 C:\laragon\www\edu\app\Controllers\Usuario.php(26): App\Controllers\Usuario->_loadDefaultView('Listado de usua...', Array, 'index')
#3 C:\laragon\www\edu\vendor\codeigniter4\framework\system\CodeIgniter.php(910): App\Controllers\Usuario->index()
#4 C:\laragon\www\edu\vendor\codeigniter4\framework\system\CodeIgniter.php(398): CodeIgniter\CodeIgniter->runController(Object(App\Controllers\Usuario))
#5 C:\laragon\www\edu\vendor\codeigniter4\framework\system\CodeIgniter.php(306): CodeIgniter\CodeIgniter->handleRequest(NULL, Object(Config\Cache), false)
#6 C:\laragon\www\edu\public\index.php(45): CodeIgniter\CodeIgniter->run()
#7 {main}
CRITICAL - 2020-03-28 01:49:25 --> syntax error, unexpected '<'
#0 C:\laragon\www\edu\vendor\codeigniter4\framework\system\Common.php(1071): CodeIgniter\View\View->render('dashboard/user/...', Array, true)
#1 C:\laragon\www\edu\app\Controllers\Usuario.php(120): view('dashboard/user/...', Array)
#2 C:\laragon\www\edu\app\Controllers\Usuario.php(26): App\Controllers\Usuario->_loadDefaultView('Listado de usua...', Array, 'index')
#3 C:\laragon\www\edu\vendor\codeigniter4\framework\system\CodeIgniter.php(910): App\Controllers\Usuario->index()
#4 C:\laragon\www\edu\vendor\codeigniter4\framework\system\CodeIgniter.php(398): CodeIgniter\CodeIgniter->runController(Object(App\Controllers\Usuario))
#5 C:\laragon\www\edu\vendor\codeigniter4\framework\system\CodeIgniter.php(306): CodeIgniter\CodeIgniter->handleRequest(NULL, Object(Config\Cache), false)
#6 C:\laragon\www\edu\public\index.php(45): CodeIgniter\CodeIgniter->run()
#7 {main}
CRITICAL - 2020-03-28 01:49:36 --> Undefined variable: estado
#0 C:\laragon\www\edu\app\Views\dashboard\user\index.php(24): CodeIgniter\Debug\Exceptions->errorHandler(8, 'Undefined varia...', 'C:\\laragon\\www\\...', 24, Array)
#1 C:\laragon\www\edu\vendor\codeigniter4\framework\system\View\View.php(236): include('C:\\laragon\\www\\...')
#2 C:\laragon\www\edu\vendor\codeigniter4\framework\system\Common.php(1071): CodeIgniter\View\View->render('dashboard/user/...', Array, true)
#3 C:\laragon\www\edu\app\Controllers\Usuario.php(120): view('dashboard/user/...', Array)
#4 C:\laragon\www\edu\app\Controllers\Usuario.php(26): App\Controllers\Usuario->_loadDefaultView('Listado de usua...', Array, 'index')
#5 C:\laragon\www\edu\vendor\codeigniter4\framework\system\CodeIgniter.php(910): App\Controllers\Usuario->index()
#6 C:\laragon\www\edu\vendor\codeigniter4\framework\system\CodeIgniter.php(398): CodeIgniter\CodeIgniter->runController(Object(App\Controllers\Usuario))
#7 C:\laragon\www\edu\vendor\codeigniter4\framework\system\CodeIgniter.php(306): CodeIgniter\CodeIgniter->handleRequest(NULL, Object(Config\Cache), false)
#8 C:\laragon\www\edu\public\index.php(45): CodeIgniter\CodeIgniter->run()
#9 {main}
CRITICAL - 2020-03-28 01:51:06 --> Undefined variable: estado
#0 C:\laragon\www\edu\app\Views\dashboard\user\index.php(28): CodeIgniter\Debug\Exceptions->errorHandler(8, 'Undefined varia...', 'C:\\laragon\\www\\...', 28, Array)
#1 C:\laragon\www\edu\vendor\codeigniter4\framework\system\View\View.php(236): include('C:\\laragon\\www\\...')
#2 C:\laragon\www\edu\vendor\codeigniter4\framework\system\Common.php(1071): CodeIgniter\View\View->render('dashboard/user/...', Array, true)
#3 C:\laragon\www\edu\app\Controllers\Usuario.php(120): view('dashboard/user/...', Array)
#4 C:\laragon\www\edu\app\Controllers\Usuario.php(26): App\Controllers\Usuario->_loadDefaultView('Listado de usua...', Array, 'index')
#5 C:\laragon\www\edu\vendor\codeigniter4\framework\system\CodeIgniter.php(910): App\Controllers\Usuario->index()
#6 C:\laragon\www\edu\vendor\codeigniter4\framework\system\CodeIgniter.php(398): CodeIgniter\CodeIgniter->runController(Object(App\Controllers\Usuario))
#7 C:\laragon\www\edu\vendor\codeigniter4\framework\system\CodeIgniter.php(306): CodeIgniter\CodeIgniter->handleRequest(NULL, Object(Config\Cache), false)
#8 C:\laragon\www\edu\public\index.php(45): CodeIgniter\CodeIgniter->run()
#9 {main}
CRITICAL - 2020-03-28 01:52:05 --> Undefined variable: estado
#0 C:\laragon\www\edu\app\Views\dashboard\user\index.php(28): CodeIgniter\Debug\Exceptions->errorHandler(8, 'Undefined varia...', 'C:\\laragon\\www\\...', 28, Array)
#1 C:\laragon\www\edu\vendor\codeigniter4\framework\system\View\View.php(236): include('C:\\laragon\\www\\...')
#2 C:\laragon\www\edu\vendor\codeigniter4\framework\system\Common.php(1071): CodeIgniter\View\View->render('dashboard/user/...', Array, true)
#3 C:\laragon\www\edu\app\Controllers\Usuario.php(120): view('dashboard/user/...', Array)
#4 C:\laragon\www\edu\app\Controllers\Usuario.php(26): App\Controllers\Usuario->_loadDefaultView('Listado de usua...', Array, 'index')
#5 C:\laragon\www\edu\vendor\codeigniter4\framework\system\CodeIgniter.php(910): App\Controllers\Usuario->index()
#6 C:\laragon\www\edu\vendor\codeigniter4\framework\system\CodeIgniter.php(398): CodeIgniter\CodeIgniter->runController(Object(App\Controllers\Usuario))
#7 C:\laragon\www\edu\vendor\codeigniter4\framework\system\CodeIgniter.php(306): CodeIgniter\CodeIgniter->handleRequest(NULL, Object(Config\Cache), false)
#8 C:\laragon\www\edu\public\index.php(45): CodeIgniter\CodeIgniter->run()
#9 {main}
